2021-09-27 17:01:20,264 [INFO] Activator:177 - 


2021-09-27 17:01:20,264 [INFO] Activator:178 - !SESSION log4j initialized
2021-09-27 17:02:10,039 [INFO] Activator:177 - 


2021-09-27 17:02:10,039 [INFO] Activator:178 - !SESSION log4j initialized
2021-09-28 09:24:32,416 [INFO] Activator:177 - 


2021-09-28 09:24:32,416 [INFO] Activator:178 - !SESSION log4j initialized
2021-09-28 13:27:17,243 [INFO] Activator:177 - 


2021-09-28 13:27:17,243 [INFO] Activator:178 - !SESSION log4j initialized
2021-09-28 13:27:38,318 [INFO] McuFinderGlobals:39 - Set McuFinder mode to 2 (CubeIDE integrated)
2021-09-28 13:27:40,106 [INFO] ApplicationProperties:181 - Using Application install path: C:\ST\STM32CubeIDE_1.7.0\STM32CubeIDE\plugins\com.st.stm32cube.common.mx_6.3.0.202107141111
2021-09-28 13:27:40,138 [INFO] DbMcusXml:74 - Set database path to: C:\ST\STM32CubeIDE_1.7.0\STM32CubeIDE\plugins\com.st.stm32cube.common.mx_6.3.0.202107141111\\db\/mcu/
2021-09-28 13:27:40,138 [INFO] DbBoardsPdsc:56 - Set plugin database path to: C:\ST\STM32CubeIDE_1.7.0\STM32CubeIDE\plugins\com.st.stm32cube.common.mx_6.3.0.202107141111\\db\/plugins/boardmanager/
2021-09-28 13:27:40,138 [INFO] DbMcus:258 - Set plugin images path to: C:\ST\STM32CubeIDE_1.7.0\STM32CubeIDE\plugins\com.st.stm32cube.common.mx_6.3.0.202107141111\\db\/plugins/mcufinder/images/
2021-09-28 13:27:40,138 [INFO] DbBoards:264 - Set plugin images path to: C:\ST\STM32CubeIDE_1.7.0\STM32CubeIDE\plugins\com.st.stm32cube.common.mx_6.3.0.202107141111\\db\/plugins/mcufinder/images/
2021-09-28 13:27:40,153 [INFO] DbExamples:333 - Set plugin images path to: C:\ST\STM32CubeIDE_1.7.0\STM32CubeIDE\plugins\com.st.stm32cube.common.mx_6.3.0.202107141111\\db\/plugins/mcufinder/images/
2021-09-28 13:27:40,169 [INFO] DbMcusAds:119 - Set database path to: C:\Users\kangm\.stmcufinder\plugins\mcufinder//mcu/
2021-09-28 13:27:40,169 [INFO] DbMcusDocs:110 - Set database path to: C:\Users\kangm\.stmcufinder\plugins\mcufinder//mcu/
2021-09-28 13:27:40,169 [INFO] DbMcusJson:64 - Set database path to: C:\Users\kangm\.stmcufinder\plugins\mcufinder//mcu/
2021-09-28 13:27:40,184 [INFO] DbBoardsDocs:110 - Set database path to: C:\Users\kangm\.stmcufinder\plugins\mcufinder//mcu/
2021-09-28 13:27:40,184 [INFO] DbBoardsJson:57 - Set database path to: C:\Users\kangm\.stmcufinder\plugins\mcufinder//mcu/
2021-09-28 13:27:40,184 [INFO] CrossReferenceDbSqlite:196 - Set database path to: C:\Users\kangm\.stmcufinder\plugins\mcufinder//mcu/cs/
2021-09-28 13:27:40,200 [INFO] DbExamplesSqlite:767 - Set database path to: C:\Users\kangm\.stmcufinder\plugins\mcufinder//mcu/
2021-09-28 13:27:40,450 [INFO] RulesReader:57 - Compatibility file has been processed (242 Rules)
2021-09-28 13:27:40,653 [INFO] DbMcusXml:74 - Set database path to: C:\ST\STM32CubeIDE_1.7.0\STM32CubeIDE\plugins\com.st.stm32cube.common.mx_6.3.0.202107141111\\db\/mcu/
2021-09-28 13:27:40,653 [INFO] DbBoardsPdsc:56 - Set plugin database path to: C:\ST\STM32CubeIDE_1.7.0\STM32CubeIDE\plugins\com.st.stm32cube.common.mx_6.3.0.202107141111\\db\/plugins/boardmanager/
2021-09-28 13:27:40,653 [INFO] DbMcus:258 - Set plugin images path to: C:\ST\STM32CubeIDE_1.7.0\STM32CubeIDE\plugins\com.st.stm32cube.common.mx_6.3.0.202107141111\\db\/plugins/mcufinder/images/
2021-09-28 13:27:40,653 [INFO] DbBoards:264 - Set plugin images path to: C:\ST\STM32CubeIDE_1.7.0\STM32CubeIDE\plugins\com.st.stm32cube.common.mx_6.3.0.202107141111\\db\/plugins/mcufinder/images/
2021-09-28 13:27:40,653 [INFO] DbExamples:333 - Set plugin images path to: C:\ST\STM32CubeIDE_1.7.0\STM32CubeIDE\plugins\com.st.stm32cube.common.mx_6.3.0.202107141111\\db\/plugins/mcufinder/images/
2021-09-28 13:27:40,653 [WARN] DbFile:35 - Overriding database path with different value: C:\Users\kangm\.stmcufinder\plugins\mcufinder/ => C:\Users\kangm\.stmcufinder\plugins\mcufinder
2021-09-28 13:27:40,653 [INFO] DbMcusAds:119 - Set database path to: C:\Users\kangm\.stmcufinder\plugins\mcufinder//mcu/
2021-09-28 13:27:40,653 [WARN] DbFile:35 - Overriding database path with different value: C:\Users\kangm\.stmcufinder\plugins\mcufinder/ => C:\Users\kangm\.stmcufinder\plugins\mcufinder
2021-09-28 13:27:40,653 [INFO] DbMcusDocs:110 - Set database path to: C:\Users\kangm\.stmcufinder\plugins\mcufinder//mcu/
2021-09-28 13:27:40,653 [WARN] DbFile:35 - Overriding database path with different value: C:\Users\kangm\.stmcufinder\plugins\mcufinder/ => C:\Users\kangm\.stmcufinder\plugins\mcufinder
2021-09-28 13:27:40,669 [INFO] DbMcusJson:64 - Set database path to: C:\Users\kangm\.stmcufinder\plugins\mcufinder//mcu/
2021-09-28 13:27:40,669 [WARN] DbFile:35 - Overriding database path with different value: C:\Users\kangm\.stmcufinder\plugins\mcufinder/ => C:\Users\kangm\.stmcufinder\plugins\mcufinder
2021-09-28 13:27:40,669 [INFO] DbBoardsDocs:110 - Set database path to: C:\Users\kangm\.stmcufinder\plugins\mcufinder//mcu/
2021-09-28 13:27:40,669 [WARN] DbFile:35 - Overriding database path with different value: C:\Users\kangm\.stmcufinder\plugins\mcufinder/ => C:\Users\kangm\.stmcufinder\plugins\mcufinder
2021-09-28 13:27:40,669 [INFO] DbBoardsJson:57 - Set database path to: C:\Users\kangm\.stmcufinder\plugins\mcufinder//mcu/
2021-09-28 13:27:40,669 [WARN] DbFile:35 - Overriding database path with different value: C:\Users\kangm\.stmcufinder\plugins\mcufinder/ => C:\Users\kangm\.stmcufinder\plugins\mcufinder
2021-09-28 13:27:40,669 [WARN] DbFile:35 - Overriding database path with different value: C:\Users\kangm\.stmcufinder\plugins\mcufinder/ => C:\Users\kangm\.stmcufinder\plugins\mcufinder
2021-09-28 13:27:40,731 [INFO] CrossReferenceDbSqlite:196 - Set database path to: C:\Users\kangm\.stmcufinder\plugins\mcufinder//mcu/cs/
2021-09-28 13:27:40,731 [WARN] DbFile:35 - Overriding database path with different value: C:\Users\kangm\.stmcufinder\plugins\mcufinder/ => C:\Users\kangm\.stmcufinder\plugins\mcufinder
2021-09-28 13:27:40,747 [INFO] DbExamplesSqlite:767 - Set database path to: C:\Users\kangm\.stmcufinder\plugins\mcufinder//mcu/
2021-09-28 13:27:40,903 [INFO] MainPanel:214 - HeapMemory: 268435456
2021-09-28 13:27:41,091 [INFO] DbMcusXml:74 - Set database path to: C:\ST\STM32CubeIDE_1.7.0\STM32CubeIDE\plugins\com.st.stm32cube.common.mx_6.3.0.202107141111\\db\/mcu/
2021-09-28 13:27:41,106 [INFO] DbBoardsPdsc:56 - Set plugin database path to: C:\ST\STM32CubeIDE_1.7.0\STM32CubeIDE\plugins\com.st.stm32cube.common.mx_6.3.0.202107141111\\db\/plugins/boardmanager/
2021-09-28 13:27:41,106 [INFO] DbMcus:258 - Set plugin images path to: C:\ST\STM32CubeIDE_1.7.0\STM32CubeIDE\plugins\com.st.stm32cube.common.mx_6.3.0.202107141111\\db\/plugins/mcufinder/images/
2021-09-28 13:27:41,106 [INFO] DbBoards:264 - Set plugin images path to: C:\ST\STM32CubeIDE_1.7.0\STM32CubeIDE\plugins\com.st.stm32cube.common.mx_6.3.0.202107141111\\db\/plugins/mcufinder/images/
2021-09-28 13:27:41,106 [INFO] DbExamples:333 - Set plugin images path to: C:\ST\STM32CubeIDE_1.7.0\STM32CubeIDE\plugins\com.st.stm32cube.common.mx_6.3.0.202107141111\\db\/plugins/mcufinder/images/
2021-09-28 13:27:41,106 [WARN] DbFile:35 - Overriding database path with different value: C:\Users\kangm\.stmcufinder\plugins\mcufinder/ => C:\Users\kangm\.stmcufinder\plugins\mcufinder
2021-09-28 13:27:41,106 [INFO] DbMcusAds:119 - Set database path to: C:\Users\kangm\.stmcufinder\plugins\mcufinder//mcu/
2021-09-28 13:27:41,106 [WARN] DbFile:35 - Overriding database path with different value: C:\Users\kangm\.stmcufinder\plugins\mcufinder/ => C:\Users\kangm\.stmcufinder\plugins\mcufinder
2021-09-28 13:27:41,106 [INFO] DbMcusDocs:110 - Set database path to: C:\Users\kangm\.stmcufinder\plugins\mcufinder//mcu/
2021-09-28 13:27:41,106 [WARN] DbFile:35 - Overriding database path with different value: C:\Users\kangm\.stmcufinder\plugins\mcufinder/ => C:\Users\kangm\.stmcufinder\plugins\mcufinder
2021-09-28 13:27:41,106 [INFO] DbMcusJson:64 - Set database path to: C:\Users\kangm\.stmcufinder\plugins\mcufinder//mcu/
2021-09-28 13:27:41,106 [WARN] DbFile:35 - Overriding database path with different value: C:\Users\kangm\.stmcufinder\plugins\mcufinder/ => C:\Users\kangm\.stmcufinder\plugins\mcufinder
2021-09-28 13:27:41,106 [INFO] DbBoardsDocs:110 - Set database path to: C:\Users\kangm\.stmcufinder\plugins\mcufinder//mcu/
2021-09-28 13:27:41,106 [WARN] DbFile:35 - Overriding database path with different value: C:\Users\kangm\.stmcufinder\plugins\mcufinder/ => C:\Users\kangm\.stmcufinder\plugins\mcufinder
2021-09-28 13:27:41,106 [INFO] DbBoardsJson:57 - Set database path to: C:\Users\kangm\.stmcufinder\plugins\mcufinder//mcu/
2021-09-28 13:27:41,106 [WARN] DbFile:35 - Overriding database path with different value: C:\Users\kangm\.stmcufinder\plugins\mcufinder/ => C:\Users\kangm\.stmcufinder\plugins\mcufinder
2021-09-28 13:27:41,106 [WARN] DbFile:35 - Overriding database path with different value: C:\Users\kangm\.stmcufinder\plugins\mcufinder/ => C:\Users\kangm\.stmcufinder\plugins\mcufinder
2021-09-28 13:27:41,106 [INFO] CrossReferenceDbSqlite:196 - Set database path to: C:\Users\kangm\.stmcufinder\plugins\mcufinder//mcu/cs/
2021-09-28 13:27:41,106 [WARN] DbFile:35 - Overriding database path with different value: C:\Users\kangm\.stmcufinder\plugins\mcufinder/ => C:\Users\kangm\.stmcufinder\plugins\mcufinder
2021-09-28 13:27:41,106 [INFO] DbExamplesSqlite:767 - Set database path to: C:\Users\kangm\.stmcufinder\plugins\mcufinder//mcu/
2021-09-28 13:27:41,153 [INFO] ApplicationProperties:181 - Using Application install path: C:\ST\STM32CubeIDE_1.7.0\STM32CubeIDE\plugins\com.st.stm32cube.common.mx_6.3.0.202107141111
2021-09-28 13:27:41,153 [INFO] PluginManage:188 - Search for loadable plugins [exclusion list=, ]
2021-09-28 13:27:41,153 [INFO] PluginManage:302 - Check plugin analytics
2021-09-28 13:27:41,591 [INFO] AnalyticsPlugin:257 - Accepted Software Licenses: STM32CubeMX.6.3.0
2021-09-28 13:27:41,591 [INFO] AnalyticsPlugin:259 - Accepted CMSIS Pack Licenses: 
2021-09-28 13:27:41,591 [INFO] AnalyticsPlugin:261 - Accepted Firmware Licenses: 
2021-09-28 13:27:41,606 [INFO] PluginManage:352 - Loaded plugin analytics (category:tool,tabindex:-1)
2021-09-28 13:27:41,606 [INFO] PluginManage:302 - Check plugin clock
2021-09-28 13:27:41,653 [INFO] PluginManage:352 - Loaded plugin clock (category:base,tabindex:2)
2021-09-28 13:27:41,653 [INFO] PluginManage:302 - Check plugin ddr
2021-09-28 13:27:41,653 [INFO] PluginManage:352 - Loaded plugin ddr (category:tool,tabindex:6)
2021-09-28 13:27:41,653 [INFO] PluginManage:302 - Check plugin filemanager
2021-09-28 13:27:41,981 [INFO] PluginManage:352 - Loaded plugin filemanager (category:base,tabindex:10)
2021-09-28 13:27:41,981 [INFO] PluginManage:302 - Check plugin ipmanager
2021-09-28 13:27:42,012 [INFO] PluginManage:352 - Loaded plugin ipmanager (category:base,tabindex:5)
2021-09-28 13:27:42,012 [INFO] PluginManage:302 - Check plugin pinoutandconfiguration
2021-09-28 13:27:42,059 [INFO] PluginManage:352 - Loaded plugin pinoutandconfiguration (category:base,tabindex:1)
2021-09-28 13:27:42,059 [INFO] PluginManage:302 - Check plugin pinoutconfig
2021-09-28 13:27:42,153 [INFO] PluginManage:352 - Loaded plugin pinoutconfig (category:base,tabindex:0)
2021-09-28 13:27:42,153 [INFO] PluginManage:302 - Check plugin power
2021-09-28 13:27:42,200 [INFO] PluginManage:352 - Loaded plugin power (category:power,tabindex:4)
2021-09-28 13:27:42,200 [INFO] PluginManage:302 - Check plugin projectmanager
2021-09-28 13:27:42,247 [INFO] PluginManage:352 - Loaded plugin projectmanager (category:projectmanager,tabindex:3)
2021-09-28 13:27:42,247 [INFO] PluginManage:302 - Check plugin thirdparty
2021-09-28 13:27:42,794 [WARN] IntegrityCheckThread:78 - waiting for thirdparty lock release [integrity check]
2021-09-28 13:27:42,794 [INFO] IntegrityCheckThread:80 - entering critical section [integrity check]
2021-09-28 13:27:42,794 [INFO] ThirdPartyUpdaterWithRetryManager:66 - Updater plugin not ready yet. [1/15]
2021-09-28 13:27:42,794 [INFO] PluginManage:352 - Loaded plugin thirdparty (category:base,tabindex:-1)
2021-09-28 13:27:42,794 [INFO] PluginManage:302 - Check plugin tools
2021-09-28 13:27:42,919 [INFO] PluginManage:352 - Loaded plugin tools (category:base,tabindex:7)
2021-09-28 13:27:42,919 [INFO] PluginManage:302 - Check plugin tutovideos
2021-09-28 13:27:43,559 [INFO] PluginManage:352 - Loaded plugin tutovideos (category:base,tabindex:-1)
2021-09-28 13:27:43,559 [INFO] PluginManage:302 - Check plugin updater
2021-09-28 13:27:43,590 [INFO] PluginManage:352 - Loaded plugin updater (category:base,tabindex:12)
2021-09-28 13:27:43,590 [INFO] PluginManage:275 - PluginManage : Loaded plugins [13]
2021-09-28 13:27:43,997 [INFO] PinOutPanel:1463 - setPackage(No Configuration,No Configuration)
2021-09-28 13:27:44,215 [INFO] IPUIPlugin:74 - create IPUIPlugin
2021-09-28 13:27:44,215 [INFO] PluginManager:213 - loadIPPluginJar : add adc
2021-09-28 13:27:44,309 [INFO] IPUIPlugin:74 - create IPUIPlugin
2021-09-28 13:27:44,309 [INFO] PluginManager:213 - loadIPPluginJar : add aes
2021-09-28 13:27:44,403 [INFO] IPUIPlugin:74 - create IPUIPlugin
2021-09-28 13:27:44,403 [INFO] PluginManager:213 - loadIPPluginJar : add can
2021-09-28 13:27:44,450 [INFO] IPUIPlugin:74 - create IPUIPlugin
2021-09-28 13:27:44,450 [INFO] PluginManager:213 - loadIPPluginJar : add comp
2021-09-28 13:27:44,512 [INFO] IPUIPlugin:74 - create IPUIPlugin
2021-09-28 13:27:44,512 [INFO] PluginManager:213 - loadIPPluginJar : add cryp
2021-09-28 13:27:44,559 [INFO] IPUIPlugin:74 - create IPUIPlugin
2021-09-28 13:27:44,559 [INFO] PluginManager:213 - loadIPPluginJar : add dfsdm
2021-09-28 13:27:44,606 [INFO] IPUIPlugin:74 - create IPUIPlugin
2021-09-28 13:27:44,606 [INFO] PluginManager:213 - loadIPPluginJar : add dma
2021-09-28 13:27:44,700 [INFO] IPUIPlugin:74 - create IPUIPlugin
2021-09-28 13:27:44,700 [INFO] PluginManager:213 - loadIPPluginJar : add dma3
2021-09-28 13:27:44,747 [INFO] IPUIPlugin:74 - create IPUIPlugin
2021-09-28 13:27:44,747 [INFO] PluginManager:213 - loadIPPluginJar : add fatfs
2021-09-28 13:27:44,840 [INFO] IPUIPlugin:74 - create IPUIPlugin
2021-09-28 13:27:44,840 [INFO] PluginManager:213 - loadIPPluginJar : add fmc
2021-09-28 13:27:44,872 [INFO] IPUIPlugin:74 - create IPUIPlugin
2021-09-28 13:27:44,887 [INFO] PluginManager:213 - loadIPPluginJar : add freertos
2021-09-28 13:27:44,934 [INFO] IPUIPlugin:74 - create IPUIPlugin
2021-09-28 13:27:44,934 [INFO] PluginManager:213 - loadIPPluginJar : add genericplugin
2021-09-28 13:27:45,122 [INFO] IPUIPlugin:74 - create IPUIPlugin
2021-09-28 13:27:45,122 [INFO] PluginManager:213 - loadIPPluginJar : add gfxmmu
2021-09-28 13:27:45,340 [INFO] IPUIPlugin:74 - create IPUIPlugin
2021-09-28 13:27:45,340 [INFO] PluginManager:213 - loadIPPluginJar : add gic
2021-09-28 13:27:45,356 [INFO] IPUIPlugin:74 - create IPUIPlugin
2021-09-28 13:27:45,356 [INFO] PluginManager:213 - loadIPPluginJar : add gpio
2021-09-28 13:27:45,497 [INFO] IPUIPlugin:74 - create IPUIPlugin
2021-09-28 13:27:45,497 [INFO] PluginManager:213 - loadIPPluginJar : add gtzc
2021-09-28 13:27:45,543 [INFO] IPUIPlugin:74 - create IPUIPlugin
2021-09-28 13:27:45,543 [INFO] PluginManager:213 - loadIPPluginJar : add hash
2021-09-28 13:27:45,637 [INFO] IPUIPlugin:74 - create IPUIPlugin
2021-09-28 13:27:45,637 [INFO] PluginManager:213 - loadIPPluginJar : add i2c
2021-09-28 13:27:45,715 [INFO] IPUIPlugin:74 - create IPUIPlugin
2021-09-28 13:27:45,731 [INFO] PluginManager:213 - loadIPPluginJar : add i2s
2021-09-28 13:27:45,746 [INFO] IPUIPlugin:74 - create IPUIPlugin
2021-09-28 13:27:45,746 [INFO] PluginManager:213 - loadIPPluginJar : add ipddr
2021-09-28 13:27:45,809 [INFO] ThirdPartyUpdaterWithRetryManager:66 - Updater plugin not ready yet. [2/15]
2021-09-28 13:27:45,918 [INFO] IPUIPlugin:74 - create IPUIPlugin
2021-09-28 13:27:45,918 [INFO] PluginManager:213 - loadIPPluginJar : add linkedlist
2021-09-28 13:27:45,981 [INFO] IPUIPlugin:74 - create IPUIPlugin
2021-09-28 13:27:45,981 [INFO] PluginManager:213 - loadIPPluginJar : add lorawan
2021-09-28 13:27:46,059 [INFO] IPUIPlugin:74 - create IPUIPlugin
2021-09-28 13:27:46,059 [INFO] PluginManager:213 - loadIPPluginJar : add ltdc
2021-09-28 13:27:46,090 [INFO] IPUIPlugin:74 - create IPUIPlugin
2021-09-28 13:27:46,090 [INFO] PluginManager:213 - loadIPPluginJar : add mdma
2021-09-28 13:27:46,106 [INFO] IPUIPlugin:74 - create IPUIPlugin
2021-09-28 13:27:46,106 [INFO] PluginManager:213 - loadIPPluginJar : add nvic
2021-09-28 13:27:46,184 [INFO] IPUIPlugin:74 - create IPUIPlugin
2021-09-28 13:27:46,184 [INFO] PluginManager:213 - loadIPPluginJar : add opamp
2021-09-28 13:27:46,325 [INFO] IPUIPlugin:74 - create IPUIPlugin
2021-09-28 13:27:46,325 [INFO] PluginManager:213 - loadIPPluginJar : add openamp
2021-09-28 13:27:46,403 [INFO] IPUIPlugin:74 - create IPUIPlugin
2021-09-28 13:27:46,403 [INFO] PluginManager:213 - loadIPPluginJar : add pdm2pcm
2021-09-28 13:27:46,434 [INFO] IPUIPlugin:74 - create IPUIPlugin
2021-09-28 13:27:46,450 [INFO] PluginManager:213 - loadIPPluginJar : add plateformsettings
2021-09-28 13:27:46,496 [INFO] IPUIPlugin:74 - create IPUIPlugin
2021-09-28 13:27:46,496 [INFO] PluginManager:213 - loadIPPluginJar : add quadspi
2021-09-28 13:27:46,528 [INFO] IPUIPlugin:74 - create IPUIPlugin
2021-09-28 13:27:46,528 [INFO] PluginManager:213 - loadIPPluginJar : add resmgrutility
2021-09-28 13:27:46,637 [INFO] IPUIPlugin:74 - create IPUIPlugin
2021-09-28 13:27:46,637 [INFO] PluginManager:213 - loadIPPluginJar : add sai
2021-09-28 13:27:46,700 [INFO] IPUIPlugin:74 - create IPUIPlugin
2021-09-28 13:27:46,700 [INFO] PluginManager:213 - loadIPPluginJar : add spi
2021-09-28 13:27:46,825 [INFO] IPUIPlugin:74 - create IPUIPlugin
2021-09-28 13:27:46,825 [INFO] PluginManager:213 - loadIPPluginJar : add stm32_wpan
2021-09-28 13:27:46,887 [INFO] IPUIPlugin:74 - create IPUIPlugin
2021-09-28 13:27:46,887 [INFO] PluginManager:213 - loadIPPluginJar : add tim
2021-09-28 13:27:47,028 [INFO] IPUIPlugin:74 - create IPUIPlugin
2021-09-28 13:27:47,028 [INFO] PluginManager:213 - loadIPPluginJar : add touchsensing
2021-09-28 13:27:47,106 [INFO] IPUIPlugin:74 - create IPUIPlugin
2021-09-28 13:27:47,106 [INFO] PluginManager:213 - loadIPPluginJar : add tracer_emb
2021-09-28 13:27:47,153 [INFO] IPUIPlugin:74 - create IPUIPlugin
2021-09-28 13:27:47,168 [INFO] PluginManager:213 - loadIPPluginJar : add ts
2021-09-28 13:27:47,200 [INFO] IPUIPlugin:74 - create IPUIPlugin
2021-09-28 13:27:47,200 [INFO] PluginManager:213 - loadIPPluginJar : add tsc
2021-09-28 13:27:47,246 [INFO] IPUIPlugin:74 - create IPUIPlugin
2021-09-28 13:27:47,246 [INFO] PluginManager:213 - loadIPPluginJar : add ucpd
2021-09-28 13:27:47,340 [INFO] IPUIPlugin:74 - create IPUIPlugin
2021-09-28 13:27:47,340 [INFO] PluginManager:213 - loadIPPluginJar : add usart
2021-09-28 13:27:47,403 [INFO] IPUIPlugin:74 - create IPUIPlugin
2021-09-28 13:27:47,403 [INFO] PluginManager:213 - loadIPPluginJar : add usbx
2021-09-28 13:27:48,010 [FATAL] Updater:294 - Updater called before beeing initialized
2021-09-28 13:27:48,323 [FATAL] Updater:294 - Updater called before beeing initialized
2021-09-28 13:27:48,338 [INFO] DbMcusAds:47 - JSON generation date=Wed Aug 18 23:24:26 KST 2021 (1629296666117)
2021-09-28 13:27:48,338 [FATAL] Updater:294 - Updater called before beeing initialized
2021-09-28 13:27:48,448 [WARN] DetailPanel:314 - Failed to get advertising image, set to default
2021-09-28 13:27:48,713 [FATAL] Updater:294 - Updater called before beeing initialized
2021-09-28 13:27:48,713 [FATAL] Updater:294 - Updater called before beeing initialized
2021-09-28 13:27:48,713 [FATAL] Updater:294 - Updater called before beeing initialized
2021-09-28 13:27:48,713 [WARN] DetailPanel:314 - Failed to get advertising image, set to default
2021-09-28 13:27:48,729 [FATAL] Updater:294 - Updater called before beeing initialized
2021-09-28 13:27:48,822 [INFO] ThirdPartyUpdaterWithRetryManager:66 - Updater plugin not ready yet. [3/15]
2021-09-28 13:27:48,854 [ERROR] Updater:1075 - MainUpdater not yet initialized. External WinMGr cannot be set.
2021-09-28 13:27:48,869 [INFO] Updater:1012 - Updater Version found : 6.3.0
2021-09-28 13:27:48,916 [INFO] ApplicationProperties:181 - Using Application install path: C:\ST\STM32CubeIDE_1.7.0\STM32CubeIDE\plugins\com.st.stm32cube.common.mx_6.3.0.202107141111
2021-09-28 13:27:49,197 [INFO] MainUpdater:2671 - connection check result : 10
2021-09-28 13:27:49,213 [INFO] MainUpdater:3359 - Updater definition file requires update
2021-09-28 13:27:49,213 [INFO] MainUpdater:265 - Updater Check For Update Now.
2021-09-28 13:27:49,213 [INFO] MicroXplorer:478 - Change Database Version : DB.6.0.30
2021-09-28 13:27:49,276 [INFO] ServerAccessManage:362 - Download File updaters.zip
2021-09-28 13:27:49,401 [INFO] FileExtend:235 - Unzip File : updaters.zip
2021-09-28 13:27:49,401 [INFO] FileExtend:250 - Standard Zip Deflate
2021-09-28 13:27:50,213 [INFO] ServerAccessManage:362 - Download File PacksControlFlags.xml
2021-09-28 13:27:50,354 [INFO] ServerAccessManage:362 - Download File cubemx.pidx
2021-09-28 13:27:50,557 [INFO] LoadServerUpdatesThread:339 - End of LoadServerUpdate Thread
2021-09-28 13:27:50,775 [INFO] CheckServerUpdateThread:112 - End of CheckServer Thread
2021-09-28 13:27:50,807 [INFO] MainUpdater:2671 - connection check result : 10
2021-09-28 13:27:51,837 [INFO] McuFinderGlobals:52 - Set McuFinderConnectedMode to false
2021-09-28 13:27:52,102 [INFO] CrossSelectorPresenter:1330 - Cross Selector saved comparison directory: C:\Users\kangm\.stmcufinder\plugins\mcufinder\mcu\cs_comparisons_mx
2021-09-28 13:27:52,118 [INFO] MultiScanPanel:197 - Auto-refresh data requested => check proxy status ongoing
2021-09-28 13:27:52,118 [INFO] MultiScanPanel:201 - Proxy status is invalid
2021-09-28 13:27:52,118 [INFO] FinderPluginLoader:87 - Searching for filters in installed packs
2021-09-28 13:27:52,134 [INFO] DbMcusXml:100 - Load MCU database from C:\ST\STM32CubeIDE_1.7.0\STM32CubeIDE\plugins\com.st.stm32cube.common.mx_6.3.0.202107141111\\db\/mcu/families.xml
2021-09-28 13:27:52,180 [WARN] PackLoader:238 - Cannot read IP mode file for RoweBots.I-CUBE-UNISONRTOS.5.5.0-4
2021-09-28 13:27:52,399 [WARN] PackLoader:238 - Cannot read IP mode file for STMicroelectronics.X-CUBE-MEMS1.9.0.0
2021-09-28 13:27:53,008 [WARN] PackLoader:238 - Cannot read IP mode file for STMicroelectronics.X-CUBE-AZRTOS-H7.1.1.0
2021-09-28 13:27:53,201 [WARN] PackLoader:238 - Cannot read IP mode file for SEGGER.I-CUBE-embOS.1.2.0
2021-09-28 13:27:53,342 [WARN] PackLoader:238 - Cannot read IP mode file for STMicroelectronics.X-CUBE-BLE1.6.2.1
2021-09-28 13:27:53,358 [WARN] PackLoader:238 - Cannot read IP mode file for STMicroelectronics.X-CUBE-BLE2.3.2.1
2021-09-28 13:27:53,389 [WARN] PackLoader:238 - Cannot read IP mode file for STMicroelectronics.X-CUBE-NFC4.2.0.3
2021-09-28 13:27:53,420 [WARN] PackLoader:238 - Cannot read IP mode file for wolfSSL.I-CUBE-wolfSSL.4.8.0
2021-09-28 13:27:53,436 [WARN] PackLoader:238 - Cannot read IP mode file for STMicroelectronics.X-CUBE-TOUCHGFX.4.17.0
2021-09-28 13:27:53,467 [WARN] PackLoader:238 - Cannot read IP mode file for STMicroelectronics.X-CUBE-SFXS2LP1.3.1.0
2021-09-28 13:27:53,545 [WARN] PackLoader:238 - Cannot read IP mode file for STMicroelectronics.X-CUBE-AZRTOS-F4.1.0.0
2021-09-28 13:27:53,639 [WARN] PackLoader:238 - Cannot read IP mode file for STMicroelectronics.X-CUBE-AZRTOS-H7.2.0.0
2021-09-28 13:27:53,670 [WARN] PackLoader:238 - Cannot read IP mode file for STMicroelectronics.X-CUBE-TOF1.2.0.0
2021-09-28 13:27:53,780 [WARN] PackLoader:238 - Cannot read IP mode file for STMicroelectronics.X-CUBE-SUBG2.4.2.0
2021-09-28 13:27:53,936 [WARN] PackLoader:238 - Cannot read IP mode file for STMicroelectronics.X-CUBE-ALS.1.0.1
2021-09-28 13:27:53,951 [WARN] PackLoader:238 - Cannot read IP mode file for STMicroelectronics.X-CUBE-AI.7.0.0
2021-09-28 13:27:53,983 [WARN] PackLoader:238 - Cannot read IP mode file for STMicroelectronics.X-CUBE-ALGOBUILD.1.2.1
2021-09-28 13:27:53,998 [WARN] PackLoader:238 - Cannot read IP mode file for STMicroelectronics.X-CUBE-DISPLAY.1.0.0
2021-09-28 13:27:54,030 [WARN] PackLoader:238 - Cannot read IP mode file for STMicroelectronics.X-CUBE-EEPRMA1.3.1.0
2021-09-28 13:27:54,057 [WARN] PackLoader:238 - Cannot read IP mode file for STMicroelectronics.X-CUBE-GNSS1.5.2.0
2021-09-28 13:27:54,063 [INFO] ThirdParty:915 - Integrity check success = true
2021-09-28 13:27:54,063 [INFO] IntegrityCheckThread:94 - exiting critical section [integrity check]
2021-09-28 13:27:54,063 [INFO] IntegrityCheckThread:97 - End integrity checks thread
2021-09-28 13:27:54,668 [INFO] DbMcusJson:93 - JSON generation date=Mon Jun 07 17:53:21 KST 2021 (1623056001)
2021-09-28 13:27:56,644 [INFO] DbMcus:175 - Found 1951 MCUs (1903 are supported by CubeMX, 1903 are visible in CubeMX)
2021-09-28 13:27:56,644 [INFO] ApiDb:251 - Load user favorites file C:\Users\kangm/.stm32cubeide/favorites.mcus.txt: 1 item(s)
2021-09-28 13:27:56,644 [INFO] ApiDb:255 - User favorites MCUs=[STM32F401RETx]
2021-09-28 13:27:56,659 [INFO] DbMcus:187 - Set 1 / 1 favorites MCUs
2021-09-28 13:27:57,919 [INFO] DetailPanel:309 - Set advertising image to C:/Users/kangm/STM32Cube/Repository/\en.prom_STM32U5_PSA-SESIP_LV3_0821.png
2021-09-28 13:27:59,669 [INFO] DbBoardsPdsc:90 - Found 25 items
2021-09-28 13:27:59,685 [INFO] DbBoardsPdsc:90 - Found 9 items
2021-09-28 13:27:59,716 [INFO] DbBoardsPdsc:90 - Found 33 items
2021-09-28 13:27:59,732 [INFO] DbBoardsPdsc:90 - Found 1 items
2021-09-28 13:27:59,763 [INFO] DbBoardsPdsc:90 - Found 48 items
2021-09-28 13:27:59,810 [INFO] DbBoardsPdsc:90 - Found 43 items
2021-09-28 13:27:59,836 [INFO] DbBoardsPdsc:90 - Found 2 items
2021-09-28 13:27:59,854 [INFO] DbBoardsPdsc:90 - Found 5 items
2021-09-28 13:27:59,854 [WARN] DbBoardsPdsc:254 - Board STM32H7B3I-DK: unknown feature type=Audio, name=, username=Audio stereo codec with Headphone Amp (CS42L51-CNZ), n=1
2021-09-28 13:27:59,854 [WARN] DbBoardsPdsc:254 - Board STM32H735G-DK: unknown feature type=Audio, name=, username=Audio stereo codec with Headphone Amp (WM8994ECS/R), n=1
2021-09-28 13:27:59,870 [WARN] DbBoardsPdsc:254 - Board STM32H7B3I-EVAL: unknown feature type=Audio, name=, username=Multi-Channel Audio Codec (CS42L51-CNZ), n=1
2021-09-28 13:27:59,870 [WARN] DbBoardsPdsc:254 - Board STM32H7B3I-EVAL: unknown feature type=Meter, name=, username=Power-metering and Temperature-monitoring with sigma-delta modulators, n=1
2021-09-28 13:27:59,870 [WARN] DbBoardsPdsc:254 - Board STM32H7B3I-EVAL: unknown feature type=Motor, name=, username=Motor Control, n=1
2021-09-28 13:27:59,870 [WARN] DbBoardsPdsc:254 - Board STM32U575I-EV: unknown feature type=joystick, name=, username=4-direction joystick with selection button, n=1
2021-09-28 13:27:59,932 [INFO] DbBoardsJson:86 - JSON generation date=Tue Jun 01 14:52:40 KST 2021 (1622526760)
2021-09-28 13:27:59,948 [INFO] DbBoards:117 - Found 166 boards (163 are supported by CubeMX)
2021-09-28 13:28:00,010 [INFO] DbBoardsDocs:143 - JSON generation date=Tue Jun 01 14:52:40 KST 2021 (1622526760)
2021-09-28 13:28:00,073 [INFO] DbBoardsDocs:79 - Found 193 boards documents
2021-09-28 13:28:00,073 [WARN] DbBoards:127 - board B-L462E-CELL1 has no document id list !
2021-09-28 13:28:00,073 [WARN] DbBoards:127 - board B-L475E-IOT01A2 has no document id list !
2021-09-28 13:28:00,073 [WARN] DbBoards:127 - board B-U585I-IOT02A has no document id list !
2021-09-28 13:28:00,073 [WARN] DbBoards:127 - board NUCLEO-G0B1RE has no document id list !
2021-09-28 13:28:00,073 [WARN] DbBoards:127 - board NUCLEO-H743ZI has no document id list !
2021-09-28 13:28:00,073 [WARN] DbBoards:127 - board NUCLEO-L4A6ZG has no document id list !
2021-09-28 13:28:00,073 [WARN] DbBoards:127 - board NUCLEO-U575ZI-Q has no document id list !
2021-09-28 13:28:00,073 [WARN] DbBoards:127 - board NUCLEO-WB15CC has no document id list !
2021-09-28 13:28:00,073 [WARN] DbBoards:127 - board NUCLEO-WB55RG has no document id list !
2021-09-28 13:28:00,089 [WARN] DbBoards:127 - board NUCLEO-WL55JC2 has no document id list !
2021-09-28 13:28:00,089 [WARN] DbBoards:127 - board P-NUCLEO-WB55-Nucleo has no document id list !
2021-09-28 13:28:00,089 [WARN] DbBoards:127 - board P-NUCLEO-WB55-USBDongle has no document id list !
2021-09-28 13:28:00,089 [WARN] DbBoards:127 - board STEVAL-BFA001V1B has no document id list !
2021-09-28 13:28:00,089 [WARN] DbBoards:127 - board STEVAL-BFA001V2B has no document id list !
2021-09-28 13:28:00,089 [WARN] DbBoards:127 - board STEVAL-IDP005V1 has no document id list !
2021-09-28 13:28:00,089 [WARN] DbBoards:127 - board STEVAL-IDP005V2 has no document id list !
2021-09-28 13:28:00,089 [WARN] DbBoards:127 - board STEVAL-MKSBOX1V1 has no document id list !
2021-09-28 13:28:00,089 [WARN] DbBoards:127 - board STEVAL-STWINKT1 has no document id list !
2021-09-28 13:28:00,089 [WARN] DbBoards:127 - board STEVAL-STWINKT1B has no document id list !
2021-09-28 13:28:00,089 [WARN] DbBoards:127 - board STM32F401C-DISCO has no document id list !
2021-09-28 13:28:00,089 [WARN] DbBoards:127 - board STM32F769I-DISC1 has no document id list !
2021-09-28 13:28:00,089 [WARN] DbBoards:127 - board STM32G0C1E-EV has no document id list !
2021-09-28 13:28:00,089 [WARN] DbBoards:127 - board STM32G474E-EVAL1 has no document id list !
2021-09-28 13:28:00,089 [WARN] DbBoards:127 - board STM32H743I-EVAL2 has no document id list !
2021-09-28 13:28:00,089 [WARN] DbBoards:127 - board STM32H747I-DISC1 has no document id list !
2021-09-28 13:28:00,089 [WARN] DbBoards:127 - board STM32H753I-EVAL2 has no document id list !
2021-09-28 13:28:00,089 [WARN] DbBoards:127 - board STM32L-DISCOVERY has no document id list !
2021-09-28 13:28:00,089 [WARN] DbBoards:127 - board STM32MP157A-DK1 has no document id list !
2021-09-28 13:28:00,089 [WARN] DbBoards:127 - board STM32MP157D-DK1 has no document id list !
2021-09-28 13:28:00,089 [WARN] DbBoards:127 - board STM32MP157D-EV1 has no document id list !
2021-09-28 13:28:00,089 [WARN] DbBoards:127 - board STM32MP157F-DK2 has no document id list !
2021-09-28 13:28:00,089 [WARN] DbBoards:127 - board STM32MP157F-EV1 has no document id list !
2021-09-28 13:28:00,089 [WARN] DbBoards:127 - board STM32U575I-EV has no document id list !
2021-09-28 13:28:00,089 [WARN] DbBoards:127 - board STM32WB5MM-DK has no document id list !
2021-09-28 13:28:05,741 [INFO] ApiDb:251 - Load user favorites file C:\Users\kangm/.stm32cubeide/favorites.boards.txt: 0 item(s)
2021-09-28 13:28:05,741 [INFO] ApiDb:255 - User favorites Boards=[]
2021-09-28 13:28:05,741 [INFO] DbBoards:206 - Set 0 / 0 favorites Boards
2021-09-28 13:28:14,834 [INFO] DbMcusDocs:143 - JSON generation date=Mon Jun 07 17:53:21 KST 2021 (1623056001)
2021-09-28 13:28:15,944 [INFO] DbMcusDocs:79 - Found 669 MCUs documents
2021-09-28 13:28:28,347 [INFO] MainUpdater:2671 - connection check result : 10
2021-09-28 13:28:28,348 [INFO] MainUpdater:2671 - connection check result : 10
2021-09-28 13:28:28,472 [INFO] MicroXplorer:448 - Change Database Path : 
2021-09-28 13:28:28,472 [INFO] MicroXplorer:478 - Change Database Version : DB.6.0.30
2021-09-28 13:28:28,474 [WARN] ThirdParty:813 - waiting for thirdparty lock release [close project]
2021-09-28 13:28:28,474 [INFO] ThirdParty:815 - entering critical section [close project]
2021-09-28 13:28:28,476 [INFO] ThirdParty:825 - exiting critical section [close project]
2021-09-28 13:28:28,488 [INFO] PinOutPanel:1463 - setPackage(No Configuration,No Configuration)
2021-09-28 13:28:28,490 [INFO] UtilMem:74 - Begin LoadConfig() Used Memory: 512767664 Bytes (655360000)
2021-09-28 13:28:28,493 [INFO] MicroXplorer:448 - Change Database Path : 
2021-09-28 13:28:28,493 [INFO] MicroXplorer:478 - Change Database Version : DB.6.0.30
2021-09-28 13:28:28,493 [INFO] OpenFileManager:313 - Change cursor
2021-09-28 13:28:36,041 [INFO] Context:592 - Trying to add GPIOservice into a context  which must be forbidden
2021-09-28 13:28:37,710 [INFO] ImportTextPane:167 - (OptionalMessage_ERROR) Unable to find key (Mcu.ThirdPartyNb) in loaded IOC file
2021-09-28 13:28:37,710 [INFO] ImportTextPane:167 - (OptionalMessage_ERROR) Unable to find key (Mcu.PinsNb) in loaded IOC file
2021-09-28 13:28:37,711 [INFO] ImportTextPane:167 - (OptionalMessage_ERROR) Unable to find key (Mcu.IPNb) in loaded IOC file
2021-09-28 13:28:38,058 [WARN] ApiManager:304 - Cannot register API 'Board Extension:S2868A1' from pack STMicroelectronics.X-CUBE-SFXS2LP1.3.1.0: no header file found
2021-09-28 13:28:38,059 [WARN] ApiManager:304 - Cannot register API 'Board Extension:S2868A2' from pack STMicroelectronics.X-CUBE-SFXS2LP1.3.1.0: no header file found
2021-09-28 13:28:38,060 [WARN] ApiManager:304 - Cannot register API 'Board Extension:S2915A1' from pack STMicroelectronics.X-CUBE-SFXS2LP1.3.1.0: no header file found
2021-09-28 13:28:38,252 [WARN] ModelIntegratedComponent:60 - No mode defined for component null
2021-09-28 13:28:38,254 [WARN] ModelIntegratedComponent:60 - No mode defined for component null
2021-09-28 13:28:38,255 [WARN] ModelIntegratedComponent:60 - No mode defined for component null
2021-09-28 13:28:38,259 [WARN] ModelIntegratedComponent:60 - No mode defined for component null
2021-09-28 13:28:38,260 [WARN] ModelIntegratedComponent:60 - No mode defined for component null
2021-09-28 13:28:38,260 [WARN] ModelIntegratedComponent:60 - No mode defined for component null
2021-09-28 13:28:38,261 [WARN] ModelIntegratedComponent:60 - No mode defined for component null
2021-09-28 13:28:38,261 [WARN] ModelIntegratedComponent:60 - No mode defined for component null
2021-09-28 13:28:38,261 [WARN] ModelIntegratedComponent:60 - No mode defined for component null
2021-09-28 13:28:38,262 [WARN] ModelIntegratedComponent:60 - No mode defined for component null
2021-09-28 13:28:38,262 [WARN] ModelIntegratedComponent:60 - No mode defined for component null
2021-09-28 13:28:38,262 [WARN] ModelIntegratedComponent:60 - No mode defined for component null
2021-09-28 13:28:38,312 [WARN] ModelIntegratedComponent:60 - No mode defined for component null
2021-09-28 13:28:38,312 [WARN] ModelIntegratedComponent:60 - No mode defined for component null
2021-09-28 13:28:38,312 [WARN] ModelIntegratedComponent:60 - No mode defined for component null
2021-09-28 13:28:38,312 [WARN] ModelIntegratedComponent:60 - No mode defined for component null
2021-09-28 13:28:38,313 [WARN] ModelIntegratedComponent:60 - No mode defined for component null
2021-09-28 13:28:38,313 [WARN] ModelIntegratedComponent:60 - No mode defined for component null
2021-09-28 13:28:38,313 [WARN] ModelIntegratedComponent:60 - No mode defined for component null
2021-09-28 13:28:38,313 [WARN] ModelIntegratedComponent:60 - No mode defined for component null
2021-09-28 13:28:38,314 [WARN] ModelIntegratedComponent:60 - No mode defined for component null
2021-09-28 13:28:38,315 [WARN] ModelIntegratedComponent:60 - No mode defined for component null
2021-09-28 13:28:38,315 [WARN] ModelIntegratedComponent:60 - No mode defined for component null
2021-09-28 13:28:38,315 [WARN] ModelIntegratedComponent:60 - No mode defined for component null
2021-09-28 13:28:38,316 [WARN] ModelIntegratedComponent:60 - No mode defined for component null
2021-09-28 13:28:38,316 [WARN] ModelIntegratedComponent:60 - No mode defined for component null
2021-09-28 13:28:38,316 [WARN] ModelIntegratedComponent:60 - No mode defined for component null
2021-09-28 13:28:38,316 [WARN] ModelIntegratedComponent:60 - No mode defined for component null
2021-09-28 13:28:38,317 [WARN] ModelIntegratedComponent:60 - No mode defined for component null
2021-09-28 13:28:38,317 [WARN] ModelIntegratedComponent:60 - No mode defined for component null
2021-09-28 13:28:38,317 [WARN] ModelIntegratedComponent:60 - No mode defined for component null
2021-09-28 13:28:39,917 [WARN] ApiManager:304 - Cannot register API 'Board Extension:IKS01A3' from pack STMicroelectronics.X-CUBE-MEMS1.9.0.0: no header file found
2021-09-28 13:28:39,918 [WARN] ApiManager:304 - Cannot register API 'Board Extension:IKS01A2' from pack STMicroelectronics.X-CUBE-MEMS1.9.0.0: no header file found
2021-09-28 13:28:39,918 [WARN] ApiManager:304 - Cannot register API 'Board Extension:IKS02A1' from pack STMicroelectronics.X-CUBE-MEMS1.9.0.0: no header file found
2021-09-28 13:28:40,068 [WARN] ApiManager:304 - Cannot register API 'Board Extension:S2868A1' from pack STMicroelectronics.X-CUBE-SUBG2.4.2.0: no header file found
2021-09-28 13:28:40,068 [WARN] ApiManager:304 - Cannot register API 'Board Extension:S2868A2' from pack STMicroelectronics.X-CUBE-SUBG2.4.2.0: no header file found
2021-09-28 13:28:40,068 [WARN] ApiManager:304 - Cannot register API 'Board Extension:S2915A1' from pack STMicroelectronics.X-CUBE-SUBG2.4.2.0: no header file found
2021-09-28 13:28:40,082 [INFO] RtosManager:484 - Registered RTOS mode: class=CMSIS, group=RTOS, mode=CMSIS_V1, owner=FREERTOS
2021-09-28 13:28:40,083 [INFO] RtosManager:484 - Registered RTOS mode: class=CMSIS, group=RTOS2, mode=CMSIS_V2, owner=FREERTOS
2021-09-28 13:28:40,083 [INFO] RtosManager:484 - Registered RTOS mode: class=RTOS, group=Core, mode=CMSIS_V1, owner=FREERTOS
2021-09-28 13:28:40,083 [INFO] RtosManager:484 - Registered RTOS mode: class=RTOS, group=Core, mode=CMSIS_V2, owner=FREERTOS
2021-09-28 13:28:40,084 [WARN] ModelIntegratedComponent:181 - Missing modes for component STMicroelectronics:FreeRTOS:0.0.1:STMicroelectronics:RTOS:FreeRTOS:Core:::10.2.0:
2021-09-28 13:28:40,141 [WARN] ApiManager:304 - Cannot register API 'Board Extension:EEPRMA1' from pack STMicroelectronics.X-CUBE-EEPRMA1.3.1.0: no header file found
2021-09-28 13:28:40,148 [WARN] ApiManager:304 - Cannot register API 'Board Extension:EEPRMA2' from pack STMicroelectronics.X-CUBE-EEPRMA1.3.1.0: no header file found
2021-09-28 13:28:40,151 [WARN] ApiManager:304 - Cannot register API 'Board Extension:GNSS1A1' from pack STMicroelectronics.X-CUBE-GNSS1.5.2.0: no header file found
2021-09-28 13:28:40,151 [WARN] ApiManager:304 - Cannot register API 'Board Support:Custom' from pack STMicroelectronics.X-CUBE-GNSS1.5.2.0: no header file found
2021-09-28 13:28:40,151 [WARN] ApiManager:304 - Cannot register API 'Data Exchange:lib_gnss' from pack STMicroelectronics.X-CUBE-GNSS1.5.2.0: no header file found
2021-09-28 13:28:40,153 [WARN] ApiManager:304 - Cannot register API 'Wireless:BlueNRG-MS' from pack STMicroelectronics.X-CUBE-BLE1.6.2.1: no header file found
2021-09-28 13:28:40,155 [WARN] ApiManager:304 - Cannot register API 'Wireless:BlueNRG-2' from pack STMicroelectronics.X-CUBE-BLE2.3.2.1: no header file found
2021-09-28 13:28:40,165 [WARN] ApiManager:304 - Cannot register API 'Board Extension:NFC04A1' from pack STMicroelectronics.X-CUBE-NFC4.2.0.3: no header file found
2021-09-28 13:28:47,670 [INFO] UtilMem:74 - End LoadConfig() Used Memory: 495562624 Bytes (655360000)
2021-09-28 13:28:47,690 [WARN] ThirdParty:779 - waiting for thirdparty lock release [change project]
2021-09-28 13:28:47,691 [INFO] ThirdParty:781 - entering critical section [change project]
2021-09-28 13:28:47,691 [INFO] ThirdParty:967 - CMSIS Pack Vendor :STMicroelectronics X-CUBE-SFXS2LP1 3.1.0
2021-09-28 13:28:47,691 [INFO] ThirdParty:967 - CMSIS Pack Vendor :RoweBots I-CUBE-UNISONRTOS 5.5.0-4
2021-09-28 13:28:47,692 [INFO] ThirdParty:967 - CMSIS Pack Vendor :STMicroelectronics X-CUBE-AZRTOS-F4 1.0.0
2021-09-28 13:28:47,692 [INFO] ThirdParty:967 - CMSIS Pack Vendor :STMicroelectronics USB_HOST 2.0.0
2021-09-28 13:28:47,692 [INFO] ThirdParty:967 - CMSIS Pack Vendor :STMicroelectronics X-CUBE-AZRTOS-H7 2.0.0
2021-09-28 13:28:47,692 [INFO] ThirdParty:967 - CMSIS Pack Vendor :STMicroelectronics USB_DEVICE 3.0.0
2021-09-28 13:28:47,693 [INFO] ThirdParty:967 - CMSIS Pack Vendor :STMicroelectronics X-CUBE-TOF1 2.0.0
2021-09-28 13:28:47,693 [INFO] ThirdParty:967 - CMSIS Pack Vendor :STMicroelectronics HAL Drivers 0.0.0
2021-09-28 13:28:47,693 [INFO] ThirdParty:967 - CMSIS Pack Vendor :STMicroelectronics MBEDTLS 2.16.2
2021-09-28 13:28:47,693 [INFO] ThirdParty:967 - CMSIS Pack Vendor :STMicroelectronics MBEDTLS 2.14.1
2021-09-28 13:28:47,694 [INFO] ThirdParty:967 - CMSIS Pack Vendor :STMicroelectronics X-CUBE-MEMS1 9.0.0
2021-09-28 13:28:47,694 [INFO] ThirdParty:967 - CMSIS Pack Vendor :STMicroelectronics X-CUBE-AZRTOS-H7 1.1.0
2021-09-28 13:28:47,694 [INFO] ThirdParty:967 - CMSIS Pack Vendor :STMicroelectronics X-CUBE-SUBG2 4.2.0
2021-09-28 13:28:47,694 [INFO] ThirdParty:967 - CMSIS Pack Vendor :STMicroelectronics X-CUBE-ALS 1.0.1
2021-09-28 13:28:47,694 [INFO] ThirdParty:967 - CMSIS Pack Vendor :STMicroelectronics USB_DEVICE 2.0.0
2021-09-28 13:28:47,695 [INFO] ThirdParty:967 - CMSIS Pack Vendor :STMicroelectronics X-CUBE-AI 7.0.0
2021-09-28 13:28:47,695 [INFO] ThirdParty:967 - CMSIS Pack Vendor :STMicroelectronics X-CUBE-ALGOBUILD 1.2.1
2021-09-28 13:28:47,695 [INFO] ThirdParty:967 - CMSIS Pack Vendor :STMicroelectronics X-CUBE-DISPLAY 1.0.0
2021-09-28 13:28:47,696 [INFO] ThirdParty:967 - CMSIS Pack Vendor :STMicroelectronics FreeRTOS 0.0.1
2021-09-28 13:28:47,696 [INFO] ThirdParty:967 - CMSIS Pack Vendor :STMicroelectronics USB_DEVICE 1.0.0
2021-09-28 13:28:47,696 [INFO] ThirdParty:967 - CMSIS Pack Vendor :SEGGER I-CUBE-embOS 1.2.0
2021-09-28 13:28:47,697 [INFO] ThirdParty:967 - CMSIS Pack Vendor :STMicroelectronics X-CUBE-EEPRMA1 3.1.0
2021-09-28 13:28:47,697 [INFO] ThirdParty:967 - CMSIS Pack Vendor :STMicroelectronics X-CUBE-GNSS1 5.2.0
2021-09-28 13:28:47,698 [INFO] ThirdParty:967 - CMSIS Pack Vendor :STMicroelectronics ThreadX 0.0.2
2021-09-28 13:28:47,698 [INFO] ThirdParty:967 - CMSIS Pack Vendor :STMicroelectronics lwIP 2.0.3
2021-09-28 13:28:47,699 [INFO] ThirdParty:967 - CMSIS Pack Vendor :STMicroelectronics lwIP 2.1.2
2021-09-28 13:28:47,699 [INFO] ThirdParty:967 - CMSIS Pack Vendor :STMicroelectronics X-CUBE-BLE1 6.2.1
2021-09-28 13:28:47,700 [INFO] ThirdParty:967 - CMSIS Pack Vendor :STMicroelectronics X-CUBE-BLE2 3.2.1
2021-09-28 13:28:47,704 [INFO] ThirdParty:967 - CMSIS Pack Vendor :STMicroelectronics USB_HOST 1.0.0
2021-09-28 13:28:47,706 [INFO] ThirdParty:967 - CMSIS Pack Vendor :STMicroelectronics X-CUBE-NFC4 2.0.3
2021-09-28 13:28:47,707 [INFO] ThirdParty:967 - CMSIS Pack Vendor :wolfSSL I-CUBE-wolfSSL 4.8.0
2021-09-28 13:28:47,708 [INFO] ThirdParty:967 - CMSIS Pack Vendor :STMicroelectronics X-CUBE-TOUCHGFX 4.17.0
2021-09-28 13:28:47,708 [INFO] ThirdParty:967 - CMSIS Pack Vendor :STMicroelectronics PDM2PCM 3.1.0
2021-09-28 13:28:47,708 [INFO] ThirdParty:967 - CMSIS Pack Vendor :STMicroelectronics PDM2PCM 3.2.0
2021-09-28 13:28:47,708 [INFO] ThirdParty:967 - CMSIS Pack Vendor :STMicroelectronics PDM2PCM 3.3.0
2021-09-28 13:28:47,709 [INFO] ThirdParty:787 - exiting critical section [change project]
2021-09-28 13:28:49,651 [INFO] PinOutPanel:1463 - setPackage(No Configuration,No Configuration)
2021-09-28 13:28:49,655 [INFO] PinOutPanel:1463 - setPackage(STM32F401RETx,LQFP64)
2021-09-28 13:28:51,522 [INFO] UtilMem:74 - Before build in PCC Used Memory: 558359712 Bytes (655360000)
2021-09-28 13:28:54,720 [INFO] UtilMem:74 - After build in PCC Used Memory: 530142224 Bytes (655360000)
2021-09-28 13:28:54,910 [INFO] IPUIPlugin:74 - create IPUIPlugin
2021-09-28 13:28:54,914 [INFO] IPUIPlugin:74 - create IPUIPlugin
2021-09-28 13:28:54,914 [INFO] IPUIPlugin:74 - create IPUIPlugin
2021-09-28 13:28:54,915 [INFO] IPUIPlugin:74 - create IPUIPlugin
2021-09-28 13:28:54,915 [INFO] IPUIPlugin:74 - create IPUIPlugin
2021-09-28 13:28:54,915 [INFO] IPUIPlugin:74 - create IPUIPlugin
2021-09-28 13:28:54,916 [INFO] IPUIPlugin:74 - create IPUIPlugin
2021-09-28 13:28:54,916 [INFO] IPUIPlugin:74 - create IPUIPlugin
2021-09-28 13:28:54,917 [INFO] IPUIPlugin:74 - create IPUIPlugin
2021-09-28 13:28:54,917 [INFO] IPUIPlugin:74 - create IPUIPlugin
2021-09-28 13:28:54,918 [INFO] IPUIPlugin:74 - create IPUIPlugin
2021-09-28 13:28:54,919 [INFO] IPUIPlugin:74 - create IPUIPlugin
2021-09-28 13:28:54,920 [INFO] IPUIPlugin:74 - create IPUIPlugin
2021-09-28 13:28:54,921 [INFO] IPUIPlugin:74 - create IPUIPlugin
2021-09-28 13:28:54,922 [INFO] IPUIPlugin:74 - create IPUIPlugin
2021-09-28 13:28:54,924 [INFO] IPUIPlugin:74 - create IPUIPlugin
2021-09-28 13:28:54,925 [INFO] IPUIPlugin:74 - create IPUIPlugin
2021-09-28 13:28:54,927 [INFO] IPUIPlugin:74 - create IPUIPlugin
2021-09-28 13:28:54,928 [INFO] IPUIPlugin:74 - create IPUIPlugin
2021-09-28 13:28:54,930 [INFO] IPUIPlugin:74 - create IPUIPlugin
2021-09-28 13:28:54,931 [INFO] IPUIPlugin:74 - create IPUIPlugin
2021-09-28 13:28:54,963 [INFO] IPUIPlugin:74 - create IPUIPlugin
2021-09-28 13:28:54,965 [INFO] IPUIPlugin:74 - create IPUIPlugin
2021-09-28 13:28:54,967 [INFO] IPUIPlugin:74 - create IPUIPlugin
2021-09-28 13:28:54,968 [INFO] IPUIPlugin:74 - create IPUIPlugin
2021-09-28 13:28:54,969 [INFO] IPUIPlugin:74 - create IPUIPlugin
2021-09-28 13:28:54,971 [INFO] IPUIPlugin:74 - create IPUIPlugin
2021-09-28 13:28:54,972 [INFO] IPUIPlugin:74 - create IPUIPlugin
2021-09-28 13:28:54,974 [INFO] IPUIPlugin:74 - create IPUIPlugin
2021-09-28 13:28:54,976 [INFO] IPUIPlugin:74 - create IPUIPlugin
2021-09-28 13:28:54,977 [INFO] IPUIPlugin:74 - create IPUIPlugin
2021-09-28 13:28:54,981 [INFO] IPUIPlugin:74 - create IPUIPlugin
2021-09-28 13:28:54,982 [INFO] IPUIPlugin:74 - create IPUIPlugin
2021-09-28 13:28:54,985 [INFO] IPUIPlugin:74 - create IPUIPlugin
2021-09-28 13:28:54,987 [INFO] IPUIPlugin:74 - create IPUIPlugin
2021-09-28 13:28:54,989 [INFO] IPUIPlugin:74 - create IPUIPlugin
2021-09-28 13:28:54,994 [INFO] IPUIPlugin:74 - create IPUIPlugin
2021-09-28 13:28:54,998 [INFO] IPUIPlugin:74 - create IPUIPlugin
2021-09-28 13:28:55,236 [INFO] ApiDbMcu:468 - Load IP Config File for PDM2PCM
2021-09-28 13:28:56,155 [INFO] OpenFileManager:333 - Restore cursor
2021-09-28 13:28:57,774 [INFO] UtilMem:74 - End SaveConfig() Used Memory: 547112176 Bytes (655360000)
2021-09-28 13:28:57,971 [INFO] UtilMem:74 - End SaveConfig() Used Memory: 572255280 Bytes (655360000)
2021-09-28 13:28:59,810 [INFO] BlockDiagram:2740 - set Specific Code input for plugin: NVIC
2021-09-28 13:28:59,811 [INFO] BlockDiagram:2740 - set Specific Code input for plugin: SYS
2021-09-28 13:28:59,811 [INFO] BlockDiagram:2740 - set Specific Code input for plugin: RCC
2021-09-28 13:28:59,813 [INFO] CodeGenerator:663 - code generatio: config db path: C:\ST\STM32CubeIDE_1.7.0\STM32CubeIDE\plugins\com.st.stm32cube.common.mx_6.3.0.202107141111\\db\
2021-09-28 13:29:02,143 [INFO] CodeEngine:239 - oldGeneratedFile, C:\02_My Project\01_MCU\Project\STM32F4_TEST\STM32F401\F401_FND\F401_FND_TEST4\MXTmpFiles\license.tmp_save
2021-09-28 13:29:03,943 [INFO] CodeEngine:257 - Generated code: C:\02_My Project\01_MCU\Project\STM32F4_TEST\STM32F401\F401_FND\F401_FND_TEST4\MXTmpFiles\license.tmp
2021-09-28 13:29:04,403 [INFO] CodeEngine:239 - oldGeneratedFile, C:\02_My Project\01_MCU\Project\STM32F4_TEST\STM32F401\F401_FND\F401_FND_TEST4\Core\Src\stm32f4xx_it.c_save
2021-09-28 13:29:05,191 [INFO] CodeEngine:257 - Generated code: C:\02_My Project\01_MCU\Project\STM32F4_TEST\STM32F401\F401_FND\F401_FND_TEST4\Core\Src\stm32f4xx_it.c
2021-09-28 13:29:05,299 [INFO] CodeEngine:239 - oldGeneratedFile, C:\02_My Project\01_MCU\Project\STM32F4_TEST\STM32F401\F401_FND\F401_FND_TEST4\Core\Inc\stm32f4xx_it.h_save
2021-09-28 13:29:05,715 [INFO] CodeEngine:257 - Generated code: C:\02_My Project\01_MCU\Project\STM32F4_TEST\STM32F401\F401_FND\F401_FND_TEST4\Core\Inc\stm32f4xx_it.h
2021-09-28 13:29:05,818 [INFO] CodeEngine:239 - oldGeneratedFile, C:\02_My Project\01_MCU\Project\STM32F4_TEST\STM32F401\F401_FND\F401_FND_TEST4\Core\Src\stm32f4xx_hal_msp.c_save
2021-09-28 13:29:06,476 [INFO] CodeEngine:257 - Generated code: C:\02_My Project\01_MCU\Project\STM32F4_TEST\STM32F401\F401_FND\F401_FND_TEST4\Core\Src\stm32f4xx_hal_msp.c
2021-09-28 13:29:06,497 [INFO] CodeEngine:239 - oldGeneratedFile, C:\02_My Project\01_MCU\Project\STM32F4_TEST\STM32F401\F401_FND\F401_FND_TEST4\MXTmpFiles\system.tmp_save
2021-09-28 13:29:06,965 [INFO] CodeEngine:257 - Generated code: C:\02_My Project\01_MCU\Project\STM32F4_TEST\STM32F401\F401_FND\F401_FND_TEST4\MXTmpFiles\system.tmp
2021-09-28 13:29:07,001 [INFO] CodeEngine:239 - oldGeneratedFile, C:\02_My Project\01_MCU\Project\STM32F4_TEST\STM32F401\F401_FND\F401_FND_TEST4\Core\Inc\stm32f4xx_hal_conf.h_save
2021-09-28 13:29:08,020 [INFO] CodeEngine:257 - Generated code: C:\02_My Project\01_MCU\Project\STM32F4_TEST\STM32F401\F401_FND\F401_FND_TEST4\Core\Inc\stm32f4xx_hal_conf.h
2021-09-28 13:29:08,725 [INFO] CodeEngine:239 - oldGeneratedFile, C:\02_My Project\01_MCU\Project\STM32F4_TEST\STM32F401\F401_FND\F401_FND_TEST4\Core\Inc\main.h_save
2021-09-28 13:29:09,489 [INFO] CodeEngine:257 - Generated code: C:\02_My Project\01_MCU\Project\STM32F4_TEST\STM32F401\F401_FND\F401_FND_TEST4\Core\Inc\main.h
2021-09-28 13:29:09,514 [INFO] CodeEngine:239 - oldGeneratedFile, C:\02_My Project\01_MCU\Project\STM32F4_TEST\STM32F401\F401_FND\F401_FND_TEST4\Core\Src\main.c_save
2021-09-28 13:29:10,174 [INFO] CodeEngine:257 - Generated code: C:\02_My Project\01_MCU\Project\STM32F4_TEST\STM32F401\F401_FND\F401_FND_TEST4\Core\Src\main.c
2021-09-28 13:29:14,286 [INFO] ProjectBuilder:2578 - Time for Copy HAL[1] : 771mS.
2021-09-28 13:29:14,324 [INFO] ProjectBuilder:3622 - Project Generator version: 3.14.1
2021-09-28 13:29:17,254 [INFO] ConfigFileManager:1271 - The Die is : DIE433
2021-09-28 13:29:17,334 [INFO] ApiDbMcu:468 - Load IP Config File for FATFS
2021-09-28 13:29:17,612 [INFO] ApiDbMcu:468 - Load IP Config File for FREERTOS
2021-09-28 13:29:17,661 [INFO] ApiDbMcu:468 - Load IP Config File for LIBJPEG
2021-09-28 13:29:18,035 [INFO] ApiDbMcu:468 - Load IP Config File for MBEDTLS
2021-09-28 13:29:18,205 [INFO] ApiDbMcu:468 - Load IP Config File for USB_DEVICE
2021-09-28 13:29:18,340 [INFO] ApiDbMcu:468 - Load IP Config File for USB_HOST
2021-09-28 13:29:34,471 [INFO] ProjectBuilder:3789 - Time for Generating toolchain IDE Files: 20147mS.
2021-09-28 13:29:34,475 [INFO] ProjectBuilder:2457 - Time for Copy CMSIS : 1mS.
2021-09-28 13:29:34,485 [INFO] ProjectBuilder:2457 - Time for Copy CMSIS : 0mS.
2021-09-28 13:29:37,950 [INFO] McuFinderGlobals:52 - Set McuFinderConnectedMode to true
2021-09-28 13:29:37,953 [INFO] ApiDb:276 - Save user favorites file C:\Users\kangm/.stm32cubeide/favorites.mcus.txt: 1 item(s)
2021-09-28 13:29:37,954 [INFO] ApiDb:280 - User favorites MCUs=[STM32F401RETx]
2021-09-28 13:29:45,927 [INFO] Gpio:254 - dependency for GPIO [SYS]
2021-09-28 13:29:50,769 [INFO] Gpio:254 - dependency for GPIO [SYS]
2021-09-28 13:29:54,035 [INFO] Gpio:254 - dependency for GPIO [SYS]
2021-09-28 13:29:59,388 [INFO] Gpio:254 - dependency for GPIO [SYS]
2021-09-28 13:30:01,481 [INFO] Gpio:254 - dependency for GPIO [SYS]
2021-09-28 13:30:05,481 [INFO] Gpio:254 - dependency for GPIO [SYS]
2021-09-28 13:30:07,871 [INFO] Gpio:254 - dependency for GPIO [SYS]
2021-09-28 13:30:15,328 [INFO] Gpio:254 - dependency for GPIO [SYS]
2021-09-28 13:30:21,011 [INFO] Gpio:254 - dependency for GPIO [SYS]
2021-09-28 13:30:29,107 [INFO] Gpio:254 - dependency for GPIO [SYS]
2021-09-28 13:30:31,794 [INFO] Gpio:254 - dependency for GPIO [SYS]
2021-09-28 13:30:53,386 [INFO] Gpio:254 - dependency for GPIO [SYS]
2021-09-28 13:33:17,016 [INFO] Gpio:254 - dependency for GPIO [SYS]
2021-09-28 13:33:25,310 [INFO] Gpio:254 - dependency for GPIO [SYS]
2021-09-28 13:33:32,921 [INFO] UtilMem:74 - End SaveConfig() Used Memory: 621073000 Bytes (956301312)
2021-09-28 13:33:35,956 [INFO] UtilMem:74 - End SaveConfig() Used Memory: 726982400 Bytes (956301312)
2021-09-28 13:33:36,800 [INFO] BlockDiagram:2740 - set Specific Code input for plugin: NVIC
2021-09-28 13:33:36,800 [INFO] BlockDiagram:2740 - set Specific Code input for plugin: SYS
2021-09-28 13:33:36,800 [INFO] BlockDiagram:2740 - set Specific Code input for plugin: GPIO
2021-09-28 13:33:36,800 [INFO] BlockDiagram:2740 - set Specific Code input for plugin: RCC
2021-09-28 13:33:36,800 [INFO] CodeGenerator:663 - code generatio: config db path: C:\ST\STM32CubeIDE_1.7.0\STM32CubeIDE\plugins\com.st.stm32cube.common.mx_6.3.0.202107141111\\db\
2021-09-28 13:33:37,644 [INFO] CodeEngine:239 - oldGeneratedFile, C:\02_My Project\01_MCU\Project\STM32F4_TEST\STM32F401\F401_FND\F401_FND_TEST4\MXTmpFiles\license.tmp_save
2021-09-28 13:33:37,816 [INFO] CodeEngine:257 - Generated code: C:\02_My Project\01_MCU\Project\STM32F4_TEST\STM32F401\F401_FND\F401_FND_TEST4\MXTmpFiles\license.tmp
2021-09-28 13:33:37,969 [INFO] CodeEngine:239 - oldGeneratedFile, C:\02_My Project\01_MCU\Project\STM32F4_TEST\STM32F401\F401_FND\F401_FND_TEST4\MXTmpFiles\gpio.tmp_save
2021-09-28 13:33:38,157 [INFO] CodeEngine:257 - Generated code: C:\02_My Project\01_MCU\Project\STM32F4_TEST\STM32F401\F401_FND\F401_FND_TEST4\MXTmpFiles\gpio.tmp
2021-09-28 13:33:38,264 [INFO] CodeEngine:239 - oldGeneratedFile, C:\02_My Project\01_MCU\Project\STM32F4_TEST\STM32F401\F401_FND\F401_FND_TEST4\Core\Src\stm32f4xx_it.c_save
2021-09-28 13:33:38,639 [INFO] CodeEngine:257 - Generated code: C:\02_My Project\01_MCU\Project\STM32F4_TEST\STM32F401\F401_FND\F401_FND_TEST4\Core\Src\stm32f4xx_it.c
2021-09-28 13:33:38,655 [INFO] CodeEngine:239 - oldGeneratedFile, C:\02_My Project\01_MCU\Project\STM32F4_TEST\STM32F401\F401_FND\F401_FND_TEST4\Core\Inc\stm32f4xx_it.h_save
2021-09-28 13:33:38,842 [INFO] CodeEngine:257 - Generated code: C:\02_My Project\01_MCU\Project\STM32F4_TEST\STM32F401\F401_FND\F401_FND_TEST4\Core\Inc\stm32f4xx_it.h
2021-09-28 13:33:38,874 [INFO] CodeEngine:239 - oldGeneratedFile, C:\02_My Project\01_MCU\Project\STM32F4_TEST\STM32F401\F401_FND\F401_FND_TEST4\Core\Src\stm32f4xx_hal_msp.c_save
2021-09-28 13:33:39,153 [INFO] CodeEngine:257 - Generated code: C:\02_My Project\01_MCU\Project\STM32F4_TEST\STM32F401\F401_FND\F401_FND_TEST4\Core\Src\stm32f4xx_hal_msp.c
2021-09-28 13:33:39,161 [INFO] CodeEngine:239 - oldGeneratedFile, C:\02_My Project\01_MCU\Project\STM32F4_TEST\STM32F401\F401_FND\F401_FND_TEST4\MXTmpFiles\system.tmp_save
2021-09-28 13:33:39,336 [INFO] CodeEngine:257 - Generated code: C:\02_My Project\01_MCU\Project\STM32F4_TEST\STM32F401\F401_FND\F401_FND_TEST4\MXTmpFiles\system.tmp
2021-09-28 13:33:39,367 [INFO] CodeEngine:239 - oldGeneratedFile, C:\02_My Project\01_MCU\Project\STM32F4_TEST\STM32F401\F401_FND\F401_FND_TEST4\Core\Inc\stm32f4xx_hal_conf.h_save
2021-09-28 13:33:39,601 [INFO] CodeEngine:257 - Generated code: C:\02_My Project\01_MCU\Project\STM32F4_TEST\STM32F401\F401_FND\F401_FND_TEST4\Core\Inc\stm32f4xx_hal_conf.h
2021-09-28 13:33:39,726 [INFO] CodeEngine:239 - oldGeneratedFile, C:\02_My Project\01_MCU\Project\STM32F4_TEST\STM32F401\F401_FND\F401_FND_TEST4\Core\Inc\main.h_save
2021-09-28 13:33:40,042 [INFO] CodeEngine:257 - Generated code: C:\02_My Project\01_MCU\Project\STM32F4_TEST\STM32F401\F401_FND\F401_FND_TEST4\Core\Inc\main.h
2021-09-28 13:33:40,089 [INFO] CodeEngine:239 - oldGeneratedFile, C:\02_My Project\01_MCU\Project\STM32F4_TEST\STM32F401\F401_FND\F401_FND_TEST4\Core\Src\main.c_save
2021-09-28 13:33:40,402 [INFO] CodeEngine:257 - Generated code: C:\02_My Project\01_MCU\Project\STM32F4_TEST\STM32F401\F401_FND\F401_FND_TEST4\Core\Src\main.c
2021-09-28 13:33:43,214 [INFO] ProjectBuilder:2578 - Time for Copy HAL[1] : 437mS.
2021-09-28 13:33:43,230 [INFO] ProjectBuilder:3622 - Project Generator version: 3.14.1
2021-09-28 13:33:44,464 [INFO] ConfigFileManager:1271 - The Die is : DIE433
2021-09-28 13:33:49,629 [INFO] ProjectBuilder:3789 - Time for Generating toolchain IDE Files: 6399mS.
2021-09-28 13:33:49,629 [INFO] ProjectBuilder:2457 - Time for Copy CMSIS : 0mS.
2021-09-28 13:33:49,644 [INFO] ProjectBuilder:2457 - Time for Copy CMSIS : 0mS.
2021-09-29 09:30:16,820 [INFO] Activator:177 - 


2021-09-29 09:30:16,825 [INFO] Activator:178 - !SESSION log4j initialized
2021-09-30 09:32:01,512 [INFO] Activator:177 - 


2021-09-30 09:32:01,517 [INFO] Activator:178 - !SESSION log4j initialized
2021-10-01 10:36:56,768 [INFO] Activator:177 - 


2021-10-01 10:36:56,784 [INFO] Activator:178 - !SESSION log4j initialized
2021-10-05 09:17:58,032 [INFO] Activator:177 - 


2021-10-05 09:17:58,036 [INFO] Activator:178 - !SESSION log4j initialized
2021-10-05 13:59:45,705 [INFO] Activator:177 - 


2021-10-05 13:59:45,709 [INFO] Activator:178 - !SESSION log4j initialized
2021-10-05 18:14:36,086 [INFO] Activator:177 - 


2021-10-05 18:14:36,086 [INFO] Activator:178 - !SESSION log4j initialized
2021-10-06 09:31:14,643 [INFO] Activator:177 - 


2021-10-06 09:31:14,643 [INFO] Activator:178 - !SESSION log4j initialized
2021-10-07 09:15:53,128 [INFO] Activator:177 - 


2021-10-07 09:15:53,128 [INFO] Activator:178 - !SESSION log4j initialized
2021-10-13 12:56:29,702 [INFO] Activator:177 - 


2021-10-13 12:56:29,717 [INFO] Activator:178 - !SESSION log4j initialized
2021-11-16 10:11:51,032 [INFO] Activator:177 - 


2021-11-16 10:11:51,038 [INFO] Activator:178 - !SESSION log4j initialized
2021-11-16 10:12:19,215 [INFO] McuFinderGlobals:39 - Set McuFinder mode to 2 (CubeIDE integrated)
2021-11-16 10:12:20,021 [INFO] ApplicationProperties:181 - Using Application install path: C:\ST\STM32CubeIDE_1.7.0\STM32CubeIDE\plugins\com.st.stm32cube.common.mx_6.3.0.202107141111
2021-11-16 10:12:20,044 [INFO] DbMcusXml:74 - Set database path to: C:\ST\STM32CubeIDE_1.7.0\STM32CubeIDE\plugins\com.st.stm32cube.common.mx_6.3.0.202107141111\\db\/mcu/
2021-11-16 10:12:20,052 [INFO] DbBoardsPdsc:56 - Set plugin database path to: C:\ST\STM32CubeIDE_1.7.0\STM32CubeIDE\plugins\com.st.stm32cube.common.mx_6.3.0.202107141111\\db\/plugins/boardmanager/
2021-11-16 10:12:20,053 [INFO] DbMcus:258 - Set plugin images path to: C:\ST\STM32CubeIDE_1.7.0\STM32CubeIDE\plugins\com.st.stm32cube.common.mx_6.3.0.202107141111\\db\/plugins/mcufinder/images/
2021-11-16 10:12:20,054 [INFO] DbBoards:264 - Set plugin images path to: C:\ST\STM32CubeIDE_1.7.0\STM32CubeIDE\plugins\com.st.stm32cube.common.mx_6.3.0.202107141111\\db\/plugins/mcufinder/images/
2021-11-16 10:12:20,060 [INFO] DbExamples:333 - Set plugin images path to: C:\ST\STM32CubeIDE_1.7.0\STM32CubeIDE\plugins\com.st.stm32cube.common.mx_6.3.0.202107141111\\db\/plugins/mcufinder/images/
2021-11-16 10:12:20,070 [INFO] DbMcusAds:119 - Set database path to: C:\Users\kangm\.stmcufinder\plugins\mcufinder//mcu/
2021-11-16 10:12:20,072 [INFO] DbMcusDocs:110 - Set database path to: C:\Users\kangm\.stmcufinder\plugins\mcufinder//mcu/
2021-11-16 10:12:20,077 [INFO] DbMcusJson:64 - Set database path to: C:\Users\kangm\.stmcufinder\plugins\mcufinder//mcu/
2021-11-16 10:12:20,079 [INFO] DbBoardsDocs:110 - Set database path to: C:\Users\kangm\.stmcufinder\plugins\mcufinder//mcu/
2021-11-16 10:12:20,082 [INFO] DbBoardsJson:57 - Set database path to: C:\Users\kangm\.stmcufinder\plugins\mcufinder//mcu/
2021-11-16 10:12:20,131 [INFO] CrossReferenceDbSqlite:196 - Set database path to: C:\Users\kangm\.stmcufinder\plugins\mcufinder//mcu/cs/
2021-11-16 10:12:20,138 [INFO] DbExamplesSqlite:767 - Set database path to: C:\Users\kangm\.stmcufinder\plugins\mcufinder//mcu/
2021-11-16 10:12:20,359 [INFO] RulesReader:57 - Compatibility file has been processed (242 Rules)
2021-11-16 10:12:20,547 [INFO] DbMcusXml:74 - Set database path to: C:\ST\STM32CubeIDE_1.7.0\STM32CubeIDE\plugins\com.st.stm32cube.common.mx_6.3.0.202107141111\\db\/mcu/
2021-11-16 10:12:20,550 [INFO] DbBoardsPdsc:56 - Set plugin database path to: C:\ST\STM32CubeIDE_1.7.0\STM32CubeIDE\plugins\com.st.stm32cube.common.mx_6.3.0.202107141111\\db\/plugins/boardmanager/
2021-11-16 10:12:20,551 [INFO] DbMcus:258 - Set plugin images path to: C:\ST\STM32CubeIDE_1.7.0\STM32CubeIDE\plugins\com.st.stm32cube.common.mx_6.3.0.202107141111\\db\/plugins/mcufinder/images/
2021-11-16 10:12:20,551 [INFO] DbBoards:264 - Set plugin images path to: C:\ST\STM32CubeIDE_1.7.0\STM32CubeIDE\plugins\com.st.stm32cube.common.mx_6.3.0.202107141111\\db\/plugins/mcufinder/images/
2021-11-16 10:12:20,552 [INFO] DbExamples:333 - Set plugin images path to: C:\ST\STM32CubeIDE_1.7.0\STM32CubeIDE\plugins\com.st.stm32cube.common.mx_6.3.0.202107141111\\db\/plugins/mcufinder/images/
2021-11-16 10:12:20,552 [WARN] DbFile:35 - Overriding database path with different value: C:\Users\kangm\.stmcufinder\plugins\mcufinder/ => C:\Users\kangm\.stmcufinder\plugins\mcufinder
2021-11-16 10:12:20,553 [INFO] DbMcusAds:119 - Set database path to: C:\Users\kangm\.stmcufinder\plugins\mcufinder//mcu/
2021-11-16 10:12:20,554 [WARN] DbFile:35 - Overriding database path with different value: C:\Users\kangm\.stmcufinder\plugins\mcufinder/ => C:\Users\kangm\.stmcufinder\plugins\mcufinder
2021-11-16 10:12:20,554 [INFO] DbMcusDocs:110 - Set database path to: C:\Users\kangm\.stmcufinder\plugins\mcufinder//mcu/
2021-11-16 10:12:20,555 [WARN] DbFile:35 - Overriding database path with different value: C:\Users\kangm\.stmcufinder\plugins\mcufinder/ => C:\Users\kangm\.stmcufinder\plugins\mcufinder
2021-11-16 10:12:20,556 [INFO] DbMcusJson:64 - Set database path to: C:\Users\kangm\.stmcufinder\plugins\mcufinder//mcu/
2021-11-16 10:12:20,556 [WARN] DbFile:35 - Overriding database path with different value: C:\Users\kangm\.stmcufinder\plugins\mcufinder/ => C:\Users\kangm\.stmcufinder\plugins\mcufinder
2021-11-16 10:12:20,557 [INFO] DbBoardsDocs:110 - Set database path to: C:\Users\kangm\.stmcufinder\plugins\mcufinder//mcu/
2021-11-16 10:12:20,557 [WARN] DbFile:35 - Overriding database path with different value: C:\Users\kangm\.stmcufinder\plugins\mcufinder/ => C:\Users\kangm\.stmcufinder\plugins\mcufinder
2021-11-16 10:12:20,558 [INFO] DbBoardsJson:57 - Set database path to: C:\Users\kangm\.stmcufinder\plugins\mcufinder//mcu/
2021-11-16 10:12:20,558 [WARN] DbFile:35 - Overriding database path with different value: C:\Users\kangm\.stmcufinder\plugins\mcufinder/ => C:\Users\kangm\.stmcufinder\plugins\mcufinder
2021-11-16 10:12:20,558 [WARN] DbFile:35 - Overriding database path with different value: C:\Users\kangm\.stmcufinder\plugins\mcufinder/ => C:\Users\kangm\.stmcufinder\plugins\mcufinder
2021-11-16 10:12:20,559 [INFO] CrossReferenceDbSqlite:196 - Set database path to: C:\Users\kangm\.stmcufinder\plugins\mcufinder//mcu/cs/
2021-11-16 10:12:20,559 [WARN] DbFile:35 - Overriding database path with different value: C:\Users\kangm\.stmcufinder\plugins\mcufinder/ => C:\Users\kangm\.stmcufinder\plugins\mcufinder
2021-11-16 10:12:20,560 [INFO] DbExamplesSqlite:767 - Set database path to: C:\Users\kangm\.stmcufinder\plugins\mcufinder//mcu/
2021-11-16 10:12:20,741 [INFO] MainPanel:214 - HeapMemory: 268435456
2021-11-16 10:12:20,924 [INFO] DbMcusXml:74 - Set database path to: C:\ST\STM32CubeIDE_1.7.0\STM32CubeIDE\plugins\com.st.stm32cube.common.mx_6.3.0.202107141111\\db\/mcu/
2021-11-16 10:12:20,925 [INFO] DbBoardsPdsc:56 - Set plugin database path to: C:\ST\STM32CubeIDE_1.7.0\STM32CubeIDE\plugins\com.st.stm32cube.common.mx_6.3.0.202107141111\\db\/plugins/boardmanager/
2021-11-16 10:12:20,925 [INFO] DbMcus:258 - Set plugin images path to: C:\ST\STM32CubeIDE_1.7.0\STM32CubeIDE\plugins\com.st.stm32cube.common.mx_6.3.0.202107141111\\db\/plugins/mcufinder/images/
2021-11-16 10:12:20,925 [INFO] DbBoards:264 - Set plugin images path to: C:\ST\STM32CubeIDE_1.7.0\STM32CubeIDE\plugins\com.st.stm32cube.common.mx_6.3.0.202107141111\\db\/plugins/mcufinder/images/
2021-11-16 10:12:20,925 [INFO] DbExamples:333 - Set plugin images path to: C:\ST\STM32CubeIDE_1.7.0\STM32CubeIDE\plugins\com.st.stm32cube.common.mx_6.3.0.202107141111\\db\/plugins/mcufinder/images/
2021-11-16 10:12:20,926 [WARN] DbFile:35 - Overriding database path with different value: C:\Users\kangm\.stmcufinder\plugins\mcufinder/ => C:\Users\kangm\.stmcufinder\plugins\mcufinder
2021-11-16 10:12:20,927 [INFO] DbMcusAds:119 - Set database path to: C:\Users\kangm\.stmcufinder\plugins\mcufinder//mcu/
2021-11-16 10:12:20,927 [WARN] DbFile:35 - Overriding database path with different value: C:\Users\kangm\.stmcufinder\plugins\mcufinder/ => C:\Users\kangm\.stmcufinder\plugins\mcufinder
2021-11-16 10:12:20,927 [INFO] DbMcusDocs:110 - Set database path to: C:\Users\kangm\.stmcufinder\plugins\mcufinder//mcu/
2021-11-16 10:12:20,928 [WARN] DbFile:35 - Overriding database path with different value: C:\Users\kangm\.stmcufinder\plugins\mcufinder/ => C:\Users\kangm\.stmcufinder\plugins\mcufinder
2021-11-16 10:12:20,928 [INFO] DbMcusJson:64 - Set database path to: C:\Users\kangm\.stmcufinder\plugins\mcufinder//mcu/
2021-11-16 10:12:20,928 [WARN] DbFile:35 - Overriding database path with different value: C:\Users\kangm\.stmcufinder\plugins\mcufinder/ => C:\Users\kangm\.stmcufinder\plugins\mcufinder
2021-11-16 10:12:20,928 [INFO] DbBoardsDocs:110 - Set database path to: C:\Users\kangm\.stmcufinder\plugins\mcufinder//mcu/
2021-11-16 10:12:20,929 [WARN] DbFile:35 - Overriding database path with different value: C:\Users\kangm\.stmcufinder\plugins\mcufinder/ => C:\Users\kangm\.stmcufinder\plugins\mcufinder
2021-11-16 10:12:20,929 [INFO] DbBoardsJson:57 - Set database path to: C:\Users\kangm\.stmcufinder\plugins\mcufinder//mcu/
2021-11-16 10:12:20,929 [WARN] DbFile:35 - Overriding database path with different value: C:\Users\kangm\.stmcufinder\plugins\mcufinder/ => C:\Users\kangm\.stmcufinder\plugins\mcufinder
2021-11-16 10:12:20,930 [WARN] DbFile:35 - Overriding database path with different value: C:\Users\kangm\.stmcufinder\plugins\mcufinder/ => C:\Users\kangm\.stmcufinder\plugins\mcufinder
2021-11-16 10:12:20,930 [INFO] CrossReferenceDbSqlite:196 - Set database path to: C:\Users\kangm\.stmcufinder\plugins\mcufinder//mcu/cs/
2021-11-16 10:12:20,930 [WARN] DbFile:35 - Overriding database path with different value: C:\Users\kangm\.stmcufinder\plugins\mcufinder/ => C:\Users\kangm\.stmcufinder\plugins\mcufinder
2021-11-16 10:12:20,931 [INFO] DbExamplesSqlite:767 - Set database path to: C:\Users\kangm\.stmcufinder\plugins\mcufinder//mcu/
2021-11-16 10:12:20,967 [INFO] ApplicationProperties:181 - Using Application install path: C:\ST\STM32CubeIDE_1.7.0\STM32CubeIDE\plugins\com.st.stm32cube.common.mx_6.3.0.202107141111
2021-11-16 10:12:20,970 [INFO] PluginManage:188 - Search for loadable plugins [exclusion list=, ]
2021-11-16 10:12:20,972 [INFO] PluginManage:302 - Check plugin analytics
2021-11-16 10:12:21,349 [INFO] AnalyticsPlugin:257 - Accepted Software Licenses: STM32CubeMX.6.3.0
2021-11-16 10:12:21,350 [INFO] AnalyticsPlugin:259 - Accepted CMSIS Pack Licenses: 
2021-11-16 10:12:21,350 [INFO] AnalyticsPlugin:261 - Accepted Firmware Licenses: 
2021-11-16 10:12:21,351 [INFO] PluginManage:352 - Loaded plugin analytics (category:tool,tabindex:-1)
2021-11-16 10:12:21,352 [INFO] PluginManage:302 - Check plugin clock
2021-11-16 10:12:21,380 [INFO] PluginManage:352 - Loaded plugin clock (category:base,tabindex:2)
2021-11-16 10:12:21,381 [INFO] PluginManage:302 - Check plugin ddr
2021-11-16 10:12:21,386 [INFO] PluginManage:352 - Loaded plugin ddr (category:tool,tabindex:6)
2021-11-16 10:12:21,386 [INFO] PluginManage:302 - Check plugin filemanager
2021-11-16 10:12:21,652 [INFO] PluginManage:352 - Loaded plugin filemanager (category:base,tabindex:10)
2021-11-16 10:12:21,652 [INFO] PluginManage:302 - Check plugin ipmanager
2021-11-16 10:12:21,670 [INFO] PluginManage:352 - Loaded plugin ipmanager (category:base,tabindex:5)
2021-11-16 10:12:21,670 [INFO] PluginManage:302 - Check plugin pinoutandconfiguration
2021-11-16 10:12:21,691 [INFO] PluginManage:352 - Loaded plugin pinoutandconfiguration (category:base,tabindex:1)
2021-11-16 10:12:21,692 [INFO] PluginManage:302 - Check plugin pinoutconfig
2021-11-16 10:12:21,751 [INFO] PluginManage:352 - Loaded plugin pinoutconfig (category:base,tabindex:0)
2021-11-16 10:12:21,752 [INFO] PluginManage:302 - Check plugin power
2021-11-16 10:12:21,778 [INFO] PluginManage:352 - Loaded plugin power (category:power,tabindex:4)
2021-11-16 10:12:21,779 [INFO] PluginManage:302 - Check plugin projectmanager
2021-11-16 10:12:21,812 [INFO] PluginManage:352 - Loaded plugin projectmanager (category:projectmanager,tabindex:3)
2021-11-16 10:12:21,812 [INFO] PluginManage:302 - Check plugin thirdparty
2021-11-16 10:12:22,080 [WARN] IntegrityCheckThread:78 - waiting for thirdparty lock release [integrity check]
2021-11-16 10:12:22,081 [INFO] IntegrityCheckThread:80 - entering critical section [integrity check]
2021-11-16 10:12:22,081 [INFO] PluginManage:352 - Loaded plugin thirdparty (category:base,tabindex:-1)
2021-11-16 10:12:22,082 [INFO] ThirdPartyUpdaterWithRetryManager:66 - Updater plugin not ready yet. [1/15]
2021-11-16 10:12:22,082 [INFO] PluginManage:302 - Check plugin tools
2021-11-16 10:12:22,087 [INFO] PluginManage:352 - Loaded plugin tools (category:base,tabindex:7)
2021-11-16 10:12:22,088 [INFO] PluginManage:302 - Check plugin tutovideos
2021-11-16 10:12:22,576 [INFO] PluginManage:352 - Loaded plugin tutovideos (category:base,tabindex:-1)
2021-11-16 10:12:22,577 [INFO] PluginManage:302 - Check plugin updater
2021-11-16 10:12:22,600 [INFO] PluginManage:352 - Loaded plugin updater (category:base,tabindex:12)
2021-11-16 10:12:22,601 [INFO] PluginManage:275 - PluginManage : Loaded plugins [13]
2021-11-16 10:12:23,019 [INFO] PinOutPanel:1463 - setPackage(No Configuration,No Configuration)
2021-11-16 10:12:23,222 [INFO] IPUIPlugin:74 - create IPUIPlugin
2021-11-16 10:12:23,222 [INFO] PluginManager:213 - loadIPPluginJar : add adc
2021-11-16 10:12:23,228 [INFO] IPUIPlugin:74 - create IPUIPlugin
2021-11-16 10:12:23,229 [INFO] PluginManager:213 - loadIPPluginJar : add aes
2021-11-16 10:12:23,235 [INFO] IPUIPlugin:74 - create IPUIPlugin
2021-11-16 10:12:23,236 [INFO] PluginManager:213 - loadIPPluginJar : add can
2021-11-16 10:12:23,240 [INFO] IPUIPlugin:74 - create IPUIPlugin
2021-11-16 10:12:23,240 [INFO] PluginManager:213 - loadIPPluginJar : add comp
2021-11-16 10:12:23,246 [INFO] IPUIPlugin:74 - create IPUIPlugin
2021-11-16 10:12:23,247 [INFO] PluginManager:213 - loadIPPluginJar : add cryp
2021-11-16 10:12:23,253 [INFO] IPUIPlugin:74 - create IPUIPlugin
2021-11-16 10:12:23,254 [INFO] PluginManager:213 - loadIPPluginJar : add dfsdm
2021-11-16 10:12:23,298 [INFO] IPUIPlugin:74 - create IPUIPlugin
2021-11-16 10:12:23,300 [INFO] PluginManager:213 - loadIPPluginJar : add dma
2021-11-16 10:12:23,304 [INFO] IPUIPlugin:74 - create IPUIPlugin
2021-11-16 10:12:23,304 [INFO] PluginManager:213 - loadIPPluginJar : add dma3
2021-11-16 10:12:23,304 [INFO] IPUIPlugin:74 - create IPUIPlugin
2021-11-16 10:12:23,304 [INFO] PluginManager:213 - loadIPPluginJar : add fatfs
2021-11-16 10:12:23,321 [INFO] IPUIPlugin:74 - create IPUIPlugin
2021-11-16 10:12:23,322 [INFO] PluginManager:213 - loadIPPluginJar : add fmc
2021-11-16 10:12:23,335 [INFO] IPUIPlugin:74 - create IPUIPlugin
2021-11-16 10:12:23,336 [INFO] PluginManager:213 - loadIPPluginJar : add freertos
2021-11-16 10:12:23,339 [INFO] IPUIPlugin:74 - create IPUIPlugin
2021-11-16 10:12:23,340 [INFO] PluginManager:213 - loadIPPluginJar : add genericplugin
2021-11-16 10:12:23,345 [INFO] IPUIPlugin:74 - create IPUIPlugin
2021-11-16 10:12:23,345 [INFO] PluginManager:213 - loadIPPluginJar : add gfxmmu
2021-11-16 10:12:23,358 [INFO] IPUIPlugin:74 - create IPUIPlugin
2021-11-16 10:12:23,359 [INFO] PluginManager:213 - loadIPPluginJar : add gic
2021-11-16 10:12:23,368 [INFO] IPUIPlugin:74 - create IPUIPlugin
2021-11-16 10:12:23,368 [INFO] PluginManager:213 - loadIPPluginJar : add gpio
2021-11-16 10:12:23,374 [INFO] IPUIPlugin:74 - create IPUIPlugin
2021-11-16 10:12:23,375 [INFO] PluginManager:213 - loadIPPluginJar : add gtzc
2021-11-16 10:12:23,380 [INFO] IPUIPlugin:74 - create IPUIPlugin
2021-11-16 10:12:23,381 [INFO] PluginManager:213 - loadIPPluginJar : add hash
2021-11-16 10:12:23,387 [INFO] IPUIPlugin:74 - create IPUIPlugin
2021-11-16 10:12:23,388 [INFO] PluginManager:213 - loadIPPluginJar : add i2c
2021-11-16 10:12:23,396 [INFO] IPUIPlugin:74 - create IPUIPlugin
2021-11-16 10:12:23,397 [INFO] PluginManager:213 - loadIPPluginJar : add i2s
2021-11-16 10:12:23,405 [INFO] IPUIPlugin:74 - create IPUIPlugin
2021-11-16 10:12:23,406 [INFO] PluginManager:213 - loadIPPluginJar : add ipddr
2021-11-16 10:12:23,420 [INFO] IPUIPlugin:74 - create IPUIPlugin
2021-11-16 10:12:23,421 [INFO] PluginManager:213 - loadIPPluginJar : add linkedlist
2021-11-16 10:12:23,427 [INFO] IPUIPlugin:74 - create IPUIPlugin
2021-11-16 10:12:23,428 [INFO] PluginManager:213 - loadIPPluginJar : add lorawan
2021-11-16 10:12:23,431 [INFO] IPUIPlugin:74 - create IPUIPlugin
2021-11-16 10:12:23,432 [INFO] PluginManager:213 - loadIPPluginJar : add ltdc
2021-11-16 10:12:23,442 [INFO] IPUIPlugin:74 - create IPUIPlugin
2021-11-16 10:12:23,443 [INFO] PluginManager:213 - loadIPPluginJar : add mdma
2021-11-16 10:12:23,451 [INFO] IPUIPlugin:74 - create IPUIPlugin
2021-11-16 10:12:23,451 [INFO] PluginManager:213 - loadIPPluginJar : add nvic
2021-11-16 10:12:23,459 [INFO] IPUIPlugin:74 - create IPUIPlugin
2021-11-16 10:12:23,460 [INFO] PluginManager:213 - loadIPPluginJar : add opamp
2021-11-16 10:12:23,467 [INFO] IPUIPlugin:74 - create IPUIPlugin
2021-11-16 10:12:23,468 [INFO] PluginManager:213 - loadIPPluginJar : add openamp
2021-11-16 10:12:23,474 [INFO] IPUIPlugin:74 - create IPUIPlugin
2021-11-16 10:12:23,475 [INFO] PluginManager:213 - loadIPPluginJar : add pdm2pcm
2021-11-16 10:12:23,488 [INFO] IPUIPlugin:74 - create IPUIPlugin
2021-11-16 10:12:23,496 [INFO] PluginManager:213 - loadIPPluginJar : add plateformsettings
2021-11-16 10:12:23,502 [INFO] IPUIPlugin:74 - create IPUIPlugin
2021-11-16 10:12:23,502 [INFO] PluginManager:213 - loadIPPluginJar : add quadspi
2021-11-16 10:12:23,508 [INFO] IPUIPlugin:74 - create IPUIPlugin
2021-11-16 10:12:23,509 [INFO] PluginManager:213 - loadIPPluginJar : add resmgrutility
2021-11-16 10:12:23,514 [INFO] IPUIPlugin:74 - create IPUIPlugin
2021-11-16 10:12:23,514 [INFO] PluginManager:213 - loadIPPluginJar : add sai
2021-11-16 10:12:23,518 [INFO] IPUIPlugin:74 - create IPUIPlugin
2021-11-16 10:12:23,519 [INFO] PluginManager:213 - loadIPPluginJar : add spi
2021-11-16 10:12:23,528 [INFO] IPUIPlugin:74 - create IPUIPlugin
2021-11-16 10:12:23,529 [INFO] PluginManager:213 - loadIPPluginJar : add stm32_wpan
2021-11-16 10:12:23,533 [INFO] IPUIPlugin:74 - create IPUIPlugin
2021-11-16 10:12:23,534 [INFO] PluginManager:213 - loadIPPluginJar : add tim
2021-11-16 10:12:23,541 [INFO] IPUIPlugin:74 - create IPUIPlugin
2021-11-16 10:12:23,542 [INFO] PluginManager:213 - loadIPPluginJar : add touchsensing
2021-11-16 10:12:23,546 [INFO] IPUIPlugin:74 - create IPUIPlugin
2021-11-16 10:12:23,546 [INFO] PluginManager:213 - loadIPPluginJar : add tracer_emb
2021-11-16 10:12:23,550 [INFO] IPUIPlugin:74 - create IPUIPlugin
2021-11-16 10:12:23,551 [INFO] PluginManager:213 - loadIPPluginJar : add ts
2021-11-16 10:12:23,554 [INFO] IPUIPlugin:74 - create IPUIPlugin
2021-11-16 10:12:23,555 [INFO] PluginManager:213 - loadIPPluginJar : add tsc
2021-11-16 10:12:23,559 [INFO] IPUIPlugin:74 - create IPUIPlugin
2021-11-16 10:12:23,560 [INFO] PluginManager:213 - loadIPPluginJar : add ucpd
2021-11-16 10:12:23,567 [INFO] IPUIPlugin:74 - create IPUIPlugin
2021-11-16 10:12:23,567 [INFO] PluginManager:213 - loadIPPluginJar : add usart
2021-11-16 10:12:23,573 [INFO] IPUIPlugin:74 - create IPUIPlugin
2021-11-16 10:12:23,574 [INFO] PluginManager:213 - loadIPPluginJar : add usbx
2021-11-16 10:12:24,111 [FATAL] Updater:294 - Updater called before beeing initialized
2021-11-16 10:12:24,362 [FATAL] Updater:294 - Updater called before beeing initialized
2021-11-16 10:12:24,372 [INFO] DbMcusAds:47 - JSON generation date=Thu Sep 30 15:55:09 KST 2021 (1632984909434)
2021-11-16 10:12:24,373 [FATAL] Updater:294 - Updater called before beeing initialized
2021-11-16 10:12:24,458 [WARN] DetailPanel:314 - Failed to get advertising image, set to default
2021-11-16 10:12:24,683 [FATAL] Updater:294 - Updater called before beeing initialized
2021-11-16 10:12:24,687 [FATAL] Updater:294 - Updater called before beeing initialized
2021-11-16 10:12:24,688 [FATAL] Updater:294 - Updater called before beeing initialized
2021-11-16 10:12:24,688 [WARN] DetailPanel:314 - Failed to get advertising image, set to default
2021-11-16 10:12:24,692 [FATAL] Updater:294 - Updater called before beeing initialized
2021-11-16 10:12:24,813 [ERROR] Updater:1075 - MainUpdater not yet initialized. External WinMGr cannot be set.
2021-11-16 10:12:24,817 [INFO] Updater:1012 - Updater Version found : 6.3.0
2021-11-16 10:12:24,856 [INFO] ApplicationProperties:181 - Using Application install path: C:\ST\STM32CubeIDE_1.7.0\STM32CubeIDE\plugins\com.st.stm32cube.common.mx_6.3.0.202107141111
2021-11-16 10:12:25,075 [INFO] MainUpdater:2671 - connection check result : 10
2021-11-16 10:12:25,077 [INFO] MainUpdater:265 - Updater Check For Update Now.
2021-11-16 10:12:25,078 [INFO] MicroXplorer:478 - Change Database Version : DB.6.0.30
2021-11-16 10:12:25,090 [WARN] MainUpdater:1122 - Updater busy. Cannot search thirdparties
2021-11-16 10:12:25,090 [INFO] ThirdPartyUpdaterWithRetryManager:92 - Updater plugin is busy. [1/15]
2021-11-16 10:12:25,262 [INFO] CheckServerUpdateThread:112 - End of CheckServer Thread
2021-11-16 10:12:25,307 [INFO] MainUpdater:2671 - connection check result : 10
2021-11-16 10:12:25,309 [INFO] MainUpdater:2671 - connection check result : 10
2021-11-16 10:12:25,559 [INFO] MicroXplorer:448 - Change Database Path : 
2021-11-16 10:12:25,560 [INFO] MicroXplorer:478 - Change Database Version : DB.6.0.30
2021-11-16 10:12:25,562 [WARN] ThirdParty:813 - waiting for thirdparty lock release [close project]
2021-11-16 10:12:28,415 [WARN] PackLoader:238 - Cannot read IP mode file for STMicroelectronics.X-CUBE-AZRTOS-H7.1.1.0
2021-11-16 10:12:28,455 [WARN] PackLoader:238 - Cannot read IP mode file for STMicroelectronics.X-CUBE-BLE1.6.2.1
2021-11-16 10:12:28,466 [WARN] PackLoader:238 - Cannot read IP mode file for STMicroelectronics.X-CUBE-BLE1.6.2.2
2021-11-16 10:12:28,480 [WARN] PackLoader:238 - Cannot read IP mode file for STMicroelectronics.X-CUBE-BLE2.3.2.1
2021-11-16 10:12:28,492 [WARN] PackLoader:238 - Cannot read IP mode file for STMicroelectronics.X-CUBE-BLE2.3.2.2
2021-11-16 10:12:28,506 [WARN] PackLoader:238 - Cannot read IP mode file for STMicroelectronics.X-CUBE-NFC4.2.0.3
2021-11-16 10:12:28,518 [WARN] PackLoader:238 - Cannot read IP mode file for wolfSSL.I-CUBE-wolfSSL.4.8.0
2021-11-16 10:12:28,538 [WARN] PackLoader:238 - Cannot read IP mode file for STMicroelectronics.X-CUBE-SFXS2LP1.3.1.0
2021-11-16 10:12:28,630 [WARN] PackLoader:238 - Cannot read IP mode file for STMicroelectronics.X-CUBE-AZRTOS-F4.1.0.0
2021-11-16 10:12:28,657 [WARN] PackLoader:238 - Cannot read IP mode file for STMicroelectronics.X-CUBE-TOF1.2.0.0
2021-11-16 10:12:28,693 [WARN] PackLoader:238 - Cannot read IP mode file for STMicroelectronics.X-CUBE-SUBG2.4.2.0
2021-11-16 10:12:28,730 [WARN] PackLoader:238 - Cannot read IP mode file for STMicroelectronics.X-CUBE-ALGOBUILD.1.2.1
2021-11-16 10:12:28,745 [WARN] PackLoader:238 - Cannot read IP mode file for STMicroelectronics.X-CUBE-DISPLAY.1.0.0
2021-11-16 10:12:28,754 [WARN] PackLoader:238 - Cannot read IP mode file for STMicroelectronics.X-CUBE-TOUCHGFX.4.18.0
2021-11-16 10:12:28,773 [WARN] PackLoader:238 - Cannot read IP mode file for RoweBots.I-CUBE-UNISONRTOS.5.5.0-4
2021-11-16 10:12:28,913 [WARN] PackLoader:238 - Cannot read IP mode file for STMicroelectronics.X-CUBE-MEMS1.9.0.0
2021-11-16 10:12:29,525 [WARN] PackLoader:238 - Cannot read IP mode file for SEGGER.I-CUBE-embOS.1.2.0
2021-11-16 10:12:29,650 [WARN] PackLoader:238 - Cannot read IP mode file for STMicroelectronics.X-CUBE-TOUCHGFX.4.17.0
2021-11-16 10:12:29,716 [WARN] PackLoader:238 - Cannot read IP mode file for STMicroelectronics.X-CUBE-AZRTOS-H7.2.0.0
2021-11-16 10:12:29,787 [WARN] PackLoader:238 - Cannot read IP mode file for STMicroelectronics.X-CUBE-AZRTOS-L4.1.0.0
2021-11-16 10:12:29,943 [WARN] PackLoader:238 - Cannot read IP mode file for STMicroelectronics.X-CUBE-MEMS1.9.1.0
2021-11-16 10:12:30,411 [WARN] PackLoader:238 - Cannot read IP mode file for STMicroelectronics.X-CUBE-ALS.1.0.1
2021-11-16 10:12:30,419 [WARN] PackLoader:238 - Cannot read IP mode file for STMicroelectronics.X-CUBE-AI.7.0.0
2021-11-16 10:12:30,429 [WARN] PackLoader:238 - Cannot read IP mode file for STMicroelectronics.X-CUBE-EEPRMA1.3.1.0
2021-11-16 10:12:30,441 [WARN] PackLoader:238 - Cannot read IP mode file for STMicroelectronics.X-CUBE-GNSS1.5.2.0
2021-11-16 10:12:30,461 [WARN] PackLoader:238 - Cannot read IP mode file for STMicroelectronics.X-CUBE-DISPLAY.2.0.0
2021-11-16 10:12:30,464 [INFO] ThirdParty:915 - Integrity check success = true
2021-11-16 10:12:30,465 [INFO] IntegrityCheckThread:94 - exiting critical section [integrity check]
2021-11-16 10:12:30,465 [INFO] IntegrityCheckThread:97 - End integrity checks thread
2021-11-16 10:12:30,465 [INFO] ThirdParty:815 - entering critical section [close project]
2021-11-16 10:12:30,467 [INFO] ThirdParty:825 - exiting critical section [close project]
2021-11-16 10:12:30,474 [INFO] PinOutPanel:1463 - setPackage(No Configuration,No Configuration)
2021-11-16 10:12:30,475 [INFO] UtilMem:74 - Begin LoadConfig() Used Memory: 182590288 Bytes (268435456)
2021-11-16 10:12:30,477 [INFO] MicroXplorer:448 - Change Database Path : 
2021-11-16 10:12:30,477 [INFO] MicroXplorer:478 - Change Database Version : DB.6.0.30
2021-11-16 10:12:30,477 [INFO] OpenFileManager:313 - Change cursor
2021-11-16 10:12:34,133 [INFO] Context:592 - Trying to add GPIOservice into a context  which must be forbidden
2021-11-16 10:12:35,371 [WARN] ApiManager:304 - Cannot register API 'Board Extension:S2868A1' from pack STMicroelectronics.X-CUBE-SFXS2LP1.3.1.0: no header file found
2021-11-16 10:12:35,372 [WARN] ApiManager:304 - Cannot register API 'Board Extension:S2868A2' from pack STMicroelectronics.X-CUBE-SFXS2LP1.3.1.0: no header file found
2021-11-16 10:12:35,372 [WARN] ApiManager:304 - Cannot register API 'Board Extension:S2915A1' from pack STMicroelectronics.X-CUBE-SFXS2LP1.3.1.0: no header file found
2021-11-16 10:12:35,421 [WARN] ModelIntegratedComponent:60 - No mode defined for component null
2021-11-16 10:12:35,422 [WARN] ModelIntegratedComponent:60 - No mode defined for component null
2021-11-16 10:12:35,422 [WARN] ModelIntegratedComponent:60 - No mode defined for component null
2021-11-16 10:12:35,424 [WARN] ModelIntegratedComponent:60 - No mode defined for component null
2021-11-16 10:12:35,424 [WARN] ModelIntegratedComponent:60 - No mode defined for component null
2021-11-16 10:12:35,425 [WARN] ModelIntegratedComponent:60 - No mode defined for component null
2021-11-16 10:12:35,425 [WARN] ModelIntegratedComponent:60 - No mode defined for component null
2021-11-16 10:12:35,425 [WARN] ModelIntegratedComponent:60 - No mode defined for component null
2021-11-16 10:12:35,425 [WARN] ModelIntegratedComponent:60 - No mode defined for component null
2021-11-16 10:12:35,426 [WARN] ModelIntegratedComponent:60 - No mode defined for component null
2021-11-16 10:12:35,426 [WARN] ModelIntegratedComponent:60 - No mode defined for component null
2021-11-16 10:12:35,427 [WARN] ModelIntegratedComponent:60 - No mode defined for component null
2021-11-16 10:12:35,427 [WARN] ModelIntegratedComponent:60 - No mode defined for component null
2021-11-16 10:12:35,427 [WARN] ModelIntegratedComponent:60 - No mode defined for component null
2021-11-16 10:12:35,427 [WARN] ModelIntegratedComponent:60 - No mode defined for component null
2021-11-16 10:12:35,427 [WARN] ModelIntegratedComponent:60 - No mode defined for component null
2021-11-16 10:12:35,428 [WARN] ModelIntegratedComponent:60 - No mode defined for component null
2021-11-16 10:12:35,428 [WARN] ModelIntegratedComponent:60 - No mode defined for component null
2021-11-16 10:12:35,428 [WARN] ModelIntegratedComponent:60 - No mode defined for component null
2021-11-16 10:12:35,429 [WARN] ModelIntegratedComponent:60 - No mode defined for component null
2021-11-16 10:12:35,429 [WARN] ModelIntegratedComponent:60 - No mode defined for component null
2021-11-16 10:12:35,429 [WARN] ModelIntegratedComponent:60 - No mode defined for component null
2021-11-16 10:12:35,430 [WARN] ModelIntegratedComponent:60 - No mode defined for component null
2021-11-16 10:12:35,430 [WARN] ModelIntegratedComponent:60 - No mode defined for component null
2021-11-16 10:12:35,431 [WARN] ModelIntegratedComponent:60 - No mode defined for component null
2021-11-16 10:12:35,431 [WARN] ModelIntegratedComponent:60 - No mode defined for component null
2021-11-16 10:12:35,431 [WARN] ModelIntegratedComponent:60 - No mode defined for component null
2021-11-16 10:12:35,432 [WARN] ModelIntegratedComponent:60 - No mode defined for component null
2021-11-16 10:12:35,432 [WARN] ModelIntegratedComponent:60 - No mode defined for component null
2021-11-16 10:12:35,432 [WARN] ModelIntegratedComponent:60 - No mode defined for component null
2021-11-16 10:12:35,432 [WARN] ModelIntegratedComponent:60 - No mode defined for component null
2021-11-16 10:12:35,883 [WARN] ApiManager:304 - Cannot register API 'Board Extension:IKS01A3' from pack STMicroelectronics.X-CUBE-MEMS1.9.0.0: no header file found
2021-11-16 10:12:35,883 [WARN] ApiManager:304 - Cannot register API 'Board Extension:IKS01A2' from pack STMicroelectronics.X-CUBE-MEMS1.9.0.0: no header file found
2021-11-16 10:12:35,883 [WARN] ApiManager:304 - Cannot register API 'Board Extension:IKS02A1' from pack STMicroelectronics.X-CUBE-MEMS1.9.0.0: no header file found
2021-11-16 10:12:35,907 [WARN] ApiManager:304 - Cannot register API 'Board Extension:S2868A1' from pack STMicroelectronics.X-CUBE-SUBG2.4.2.0: no header file found
2021-11-16 10:12:35,907 [WARN] ApiManager:304 - Cannot register API 'Board Extension:S2868A2' from pack STMicroelectronics.X-CUBE-SUBG2.4.2.0: no header file found
2021-11-16 10:12:35,908 [WARN] ApiManager:304 - Cannot register API 'Board Extension:S2915A1' from pack STMicroelectronics.X-CUBE-SUBG2.4.2.0: no header file found
2021-11-16 10:12:36,382 [WARN] ApiManager:304 - Cannot register API 'Board Extension:IKS01A3' from pack STMicroelectronics.X-CUBE-MEMS1.9.1.0: no header file found
2021-11-16 10:12:36,382 [WARN] ApiManager:304 - Cannot register API 'Board Extension:IKS01A2' from pack STMicroelectronics.X-CUBE-MEMS1.9.1.0: no header file found
2021-11-16 10:12:36,383 [WARN] ApiManager:304 - Cannot register API 'Board Extension:IKS02A1' from pack STMicroelectronics.X-CUBE-MEMS1.9.1.0: no header file found
2021-11-16 10:12:36,402 [INFO] RtosManager:484 - Registered RTOS mode: class=CMSIS, group=RTOS, mode=CMSIS_V1, owner=FREERTOS
2021-11-16 10:12:36,402 [INFO] RtosManager:484 - Registered RTOS mode: class=CMSIS, group=RTOS2, mode=CMSIS_V2, owner=FREERTOS
2021-11-16 10:12:36,403 [INFO] RtosManager:484 - Registered RTOS mode: class=RTOS, group=Core, mode=CMSIS_V1, owner=FREERTOS
2021-11-16 10:12:36,403 [INFO] RtosManager:484 - Registered RTOS mode: class=RTOS, group=Core, mode=CMSIS_V2, owner=FREERTOS
2021-11-16 10:12:36,403 [WARN] ModelIntegratedComponent:181 - Missing modes for component STMicroelectronics:FreeRTOS:0.0.1:STMicroelectronics:RTOS:FreeRTOS:Core:::10.2.0:
2021-11-16 10:12:36,419 [WARN] ApiManager:304 - Cannot register API 'Board Extension:EEPRMA1' from pack STMicroelectronics.X-CUBE-EEPRMA1.3.1.0: no header file found
2021-11-16 10:12:36,419 [WARN] ApiManager:304 - Cannot register API 'Board Extension:EEPRMA2' from pack STMicroelectronics.X-CUBE-EEPRMA1.3.1.0: no header file found
2021-11-16 10:12:36,421 [WARN] ApiManager:304 - Cannot register API 'Board Extension:GNSS1A1' from pack STMicroelectronics.X-CUBE-GNSS1.5.2.0: no header file found
2021-11-16 10:12:36,422 [WARN] ApiManager:304 - Cannot register API 'Board Support:Custom' from pack STMicroelectronics.X-CUBE-GNSS1.5.2.0: no header file found
2021-11-16 10:12:36,422 [WARN] ApiManager:304 - Cannot register API 'Data Exchange:lib_gnss' from pack STMicroelectronics.X-CUBE-GNSS1.5.2.0: no header file found
2021-11-16 10:12:36,424 [WARN] ApiManager:304 - Cannot register API 'Wireless:BlueNRG-MS' from pack STMicroelectronics.X-CUBE-BLE1.6.2.1: no header file found
2021-11-16 10:12:36,425 [WARN] ApiManager:304 - Cannot register API 'Wireless:BlueNRG-MS' from pack STMicroelectronics.X-CUBE-BLE1.6.2.2: no header file found
2021-11-16 10:12:36,427 [WARN] ApiManager:304 - Cannot register API 'Wireless:BlueNRG-2' from pack STMicroelectronics.X-CUBE-BLE2.3.2.1: no header file found
2021-11-16 10:12:36,429 [WARN] ApiManager:304 - Cannot register API 'Wireless:BlueNRG-2' from pack STMicroelectronics.X-CUBE-BLE2.3.2.2: no header file found
2021-11-16 10:12:36,433 [WARN] ApiManager:304 - Cannot register API 'Board Extension:NFC04A1' from pack STMicroelectronics.X-CUBE-NFC4.2.0.3: no header file found
2021-11-16 10:12:42,324 [INFO] UtilMem:74 - End LoadConfig() Used Memory: 301243224 Bytes (373293056)
2021-11-16 10:12:42,328 [INFO] DbMcusXml:100 - Load MCU database from C:\ST\STM32CubeIDE_1.7.0\STM32CubeIDE\plugins\com.st.stm32cube.common.mx_6.3.0.202107141111\\db\/mcu/families.xml
2021-11-16 10:12:44,996 [INFO] DbMcusJson:93 - JSON generation date=Fri Oct 29 16:56:29 KST 2021 (1635494189)
2021-11-16 10:12:47,261 [INFO] DbMcus:175 - Found 1951 MCUs (1903 are supported by CubeMX, 1905 are visible in CubeMX)
2021-11-16 10:12:47,262 [INFO] ApiDb:251 - Load user favorites file C:\Users\kangm/.stm32cubeide/favorites.mcus.txt: 1 item(s)
2021-11-16 10:12:47,263 [INFO] ApiDb:255 - User favorites MCUs=[STM32F401RETx]
2021-11-16 10:12:47,264 [INFO] DbMcus:187 - Set 1 / 1 favorites MCUs
2021-11-16 10:12:47,270 [WARN] ThirdParty:779 - waiting for thirdparty lock release [change project]
2021-11-16 10:12:47,270 [INFO] ThirdParty:781 - entering critical section [change project]
2021-11-16 10:12:47,271 [INFO] ThirdParty:967 - CMSIS Pack Vendor :STMicroelectronics X-CUBE-SFXS2LP1 3.1.0
2021-11-16 10:12:47,271 [INFO] ThirdParty:967 - CMSIS Pack Vendor :RoweBots I-CUBE-UNISONRTOS 5.5.0-4
2021-11-16 10:12:47,271 [INFO] ThirdParty:967 - CMSIS Pack Vendor :STMicroelectronics X-CUBE-AZRTOS-F4 1.0.0
2021-11-16 10:12:47,271 [INFO] ThirdParty:967 - CMSIS Pack Vendor :STMicroelectronics USB_HOST 2.0.0
2021-11-16 10:12:47,271 [INFO] ThirdParty:967 - CMSIS Pack Vendor :STMicroelectronics X-CUBE-AZRTOS-H7 2.0.0
2021-11-16 10:12:47,271 [INFO] ThirdParty:967 - CMSIS Pack Vendor :STMicroelectronics X-CUBE-AZRTOS-L4 1.0.0
2021-11-16 10:12:47,272 [INFO] ThirdParty:967 - CMSIS Pack Vendor :STMicroelectronics USB_DEVICE 3.0.0
2021-11-16 10:12:47,272 [INFO] ThirdParty:967 - CMSIS Pack Vendor :STMicroelectronics X-CUBE-TOF1 2.0.0
2021-11-16 10:12:47,272 [INFO] ThirdParty:967 - CMSIS Pack Vendor :STMicroelectronics HAL Drivers 0.0.0
2021-11-16 10:12:47,272 [INFO] ThirdParty:967 - CMSIS Pack Vendor :STMicroelectronics MBEDTLS 2.16.2
2021-11-16 10:12:47,272 [INFO] ThirdParty:967 - CMSIS Pack Vendor :STMicroelectronics MBEDTLS 2.14.1
2021-11-16 10:12:47,273 [INFO] ThirdParty:967 - CMSIS Pack Vendor :STMicroelectronics X-CUBE-MEMS1 9.0.0
2021-11-16 10:12:47,273 [INFO] ThirdParty:967 - CMSIS Pack Vendor :STMicroelectronics X-CUBE-AZRTOS-H7 1.1.0
2021-11-16 10:12:47,273 [INFO] ThirdParty:967 - CMSIS Pack Vendor :STMicroelectronics X-CUBE-SUBG2 4.2.0
2021-11-16 10:12:47,273 [INFO] ThirdParty:967 - CMSIS Pack Vendor :STMicroelectronics X-CUBE-MEMS1 9.1.0
2021-11-16 10:12:47,273 [INFO] ThirdParty:967 - CMSIS Pack Vendor :STMicroelectronics X-CUBE-ALS 1.0.1
2021-11-16 10:12:47,274 [INFO] ThirdParty:967 - CMSIS Pack Vendor :STMicroelectronics USB_DEVICE 2.0.0
2021-11-16 10:12:47,274 [INFO] ThirdParty:967 - CMSIS Pack Vendor :STMicroelectronics X-CUBE-AI 7.0.0
2021-11-16 10:12:47,275 [INFO] ThirdParty:967 - CMSIS Pack Vendor :STMicroelectronics X-CUBE-ALGOBUILD 1.2.1
2021-11-16 10:12:47,275 [INFO] ThirdParty:967 - CMSIS Pack Vendor :STMicroelectronics X-CUBE-DISPLAY 1.0.0
2021-11-16 10:12:47,275 [INFO] ThirdParty:967 - CMSIS Pack Vendor :STMicroelectronics FreeRTOS 0.0.1
2021-11-16 10:12:47,275 [INFO] ThirdParty:967 - CMSIS Pack Vendor :STMicroelectronics USB_DEVICE 1.0.0
2021-11-16 10:12:47,275 [INFO] ThirdParty:967 - CMSIS Pack Vendor :SEGGER I-CUBE-embOS 1.2.0
2021-11-16 10:12:47,276 [INFO] ThirdParty:967 - CMSIS Pack Vendor :STMicroelectronics X-CUBE-EEPRMA1 3.1.0
2021-11-16 10:12:47,276 [INFO] ThirdParty:967 - CMSIS Pack Vendor :STMicroelectronics X-CUBE-GNSS1 5.2.0
2021-11-16 10:12:47,276 [INFO] ThirdParty:967 - CMSIS Pack Vendor :STMicroelectronics ThreadX 0.0.2
2021-11-16 10:12:47,276 [INFO] ThirdParty:967 - CMSIS Pack Vendor :STMicroelectronics lwIP 2.0.3
2021-11-16 10:12:47,276 [INFO] ThirdParty:967 - CMSIS Pack Vendor :STMicroelectronics lwIP 2.1.2
2021-11-16 10:12:47,276 [INFO] ThirdParty:967 - CMSIS Pack Vendor :STMicroelectronics X-CUBE-BLE1 6.2.1
2021-11-16 10:12:47,277 [INFO] ThirdParty:967 - CMSIS Pack Vendor :STMicroelectronics X-CUBE-BLE1 6.2.2
2021-11-16 10:12:47,277 [INFO] ThirdParty:967 - CMSIS Pack Vendor :STMicroelectronics X-CUBE-BLE2 3.2.1
2021-11-16 10:12:47,277 [INFO] ThirdParty:967 - CMSIS Pack Vendor :STMicroelectronics X-CUBE-BLE2 3.2.2
2021-11-16 10:12:47,277 [INFO] ThirdParty:967 - CMSIS Pack Vendor :STMicroelectronics X-CUBE-DISPLAY 2.0.0
2021-11-16 10:12:47,277 [INFO] ThirdParty:967 - CMSIS Pack Vendor :STMicroelectronics USB_HOST 1.0.0
2021-11-16 10:12:47,278 [INFO] ThirdParty:967 - CMSIS Pack Vendor :STMicroelectronics X-CUBE-NFC4 2.0.3
2021-11-16 10:12:47,278 [INFO] ThirdParty:967 - CMSIS Pack Vendor :wolfSSL I-CUBE-wolfSSL 4.8.0
2021-11-16 10:12:47,278 [INFO] ThirdParty:967 - CMSIS Pack Vendor :STMicroelectronics X-CUBE-TOUCHGFX 4.17.0
2021-11-16 10:12:47,278 [INFO] ThirdParty:967 - CMSIS Pack Vendor :STMicroelectronics PDM2PCM 3.1.0
2021-11-16 10:12:47,278 [INFO] ThirdParty:967 - CMSIS Pack Vendor :STMicroelectronics PDM2PCM 3.2.0
2021-11-16 10:12:47,279 [INFO] ThirdParty:967 - CMSIS Pack Vendor :STMicroelectronics PDM2PCM 3.3.0
2021-11-16 10:12:47,279 [INFO] ThirdParty:967 - CMSIS Pack Vendor :STMicroelectronics X-CUBE-TOUCHGFX 4.18.0
2021-11-16 10:12:47,279 [INFO] ThirdParty:787 - exiting critical section [change project]
2021-11-16 10:12:48,527 [INFO] PinOutPanel:1463 - setPackage(No Configuration,No Configuration)
2021-11-16 10:12:48,529 [INFO] PinOutPanel:1463 - setPackage(STM32F401RETx,LQFP64)
2021-11-16 10:12:49,753 [INFO] UtilMem:74 - Before build in PCC Used Memory: 375694224 Bytes (597688320)
2021-11-16 10:12:51,367 [INFO] UtilMem:74 - After build in PCC Used Memory: 351670704 Bytes (597688320)
2021-11-16 10:12:51,461 [INFO] IPUIPlugin:74 - create IPUIPlugin
2021-11-16 10:12:51,462 [INFO] IPUIPlugin:74 - create IPUIPlugin
2021-11-16 10:12:51,462 [INFO] IPUIPlugin:74 - create IPUIPlugin
2021-11-16 10:12:51,463 [INFO] IPUIPlugin:74 - create IPUIPlugin
2021-11-16 10:12:51,463 [INFO] IPUIPlugin:74 - create IPUIPlugin
2021-11-16 10:12:51,463 [INFO] IPUIPlugin:74 - create IPUIPlugin
2021-11-16 10:12:51,464 [INFO] IPUIPlugin:74 - create IPUIPlugin
2021-11-16 10:12:51,464 [INFO] IPUIPlugin:74 - create IPUIPlugin
2021-11-16 10:12:51,464 [INFO] IPUIPlugin:74 - create IPUIPlugin
2021-11-16 10:12:51,464 [INFO] IPUIPlugin:74 - create IPUIPlugin
2021-11-16 10:12:51,464 [INFO] IPUIPlugin:74 - create IPUIPlugin
2021-11-16 10:12:51,464 [INFO] IPUIPlugin:74 - create IPUIPlugin
2021-11-16 10:12:51,464 [INFO] IPUIPlugin:74 - create IPUIPlugin
2021-11-16 10:12:51,464 [INFO] IPUIPlugin:74 - create IPUIPlugin
2021-11-16 10:12:51,469 [INFO] IPUIPlugin:74 - create IPUIPlugin
2021-11-16 10:12:51,470 [INFO] IPUIPlugin:74 - create IPUIPlugin
2021-11-16 10:12:51,471 [INFO] IPUIPlugin:74 - create IPUIPlugin
2021-11-16 10:12:51,472 [INFO] IPUIPlugin:74 - create IPUIPlugin
2021-11-16 10:12:51,474 [INFO] IPUIPlugin:74 - create IPUIPlugin
2021-11-16 10:12:51,475 [INFO] IPUIPlugin:74 - create IPUIPlugin
2021-11-16 10:12:51,476 [INFO] IPUIPlugin:74 - create IPUIPlugin
2021-11-16 10:12:51,477 [INFO] IPUIPlugin:74 - create IPUIPlugin
2021-11-16 10:12:51,478 [INFO] IPUIPlugin:74 - create IPUIPlugin
2021-11-16 10:12:51,479 [INFO] IPUIPlugin:74 - create IPUIPlugin
2021-11-16 10:12:51,480 [INFO] IPUIPlugin:74 - create IPUIPlugin
2021-11-16 10:12:51,482 [INFO] IPUIPlugin:74 - create IPUIPlugin
2021-11-16 10:12:51,483 [INFO] IPUIPlugin:74 - create IPUIPlugin
2021-11-16 10:12:51,484 [INFO] IPUIPlugin:74 - create IPUIPlugin
2021-11-16 10:12:51,486 [INFO] IPUIPlugin:74 - create IPUIPlugin
2021-11-16 10:12:51,487 [INFO] IPUIPlugin:74 - create IPUIPlugin
2021-11-16 10:12:51,489 [INFO] IPUIPlugin:74 - create IPUIPlugin
2021-11-16 10:12:51,490 [INFO] IPUIPlugin:74 - create IPUIPlugin
2021-11-16 10:12:51,491 [INFO] IPUIPlugin:74 - create IPUIPlugin
2021-11-16 10:12:51,492 [INFO] IPUIPlugin:74 - create IPUIPlugin
2021-11-16 10:12:51,494 [INFO] IPUIPlugin:74 - create IPUIPlugin
2021-11-16 10:12:51,495 [INFO] IPUIPlugin:74 - create IPUIPlugin
2021-11-16 10:12:51,496 [INFO] IPUIPlugin:74 - create IPUIPlugin
2021-11-16 10:12:51,497 [INFO] IPUIPlugin:74 - create IPUIPlugin
2021-11-16 10:12:51,591 [INFO] ApiDbMcu:468 - Load IP Config File for PDM2PCM
2021-11-16 10:12:51,877 [INFO] OpenFileManager:333 - Restore cursor
2021-11-16 10:13:16,895 [INFO] Gpio:254 - dependency for GPIO [SYS]
