2021-11-18 10:42:21,465 [INFO] Activator:177 - 


2021-11-18 10:42:21,481 [INFO] Activator:178 - !SESSION log4j initialized
2021-11-18 10:42:57,980 [INFO] McuFinderGlobals:39 - Set McuFinder mode to 2 (CubeIDE integrated)
2021-11-18 10:42:59,992 [INFO] ApplicationProperties:181 - Using Application install path: C:\ST\STM32CubeIDE_1.7.0\STM32CubeIDE\plugins\com.st.stm32cube.common.mx_6.3.0.202107141111
2021-11-18 10:43:00,007 [INFO] DbMcusXml:74 - Set database path to: C:\ST\STM32CubeIDE_1.7.0\STM32CubeIDE\plugins\com.st.stm32cube.common.mx_6.3.0.202107141111\\db\/mcu/
2021-11-18 10:43:00,023 [INFO] DbBoardsPdsc:56 - Set plugin database path to: C:\ST\STM32CubeIDE_1.7.0\STM32CubeIDE\plugins\com.st.stm32cube.common.mx_6.3.0.202107141111\\db\/plugins/boardmanager/
2021-11-18 10:43:00,023 [INFO] DbMcus:258 - Set plugin images path to: C:\ST\STM32CubeIDE_1.7.0\STM32CubeIDE\plugins\com.st.stm32cube.common.mx_6.3.0.202107141111\\db\/plugins/mcufinder/images/
2021-11-18 10:43:00,023 [INFO] DbBoards:264 - Set plugin images path to: C:\ST\STM32CubeIDE_1.7.0\STM32CubeIDE\plugins\com.st.stm32cube.common.mx_6.3.0.202107141111\\db\/plugins/mcufinder/images/
2021-11-18 10:43:00,039 [INFO] DbExamples:333 - Set plugin images path to: C:\ST\STM32CubeIDE_1.7.0\STM32CubeIDE\plugins\com.st.stm32cube.common.mx_6.3.0.202107141111\\db\/plugins/mcufinder/images/
2021-11-18 10:43:00,039 [INFO] DbMcusAds:119 - Set database path to: C:\Users\kangm\.stmcufinder\plugins\mcufinder//mcu/
2021-11-18 10:43:00,054 [INFO] DbMcusDocs:110 - Set database path to: C:\Users\kangm\.stmcufinder\plugins\mcufinder//mcu/
2021-11-18 10:43:00,054 [INFO] DbMcusJson:64 - Set database path to: C:\Users\kangm\.stmcufinder\plugins\mcufinder//mcu/
2021-11-18 10:43:00,054 [INFO] DbBoardsDocs:110 - Set database path to: C:\Users\kangm\.stmcufinder\plugins\mcufinder//mcu/
2021-11-18 10:43:00,054 [INFO] DbBoardsJson:57 - Set database path to: C:\Users\kangm\.stmcufinder\plugins\mcufinder//mcu/
2021-11-18 10:43:00,101 [INFO] CrossReferenceDbSqlite:196 - Set database path to: C:\Users\kangm\.stmcufinder\plugins\mcufinder//mcu/cs/
2021-11-18 10:43:00,101 [INFO] DbExamplesSqlite:767 - Set database path to: C:\Users\kangm\.stmcufinder\plugins\mcufinder//mcu/
2021-11-18 10:43:00,367 [INFO] RulesReader:57 - Compatibility file has been processed (242 Rules)
2021-11-18 10:43:00,586 [INFO] DbMcusXml:74 - Set database path to: C:\ST\STM32CubeIDE_1.7.0\STM32CubeIDE\plugins\com.st.stm32cube.common.mx_6.3.0.202107141111\\db\/mcu/
2021-11-18 10:43:00,586 [INFO] DbBoardsPdsc:56 - Set plugin database path to: C:\ST\STM32CubeIDE_1.7.0\STM32CubeIDE\plugins\com.st.stm32cube.common.mx_6.3.0.202107141111\\db\/plugins/boardmanager/
2021-11-18 10:43:00,586 [INFO] DbMcus:258 - Set plugin images path to: C:\ST\STM32CubeIDE_1.7.0\STM32CubeIDE\plugins\com.st.stm32cube.common.mx_6.3.0.202107141111\\db\/plugins/mcufinder/images/
2021-11-18 10:43:00,586 [INFO] DbBoards:264 - Set plugin images path to: C:\ST\STM32CubeIDE_1.7.0\STM32CubeIDE\plugins\com.st.stm32cube.common.mx_6.3.0.202107141111\\db\/plugins/mcufinder/images/
2021-11-18 10:43:00,586 [INFO] DbExamples:333 - Set plugin images path to: C:\ST\STM32CubeIDE_1.7.0\STM32CubeIDE\plugins\com.st.stm32cube.common.mx_6.3.0.202107141111\\db\/plugins/mcufinder/images/
2021-11-18 10:43:00,586 [WARN] DbFile:35 - Overriding database path with different value: C:\Users\kangm\.stmcufinder\plugins\mcufinder/ => C:\Users\kangm\.stmcufinder\plugins\mcufinder
2021-11-18 10:43:00,586 [INFO] DbMcusAds:119 - Set database path to: C:\Users\kangm\.stmcufinder\plugins\mcufinder//mcu/
2021-11-18 10:43:00,586 [WARN] DbFile:35 - Overriding database path with different value: C:\Users\kangm\.stmcufinder\plugins\mcufinder/ => C:\Users\kangm\.stmcufinder\plugins\mcufinder
2021-11-18 10:43:00,586 [INFO] DbMcusDocs:110 - Set database path to: C:\Users\kangm\.stmcufinder\plugins\mcufinder//mcu/
2021-11-18 10:43:00,586 [WARN] DbFile:35 - Overriding database path with different value: C:\Users\kangm\.stmcufinder\plugins\mcufinder/ => C:\Users\kangm\.stmcufinder\plugins\mcufinder
2021-11-18 10:43:00,586 [INFO] DbMcusJson:64 - Set database path to: C:\Users\kangm\.stmcufinder\plugins\mcufinder//mcu/
2021-11-18 10:43:00,586 [WARN] DbFile:35 - Overriding database path with different value: C:\Users\kangm\.stmcufinder\plugins\mcufinder/ => C:\Users\kangm\.stmcufinder\plugins\mcufinder
2021-11-18 10:43:00,586 [INFO] DbBoardsDocs:110 - Set database path to: C:\Users\kangm\.stmcufinder\plugins\mcufinder//mcu/
2021-11-18 10:43:00,617 [WARN] DbFile:35 - Overriding database path with different value: C:\Users\kangm\.stmcufinder\plugins\mcufinder/ => C:\Users\kangm\.stmcufinder\plugins\mcufinder
2021-11-18 10:43:00,617 [INFO] DbBoardsJson:57 - Set database path to: C:\Users\kangm\.stmcufinder\plugins\mcufinder//mcu/
2021-11-18 10:43:00,617 [WARN] DbFile:35 - Overriding database path with different value: C:\Users\kangm\.stmcufinder\plugins\mcufinder/ => C:\Users\kangm\.stmcufinder\plugins\mcufinder
2021-11-18 10:43:00,617 [WARN] DbFile:35 - Overriding database path with different value: C:\Users\kangm\.stmcufinder\plugins\mcufinder/ => C:\Users\kangm\.stmcufinder\plugins\mcufinder
2021-11-18 10:43:00,617 [INFO] CrossReferenceDbSqlite:196 - Set database path to: C:\Users\kangm\.stmcufinder\plugins\mcufinder//mcu/cs/
2021-11-18 10:43:00,617 [WARN] DbFile:35 - Overriding database path with different value: C:\Users\kangm\.stmcufinder\plugins\mcufinder/ => C:\Users\kangm\.stmcufinder\plugins\mcufinder
2021-11-18 10:43:00,617 [INFO] DbExamplesSqlite:767 - Set database path to: C:\Users\kangm\.stmcufinder\plugins\mcufinder//mcu/
2021-11-18 10:43:00,773 [INFO] MainPanel:214 - HeapMemory: 268435456
2021-11-18 10:43:00,976 [INFO] DbMcusXml:74 - Set database path to: C:\ST\STM32CubeIDE_1.7.0\STM32CubeIDE\plugins\com.st.stm32cube.common.mx_6.3.0.202107141111\\db\/mcu/
2021-11-18 10:43:00,976 [INFO] DbBoardsPdsc:56 - Set plugin database path to: C:\ST\STM32CubeIDE_1.7.0\STM32CubeIDE\plugins\com.st.stm32cube.common.mx_6.3.0.202107141111\\db\/plugins/boardmanager/
2021-11-18 10:43:00,976 [INFO] DbMcus:258 - Set plugin images path to: C:\ST\STM32CubeIDE_1.7.0\STM32CubeIDE\plugins\com.st.stm32cube.common.mx_6.3.0.202107141111\\db\/plugins/mcufinder/images/
2021-11-18 10:43:00,976 [INFO] DbBoards:264 - Set plugin images path to: C:\ST\STM32CubeIDE_1.7.0\STM32CubeIDE\plugins\com.st.stm32cube.common.mx_6.3.0.202107141111\\db\/plugins/mcufinder/images/
2021-11-18 10:43:00,976 [INFO] DbExamples:333 - Set plugin images path to: C:\ST\STM32CubeIDE_1.7.0\STM32CubeIDE\plugins\com.st.stm32cube.common.mx_6.3.0.202107141111\\db\/plugins/mcufinder/images/
2021-11-18 10:43:00,976 [WARN] DbFile:35 - Overriding database path with different value: C:\Users\kangm\.stmcufinder\plugins\mcufinder/ => C:\Users\kangm\.stmcufinder\plugins\mcufinder
2021-11-18 10:43:00,976 [INFO] DbMcusAds:119 - Set database path to: C:\Users\kangm\.stmcufinder\plugins\mcufinder//mcu/
2021-11-18 10:43:00,976 [WARN] DbFile:35 - Overriding database path with different value: C:\Users\kangm\.stmcufinder\plugins\mcufinder/ => C:\Users\kangm\.stmcufinder\plugins\mcufinder
2021-11-18 10:43:00,976 [INFO] DbMcusDocs:110 - Set database path to: C:\Users\kangm\.stmcufinder\plugins\mcufinder//mcu/
2021-11-18 10:43:00,976 [WARN] DbFile:35 - Overriding database path with different value: C:\Users\kangm\.stmcufinder\plugins\mcufinder/ => C:\Users\kangm\.stmcufinder\plugins\mcufinder
2021-11-18 10:43:00,976 [INFO] DbMcusJson:64 - Set database path to: C:\Users\kangm\.stmcufinder\plugins\mcufinder//mcu/
2021-11-18 10:43:00,976 [WARN] DbFile:35 - Overriding database path with different value: C:\Users\kangm\.stmcufinder\plugins\mcufinder/ => C:\Users\kangm\.stmcufinder\plugins\mcufinder
2021-11-18 10:43:00,976 [INFO] DbBoardsDocs:110 - Set database path to: C:\Users\kangm\.stmcufinder\plugins\mcufinder//mcu/
2021-11-18 10:43:00,976 [WARN] DbFile:35 - Overriding database path with different value: C:\Users\kangm\.stmcufinder\plugins\mcufinder/ => C:\Users\kangm\.stmcufinder\plugins\mcufinder
2021-11-18 10:43:00,976 [INFO] DbBoardsJson:57 - Set database path to: C:\Users\kangm\.stmcufinder\plugins\mcufinder//mcu/
2021-11-18 10:43:00,976 [WARN] DbFile:35 - Overriding database path with different value: C:\Users\kangm\.stmcufinder\plugins\mcufinder/ => C:\Users\kangm\.stmcufinder\plugins\mcufinder
2021-11-18 10:43:00,976 [WARN] DbFile:35 - Overriding database path with different value: C:\Users\kangm\.stmcufinder\plugins\mcufinder/ => C:\Users\kangm\.stmcufinder\plugins\mcufinder
2021-11-18 10:43:00,976 [INFO] CrossReferenceDbSqlite:196 - Set database path to: C:\Users\kangm\.stmcufinder\plugins\mcufinder//mcu/cs/
2021-11-18 10:43:00,976 [WARN] DbFile:35 - Overriding database path with different value: C:\Users\kangm\.stmcufinder\plugins\mcufinder/ => C:\Users\kangm\.stmcufinder\plugins\mcufinder
2021-11-18 10:43:00,976 [INFO] DbExamplesSqlite:767 - Set database path to: C:\Users\kangm\.stmcufinder\plugins\mcufinder//mcu/
2021-11-18 10:43:01,023 [INFO] ApplicationProperties:181 - Using Application install path: C:\ST\STM32CubeIDE_1.7.0\STM32CubeIDE\plugins\com.st.stm32cube.common.mx_6.3.0.202107141111
2021-11-18 10:43:01,023 [INFO] PluginManage:188 - Search for loadable plugins [exclusion list=, ]
2021-11-18 10:43:01,023 [INFO] PluginManage:302 - Check plugin analytics
2021-11-18 10:43:01,414 [INFO] AnalyticsPlugin:257 - Accepted Software Licenses: STM32CubeMX.6.3.0
2021-11-18 10:43:01,414 [INFO] AnalyticsPlugin:259 - Accepted CMSIS Pack Licenses: 
2021-11-18 10:43:01,414 [INFO] AnalyticsPlugin:261 - Accepted Firmware Licenses: 
2021-11-18 10:43:01,414 [INFO] PluginManage:352 - Loaded plugin analytics (category:tool,tabindex:-1)
2021-11-18 10:43:01,414 [INFO] PluginManage:302 - Check plugin clock
2021-11-18 10:43:01,460 [INFO] PluginManage:352 - Loaded plugin clock (category:base,tabindex:2)
2021-11-18 10:43:01,460 [INFO] PluginManage:302 - Check plugin ddr
2021-11-18 10:43:01,460 [INFO] PluginManage:352 - Loaded plugin ddr (category:tool,tabindex:6)
2021-11-18 10:43:01,460 [INFO] PluginManage:302 - Check plugin filemanager
2021-11-18 10:43:01,780 [INFO] PluginManage:352 - Loaded plugin filemanager (category:base,tabindex:10)
2021-11-18 10:43:01,780 [INFO] PluginManage:302 - Check plugin ipmanager
2021-11-18 10:43:01,795 [INFO] PluginManage:352 - Loaded plugin ipmanager (category:base,tabindex:5)
2021-11-18 10:43:01,795 [INFO] PluginManage:302 - Check plugin pinoutandconfiguration
2021-11-18 10:43:01,842 [INFO] PluginManage:352 - Loaded plugin pinoutandconfiguration (category:base,tabindex:1)
2021-11-18 10:43:01,842 [INFO] PluginManage:302 - Check plugin pinoutconfig
2021-11-18 10:43:01,920 [INFO] PluginManage:352 - Loaded plugin pinoutconfig (category:base,tabindex:0)
2021-11-18 10:43:01,920 [INFO] PluginManage:302 - Check plugin power
2021-11-18 10:43:01,952 [INFO] PluginManage:352 - Loaded plugin power (category:power,tabindex:4)
2021-11-18 10:43:01,952 [INFO] PluginManage:302 - Check plugin projectmanager
2021-11-18 10:43:01,998 [INFO] PluginManage:352 - Loaded plugin projectmanager (category:projectmanager,tabindex:3)
2021-11-18 10:43:01,998 [INFO] PluginManage:302 - Check plugin thirdparty
2021-11-18 10:43:02,373 [WARN] IntegrityCheckThread:78 - waiting for thirdparty lock release [integrity check]
2021-11-18 10:43:02,373 [INFO] IntegrityCheckThread:80 - entering critical section [integrity check]
2021-11-18 10:43:02,373 [INFO] PluginManage:352 - Loaded plugin thirdparty (category:base,tabindex:-1)
2021-11-18 10:43:02,373 [INFO] ThirdPartyUpdaterWithRetryManager:66 - Updater plugin not ready yet. [1/15]
2021-11-18 10:43:02,373 [INFO] PluginManage:302 - Check plugin tools
2021-11-18 10:43:02,498 [INFO] PluginManage:352 - Loaded plugin tools (category:base,tabindex:7)
2021-11-18 10:43:02,498 [INFO] PluginManage:302 - Check plugin tutovideos
2021-11-18 10:43:03,061 [INFO] PluginManage:352 - Loaded plugin tutovideos (category:base,tabindex:-1)
2021-11-18 10:43:03,061 [INFO] PluginManage:302 - Check plugin updater
2021-11-18 10:43:03,076 [INFO] PluginManage:352 - Loaded plugin updater (category:base,tabindex:12)
2021-11-18 10:43:03,076 [INFO] PluginManage:275 - PluginManage : Loaded plugins [13]
2021-11-18 10:43:03,483 [INFO] PinOutPanel:1463 - setPackage(No Configuration,No Configuration)
2021-11-18 10:43:03,686 [INFO] IPUIPlugin:74 - create IPUIPlugin
2021-11-18 10:43:03,686 [INFO] PluginManager:213 - loadIPPluginJar : add adc
2021-11-18 10:43:03,780 [INFO] IPUIPlugin:74 - create IPUIPlugin
2021-11-18 10:43:03,811 [INFO] PluginManager:213 - loadIPPluginJar : add aes
2021-11-18 10:43:03,920 [INFO] IPUIPlugin:74 - create IPUIPlugin
2021-11-18 10:43:03,920 [INFO] PluginManager:213 - loadIPPluginJar : add can
2021-11-18 10:43:03,920 [INFO] IPUIPlugin:74 - create IPUIPlugin
2021-11-18 10:43:03,920 [INFO] PluginManager:213 - loadIPPluginJar : add comp
2021-11-18 10:43:03,998 [INFO] IPUIPlugin:74 - create IPUIPlugin
2021-11-18 10:43:03,998 [INFO] PluginManager:213 - loadIPPluginJar : add cryp
2021-11-18 10:43:04,076 [INFO] IPUIPlugin:74 - create IPUIPlugin
2021-11-18 10:43:04,076 [INFO] PluginManager:213 - loadIPPluginJar : add dfsdm
2021-11-18 10:43:04,092 [INFO] IPUIPlugin:74 - create IPUIPlugin
2021-11-18 10:43:04,108 [INFO] PluginManager:213 - loadIPPluginJar : add dma
2021-11-18 10:43:04,201 [INFO] IPUIPlugin:74 - create IPUIPlugin
2021-11-18 10:43:04,201 [INFO] PluginManager:213 - loadIPPluginJar : add dma3
2021-11-18 10:43:04,201 [INFO] IPUIPlugin:74 - create IPUIPlugin
2021-11-18 10:43:04,201 [INFO] PluginManager:213 - loadIPPluginJar : add fatfs
2021-11-18 10:43:04,326 [INFO] IPUIPlugin:74 - create IPUIPlugin
2021-11-18 10:43:04,326 [INFO] PluginManager:213 - loadIPPluginJar : add fmc
2021-11-18 10:43:04,358 [INFO] IPUIPlugin:74 - create IPUIPlugin
2021-11-18 10:43:04,358 [INFO] PluginManager:213 - loadIPPluginJar : add freertos
2021-11-18 10:43:04,404 [INFO] IPUIPlugin:74 - create IPUIPlugin
2021-11-18 10:43:04,404 [INFO] PluginManager:213 - loadIPPluginJar : add genericplugin
2021-11-18 10:43:04,608 [INFO] IPUIPlugin:74 - create IPUIPlugin
2021-11-18 10:43:04,608 [INFO] PluginManager:213 - loadIPPluginJar : add gfxmmu
2021-11-18 10:43:04,873 [INFO] IPUIPlugin:74 - create IPUIPlugin
2021-11-18 10:43:04,873 [INFO] PluginManager:213 - loadIPPluginJar : add gic
2021-11-18 10:43:04,904 [INFO] IPUIPlugin:74 - create IPUIPlugin
2021-11-18 10:43:04,904 [INFO] PluginManager:213 - loadIPPluginJar : add gpio
2021-11-18 10:43:05,061 [INFO] IPUIPlugin:74 - create IPUIPlugin
2021-11-18 10:43:05,061 [INFO] PluginManager:213 - loadIPPluginJar : add gtzc
2021-11-18 10:43:05,123 [INFO] IPUIPlugin:74 - create IPUIPlugin
2021-11-18 10:43:05,123 [INFO] PluginManager:213 - loadIPPluginJar : add hash
2021-11-18 10:43:05,248 [INFO] IPUIPlugin:74 - create IPUIPlugin
2021-11-18 10:43:05,248 [INFO] PluginManager:213 - loadIPPluginJar : add i2c
2021-11-18 10:43:05,358 [INFO] IPUIPlugin:74 - create IPUIPlugin
2021-11-18 10:43:05,358 [INFO] PluginManager:213 - loadIPPluginJar : add i2s
2021-11-18 10:43:05,373 [INFO] IPUIPlugin:74 - create IPUIPlugin
2021-11-18 10:43:05,373 [INFO] PluginManager:213 - loadIPPluginJar : add ipddr
2021-11-18 10:43:05,389 [INFO] ThirdPartyUpdaterWithRetryManager:66 - Updater plugin not ready yet. [2/15]
2021-11-18 10:43:05,576 [INFO] IPUIPlugin:74 - create IPUIPlugin
2021-11-18 10:43:05,576 [INFO] PluginManager:213 - loadIPPluginJar : add linkedlist
2021-11-18 10:43:05,654 [INFO] IPUIPlugin:74 - create IPUIPlugin
2021-11-18 10:43:05,654 [INFO] PluginManager:213 - loadIPPluginJar : add lorawan
2021-11-18 10:43:05,733 [INFO] IPUIPlugin:74 - create IPUIPlugin
2021-11-18 10:43:05,733 [INFO] PluginManager:213 - loadIPPluginJar : add ltdc
2021-11-18 10:43:05,764 [INFO] IPUIPlugin:74 - create IPUIPlugin
2021-11-18 10:43:05,764 [INFO] PluginManager:213 - loadIPPluginJar : add mdma
2021-11-18 10:43:05,779 [INFO] IPUIPlugin:74 - create IPUIPlugin
2021-11-18 10:43:05,779 [INFO] PluginManager:213 - loadIPPluginJar : add nvic
2021-11-18 10:43:05,858 [INFO] IPUIPlugin:74 - create IPUIPlugin
2021-11-18 10:43:05,858 [INFO] PluginManager:213 - loadIPPluginJar : add opamp
2021-11-18 10:43:06,014 [INFO] IPUIPlugin:74 - create IPUIPlugin
2021-11-18 10:43:06,014 [INFO] PluginManager:213 - loadIPPluginJar : add openamp
2021-11-18 10:43:06,092 [INFO] IPUIPlugin:74 - create IPUIPlugin
2021-11-18 10:43:06,092 [INFO] PluginManager:213 - loadIPPluginJar : add pdm2pcm
2021-11-18 10:43:06,139 [INFO] IPUIPlugin:74 - create IPUIPlugin
2021-11-18 10:43:06,139 [INFO] PluginManager:213 - loadIPPluginJar : add plateformsettings
2021-11-18 10:43:06,154 [INFO] IPUIPlugin:74 - create IPUIPlugin
2021-11-18 10:43:06,154 [INFO] PluginManager:213 - loadIPPluginJar : add quadspi
2021-11-18 10:43:06,186 [INFO] IPUIPlugin:74 - create IPUIPlugin
2021-11-18 10:43:06,186 [INFO] PluginManager:213 - loadIPPluginJar : add resmgrutility
2021-11-18 10:43:06,295 [INFO] IPUIPlugin:74 - create IPUIPlugin
2021-11-18 10:43:06,295 [INFO] PluginManager:213 - loadIPPluginJar : add sai
2021-11-18 10:43:06,389 [INFO] IPUIPlugin:74 - create IPUIPlugin
2021-11-18 10:43:06,389 [INFO] PluginManager:213 - loadIPPluginJar : add spi
2021-11-18 10:43:06,498 [INFO] IPUIPlugin:74 - create IPUIPlugin
2021-11-18 10:43:06,498 [INFO] PluginManager:213 - loadIPPluginJar : add stm32_wpan
2021-11-18 10:43:06,498 [INFO] IPUIPlugin:74 - create IPUIPlugin
2021-11-18 10:43:06,498 [INFO] PluginManager:213 - loadIPPluginJar : add tim
2021-11-18 10:43:06,639 [INFO] IPUIPlugin:74 - create IPUIPlugin
2021-11-18 10:43:06,639 [INFO] PluginManager:213 - loadIPPluginJar : add touchsensing
2021-11-18 10:43:06,701 [INFO] IPUIPlugin:74 - create IPUIPlugin
2021-11-18 10:43:06,701 [INFO] PluginManager:213 - loadIPPluginJar : add tracer_emb
2021-11-18 10:43:06,764 [INFO] IPUIPlugin:74 - create IPUIPlugin
2021-11-18 10:43:06,764 [INFO] PluginManager:213 - loadIPPluginJar : add ts
2021-11-18 10:43:06,764 [INFO] IPUIPlugin:74 - create IPUIPlugin
2021-11-18 10:43:06,764 [INFO] PluginManager:213 - loadIPPluginJar : add tsc
2021-11-18 10:43:06,826 [INFO] IPUIPlugin:74 - create IPUIPlugin
2021-11-18 10:43:06,826 [INFO] PluginManager:213 - loadIPPluginJar : add ucpd
2021-11-18 10:43:06,936 [INFO] IPUIPlugin:74 - create IPUIPlugin
2021-11-18 10:43:06,936 [INFO] PluginManager:213 - loadIPPluginJar : add usart
2021-11-18 10:43:07,029 [INFO] IPUIPlugin:74 - create IPUIPlugin
2021-11-18 10:43:07,029 [INFO] PluginManager:213 - loadIPPluginJar : add usbx
2021-11-18 10:43:07,545 [FATAL] Updater:294 - Updater called before beeing initialized
2021-11-18 10:43:07,779 [FATAL] Updater:294 - Updater called before beeing initialized
2021-11-18 10:43:07,795 [INFO] DbMcusAds:47 - JSON generation date=Thu Sep 30 15:55:09 KST 2021 (1632984909434)
2021-11-18 10:43:07,795 [FATAL] Updater:294 - Updater called before beeing initialized
2021-11-18 10:43:07,873 [WARN] DetailPanel:314 - Failed to get advertising image, set to default
2021-11-18 10:43:08,092 [FATAL] Updater:294 - Updater called before beeing initialized
2021-11-18 10:43:08,108 [FATAL] Updater:294 - Updater called before beeing initialized
2021-11-18 10:43:08,108 [FATAL] Updater:294 - Updater called before beeing initialized
2021-11-18 10:43:08,108 [WARN] DetailPanel:314 - Failed to get advertising image, set to default
2021-11-18 10:43:08,108 [FATAL] Updater:294 - Updater called before beeing initialized
2021-11-18 10:43:08,217 [ERROR] Updater:1075 - MainUpdater not yet initialized. External WinMGr cannot be set.
2021-11-18 10:43:08,233 [INFO] Updater:1012 - Updater Version found : 6.3.0
2021-11-18 10:43:08,264 [INFO] ApplicationProperties:181 - Using Application install path: C:\ST\STM32CubeIDE_1.7.0\STM32CubeIDE\plugins\com.st.stm32cube.common.mx_6.3.0.202107141111
2021-11-18 10:43:08,389 [INFO] ThirdPartyUpdaterWithRetryManager:66 - Updater plugin not ready yet. [3/15]
2021-11-18 10:43:08,654 [INFO] MainUpdater:2671 - connection check result : 10
2021-11-18 10:43:08,654 [INFO] MainUpdater:265 - Updater Check For Update Now.
2021-11-18 10:43:08,654 [INFO] MicroXplorer:478 - Change Database Version : DB.6.0.30
2021-11-18 10:43:08,842 [INFO] CheckServerUpdateThread:112 - End of CheckServer Thread
2021-11-18 10:43:08,936 [INFO] MainUpdater:2671 - connection check result : 10
2021-11-18 10:43:09,846 [INFO] McuFinderGlobals:52 - Set McuFinderConnectedMode to false
2021-11-18 10:43:10,080 [INFO] CrossSelectorPresenter:1330 - Cross Selector saved comparison directory: C:\Users\kangm\.stmcufinder\plugins\mcufinder\mcu\cs_comparisons_mx
2021-11-18 10:43:10,096 [INFO] MultiScanPanel:197 - Auto-refresh data requested => check proxy status ongoing
2021-11-18 10:43:10,096 [INFO] MultiScanPanel:201 - Proxy status is invalid
2021-11-18 10:43:10,112 [INFO] FinderPluginLoader:87 - Searching for filters in installed packs
2021-11-18 10:43:10,112 [INFO] DbMcusXml:100 - Load MCU database from C:\ST\STM32CubeIDE_1.7.0\STM32CubeIDE\plugins\com.st.stm32cube.common.mx_6.3.0.202107141111\\db\/mcu/families.xml
2021-11-18 10:43:11,940 [WARN] PackLoader:238 - Cannot read IP mode file for STMicroelectronics.X-CUBE-AZRTOS-H7.1.1.0
2021-11-18 10:43:12,002 [WARN] PackLoader:238 - Cannot read IP mode file for STMicroelectronics.X-CUBE-BLE1.6.2.1
2021-11-18 10:43:12,049 [WARN] PackLoader:238 - Cannot read IP mode file for STMicroelectronics.X-CUBE-BLE1.6.2.2
2021-11-18 10:43:12,065 [WARN] PackLoader:238 - Cannot read IP mode file for STMicroelectronics.X-CUBE-BLE2.3.2.1
2021-11-18 10:43:12,080 [WARN] PackLoader:238 - Cannot read IP mode file for STMicroelectronics.X-CUBE-BLE2.3.2.2
2021-11-18 10:43:12,096 [WARN] PackLoader:238 - Cannot read IP mode file for STMicroelectronics.X-CUBE-NFC4.2.0.3
2021-11-18 10:43:12,112 [WARN] PackLoader:238 - Cannot read IP mode file for wolfSSL.I-CUBE-wolfSSL.4.8.0
2021-11-18 10:43:12,143 [WARN] PackLoader:238 - Cannot read IP mode file for STMicroelectronics.X-CUBE-SFXS2LP1.3.1.0
2021-11-18 10:43:12,237 [WARN] PackLoader:238 - Cannot read IP mode file for STMicroelectronics.X-CUBE-AZRTOS-F4.1.0.0
2021-11-18 10:43:12,268 [WARN] PackLoader:238 - Cannot read IP mode file for STMicroelectronics.X-CUBE-TOF1.2.0.0
2021-11-18 10:43:12,315 [WARN] PackLoader:238 - Cannot read IP mode file for STMicroelectronics.X-CUBE-SUBG2.4.2.0
2021-11-18 10:43:12,377 [WARN] PackLoader:238 - Cannot read IP mode file for STMicroelectronics.X-CUBE-ALGOBUILD.1.2.1
2021-11-18 10:43:12,393 [WARN] PackLoader:238 - Cannot read IP mode file for STMicroelectronics.X-CUBE-DISPLAY.1.0.0
2021-11-18 10:43:12,408 [WARN] PackLoader:238 - Cannot read IP mode file for STMicroelectronics.X-CUBE-TOUCHGFX.4.18.0
2021-11-18 10:43:12,440 [WARN] PackLoader:238 - Cannot read IP mode file for RoweBots.I-CUBE-UNISONRTOS.5.5.0-4
2021-11-18 10:43:12,580 [WARN] PackLoader:238 - Cannot read IP mode file for STMicroelectronics.X-CUBE-MEMS1.9.0.0
2021-11-18 10:43:13,096 [INFO] DbMcusJson:93 - JSON generation date=Fri Oct 29 16:56:29 KST 2021 (1635494189)
2021-11-18 10:43:13,440 [WARN] PackLoader:238 - Cannot read IP mode file for SEGGER.I-CUBE-embOS.1.2.0
2021-11-18 10:43:13,643 [WARN] PackLoader:238 - Cannot read IP mode file for STMicroelectronics.X-CUBE-TOUCHGFX.4.17.0
2021-11-18 10:43:13,721 [WARN] PackLoader:238 - Cannot read IP mode file for STMicroelectronics.X-CUBE-AZRTOS-H7.2.0.0
2021-11-18 10:43:13,783 [WARN] PackLoader:238 - Cannot read IP mode file for STMicroelectronics.X-CUBE-AZRTOS-L4.1.0.0
2021-11-18 10:43:13,940 [WARN] PackLoader:238 - Cannot read IP mode file for STMicroelectronics.X-CUBE-MEMS1.9.1.0
2021-11-18 10:43:14,527 [WARN] PackLoader:238 - Cannot read IP mode file for STMicroelectronics.X-CUBE-ALS.1.0.1
2021-11-18 10:43:14,543 [WARN] PackLoader:238 - Cannot read IP mode file for STMicroelectronics.X-CUBE-AI.7.0.0
2021-11-18 10:43:14,621 [WARN] PackLoader:238 - Cannot read IP mode file for STMicroelectronics.X-CUBE-EEPRMA1.3.1.0
2021-11-18 10:43:14,636 [WARN] PackLoader:238 - Cannot read IP mode file for STMicroelectronics.X-CUBE-GNSS1.5.2.0
2021-11-18 10:43:14,652 [WARN] PackLoader:238 - Cannot read IP mode file for STMicroelectronics.X-CUBE-DISPLAY.2.0.0
2021-11-18 10:43:14,652 [INFO] ThirdParty:915 - Integrity check success = true
2021-11-18 10:43:14,652 [INFO] IntegrityCheckThread:94 - exiting critical section [integrity check]
2021-11-18 10:43:14,652 [INFO] IntegrityCheckThread:97 - End integrity checks thread
2021-11-18 10:43:15,496 [INFO] DbMcus:175 - Found 1951 MCUs (1903 are supported by CubeMX, 1905 are visible in CubeMX)
2021-11-18 10:43:15,511 [INFO] ApiDb:251 - Load user favorites file C:\Users\kangm/.stm32cubeide/favorites.mcus.txt: 1 item(s)
2021-11-18 10:43:15,511 [INFO] ApiDb:255 - User favorites MCUs=[STM32F401RETx]
2021-11-18 10:43:15,511 [INFO] DbMcus:187 - Set 1 / 1 favorites MCUs
2021-11-18 10:43:16,996 [INFO] DetailPanel:309 - Set advertising image to C:/Users/kangm/STM32Cube/Repository/\en.Prom_NBSTM32U50921.jpg
2021-11-18 10:43:18,636 [INFO] DbBoardsPdsc:90 - Found 25 items
2021-11-18 10:43:18,652 [INFO] DbBoardsPdsc:90 - Found 9 items
2021-11-18 10:43:18,683 [INFO] DbBoardsPdsc:90 - Found 33 items
2021-11-18 10:43:18,683 [INFO] DbBoardsPdsc:90 - Found 1 items
2021-11-18 10:43:18,714 [INFO] DbBoardsPdsc:90 - Found 48 items
2021-11-18 10:43:18,761 [INFO] DbBoardsPdsc:90 - Found 43 items
2021-11-18 10:43:18,761 [INFO] DbBoardsPdsc:90 - Found 2 items
2021-11-18 10:43:18,777 [INFO] DbBoardsPdsc:90 - Found 5 items
2021-11-18 10:43:18,792 [WARN] DbBoardsPdsc:254 - Board STM32H7B3I-DK: unknown feature type=Audio, name=, username=Audio stereo codec with Headphone Amp (CS42L51-CNZ), n=1
2021-11-18 10:43:18,792 [WARN] DbBoardsPdsc:254 - Board STM32H735G-DK: unknown feature type=Audio, name=, username=Audio stereo codec with Headphone Amp (WM8994ECS/R), n=1
2021-11-18 10:43:18,792 [WARN] DbBoardsPdsc:254 - Board STM32H7B3I-EVAL: unknown feature type=Audio, name=, username=Multi-Channel Audio Codec (CS42L51-CNZ), n=1
2021-11-18 10:43:18,792 [WARN] DbBoardsPdsc:254 - Board STM32H7B3I-EVAL: unknown feature type=Meter, name=, username=Power-metering and Temperature-monitoring with sigma-delta modulators, n=1
2021-11-18 10:43:18,792 [WARN] DbBoardsPdsc:254 - Board STM32H7B3I-EVAL: unknown feature type=Motor, name=, username=Motor Control, n=1
2021-11-18 10:43:18,808 [WARN] DbBoardsPdsc:254 - Board STM32U575I-EV: unknown feature type=joystick, name=, username=4-direction joystick with selection button, n=1
2021-11-18 10:43:18,855 [INFO] DbBoardsJson:86 - JSON generation date=Fri Oct 29 16:56:29 KST 2021 (1635494189)
2021-11-18 10:43:18,871 [INFO] DbBoards:117 - Found 167 boards (163 are supported by CubeMX)
2021-11-18 10:43:18,871 [INFO] DbBoardsDocs:143 - JSON generation date=Fri Oct 29 16:56:29 KST 2021 (1635494189)
2021-11-18 10:43:18,886 [INFO] DbBoardsDocs:79 - Found 209 boards documents
2021-11-18 10:43:18,886 [WARN] DbBoards:127 - board B-L475E-IOT01A2 has no document id list !
2021-11-18 10:43:18,886 [WARN] DbBoards:127 - board NUCLEO-H743ZI has no document id list !
2021-11-18 10:43:18,886 [WARN] DbBoards:127 - board NUCLEO-WL55JC2 has no document id list !
2021-11-18 10:43:18,886 [WARN] DbBoards:127 - board P-NUCLEO-WB55-Nucleo has no document id list !
2021-11-18 10:43:18,886 [WARN] DbBoards:127 - board P-NUCLEO-WB55-USBDongle has no document id list !
2021-11-18 10:43:18,886 [WARN] DbBoards:127 - board STEVAL-BFA001V1B has no document id list !
2021-11-18 10:43:18,886 [WARN] DbBoards:127 - board STEVAL-BFA001V2B has no document id list !
2021-11-18 10:43:18,886 [WARN] DbBoards:127 - board STEVAL-IDP005V1 has no document id list !
2021-11-18 10:43:18,886 [WARN] DbBoards:127 - board STEVAL-IDP005V2 has no document id list !
2021-11-18 10:43:18,886 [WARN] DbBoards:127 - board STEVAL-MKSBOX1V1 has no document id list !
2021-11-18 10:43:18,886 [WARN] DbBoards:127 - board STEVAL-STWINKT1 has no document id list !
2021-11-18 10:43:18,886 [WARN] DbBoards:127 - board STEVAL-STWINKT1B has no document id list !
2021-11-18 10:43:18,886 [WARN] DbBoards:127 - board STM32439I-EVAL2 has no document id list !
2021-11-18 10:43:18,886 [WARN] DbBoards:127 - board STM32F401C-DISCO has no document id list !
2021-11-18 10:43:18,902 [WARN] DbBoards:127 - board STM32F769I-DISC1 has no document id list !
2021-11-18 10:43:18,902 [WARN] DbBoards:127 - board STM32G474E-EVAL1 has no document id list !
2021-11-18 10:43:18,902 [WARN] DbBoards:127 - board STM32H743I-EVAL2 has no document id list !
2021-11-18 10:43:18,902 [WARN] DbBoards:127 - board STM32H747I-DISC1 has no document id list !
2021-11-18 10:43:18,902 [WARN] DbBoards:127 - board STM32H753I-EVAL2 has no document id list !
2021-11-18 10:43:18,902 [WARN] DbBoards:127 - board STM32L-DISCOVERY has no document id list !
2021-11-18 10:43:19,183 [ERROR] DbBoards:189 - Image file not found for board B-U585I-IOT02A: C:\ST\STM32CubeIDE_1.7.0\STM32CubeIDE\plugins\com.st.stm32cube.common.mx_6.3.0.202107141111\\db\/plugins/mcufinder/images/boards/B-U585I-IOT02A_small.jpg
2021-11-18 10:43:23,938 [INFO] ApiDb:251 - Load user favorites file C:\Users\kangm/.stm32cubeide/favorites.boards.txt: 0 item(s)
2021-11-18 10:43:23,938 [INFO] ApiDb:255 - User favorites Boards=[]
2021-11-18 10:43:23,938 [INFO] DbBoards:206 - Set 0 / 0 favorites Boards
2021-11-18 10:43:38,031 [INFO] MainUpdater:2671 - connection check result : 10
2021-11-18 10:43:38,046 [INFO] MainUpdater:2671 - connection check result : 10
2021-11-18 10:43:38,187 [INFO] MicroXplorer:448 - Change Database Path : 
2021-11-18 10:43:38,187 [INFO] MicroXplorer:478 - Change Database Version : DB.6.0.30
2021-11-18 10:43:38,187 [WARN] ThirdParty:813 - waiting for thirdparty lock release [close project]
2021-11-18 10:43:38,187 [INFO] ThirdParty:815 - entering critical section [close project]
2021-11-18 10:43:38,187 [INFO] ThirdParty:825 - exiting critical section [close project]
2021-11-18 10:43:38,203 [INFO] PinOutPanel:1463 - setPackage(No Configuration,No Configuration)
2021-11-18 10:43:38,203 [INFO] UtilMem:74 - Begin LoadConfig() Used Memory: 527737272 Bytes (818937856)
2021-11-18 10:43:38,203 [INFO] MicroXplorer:448 - Change Database Path : 
2021-11-18 10:43:38,218 [INFO] MicroXplorer:478 - Change Database Version : DB.6.0.30
2021-11-18 10:43:38,218 [INFO] OpenFileManager:313 - Change cursor
2021-11-18 10:43:45,116 [INFO] Context:592 - Trying to add GPIOservice into a context  which must be forbidden
2021-11-18 10:43:46,486 [WARN] ApiManager:304 - Cannot register API 'Board Extension:S2868A1' from pack STMicroelectronics.X-CUBE-SFXS2LP1.3.1.0: no header file found
2021-11-18 10:43:46,486 [WARN] ApiManager:304 - Cannot register API 'Board Extension:S2868A2' from pack STMicroelectronics.X-CUBE-SFXS2LP1.3.1.0: no header file found
2021-11-18 10:43:46,486 [WARN] ApiManager:304 - Cannot register API 'Board Extension:S2915A1' from pack STMicroelectronics.X-CUBE-SFXS2LP1.3.1.0: no header file found
2021-11-18 10:43:46,564 [WARN] ModelIntegratedComponent:60 - No mode defined for component null
2021-11-18 10:43:46,564 [WARN] ModelIntegratedComponent:60 - No mode defined for component null
2021-11-18 10:43:46,564 [WARN] ModelIntegratedComponent:60 - No mode defined for component null
2021-11-18 10:43:46,564 [WARN] ModelIntegratedComponent:60 - No mode defined for component null
2021-11-18 10:43:46,564 [WARN] ModelIntegratedComponent:60 - No mode defined for component null
2021-11-18 10:43:46,564 [WARN] ModelIntegratedComponent:60 - No mode defined for component null
2021-11-18 10:43:46,564 [WARN] ModelIntegratedComponent:60 - No mode defined for component null
2021-11-18 10:43:46,564 [WARN] ModelIntegratedComponent:60 - No mode defined for component null
2021-11-18 10:43:46,564 [WARN] ModelIntegratedComponent:60 - No mode defined for component null
2021-11-18 10:43:46,564 [WARN] ModelIntegratedComponent:60 - No mode defined for component null
2021-11-18 10:43:46,564 [WARN] ModelIntegratedComponent:60 - No mode defined for component null
2021-11-18 10:43:46,564 [WARN] ModelIntegratedComponent:60 - No mode defined for component null
2021-11-18 10:43:46,564 [WARN] ModelIntegratedComponent:60 - No mode defined for component null
2021-11-18 10:43:46,564 [WARN] ModelIntegratedComponent:60 - No mode defined for component null
2021-11-18 10:43:46,564 [WARN] ModelIntegratedComponent:60 - No mode defined for component null
2021-11-18 10:43:46,564 [WARN] ModelIntegratedComponent:60 - No mode defined for component null
2021-11-18 10:43:46,564 [WARN] ModelIntegratedComponent:60 - No mode defined for component null
2021-11-18 10:43:46,564 [WARN] ModelIntegratedComponent:60 - No mode defined for component null
2021-11-18 10:43:46,564 [WARN] ModelIntegratedComponent:60 - No mode defined for component null
2021-11-18 10:43:46,564 [WARN] ModelIntegratedComponent:60 - No mode defined for component null
2021-11-18 10:43:46,564 [WARN] ModelIntegratedComponent:60 - No mode defined for component null
2021-11-18 10:43:46,564 [WARN] ModelIntegratedComponent:60 - No mode defined for component null
2021-11-18 10:43:46,564 [WARN] ModelIntegratedComponent:60 - No mode defined for component null
2021-11-18 10:43:46,564 [WARN] ModelIntegratedComponent:60 - No mode defined for component null
2021-11-18 10:43:46,564 [WARN] ModelIntegratedComponent:60 - No mode defined for component null
2021-11-18 10:43:46,564 [WARN] ModelIntegratedComponent:60 - No mode defined for component null
2021-11-18 10:43:46,564 [WARN] ModelIntegratedComponent:60 - No mode defined for component null
2021-11-18 10:43:46,564 [WARN] ModelIntegratedComponent:60 - No mode defined for component null
2021-11-18 10:43:46,564 [WARN] ModelIntegratedComponent:60 - No mode defined for component null
2021-11-18 10:43:46,564 [WARN] ModelIntegratedComponent:60 - No mode defined for component null
2021-11-18 10:43:46,564 [WARN] ModelIntegratedComponent:60 - No mode defined for component null
2021-11-18 10:43:47,111 [WARN] ApiManager:304 - Cannot register API 'Board Extension:IKS01A3' from pack STMicroelectronics.X-CUBE-MEMS1.9.0.0: no header file found
2021-11-18 10:43:47,111 [WARN] ApiManager:304 - Cannot register API 'Board Extension:IKS01A2' from pack STMicroelectronics.X-CUBE-MEMS1.9.0.0: no header file found
2021-11-18 10:43:47,111 [WARN] ApiManager:304 - Cannot register API 'Board Extension:IKS02A1' from pack STMicroelectronics.X-CUBE-MEMS1.9.0.0: no header file found
2021-11-18 10:43:47,142 [WARN] ApiManager:304 - Cannot register API 'Board Extension:S2868A1' from pack STMicroelectronics.X-CUBE-SUBG2.4.2.0: no header file found
2021-11-18 10:43:47,142 [WARN] ApiManager:304 - Cannot register API 'Board Extension:S2868A2' from pack STMicroelectronics.X-CUBE-SUBG2.4.2.0: no header file found
2021-11-18 10:43:47,142 [WARN] ApiManager:304 - Cannot register API 'Board Extension:S2915A1' from pack STMicroelectronics.X-CUBE-SUBG2.4.2.0: no header file found
2021-11-18 10:43:47,642 [WARN] ApiManager:304 - Cannot register API 'Board Extension:IKS01A3' from pack STMicroelectronics.X-CUBE-MEMS1.9.1.0: no header file found
2021-11-18 10:43:47,642 [WARN] ApiManager:304 - Cannot register API 'Board Extension:IKS01A2' from pack STMicroelectronics.X-CUBE-MEMS1.9.1.0: no header file found
2021-11-18 10:43:47,642 [WARN] ApiManager:304 - Cannot register API 'Board Extension:IKS02A1' from pack STMicroelectronics.X-CUBE-MEMS1.9.1.0: no header file found
2021-11-18 10:43:47,673 [INFO] RtosManager:484 - Registered RTOS mode: class=CMSIS, group=RTOS, mode=CMSIS_V1, owner=FREERTOS
2021-11-18 10:43:47,673 [INFO] RtosManager:484 - Registered RTOS mode: class=CMSIS, group=RTOS2, mode=CMSIS_V2, owner=FREERTOS
2021-11-18 10:43:47,673 [INFO] RtosManager:484 - Registered RTOS mode: class=RTOS, group=Core, mode=CMSIS_V1, owner=FREERTOS
2021-11-18 10:43:47,673 [INFO] RtosManager:484 - Registered RTOS mode: class=RTOS, group=Core, mode=CMSIS_V2, owner=FREERTOS
2021-11-18 10:43:47,673 [WARN] ModelIntegratedComponent:181 - Missing modes for component STMicroelectronics:FreeRTOS:0.0.1:STMicroelectronics:RTOS:FreeRTOS:Core:::10.2.0:
2021-11-18 10:43:47,689 [WARN] ApiManager:304 - Cannot register API 'Board Extension:EEPRMA1' from pack STMicroelectronics.X-CUBE-EEPRMA1.3.1.0: no header file found
2021-11-18 10:43:47,689 [WARN] ApiManager:304 - Cannot register API 'Board Extension:EEPRMA2' from pack STMicroelectronics.X-CUBE-EEPRMA1.3.1.0: no header file found
2021-11-18 10:43:47,689 [WARN] ApiManager:304 - Cannot register API 'Board Extension:GNSS1A1' from pack STMicroelectronics.X-CUBE-GNSS1.5.2.0: no header file found
2021-11-18 10:43:47,689 [WARN] ApiManager:304 - Cannot register API 'Board Support:Custom' from pack STMicroelectronics.X-CUBE-GNSS1.5.2.0: no header file found
2021-11-18 10:43:47,689 [WARN] ApiManager:304 - Cannot register API 'Data Exchange:lib_gnss' from pack STMicroelectronics.X-CUBE-GNSS1.5.2.0: no header file found
2021-11-18 10:43:47,689 [WARN] ApiManager:304 - Cannot register API 'Wireless:BlueNRG-MS' from pack STMicroelectronics.X-CUBE-BLE1.6.2.1: no header file found
2021-11-18 10:43:47,689 [WARN] ApiManager:304 - Cannot register API 'Wireless:BlueNRG-MS' from pack STMicroelectronics.X-CUBE-BLE1.6.2.2: no header file found
2021-11-18 10:43:47,689 [WARN] ApiManager:304 - Cannot register API 'Wireless:BlueNRG-2' from pack STMicroelectronics.X-CUBE-BLE2.3.2.1: no header file found
2021-11-18 10:43:47,689 [WARN] ApiManager:304 - Cannot register API 'Wireless:BlueNRG-2' from pack STMicroelectronics.X-CUBE-BLE2.3.2.2: no header file found
2021-11-18 10:43:47,689 [WARN] ApiManager:304 - Cannot register API 'Board Extension:NFC04A1' from pack STMicroelectronics.X-CUBE-NFC4.2.0.3: no header file found
2021-11-18 10:43:54,090 [INFO] UtilMem:74 - End LoadConfig() Used Memory: 690841792 Bytes (818937856)
2021-11-18 10:43:54,105 [WARN] ThirdParty:779 - waiting for thirdparty lock release [change project]
2021-11-18 10:43:54,105 [INFO] ThirdParty:781 - entering critical section [change project]
2021-11-18 10:43:54,105 [INFO] ThirdParty:967 - CMSIS Pack Vendor :STMicroelectronics X-CUBE-SFXS2LP1 3.1.0
2021-11-18 10:43:54,105 [INFO] ThirdParty:967 - CMSIS Pack Vendor :RoweBots I-CUBE-UNISONRTOS 5.5.0-4
2021-11-18 10:43:54,105 [INFO] ThirdParty:967 - CMSIS Pack Vendor :STMicroelectronics X-CUBE-AZRTOS-F4 1.0.0
2021-11-18 10:43:54,105 [INFO] ThirdParty:967 - CMSIS Pack Vendor :STMicroelectronics USB_HOST 2.0.0
2021-11-18 10:43:54,105 [INFO] ThirdParty:967 - CMSIS Pack Vendor :STMicroelectronics X-CUBE-AZRTOS-H7 2.0.0
2021-11-18 10:43:54,105 [INFO] ThirdParty:967 - CMSIS Pack Vendor :STMicroelectronics X-CUBE-AZRTOS-L4 1.0.0
2021-11-18 10:43:54,105 [INFO] ThirdParty:967 - CMSIS Pack Vendor :STMicroelectronics USB_DEVICE 3.0.0
2021-11-18 10:43:54,105 [INFO] ThirdParty:967 - CMSIS Pack Vendor :STMicroelectronics X-CUBE-TOF1 2.0.0
2021-11-18 10:43:54,105 [INFO] ThirdParty:967 - CMSIS Pack Vendor :STMicroelectronics HAL Drivers 0.0.0
2021-11-18 10:43:54,105 [INFO] ThirdParty:967 - CMSIS Pack Vendor :STMicroelectronics MBEDTLS 2.16.2
2021-11-18 10:43:54,105 [INFO] ThirdParty:967 - CMSIS Pack Vendor :STMicroelectronics MBEDTLS 2.14.1
2021-11-18 10:43:54,105 [INFO] ThirdParty:967 - CMSIS Pack Vendor :STMicroelectronics X-CUBE-MEMS1 9.0.0
2021-11-18 10:43:54,105 [INFO] ThirdParty:967 - CMSIS Pack Vendor :STMicroelectronics X-CUBE-AZRTOS-H7 1.1.0
2021-11-18 10:43:54,105 [INFO] ThirdParty:967 - CMSIS Pack Vendor :STMicroelectronics X-CUBE-SUBG2 4.2.0
2021-11-18 10:43:54,105 [INFO] ThirdParty:967 - CMSIS Pack Vendor :STMicroelectronics X-CUBE-MEMS1 9.1.0
2021-11-18 10:43:54,105 [INFO] ThirdParty:967 - CMSIS Pack Vendor :STMicroelectronics X-CUBE-ALS 1.0.1
2021-11-18 10:43:54,105 [INFO] ThirdParty:967 - CMSIS Pack Vendor :STMicroelectronics USB_DEVICE 2.0.0
2021-11-18 10:43:54,105 [INFO] ThirdParty:967 - CMSIS Pack Vendor :STMicroelectronics X-CUBE-AI 7.0.0
2021-11-18 10:43:54,105 [INFO] ThirdParty:967 - CMSIS Pack Vendor :STMicroelectronics X-CUBE-ALGOBUILD 1.2.1
2021-11-18 10:43:54,105 [INFO] ThirdParty:967 - CMSIS Pack Vendor :STMicroelectronics X-CUBE-DISPLAY 1.0.0
2021-11-18 10:43:54,105 [INFO] ThirdParty:967 - CMSIS Pack Vendor :STMicroelectronics FreeRTOS 0.0.1
2021-11-18 10:43:54,105 [INFO] ThirdParty:967 - CMSIS Pack Vendor :STMicroelectronics USB_DEVICE 1.0.0
2021-11-18 10:43:54,105 [INFO] ThirdParty:967 - CMSIS Pack Vendor :SEGGER I-CUBE-embOS 1.2.0
2021-11-18 10:43:54,105 [INFO] ThirdParty:967 - CMSIS Pack Vendor :STMicroelectronics X-CUBE-EEPRMA1 3.1.0
2021-11-18 10:43:54,105 [INFO] ThirdParty:967 - CMSIS Pack Vendor :STMicroelectronics X-CUBE-GNSS1 5.2.0
2021-11-18 10:43:54,105 [INFO] ThirdParty:967 - CMSIS Pack Vendor :STMicroelectronics ThreadX 0.0.2
2021-11-18 10:43:54,105 [INFO] ThirdParty:967 - CMSIS Pack Vendor :STMicroelectronics lwIP 2.0.3
2021-11-18 10:43:54,105 [INFO] ThirdParty:967 - CMSIS Pack Vendor :STMicroelectronics lwIP 2.1.2
2021-11-18 10:43:54,105 [INFO] ThirdParty:967 - CMSIS Pack Vendor :STMicroelectronics X-CUBE-BLE1 6.2.1
2021-11-18 10:43:54,105 [INFO] ThirdParty:967 - CMSIS Pack Vendor :STMicroelectronics X-CUBE-BLE1 6.2.2
2021-11-18 10:43:54,105 [INFO] ThirdParty:967 - CMSIS Pack Vendor :STMicroelectronics X-CUBE-BLE2 3.2.1
2021-11-18 10:43:54,105 [INFO] ThirdParty:967 - CMSIS Pack Vendor :STMicroelectronics X-CUBE-BLE2 3.2.2
2021-11-18 10:43:54,105 [INFO] ThirdParty:967 - CMSIS Pack Vendor :STMicroelectronics X-CUBE-DISPLAY 2.0.0
2021-11-18 10:43:54,105 [INFO] ThirdParty:967 - CMSIS Pack Vendor :STMicroelectronics USB_HOST 1.0.0
2021-11-18 10:43:54,105 [INFO] ThirdParty:967 - CMSIS Pack Vendor :STMicroelectronics X-CUBE-NFC4 2.0.3
2021-11-18 10:43:54,105 [INFO] ThirdParty:967 - CMSIS Pack Vendor :wolfSSL I-CUBE-wolfSSL 4.8.0
2021-11-18 10:43:54,105 [INFO] ThirdParty:967 - CMSIS Pack Vendor :STMicroelectronics X-CUBE-TOUCHGFX 4.17.0
2021-11-18 10:43:54,105 [INFO] ThirdParty:967 - CMSIS Pack Vendor :STMicroelectronics PDM2PCM 3.1.0
2021-11-18 10:43:54,105 [INFO] ThirdParty:967 - CMSIS Pack Vendor :STMicroelectronics PDM2PCM 3.2.0
2021-11-18 10:43:54,105 [INFO] ThirdParty:967 - CMSIS Pack Vendor :STMicroelectronics PDM2PCM 3.3.0
2021-11-18 10:43:54,105 [INFO] ThirdParty:967 - CMSIS Pack Vendor :STMicroelectronics X-CUBE-TOUCHGFX 4.18.0
2021-11-18 10:43:54,105 [INFO] ThirdParty:787 - exiting critical section [change project]
2021-11-18 10:43:54,934 [INFO] PinOutPanel:1463 - setPackage(No Configuration,No Configuration)
2021-11-18 10:43:54,934 [INFO] PinOutPanel:1463 - setPackage(STM32F401RETx,LQFP64)
2021-11-18 10:43:56,168 [INFO] UtilMem:74 - Before build in PCC Used Memory: 673827584 Bytes (818937856)
2021-11-18 10:43:57,918 [INFO] UtilMem:74 - After build in PCC Used Memory: 572444672 Bytes (828375040)
2021-11-18 10:43:57,980 [INFO] IPUIPlugin:74 - create IPUIPlugin
2021-11-18 10:43:57,980 [INFO] IPUIPlugin:74 - create IPUIPlugin
2021-11-18 10:43:57,980 [INFO] IPUIPlugin:74 - create IPUIPlugin
2021-11-18 10:43:57,980 [INFO] IPUIPlugin:74 - create IPUIPlugin
2021-11-18 10:43:57,980 [INFO] IPUIPlugin:74 - create IPUIPlugin
2021-11-18 10:43:57,996 [INFO] IPUIPlugin:74 - create IPUIPlugin
2021-11-18 10:43:57,996 [INFO] IPUIPlugin:74 - create IPUIPlugin
2021-11-18 10:43:57,996 [INFO] IPUIPlugin:74 - create IPUIPlugin
2021-11-18 10:43:57,996 [INFO] IPUIPlugin:74 - create IPUIPlugin
2021-11-18 10:43:57,996 [INFO] IPUIPlugin:74 - create IPUIPlugin
2021-11-18 10:43:57,996 [INFO] IPUIPlugin:74 - create IPUIPlugin
2021-11-18 10:43:57,996 [INFO] IPUIPlugin:74 - create IPUIPlugin
2021-11-18 10:43:57,996 [INFO] IPUIPlugin:74 - create IPUIPlugin
2021-11-18 10:43:57,996 [INFO] IPUIPlugin:74 - create IPUIPlugin
2021-11-18 10:43:57,996 [INFO] IPUIPlugin:74 - create IPUIPlugin
2021-11-18 10:43:57,996 [INFO] IPUIPlugin:74 - create IPUIPlugin
2021-11-18 10:43:57,996 [INFO] IPUIPlugin:74 - create IPUIPlugin
2021-11-18 10:43:57,996 [INFO] IPUIPlugin:74 - create IPUIPlugin
2021-11-18 10:43:57,996 [INFO] IPUIPlugin:74 - create IPUIPlugin
2021-11-18 10:43:57,996 [INFO] IPUIPlugin:74 - create IPUIPlugin
2021-11-18 10:43:57,996 [INFO] IPUIPlugin:74 - create IPUIPlugin
2021-11-18 10:43:57,996 [INFO] IPUIPlugin:74 - create IPUIPlugin
2021-11-18 10:43:57,996 [INFO] IPUIPlugin:74 - create IPUIPlugin
2021-11-18 10:43:58,011 [INFO] IPUIPlugin:74 - create IPUIPlugin
2021-11-18 10:43:58,011 [INFO] IPUIPlugin:74 - create IPUIPlugin
2021-11-18 10:43:58,011 [INFO] IPUIPlugin:74 - create IPUIPlugin
2021-11-18 10:43:58,011 [INFO] IPUIPlugin:74 - create IPUIPlugin
2021-11-18 10:43:58,011 [INFO] IPUIPlugin:74 - create IPUIPlugin
2021-11-18 10:43:58,011 [INFO] IPUIPlugin:74 - create IPUIPlugin
2021-11-18 10:43:58,011 [INFO] IPUIPlugin:74 - create IPUIPlugin
2021-11-18 10:43:58,011 [INFO] IPUIPlugin:74 - create IPUIPlugin
2021-11-18 10:43:58,011 [INFO] IPUIPlugin:74 - create IPUIPlugin
2021-11-18 10:43:58,011 [INFO] IPUIPlugin:74 - create IPUIPlugin
2021-11-18 10:43:58,011 [INFO] IPUIPlugin:74 - create IPUIPlugin
2021-11-18 10:43:58,011 [INFO] IPUIPlugin:74 - create IPUIPlugin
2021-11-18 10:43:58,011 [INFO] IPUIPlugin:74 - create IPUIPlugin
2021-11-18 10:43:58,011 [INFO] IPUIPlugin:74 - create IPUIPlugin
2021-11-18 10:43:58,011 [INFO] IPUIPlugin:74 - create IPUIPlugin
2021-11-18 10:43:58,136 [INFO] ApiDbMcu:468 - Load IP Config File for PDM2PCM
2021-11-18 10:43:58,402 [INFO] OpenFileManager:333 - Restore cursor
2021-11-18 10:43:59,136 [INFO] UtilMem:74 - End SaveConfig() Used Memory: 669965112 Bytes (828375040)
2021-11-18 10:43:59,308 [INFO] UtilMem:74 - End SaveConfig() Used Memory: 688836608 Bytes (828375040)
2021-11-18 10:44:00,199 [INFO] BlockDiagram:2740 - set Specific Code input for plugin: NVIC
2021-11-18 10:44:00,199 [INFO] BlockDiagram:2740 - set Specific Code input for plugin: USART
2021-11-18 10:44:00,199 [INFO] BlockDiagram:2740 - set Specific Code input for plugin: SYS
2021-11-18 10:44:00,199 [INFO] BlockDiagram:2740 - set Specific Code input for plugin: GPIO
2021-11-18 10:44:00,199 [INFO] BlockDiagram:2740 - set Specific Code input for plugin: RCC
2021-11-18 10:44:00,199 [INFO] CodeGenerator:663 - code generatio: config db path: C:\ST\STM32CubeIDE_1.7.0\STM32CubeIDE\plugins\com.st.stm32cube.common.mx_6.3.0.202107141111\\db\
2021-11-18 10:44:01,324 [INFO] CodeEngine:239 - oldGeneratedFile, C:\02_My Project\01_MCU\Project\STM32F4_TEST\STM32F401\F401_UART\F401_UART_Test\MXTmpFiles\license.tmp_save
2021-11-18 10:44:02,136 [INFO] CodeEngine:257 - Generated code: C:\02_My Project\01_MCU\Project\STM32F4_TEST\STM32F401\F401_UART\F401_UART_Test\MXTmpFiles\license.tmp
2021-11-18 10:44:02,402 [INFO] CodeEngine:239 - oldGeneratedFile, C:\02_My Project\01_MCU\Project\STM32F4_TEST\STM32F401\F401_UART\F401_UART_Test\MXTmpFiles\gpio.tmp_save
2021-11-18 10:44:02,683 [INFO] CodeEngine:257 - Generated code: C:\02_My Project\01_MCU\Project\STM32F4_TEST\STM32F401\F401_UART\F401_UART_Test\MXTmpFiles\gpio.tmp
2021-11-18 10:44:03,105 [INFO] CodeEngine:239 - oldGeneratedFile, C:\02_My Project\01_MCU\Project\STM32F4_TEST\STM32F401\F401_UART\F401_UART_Test\Core\Src\stm32f4xx_it.c_save
2021-11-18 10:44:03,464 [INFO] CodeEngine:257 - Generated code: C:\02_My Project\01_MCU\Project\STM32F4_TEST\STM32F401\F401_UART\F401_UART_Test\Core\Src\stm32f4xx_it.c
2021-11-18 10:44:03,480 [INFO] CodeEngine:239 - oldGeneratedFile, C:\02_My Project\01_MCU\Project\STM32F4_TEST\STM32F401\F401_UART\F401_UART_Test\Core\Inc\stm32f4xx_it.h_save
2021-11-18 10:44:03,745 [INFO] CodeEngine:257 - Generated code: C:\02_My Project\01_MCU\Project\STM32F4_TEST\STM32F401\F401_UART\F401_UART_Test\Core\Inc\stm32f4xx_it.h
2021-11-18 10:44:03,792 [INFO] CodeEngine:239 - oldGeneratedFile, C:\02_My Project\01_MCU\Project\STM32F4_TEST\STM32F401\F401_UART\F401_UART_Test\Core\Src\stm32f4xx_hal_msp.c_save
2021-11-18 10:44:04,183 [INFO] CodeEngine:257 - Generated code: C:\02_My Project\01_MCU\Project\STM32F4_TEST\STM32F401\F401_UART\F401_UART_Test\Core\Src\stm32f4xx_hal_msp.c
2021-11-18 10:44:04,199 [INFO] CodeEngine:239 - oldGeneratedFile, C:\02_My Project\01_MCU\Project\STM32F4_TEST\STM32F401\F401_UART\F401_UART_Test\MXTmpFiles\system.tmp_save
2021-11-18 10:44:04,402 [INFO] CodeEngine:257 - Generated code: C:\02_My Project\01_MCU\Project\STM32F4_TEST\STM32F401\F401_UART\F401_UART_Test\MXTmpFiles\system.tmp
2021-11-18 10:44:04,448 [INFO] CodeEngine:239 - oldGeneratedFile, C:\02_My Project\01_MCU\Project\STM32F4_TEST\STM32F401\F401_UART\F401_UART_Test\Core\Inc\stm32f4xx_hal_conf.h_save
2021-11-18 10:44:04,761 [INFO] CodeEngine:257 - Generated code: C:\02_My Project\01_MCU\Project\STM32F4_TEST\STM32F401\F401_UART\F401_UART_Test\Core\Inc\stm32f4xx_hal_conf.h
2021-11-18 10:44:04,917 [INFO] CodeEngine:239 - oldGeneratedFile, C:\02_My Project\01_MCU\Project\STM32F4_TEST\STM32F401\F401_UART\F401_UART_Test\Core\Inc\main.h_save
2021-11-18 10:44:05,183 [INFO] CodeEngine:257 - Generated code: C:\02_My Project\01_MCU\Project\STM32F4_TEST\STM32F401\F401_UART\F401_UART_Test\Core\Inc\main.h
2021-11-18 10:44:05,230 [INFO] CodeEngine:239 - oldGeneratedFile, C:\02_My Project\01_MCU\Project\STM32F4_TEST\STM32F401\F401_UART\F401_UART_Test\Core\Src\main.c_save
2021-11-18 10:44:05,652 [INFO] CodeEngine:257 - Generated code: C:\02_My Project\01_MCU\Project\STM32F4_TEST\STM32F401\F401_UART\F401_UART_Test\Core\Src\main.c
2021-11-18 10:44:09,104 [INFO] ProjectBuilder:2578 - Time for Copy HAL[1] : 1031mS.
2021-11-18 10:44:09,120 [INFO] ProjectBuilder:3622 - Project Generator version: 3.14.1
2021-11-18 10:44:10,556 [INFO] ConfigFileManager:1271 - The Die is : DIE433
2021-11-18 10:44:10,603 [INFO] ApiDbMcu:468 - Load IP Config File for FATFS
2021-11-18 10:44:10,719 [INFO] ApiDbMcu:468 - Load IP Config File for FREERTOS
2021-11-18 10:44:10,750 [INFO] ApiDbMcu:468 - Load IP Config File for LIBJPEG
2021-11-18 10:44:10,891 [INFO] ApiDbMcu:468 - Load IP Config File for MBEDTLS
2021-11-18 10:44:11,000 [INFO] ApiDbMcu:468 - Load IP Config File for USB_DEVICE
2021-11-18 10:44:11,063 [INFO] ApiDbMcu:468 - Load IP Config File for USB_HOST
2021-11-18 10:44:23,009 [INFO] ProjectBuilder:3789 - Time for Generating toolchain IDE Files: 13889mS.
2021-11-18 10:44:23,009 [INFO] ProjectBuilder:2457 - Time for Copy CMSIS : 0mS.
2021-11-18 10:44:23,024 [INFO] ProjectBuilder:2457 - Time for Copy CMSIS : 0mS.
2021-11-18 10:44:24,118 [INFO] McuFinderGlobals:52 - Set McuFinderConnectedMode to true
2021-11-18 10:44:24,462 [INFO] ApiDb:276 - Save user favorites file C:\Users\kangm/.stm32cubeide/favorites.mcus.txt: 1 item(s)
2021-11-18 10:44:24,462 [INFO] ApiDb:280 - User favorites MCUs=[STM32F401RETx]
2021-11-18 10:44:34,797 [INFO] UtilMem:74 - End SaveConfig() Used Memory: 663783696 Bytes (924844032)
2021-11-18 10:44:35,781 [INFO] BlockDiagram:2740 - set Specific Code input for plugin: NVIC
2021-11-18 10:44:35,781 [INFO] BlockDiagram:2740 - set Specific Code input for plugin: USART
2021-11-18 10:44:35,781 [INFO] BlockDiagram:2740 - set Specific Code input for plugin: SYS
2021-11-18 10:44:35,781 [INFO] BlockDiagram:2740 - set Specific Code input for plugin: GPIO
2021-11-18 10:44:35,781 [INFO] BlockDiagram:2740 - set Specific Code input for plugin: RCC
2021-11-18 10:44:35,781 [INFO] CodeGenerator:663 - code generatio: config db path: C:\ST\STM32CubeIDE_1.7.0\STM32CubeIDE\plugins\com.st.stm32cube.common.mx_6.3.0.202107141111\\db\
2021-11-18 10:44:36,729 [INFO] CodeEngine:239 - oldGeneratedFile, C:\02_My Project\01_MCU\Project\STM32F4_TEST\STM32F401\F401_UART\F401_UART_Test\MXTmpFiles\license.tmp_save
2021-11-18 10:44:36,917 [INFO] CodeEngine:257 - Generated code: C:\02_My Project\01_MCU\Project\STM32F4_TEST\STM32F401\F401_UART\F401_UART_Test\MXTmpFiles\license.tmp
2021-11-18 10:44:37,010 [INFO] CodeEngine:239 - oldGeneratedFile, C:\02_My Project\01_MCU\Project\STM32F4_TEST\STM32F401\F401_UART\F401_UART_Test\MXTmpFiles\gpio.tmp_save
2021-11-18 10:44:37,182 [INFO] CodeEngine:257 - Generated code: C:\02_My Project\01_MCU\Project\STM32F4_TEST\STM32F401\F401_UART\F401_UART_Test\MXTmpFiles\gpio.tmp
2021-11-18 10:44:37,464 [INFO] CodeEngine:239 - oldGeneratedFile, C:\02_My Project\01_MCU\Project\STM32F4_TEST\STM32F401\F401_UART\F401_UART_Test\Core\Src\stm32f4xx_it.c_save
2021-11-18 10:44:37,714 [INFO] CodeEngine:257 - Generated code: C:\02_My Project\01_MCU\Project\STM32F4_TEST\STM32F401\F401_UART\F401_UART_Test\Core\Src\stm32f4xx_it.c
2021-11-18 10:44:37,729 [INFO] CodeEngine:239 - oldGeneratedFile, C:\02_My Project\01_MCU\Project\STM32F4_TEST\STM32F401\F401_UART\F401_UART_Test\Core\Inc\stm32f4xx_it.h_save
2021-11-18 10:44:37,917 [INFO] CodeEngine:257 - Generated code: C:\02_My Project\01_MCU\Project\STM32F4_TEST\STM32F401\F401_UART\F401_UART_Test\Core\Inc\stm32f4xx_it.h
2021-11-18 10:44:37,948 [INFO] CodeEngine:239 - oldGeneratedFile, C:\02_My Project\01_MCU\Project\STM32F4_TEST\STM32F401\F401_UART\F401_UART_Test\Core\Src\stm32f4xx_hal_msp.c_save
2021-11-18 10:44:38,245 [INFO] CodeEngine:257 - Generated code: C:\02_My Project\01_MCU\Project\STM32F4_TEST\STM32F401\F401_UART\F401_UART_Test\Core\Src\stm32f4xx_hal_msp.c
2021-11-18 10:44:38,260 [INFO] CodeEngine:239 - oldGeneratedFile, C:\02_My Project\01_MCU\Project\STM32F4_TEST\STM32F401\F401_UART\F401_UART_Test\MXTmpFiles\system.tmp_save
2021-11-18 10:44:38,463 [INFO] CodeEngine:257 - Generated code: C:\02_My Project\01_MCU\Project\STM32F4_TEST\STM32F401\F401_UART\F401_UART_Test\MXTmpFiles\system.tmp
2021-11-18 10:44:38,495 [INFO] CodeEngine:239 - oldGeneratedFile, C:\02_My Project\01_MCU\Project\STM32F4_TEST\STM32F401\F401_UART\F401_UART_Test\Core\Inc\stm32f4xx_hal_conf.h_save
2021-11-18 10:44:38,823 [INFO] CodeEngine:257 - Generated code: C:\02_My Project\01_MCU\Project\STM32F4_TEST\STM32F401\F401_UART\F401_UART_Test\Core\Inc\stm32f4xx_hal_conf.h
2021-11-18 10:44:38,963 [INFO] CodeEngine:239 - oldGeneratedFile, C:\02_My Project\01_MCU\Project\STM32F4_TEST\STM32F401\F401_UART\F401_UART_Test\Core\Inc\main.h_save
2021-11-18 10:44:39,245 [INFO] CodeEngine:257 - Generated code: C:\02_My Project\01_MCU\Project\STM32F4_TEST\STM32F401\F401_UART\F401_UART_Test\Core\Inc\main.h
2021-11-18 10:44:39,260 [INFO] CodeEngine:239 - oldGeneratedFile, C:\02_My Project\01_MCU\Project\STM32F4_TEST\STM32F401\F401_UART\F401_UART_Test\Core\Src\main.c_save
2021-11-18 10:44:39,635 [INFO] CodeEngine:257 - Generated code: C:\02_My Project\01_MCU\Project\STM32F4_TEST\STM32F401\F401_UART\F401_UART_Test\Core\Src\main.c
2021-11-18 10:44:42,229 [INFO] ProjectBuilder:2578 - Time for Copy HAL[1] : 375mS.
2021-11-18 10:44:42,229 [INFO] ProjectBuilder:3622 - Project Generator version: 3.14.1
2021-11-18 10:44:43,604 [INFO] ConfigFileManager:1271 - The Die is : DIE433
2021-11-18 10:44:48,798 [INFO] ProjectBuilder:3789 - Time for Generating toolchain IDE Files: 6569mS.
2021-11-18 10:44:48,798 [INFO] ProjectBuilder:2457 - Time for Copy CMSIS : 0mS.
2021-11-18 10:44:48,813 [INFO] ProjectBuilder:2457 - Time for Copy CMSIS : 0mS.
2021-11-18 10:52:37,483 [INFO] NvicIntPanel:96 - NVIC parent = com.st.microxplorer.plugins.ip.nvic.MultiNvicIntPanel[,0,0,0x0,invalid,layout=javax.swing.BoxLayout,alignmentX=0.0,alignmentY=0.0,border=,flags=9,maximumSize=,minimumSize=,preferredSize=]
2021-11-18 10:52:59,703 [INFO] UtilMem:74 - End SaveConfig() Used Memory: 382962424 Bytes (1019215872)
2021-11-18 10:53:01,375 [INFO] UtilMem:74 - End SaveConfig() Used Memory: 420711160 Bytes (1019215872)
2021-11-18 10:53:01,812 [INFO] UtilMem:74 - End SaveConfig() Used Memory: 447447800 Bytes (1019215872)
2021-11-18 10:53:02,603 [INFO] BlockDiagram:2740 - set Specific Code input for plugin: NVIC
2021-11-18 10:53:02,603 [INFO] BlockDiagram:2740 - set Specific Code input for plugin: USART
2021-11-18 10:53:02,603 [INFO] BlockDiagram:2740 - set Specific Code input for plugin: SYS
2021-11-18 10:53:02,618 [INFO] BlockDiagram:2740 - set Specific Code input for plugin: GPIO
2021-11-18 10:53:02,618 [INFO] BlockDiagram:2740 - set Specific Code input for plugin: RCC
2021-11-18 10:53:02,618 [INFO] CodeGenerator:663 - code generatio: config db path: C:\ST\STM32CubeIDE_1.7.0\STM32CubeIDE\plugins\com.st.stm32cube.common.mx_6.3.0.202107141111\\db\
2021-11-18 10:53:03,259 [INFO] CodeEngine:239 - oldGeneratedFile, C:\02_My Project\01_MCU\Project\STM32F4_TEST\STM32F401\F401_UART\F401_UART_Test\MXTmpFiles\license.tmp_save
2021-11-18 10:53:03,446 [INFO] CodeEngine:257 - Generated code: C:\02_My Project\01_MCU\Project\STM32F4_TEST\STM32F401\F401_UART\F401_UART_Test\MXTmpFiles\license.tmp
2021-11-18 10:53:03,525 [INFO] CodeEngine:239 - oldGeneratedFile, C:\02_My Project\01_MCU\Project\STM32F4_TEST\STM32F401\F401_UART\F401_UART_Test\MXTmpFiles\gpio.tmp_save
2021-11-18 10:53:03,712 [INFO] CodeEngine:257 - Generated code: C:\02_My Project\01_MCU\Project\STM32F4_TEST\STM32F401\F401_UART\F401_UART_Test\MXTmpFiles\gpio.tmp
2021-11-18 10:53:03,946 [INFO] CodeEngine:239 - oldGeneratedFile, C:\02_My Project\01_MCU\Project\STM32F4_TEST\STM32F401\F401_UART\F401_UART_Test\Core\Src\stm32f4xx_it.c_save
2021-11-18 10:53:04,196 [INFO] CodeEngine:257 - Generated code: C:\02_My Project\01_MCU\Project\STM32F4_TEST\STM32F401\F401_UART\F401_UART_Test\Core\Src\stm32f4xx_it.c
2021-11-18 10:53:04,212 [INFO] CodeEngine:239 - oldGeneratedFile, C:\02_My Project\01_MCU\Project\STM32F4_TEST\STM32F401\F401_UART\F401_UART_Test\Core\Inc\stm32f4xx_it.h_save
2021-11-18 10:53:04,384 [INFO] CodeEngine:257 - Generated code: C:\02_My Project\01_MCU\Project\STM32F4_TEST\STM32F401\F401_UART\F401_UART_Test\Core\Inc\stm32f4xx_it.h
2021-11-18 10:53:04,431 [INFO] CodeEngine:239 - oldGeneratedFile, C:\02_My Project\01_MCU\Project\STM32F4_TEST\STM32F401\F401_UART\F401_UART_Test\Core\Src\stm32f4xx_hal_msp.c_save
2021-11-18 10:53:04,946 [INFO] CodeEngine:257 - Generated code: C:\02_My Project\01_MCU\Project\STM32F4_TEST\STM32F401\F401_UART\F401_UART_Test\Core\Src\stm32f4xx_hal_msp.c
2021-11-18 10:53:04,962 [INFO] CodeEngine:239 - oldGeneratedFile, C:\02_My Project\01_MCU\Project\STM32F4_TEST\STM32F401\F401_UART\F401_UART_Test\MXTmpFiles\system.tmp_save
2021-11-18 10:53:05,118 [INFO] CodeEngine:257 - Generated code: C:\02_My Project\01_MCU\Project\STM32F4_TEST\STM32F401\F401_UART\F401_UART_Test\MXTmpFiles\system.tmp
2021-11-18 10:53:05,165 [INFO] CodeEngine:239 - oldGeneratedFile, C:\02_My Project\01_MCU\Project\STM32F4_TEST\STM32F401\F401_UART\F401_UART_Test\Core\Inc\stm32f4xx_hal_conf.h_save
2021-11-18 10:53:05,399 [INFO] CodeEngine:257 - Generated code: C:\02_My Project\01_MCU\Project\STM32F4_TEST\STM32F401\F401_UART\F401_UART_Test\Core\Inc\stm32f4xx_hal_conf.h
2021-11-18 10:53:05,524 [INFO] CodeEngine:239 - oldGeneratedFile, C:\02_My Project\01_MCU\Project\STM32F4_TEST\STM32F401\F401_UART\F401_UART_Test\Core\Inc\main.h_save
2021-11-18 10:53:05,712 [INFO] CodeEngine:257 - Generated code: C:\02_My Project\01_MCU\Project\STM32F4_TEST\STM32F401\F401_UART\F401_UART_Test\Core\Inc\main.h
2021-11-18 10:53:05,728 [INFO] CodeEngine:239 - oldGeneratedFile, C:\02_My Project\01_MCU\Project\STM32F4_TEST\STM32F401\F401_UART\F401_UART_Test\Core\Src\main.c_save
2021-11-18 10:53:06,024 [INFO] CodeEngine:257 - Generated code: C:\02_My Project\01_MCU\Project\STM32F4_TEST\STM32F401\F401_UART\F401_UART_Test\Core\Src\main.c
2021-11-18 10:53:08,206 [INFO] ProjectBuilder:2578 - Time for Copy HAL[1] : 391mS.
2021-11-18 10:53:08,206 [INFO] ProjectBuilder:3622 - Project Generator version: 3.14.1
2021-11-18 10:53:09,096 [INFO] ConfigFileManager:1271 - The Die is : DIE433
2021-11-18 10:53:14,247 [INFO] ProjectBuilder:3789 - Time for Generating toolchain IDE Files: 6041mS.
2021-11-18 10:53:14,262 [INFO] ProjectBuilder:2457 - Time for Copy CMSIS : 15mS.
2021-11-18 10:53:14,262 [INFO] ProjectBuilder:2457 - Time for Copy CMSIS : 0mS.
2021-11-18 12:45:50,740 [INFO] Activator:177 - 


2021-11-18 12:45:50,740 [INFO] Activator:178 - !SESSION log4j initialized
2021-11-19 13:00:28,797 [INFO] Activator:177 - 


2021-11-19 13:00:28,797 [INFO] Activator:178 - !SESSION log4j initialized
