12:40:53 **** Incremental Build of configuration Debug for project F401_TIM_Toggle ****
make -j4 all 
arm-none-eabi-gcc "../Drivers/STM32F4xx_HAL_Driver/Src/stm32f4xx_hal_timebase_rtc_alarm_template.c" -mcpu=cortex-m4 -std=gnu11 -g3 -DDEBUG -DUSE_HAL_DRIVER -DSTM32F401xE -c -I../Core/Inc -I../Drivers/STM32F4xx_HAL_Driver/Inc -I../Drivers/STM32F4xx_HAL_Driver/Inc/Legacy -I../Drivers/CMSIS/Device/ST/STM32F4xx/Include -I../Drivers/CMSIS/Include -O0 -ffunction-sections -fdata-sections -Wall -fstack-usage -MMD -MP -MF"Drivers/STM32F4xx_HAL_Driver/Src/stm32f4xx_hal_timebase_rtc_alarm_template.d" -MT"Drivers/STM32F4xx_HAL_Driver/Src/stm32f4xx_hal_timebase_rtc_alarm_template.o" --specs=nano.specs -mfpu=fpv4-sp-d16 -mfloat-abi=hard -mthumb -o "Drivers/STM32F4xx_HAL_Driver/Src/stm32f4xx_hal_timebase_rtc_alarm_template.o"
arm-none-eabi-gcc "../Drivers/STM32F4xx_HAL_Driver/Src/stm32f4xx_hal_timebase_rtc_wakeup_template.c" -mcpu=cortex-m4 -std=gnu11 -g3 -DDEBUG -DUSE_HAL_DRIVER -DSTM32F401xE -c -I../Core/Inc -I../Drivers/STM32F4xx_HAL_Driver/Inc -I../Drivers/STM32F4xx_HAL_Driver/Inc/Legacy -I../Drivers/CMSIS/Device/ST/STM32F4xx/Include -I../Drivers/CMSIS/Include -O0 -ffunction-sections -fdata-sections -Wall -fstack-usage -MMD -MP -MF"Drivers/STM32F4xx_HAL_Driver/Src/stm32f4xx_hal_timebase_rtc_wakeup_template.d" -MT"Drivers/STM32F4xx_HAL_Driver/Src/stm32f4xx_hal_timebase_rtc_wakeup_template.o" --specs=nano.specs -mfpu=fpv4-sp-d16 -mfloat-abi=hard -mthumb -o "Drivers/STM32F4xx_HAL_Driver/Src/stm32f4xx_hal_timebase_rtc_wakeup_template.o"
arm-none-eabi-gcc "../Drivers/STM32F4xx_HAL_Driver/Src/stm32f4xx_hal_timebase_tim_template.c" -mcpu=cortex-m4 -std=gnu11 -g3 -DDEBUG -DUSE_HAL_DRIVER -DSTM32F401xE -c -I../Core/Inc -I../Drivers/STM32F4xx_HAL_Driver/Inc -I../Drivers/STM32F4xx_HAL_Driver/Inc/Legacy -I../Drivers/CMSIS/Device/ST/STM32F4xx/Include -I../Drivers/CMSIS/Include -O0 -ffunction-sections -fdata-sections -Wall -fstack-usage -MMD -MP -MF"Drivers/STM32F4xx_HAL_Driver/Src/stm32f4xx_hal_timebase_tim_template.d" -MT"Drivers/STM32F4xx_HAL_Driver/Src/stm32f4xx_hal_timebase_tim_template.o" --specs=nano.specs -mfpu=fpv4-sp-d16 -mfloat-abi=hard -mthumb -o "Drivers/STM32F4xx_HAL_Driver/Src/stm32f4xx_hal_timebase_tim_template.o"
arm-none-eabi-gcc "../Drivers/STM32F4xx_HAL_Driver/Src/stm32f4xx_hal_uart.c" -mcpu=cortex-m4 -std=gnu11 -g3 -DDEBUG -DUSE_HAL_DRIVER -DSTM32F401xE -c -I../Core/Inc -I../Drivers/STM32F4xx_HAL_Driver/Inc -I../Drivers/STM32F4xx_HAL_Driver/Inc/Legacy -I../Drivers/CMSIS/Device/ST/STM32F4xx/Include -I../Drivers/CMSIS/Include -O0 -ffunction-sections -fdata-sections -Wall -fstack-usage -MMD -MP -MF"Drivers/STM32F4xx_HAL_Driver/Src/stm32f4xx_hal_uart.d" -MT"Drivers/STM32F4xx_HAL_Driver/Src/stm32f4xx_hal_uart.o" --specs=nano.specs -mfpu=fpv4-sp-d16 -mfloat-abi=hard -mthumb -o "Drivers/STM32F4xx_HAL_Driver/Src/stm32f4xx_hal_uart.o"
../Drivers/STM32F4xx_HAL_Driver/Src/stm32f4xx_hal_timebase_rtc_wakeup_template.c:82:1: error: unknown type name 'RTC_HandleTypeDef'; did you mean 'TIM_HandleTypeDef'?
   82 | RTC_HandleTypeDef        hRTC_Handle;
      | ^~~~~~~~~~~~~~~~~
      | TIM_HandleTypeDef
../Drivers/STM32F4xx_HAL_Driver/Src/stm32f4xx_hal_timebase_rtc_wakeup_template.c: In function 'HAL_InitTick':
../Drivers/STM32F4xx_HAL_Driver/Src/stm32f4xx_hal_timebase_rtc_wakeup_template.c:155:16: error: request for member 'Instance' in something not a structure or union
  155 |     hRTC_Handle.Instance = RTC;
      |                ^
../Drivers/STM32F4xx_HAL_Driver/Src/stm32f4xx_hal_timebase_rtc_wakeup_template.c:156:16: error: request for member 'Init' in something not a structure or union
  156 |     hRTC_Handle.Init.HourFormat = RTC_HOURFORMAT_24;
      |                ^
../Drivers/STM32F4xx_HAL_Driver/Src/stm32f4xx_hal_timebase_rtc_wakeup_template.c:156:35: error: 'RTC_HOURFORMAT_24' undeclared (first use in this function)
  156 |     hRTC_Handle.Init.HourFormat = RTC_HOURFORMAT_24;
      |                                   ^~~~~~~~~~~~~~~~~
../Drivers/STM32F4xx_HAL_Driver/Src/stm32f4xx_hal_timebase_rtc_wakeup_template.c:156:35: note: each undeclared identifier is reported only once for each function it appears in
../Drivers/STM32F4xx_HAL_Driver/Src/stm32f4xx_hal_timebase_rtc_wakeup_template.c:157:16: error: request for member 'Init' in something not a structure or union
  157 |     hRTC_Handle.Init.AsynchPrediv = RTC_ASYNCH_PREDIV;
      |                ^
../Drivers/STM32F4xx_HAL_Driver/Src/stm32f4xx_hal_timebase_rtc_wakeup_template.c:158:16: error: request for member 'Init' in something not a structure or union
  158 |     hRTC_Handle.Init.SynchPrediv = RTC_SYNCH_PREDIV;
      |                ^
../Drivers/STM32F4xx_HAL_Driver/Src/stm32f4xx_hal_timebase_rtc_wakeup_template.c:159:16: error: request for member 'Init' in something not a structure or union
  159 |     hRTC_Handle.Init.OutPut = RTC_OUTPUT_DISABLE;
      |                ^
../Drivers/STM32F4xx_HAL_Driver/Src/stm32f4xx_hal_timebase_rtc_wakeup_template.c:159:31: error: 'RTC_OUTPUT_DISABLE' undeclared (first use in this function)
  159 |     hRTC_Handle.Init.OutPut = RTC_OUTPUT_DISABLE;
      |                               ^~~~~~~~~~~~~~~~~~
../Drivers/STM32F4xx_HAL_Driver/Src/stm32f4xx_hal_timebase_rtc_wakeup_template.c:160:16: error: request for member 'Init' in something not a structure or union
  160 |     hRTC_Handle.Init.OutPutPolarity = RTC_OUTPUT_POLARITY_HIGH;
      |                ^
../Drivers/STM32F4xx_HAL_Driver/Src/stm32f4xx_hal_timebase_tim_template.c: In function 'HAL_InitTick':
../Drivers/STM32F4xx_HAL_Driver/Src/stm32f4xx_hal_timebase_tim_template.c:64:3: warning: implicit declaration of function '__HAL_RCC_TIM6_CLK_ENABLE'; did you mean 'HAL_RCC_MODULE_ENABLED'? [-Wimplicit-function-declaration]
   64 |   __HAL_RCC_TIM6_CLK_ENABLE();
      |   ^~~~~~~~~~~~~~~~~~~~~~~~~
      |   HAL_RCC_MODULE_ENABLED
../Drivers/STM32F4xx_HAL_Driver/Src/stm32f4xx_hal_timebase_tim_template.c:86:24: error: 'TIM6' undeclared (first use in this function); did you mean 'TIM1'?
   86 |   TimHandle.Instance = TIM6;
      |                        ^~~~
      |                        TIM1
../Drivers/STM32F4xx_HAL_Driver/Src/stm32f4xx_hal_timebase_tim_template.c:86:24: note: each undeclared identifier is reported only once for each function it appears in
../Drivers/STM32F4xx_HAL_Driver/Src/stm32f4xx_hal_timebase_tim_template.c:107:26: error: 'TIM6_DAC_IRQn' undeclared (first use in this function); did you mean 'TIM1_CC_IRQn'?
  107 |       HAL_NVIC_EnableIRQ(TIM6_DAC_IRQn);
      |                          ^~~~~~~~~~~~~
      |                          TIM1_CC_IRQn
../Drivers/STM32F4xx_HAL_Driver/Src/stm32f4xx_hal_timebase_rtc_wakeup_template.c:160:39: error: 'RTC_OUTPUT_POLARITY_HIGH' undeclared (first use in this function)
  160 |     hRTC_Handle.Init.OutPutPolarity = RTC_OUTPUT_POLARITY_HIGH;
      |                                       ^~~~~~~~~~~~~~~~~~~~~~~~
../Drivers/STM32F4xx_HAL_Driver/Src/stm32f4xx_hal_timebase_rtc_wakeup_template.c:161:16: error: request for member 'Init' in something not a structure or union
  161 |     hRTC_Handle.Init.OutPutType = RTC_OUTPUT_TYPE_OPENDRAIN;
      |                ^
../Drivers/STM32F4xx_HAL_Driver/Src/stm32f4xx_hal_timebase_rtc_alarm_template.c:81:1: error: unknown type name 'RTC_HandleTypeDef'; did you mean 'TIM_HandleTypeDef'?
   81 | RTC_HandleTypeDef        hRTC_Handle;
      | ^~~~~~~~~~~~~~~~~
      | TIM_HandleTypeDef
../Drivers/STM32F4xx_HAL_Driver/Src/stm32f4xx_hal_timebase_rtc_alarm_template.c: In function 'HAL_InitTick':
../Drivers/STM32F4xx_HAL_Driver/Src/stm32f4xx_hal_timebase_rtc_alarm_template.c:148:16: error: request for member 'Instance' in something not a structure or union
  148 |     hRTC_Handle.Instance = RTC;
      |                ^
../Drivers/STM32F4xx_HAL_Driver/Src/stm32f4xx_hal_timebase_rtc_alarm_template.c:149:16: error: request for member 'Init' in something not a structure or union
  149 |     hRTC_Handle.Init.HourFormat = RTC_HOURFORMAT_24;
      |                ^
../Drivers/STM32F4xx_HAL_Driver/Src/stm32f4xx_hal_timebase_rtc_alarm_template.c:149:35: error: 'RTC_HOURFORMAT_24' undeclared (first use in this function)
  149 |     hRTC_Handle.Init.HourFormat = RTC_HOURFORMAT_24;
      |                                   ^~~~~~~~~~~~~~~~~
../Drivers/STM32F4xx_HAL_Driver/Src/stm32f4xx_hal_timebase_rtc_alarm_template.c:149:35: note: each undeclared identifier is reported only once for each function it appears in
../Drivers/STM32F4xx_HAL_Driver/Src/stm32f4xx_hal_timebase_rtc_alarm_template.c:150:16: error: request for member 'Init' in something not a structure or union
  150 |     hRTC_Handle.Init.AsynchPrediv = RTC_ASYNCH_PREDIV;
      |                ^
../Drivers/STM32F4xx_HAL_Driver/Src/stm32f4xx_hal_timebase_rtc_alarm_template.c:151:16: error: request for member 'Init' in something not a structure or union
  151 |     hRTC_Handle.Init.SynchPrediv = RTC_SYNCH_PREDIV;
      |                ^
../Drivers/STM32F4xx_HAL_Driver/Src/stm32f4xx_hal_timebase_rtc_alarm_template.c:152:16: error: request for member 'Init' in something not a structure or union
  152 |     hRTC_Handle.Init.OutPut = RTC_OUTPUT_DISABLE;
      |                ^
../Drivers/STM32F4xx_HAL_Driver/Src/stm32f4xx_hal_timebase_rtc_wakeup_template.c:161:35: error: 'RTC_OUTPUT_TYPE_OPENDRAIN' undeclared (first use in this function)
  161 |     hRTC_Handle.Init.OutPutType = RTC_OUTPUT_TYPE_OPENDRAIN;
      |                                   ^~~~~~~~~~~~~~~~~~~~~~~~~
../Drivers/STM32F4xx_HAL_Driver/Src/stm32f4xx_hal_timebase_rtc_wakeup_template.c:162:14: warning: implicit declaration of function 'HAL_RTC_Init'; did you mean 'HAL_DMA_Init'? [-Wimplicit-function-declaration]
  162 |     status = HAL_RTC_Init(&hRTC_Handle);
      |              ^~~~~~~~~~~~
      |              HAL_DMA_Init
../Drivers/STM32F4xx_HAL_Driver/Src/stm32f4xx_hal_timebase_rtc_alarm_template.c:152:31: error: 'RTC_OUTPUT_DISABLE' undeclared (first use in this function)
  152 |     hRTC_Handle.Init.OutPut = RTC_OUTPUT_DISABLE;
      |                               ^~~~~~~~~~~~~~~~~~
../Drivers/STM32F4xx_HAL_Driver/Src/stm32f4xx_hal_timebase_rtc_alarm_template.c:153:16: error: request for member 'Init' in something not a structure or union
  153 |     hRTC_Handle.Init.OutPutPolarity = RTC_OUTPUT_POLARITY_HIGH;
      |                ^
../Drivers/STM32F4xx_HAL_Driver/Src/stm32f4xx_hal_timebase_rtc_wakeup_template.c:167:5: warning: implicit declaration of function '__HAL_RTC_WRITEPROTECTION_DISABLE' [-Wimplicit-function-declaration]
  167 |     __HAL_RTC_WRITEPROTECTION_DISABLE(&hRTC_Handle);
      |     ^~~~~~~~~~~~~~~~~~~~~~~~~~~~~~~~~
../Drivers/STM32F4xx_HAL_Driver/Src/stm32f4xx_hal_timebase_rtc_alarm_template.c:153:39: error: 'RTC_OUTPUT_POLARITY_HIGH' undeclared (first use in this function)
  153 |     hRTC_Handle.Init.OutPutPolarity = RTC_OUTPUT_POLARITY_HIGH;
      |                                       ^~~~~~~~~~~~~~~~~~~~~~~~
../Drivers/STM32F4xx_HAL_Driver/Src/stm32f4xx_hal_timebase_rtc_alarm_template.c:154:16: error: request for member 'Init' in something not a structure or union
  154 |     hRTC_Handle.Init.OutPutType = RTC_OUTPUT_TYPE_OPENDRAIN;
      |                ^
../Drivers/STM32F4xx_HAL_Driver/Src/stm32f4xx_hal_timebase_rtc_wakeup_template.c:170:5: warning: implicit declaration of function '__HAL_RTC_WAKEUPTIMER_DISABLE' [-Wimplicit-function-declaration]
  170 |     __HAL_RTC_WAKEUPTIMER_DISABLE(&hRTC_Handle);
      |     ^~~~~~~~~~~~~~~~~~~~~~~~~~~~~
../Drivers/STM32F4xx_HAL_Driver/Src/stm32f4xx_hal_timebase_rtc_alarm_template.c:154:35: error: 'RTC_OUTPUT_TYPE_OPENDRAIN' undeclared (first use in this function)
  154 |     hRTC_Handle.Init.OutPutType = RTC_OUTPUT_TYPE_OPENDRAIN;
      |                                   ^~~~~~~~~~~~~~~~~~~~~~~~~
make: *** [Drivers/STM32F4xx_HAL_Driver/Src/subdir.mk:298: Drivers/STM32F4xx_HAL_Driver/Src/stm32f4xx_hal_timebase_tim_template.o] Error 1
make: *** Waiting for unfinished jobs....
../Drivers/STM32F4xx_HAL_Driver/Src/stm32f4xx_hal_timebase_rtc_alarm_template.c:155:14: warning: implicit declaration of function 'HAL_RTC_Init'; did you mean 'HAL_DMA_Init'? [-Wimplicit-function-declaration]
  155 |     status = HAL_RTC_Init(&hRTC_Handle);
      |              ^~~~~~~~~~~~
      |              HAL_DMA_Init
../Drivers/STM32F4xx_HAL_Driver/Src/stm32f4xx_hal_timebase_rtc_wakeup_template.c:173:5: warning: implicit declaration of function '__HAL_RTC_WAKEUPTIMER_DISABLE_IT' [-Wimplicit-function-declaration]
  173 |     __HAL_RTC_WAKEUPTIMER_DISABLE_IT(&hRTC_Handle, RTC_IT_WUT);
      |     ^~~~~~~~~~~~~~~~~~~~~~~~~~~~~~~~
../Drivers/STM32F4xx_HAL_Driver/Src/stm32f4xx_hal_timebase_rtc_wakeup_template.c:173:52: error: 'RTC_IT_WUT' undeclared (first use in this function); did you mean 'RTC_CR_WUTE'?
  173 |     __HAL_RTC_WAKEUPTIMER_DISABLE_IT(&hRTC_Handle, RTC_IT_WUT);
      |                                                    ^~~~~~~~~~
      |                                                    RTC_CR_WUTE
../Drivers/STM32F4xx_HAL_Driver/Src/stm32f4xx_hal_timebase_rtc_alarm_template.c:160:5: warning: implicit declaration of function '__HAL_RTC_WRITEPROTECTION_DISABLE' [-Wimplicit-function-declaration]
  160 |     __HAL_RTC_WRITEPROTECTION_DISABLE(&hRTC_Handle);
      |     ^~~~~~~~~~~~~~~~~~~~~~~~~~~~~~~~~
../Drivers/STM32F4xx_HAL_Driver/Src/stm32f4xx_hal_timebase_rtc_wakeup_template.c:176:12: warning: implicit declaration of function '__HAL_RTC_WAKEUPTIMER_GET_FLAG' [-Wimplicit-function-declaration]
  176 |     while (__HAL_RTC_WAKEUPTIMER_GET_FLAG(&hRTC_Handle, RTC_FLAG_WUTWF) == RESET)
      |            ^~~~~~~~~~~~~~~~~~~~~~~~~~~~~~
../Drivers/STM32F4xx_HAL_Driver/Src/stm32f4xx_hal_timebase_rtc_wakeup_template.c:176:57: error: 'RTC_FLAG_WUTWF' undeclared (first use in this function); did you mean 'RTC_ISR_WUTWF'?
  176 |     while (__HAL_RTC_WAKEUPTIMER_GET_FLAG(&hRTC_Handle, RTC_FLAG_WUTWF) == RESET)
      |                                                         ^~~~~~~~~~~~~~
      |                                                         RTC_ISR_WUTWF
../Drivers/STM32F4xx_HAL_Driver/Src/stm32f4xx_hal_timebase_rtc_alarm_template.c:163:5: warning: implicit declaration of function '__HAL_RTC_ALARMA_DISABLE' [-Wimplicit-function-declaration]
  163 |     __HAL_RTC_ALARMA_DISABLE(&hRTC_Handle);
      |     ^~~~~~~~~~~~~~~~~~~~~~~~
../Drivers/STM32F4xx_HAL_Driver/Src/stm32f4xx_hal_timebase_rtc_wakeup_template.c:190:5: warning: implicit declaration of function '__HAL_RTC_WAKEUPTIMER_CLEAR_FLAG' [-Wimplicit-function-declaration]
  190 |     __HAL_RTC_WAKEUPTIMER_CLEAR_FLAG(&hRTC_Handle, RTC_FLAG_WUTF);
      |     ^~~~~~~~~~~~~~~~~~~~~~~~~~~~~~~~
../Drivers/STM32F4xx_HAL_Driver/Src/stm32f4xx_hal_timebase_rtc_wakeup_template.c:190:52: error: 'RTC_FLAG_WUTF' undeclared (first use in this function); did you mean 'RTC_ISR_WUTF'?
  190 |     __HAL_RTC_WAKEUPTIMER_CLEAR_FLAG(&hRTC_Handle, RTC_FLAG_WUTF);
      |                                                    ^~~~~~~~~~~~~
      |                                                    RTC_ISR_WUTF
../Drivers/STM32F4xx_HAL_Driver/Src/stm32f4xx_hal_timebase_rtc_wakeup_template.c:193:16: error: request for member 'Instance' in something not a structure or union
  193 |     hRTC_Handle.Instance->WUTR = 0U;
      |                ^
../Drivers/STM32F4xx_HAL_Driver/Src/stm32f4xx_hal_timebase_rtc_wakeup_template.c:196:16: error: request for member 'Instance' in something not a structure or union
  196 |     hRTC_Handle.Instance->CR &= (uint32_t)~RTC_CR_WUCKSEL;
      |                ^
../Drivers/STM32F4xx_HAL_Driver/Src/stm32f4xx_hal_timebase_rtc_wakeup_template.c:199:16: error: request for member 'Instance' in something not a structure or union
  199 |     hRTC_Handle.Instance->CR |= (uint32_t)RTC_WAKEUPCLOCK_CK_SPRE_16BITS;
      |                ^
../Drivers/STM32F4xx_HAL_Driver/Src/stm32f4xx_hal_timebase_rtc_wakeup_template.c:199:43: error: 'RTC_WAKEUPCLOCK_CK_SPRE_16BITS' undeclared (first use in this function)
  199 |     hRTC_Handle.Instance->CR |= (uint32_t)RTC_WAKEUPCLOCK_CK_SPRE_16BITS;
      |                                           ^~~~~~~~~~~~~~~~~~~~~~~~~~~~~~
../Drivers/STM32F4xx_HAL_Driver/Src/stm32f4xx_hal_timebase_rtc_alarm_template.c:166:5: warning: implicit declaration of function '__HAL_RTC_ALARM_CLEAR_FLAG' [-Wimplicit-function-declaration]
  166 |     __HAL_RTC_ALARM_CLEAR_FLAG(&hRTC_Handle, RTC_FLAG_ALRAF);
      |     ^~~~~~~~~~~~~~~~~~~~~~~~~~
../Drivers/STM32F4xx_HAL_Driver/Src/stm32f4xx_hal_timebase_rtc_alarm_template.c:166:46: error: 'RTC_FLAG_ALRAF' undeclared (first use in this function); did you mean 'RTC_ISR_ALRAF'?
  166 |     __HAL_RTC_ALARM_CLEAR_FLAG(&hRTC_Handle, RTC_FLAG_ALRAF);
      |                                              ^~~~~~~~~~~~~~
      |                                              RTC_ISR_ALRAF
../Drivers/STM32F4xx_HAL_Driver/Src/stm32f4xx_hal_timebase_rtc_wakeup_template.c:202:5: warning: implicit declaration of function '__HAL_RTC_WAKEUPTIMER_EXTI_ENABLE_IT' [-Wimplicit-function-declaration]
  202 |     __HAL_RTC_WAKEUPTIMER_EXTI_ENABLE_IT();
      |     ^~~~~~~~~~~~~~~~~~~~~~~~~~~~~~~~~~~~
../Drivers/STM32F4xx_HAL_Driver/Src/stm32f4xx_hal_timebase_rtc_wakeup_template.c:204:5: warning: implicit declaration of function '__HAL_RTC_WAKEUPTIMER_EXTI_ENABLE_RISING_EDGE' [-Wimplicit-function-declaration]
  204 |     __HAL_RTC_WAKEUPTIMER_EXTI_ENABLE_RISING_EDGE();
      |     ^~~~~~~~~~~~~~~~~~~~~~~~~~~~~~~~~~~~~~~~~~~~~
../Drivers/STM32F4xx_HAL_Driver/Src/stm32f4xx_hal_timebase_rtc_wakeup_template.c:207:5: warning: implicit declaration of function '__HAL_RTC_WAKEUPTIMER_ENABLE_IT' [-Wimplicit-function-declaration]
  207 |     __HAL_RTC_WAKEUPTIMER_ENABLE_IT(&hRTC_Handle,RTC_IT_WUT);
      |     ^~~~~~~~~~~~~~~~~~~~~~~~~~~~~~~
../Drivers/STM32F4xx_HAL_Driver/Src/stm32f4xx_hal_timebase_rtc_alarm_template.c:170:12: warning: implicit declaration of function '__HAL_RTC_ALARM_GET_FLAG' [-Wimplicit-function-declaration]
  170 |     while (__HAL_RTC_ALARM_GET_FLAG(&hRTC_Handle, RTC_FLAG_ALRAWF) == RESET)
      |            ^~~~~~~~~~~~~~~~~~~~~~~~
../Drivers/STM32F4xx_HAL_Driver/Src/stm32f4xx_hal_timebase_rtc_alarm_template.c:170:51: error: 'RTC_FLAG_ALRAWF' undeclared (first use in this function); did you mean 'RTC_ISR_ALRAWF'?
  170 |     while (__HAL_RTC_ALARM_GET_FLAG(&hRTC_Handle, RTC_FLAG_ALRAWF) == RESET)
      |                                                   ^~~~~~~~~~~~~~~
      |                                                   RTC_ISR_ALRAWF
../Drivers/STM32F4xx_HAL_Driver/Src/stm32f4xx_hal_timebase_rtc_alarm_template.c:180:16: error: request for member 'Instance' in something not a structure or union
  180 |     hRTC_Handle.Instance->ALRMAR = (uint32_t)0x01U;
      |                ^
../Drivers/STM32F4xx_HAL_Driver/Src/stm32f4xx_hal_timebase_rtc_wakeup_template.c:210:5: warning: implicit declaration of function '__HAL_RTC_WAKEUPTIMER_ENABLE' [-Wimplicit-function-declaration]
  210 |     __HAL_RTC_WAKEUPTIMER_ENABLE(&hRTC_Handle);
      |     ^~~~~~~~~~~~~~~~~~~~~~~~~~~~
../Drivers/STM32F4xx_HAL_Driver/Src/stm32f4xx_hal_timebase_rtc_wakeup_template.c:213:5: warning: implicit declaration of function '__HAL_RTC_WRITEPROTECTION_ENABLE' [-Wimplicit-function-declaration]
  213 |     __HAL_RTC_WRITEPROTECTION_ENABLE(&hRTC_Handle);
      |     ^~~~~~~~~~~~~~~~~~~~~~~~~~~~~~~~
../Drivers/STM32F4xx_HAL_Driver/Src/stm32f4xx_hal_timebase_rtc_wakeup_template.c: In function 'HAL_SuspendTick':
../Drivers/STM32F4xx_HAL_Driver/Src/stm32f4xx_hal_timebase_rtc_wakeup_template.c:242:50: error: 'RTC_IT_WUT' undeclared (first use in this function); did you mean 'RTC_CR_WUTE'?
  242 |   __HAL_RTC_WAKEUPTIMER_DISABLE_IT(&hRTC_Handle, RTC_IT_WUT);
      |                                                  ^~~~~~~~~~
      |                                                  RTC_CR_WUTE
../Drivers/STM32F4xx_HAL_Driver/Src/stm32f4xx_hal_timebase_rtc_alarm_template.c:183:5: warning: implicit declaration of function '__HAL_RTC_ALARMA_ENABLE' [-Wimplicit-function-declaration]
  183 |     __HAL_RTC_ALARMA_ENABLE(&hRTC_Handle);
      |     ^~~~~~~~~~~~~~~~~~~~~~~
../Drivers/STM32F4xx_HAL_Driver/Src/stm32f4xx_hal_timebase_rtc_wakeup_template.c: In function 'HAL_ResumeTick':
../Drivers/STM32F4xx_HAL_Driver/Src/stm32f4xx_hal_timebase_rtc_wakeup_template.c:257:49: error: 'RTC_IT_WUT' undeclared (first use in this function); did you mean 'RTC_CR_WUTE'?
  257 |   __HAL_RTC_WAKEUPTIMER_ENABLE_IT(&hRTC_Handle, RTC_IT_WUT);
      |                                                 ^~~~~~~~~~
      |                                                 RTC_CR_WUTE
../Drivers/STM32F4xx_HAL_Driver/Src/stm32f4xx_hal_timebase_rtc_wakeup_template.c: At top level:
../Drivers/STM32F4xx_HAL_Driver/Src/stm32f4xx_hal_timebase_rtc_wakeup_template.c:270:41: error: unknown type name 'RTC_HandleTypeDef'; did you mean 'TIM_HandleTypeDef'?
  270 | void HAL_RTCEx_WakeUpTimerEventCallback(RTC_HandleTypeDef *hrtc)
      |                                         ^~~~~~~~~~~~~~~~~
      |                                         TIM_HandleTypeDef
../Drivers/STM32F4xx_HAL_Driver/Src/stm32f4xx_hal_timebase_rtc_wakeup_template.c: In function 'RTC_WKUP_IRQHandler':
../Drivers/STM32F4xx_HAL_Driver/Src/stm32f4xx_hal_timebase_rtc_wakeup_template.c:281:3: warning: implicit declaration of function 'HAL_RTCEx_WakeUpTimerIRQHandler' [-Wimplicit-function-declaration]
  281 |   HAL_RTCEx_WakeUpTimerIRQHandler(&hRTC_Handle);
      |   ^~~~~~~~~~~~~~~~~~~~~~~~~~~~~~~
../Drivers/STM32F4xx_HAL_Driver/Src/stm32f4xx_hal_timebase_rtc_alarm_template.c:185:5: warning: implicit declaration of function '__HAL_RTC_ALARM_ENABLE_IT' [-Wimplicit-function-declaration]
  185 |     __HAL_RTC_ALARM_ENABLE_IT(&hRTC_Handle, RTC_IT_ALRA);
      |     ^~~~~~~~~~~~~~~~~~~~~~~~~
../Drivers/STM32F4xx_HAL_Driver/Src/stm32f4xx_hal_timebase_rtc_alarm_template.c:185:45: error: 'RTC_IT_ALRA' undeclared (first use in this function); did you mean 'RTC_CR_ALRAE'?
  185 |     __HAL_RTC_ALARM_ENABLE_IT(&hRTC_Handle, RTC_IT_ALRA);
      |                                             ^~~~~~~~~~~
      |                                             RTC_CR_ALRAE
../Drivers/STM32F4xx_HAL_Driver/Src/stm32f4xx_hal_timebase_rtc_alarm_template.c:188:5: warning: implicit declaration of function '__HAL_RTC_ALARM_EXTI_ENABLE_IT' [-Wimplicit-function-declaration]
  188 |     __HAL_RTC_ALARM_EXTI_ENABLE_IT();
      |     ^~~~~~~~~~~~~~~~~~~~~~~~~~~~~~
../Drivers/STM32F4xx_HAL_Driver/Src/stm32f4xx_hal_timebase_rtc_alarm_template.c:189:5: warning: implicit declaration of function '__HAL_RTC_ALARM_EXTI_ENABLE_RISING_EDGE' [-Wimplicit-function-declaration]
  189 |     __HAL_RTC_ALARM_EXTI_ENABLE_RISING_EDGE();
      |     ^~~~~~~~~~~~~~~~~~~~~~~~~~~~~~~~~~~~~~~
../Drivers/STM32F4xx_HAL_Driver/Src/stm32f4xx_hal_timebase_rtc_alarm_template.c:192:21: error: request for member 'Instance' in something not a structure or union
  192 |     if ((hRTC_Handle.Instance->ISR & RTC_ISR_INITF) == (uint32_t)RESET)
      |                     ^
../Drivers/STM32F4xx_HAL_Driver/Src/stm32f4xx_hal_timebase_rtc_alarm_template.c:195:18: error: request for member 'Instance' in something not a structure or union
  195 |       hRTC_Handle.Instance->ISR = (uint32_t)RTC_INIT_MASK;
      |                  ^
../Drivers/STM32F4xx_HAL_Driver/Src/stm32f4xx_hal_timebase_rtc_alarm_template.c:195:45: error: 'RTC_INIT_MASK' undeclared (first use in this function)
  195 |       hRTC_Handle.Instance->ISR = (uint32_t)RTC_INIT_MASK;
      |                                             ^~~~~~~~~~~~~
../Drivers/STM32F4xx_HAL_Driver/Src/stm32f4xx_hal_timebase_rtc_alarm_template.c:197:26: error: request for member 'Instance' in something not a structure or union
  197 |       while ((hRTC_Handle.Instance->ISR & RTC_ISR_INITF) == (uint32_t)RESET)
      |                          ^
../Drivers/STM32F4xx_HAL_Driver/Src/stm32f4xx_hal_timebase_rtc_alarm_template.c:208:16: error: request for member 'Instance' in something not a structure or union
  208 |     hRTC_Handle.Instance->DR = 0U;
      |                ^
../Drivers/STM32F4xx_HAL_Driver/Src/stm32f4xx_hal_timebase_rtc_alarm_template.c:209:16: error: request for member 'Instance' in something not a structure or union
  209 |     hRTC_Handle.Instance->TR = 0U;
      |                ^
../Drivers/STM32F4xx_HAL_Driver/Src/stm32f4xx_hal_timebase_rtc_alarm_template.c:211:16: error: request for member 'Instance' in something not a structure or union
  211 |     hRTC_Handle.Instance->ISR &= (uint32_t)~RTC_ISR_INIT;
      |                ^
../Drivers/STM32F4xx_HAL_Driver/Src/stm32f4xx_hal_timebase_rtc_alarm_template.c:214:5: warning: implicit declaration of function '__HAL_RTC_WRITEPROTECTION_ENABLE' [-Wimplicit-function-declaration]
  214 |     __HAL_RTC_WRITEPROTECTION_ENABLE(&hRTC_Handle);
      |     ^~~~~~~~~~~~~~~~~~~~~~~~~~~~~~~~
make: *** [Drivers/STM32F4xx_HAL_Driver/Src/subdir.mk:298: Drivers/STM32F4xx_HAL_Driver/Src/stm32f4xx_hal_timebase_rtc_wakeup_template.o] Error 1
../Drivers/STM32F4xx_HAL_Driver/Src/stm32f4xx_hal_timebase_rtc_alarm_template.c: In function 'HAL_SuspendTick':
../Drivers/STM32F4xx_HAL_Driver/Src/stm32f4xx_hal_timebase_rtc_alarm_template.c:244:3: warning: implicit declaration of function '__HAL_RTC_ALARM_DISABLE_IT' [-Wimplicit-function-declaration]
  244 |   __HAL_RTC_ALARM_DISABLE_IT(&hRTC_Handle, RTC_IT_ALRA);
      |   ^~~~~~~~~~~~~~~~~~~~~~~~~~
../Drivers/STM32F4xx_HAL_Driver/Src/stm32f4xx_hal_timebase_rtc_alarm_template.c:244:44: error: 'RTC_IT_ALRA' undeclared (first use in this function); did you mean 'RTC_CR_ALRAE'?
  244 |   __HAL_RTC_ALARM_DISABLE_IT(&hRTC_Handle, RTC_IT_ALRA);
      |                                            ^~~~~~~~~~~
      |                                            RTC_CR_ALRAE
../Drivers/STM32F4xx_HAL_Driver/Src/stm32f4xx_hal_timebase_rtc_alarm_template.c: In function 'HAL_ResumeTick':
../Drivers/STM32F4xx_HAL_Driver/Src/stm32f4xx_hal_timebase_rtc_alarm_template.c:259:43: error: 'RTC_IT_ALRA' undeclared (first use in this function); did you mean 'RTC_CR_ALRAE'?
  259 |   __HAL_RTC_ALARM_ENABLE_IT(&hRTC_Handle, RTC_IT_ALRA);
      |                                           ^~~~~~~~~~~
      |                                           RTC_CR_ALRAE
../Drivers/STM32F4xx_HAL_Driver/Src/stm32f4xx_hal_timebase_rtc_alarm_template.c: At top level:
../Drivers/STM32F4xx_HAL_Driver/Src/stm32f4xx_hal_timebase_rtc_alarm_template.c:272:34: error: unknown type name 'RTC_HandleTypeDef'; did you mean 'TIM_HandleTypeDef'?
  272 | void HAL_RTC_AlarmAEventCallback(RTC_HandleTypeDef *hrtc)
      |                                  ^~~~~~~~~~~~~~~~~
      |                                  TIM_HandleTypeDef
../Drivers/STM32F4xx_HAL_Driver/Src/stm32f4xx_hal_timebase_rtc_alarm_template.c: In function 'RTC_Alarm_IRQHandler':
../Drivers/STM32F4xx_HAL_Driver/Src/stm32f4xx_hal_timebase_rtc_alarm_template.c:306:3: warning: implicit declaration of function 'HAL_RTC_AlarmIRQHandler'; did you mean 'RTC_Alarm_IRQHandler'? [-Wimplicit-function-declaration]
  306 |   HAL_RTC_AlarmIRQHandler(&hRTC_Handle);
      |   ^~~~~~~~~~~~~~~~~~~~~~~
      |   RTC_Alarm_IRQHandler
make: *** [Drivers/STM32F4xx_HAL_Driver/Src/subdir.mk:298: Drivers/STM32F4xx_HAL_Driver/Src/stm32f4xx_hal_timebase_rtc_alarm_template.o] Error 1
"make -j4 all" terminated with exit code 2. Build might be incomplete.

12:41:09 Build Failed. 54 errors, 25 warnings. (took 15s.479ms)

