2021-11-19 13:20:22,369 [INFO] Activator:177 - 


2021-11-19 13:20:22,369 [INFO] Activator:178 - !SESSION log4j initialized
2021-11-19 13:23:31,239 [INFO] McuFinderGlobals:39 - Set McuFinder mode to 2 (CubeIDE integrated)
2021-11-19 13:23:33,318 [INFO] ApplicationProperties:181 - Using Application install path: C:\ST\STM32CubeIDE_1.7.0\STM32CubeIDE\plugins\com.st.stm32cube.common.mx_6.3.0.202107141111
2021-11-19 13:23:33,349 [INFO] DbMcusXml:74 - Set database path to: C:\ST\STM32CubeIDE_1.7.0\STM32CubeIDE\plugins\com.st.stm32cube.common.mx_6.3.0.202107141111\\db\/mcu/
2021-11-19 13:23:33,349 [INFO] DbBoardsPdsc:56 - Set plugin database path to: C:\ST\STM32CubeIDE_1.7.0\STM32CubeIDE\plugins\com.st.stm32cube.common.mx_6.3.0.202107141111\\db\/plugins/boardmanager/
2021-11-19 13:23:33,349 [INFO] DbMcus:258 - Set plugin images path to: C:\ST\STM32CubeIDE_1.7.0\STM32CubeIDE\plugins\com.st.stm32cube.common.mx_6.3.0.202107141111\\db\/plugins/mcufinder/images/
2021-11-19 13:23:33,349 [INFO] DbBoards:264 - Set plugin images path to: C:\ST\STM32CubeIDE_1.7.0\STM32CubeIDE\plugins\com.st.stm32cube.common.mx_6.3.0.202107141111\\db\/plugins/mcufinder/images/
2021-11-19 13:23:33,349 [INFO] DbExamples:333 - Set plugin images path to: C:\ST\STM32CubeIDE_1.7.0\STM32CubeIDE\plugins\com.st.stm32cube.common.mx_6.3.0.202107141111\\db\/plugins/mcufinder/images/
2021-11-19 13:23:33,364 [INFO] DbMcusAds:119 - Set database path to: C:\Users\kangm\.stmcufinder\plugins\mcufinder//mcu/
2021-11-19 13:23:33,364 [INFO] DbMcusDocs:110 - Set database path to: C:\Users\kangm\.stmcufinder\plugins\mcufinder//mcu/
2021-11-19 13:23:33,364 [INFO] DbMcusJson:64 - Set database path to: C:\Users\kangm\.stmcufinder\plugins\mcufinder//mcu/
2021-11-19 13:23:33,380 [INFO] DbBoardsDocs:110 - Set database path to: C:\Users\kangm\.stmcufinder\plugins\mcufinder//mcu/
2021-11-19 13:23:33,380 [INFO] DbBoardsJson:57 - Set database path to: C:\Users\kangm\.stmcufinder\plugins\mcufinder//mcu/
2021-11-19 13:23:33,380 [INFO] CrossReferenceDbSqlite:196 - Set database path to: C:\Users\kangm\.stmcufinder\plugins\mcufinder//mcu/cs/
2021-11-19 13:23:33,396 [INFO] DbExamplesSqlite:767 - Set database path to: C:\Users\kangm\.stmcufinder\plugins\mcufinder//mcu/
2021-11-19 13:23:33,583 [INFO] RulesReader:57 - Compatibility file has been processed (242 Rules)
2021-11-19 13:23:33,755 [INFO] DbMcusXml:74 - Set database path to: C:\ST\STM32CubeIDE_1.7.0\STM32CubeIDE\plugins\com.st.stm32cube.common.mx_6.3.0.202107141111\\db\/mcu/
2021-11-19 13:23:33,755 [INFO] DbBoardsPdsc:56 - Set plugin database path to: C:\ST\STM32CubeIDE_1.7.0\STM32CubeIDE\plugins\com.st.stm32cube.common.mx_6.3.0.202107141111\\db\/plugins/boardmanager/
2021-11-19 13:23:33,755 [INFO] DbMcus:258 - Set plugin images path to: C:\ST\STM32CubeIDE_1.7.0\STM32CubeIDE\plugins\com.st.stm32cube.common.mx_6.3.0.202107141111\\db\/plugins/mcufinder/images/
2021-11-19 13:23:33,755 [INFO] DbBoards:264 - Set plugin images path to: C:\ST\STM32CubeIDE_1.7.0\STM32CubeIDE\plugins\com.st.stm32cube.common.mx_6.3.0.202107141111\\db\/plugins/mcufinder/images/
2021-11-19 13:23:33,755 [INFO] DbExamples:333 - Set plugin images path to: C:\ST\STM32CubeIDE_1.7.0\STM32CubeIDE\plugins\com.st.stm32cube.common.mx_6.3.0.202107141111\\db\/plugins/mcufinder/images/
2021-11-19 13:23:33,755 [WARN] DbFile:35 - Overriding database path with different value: C:\Users\kangm\.stmcufinder\plugins\mcufinder/ => C:\Users\kangm\.stmcufinder\plugins\mcufinder
2021-11-19 13:23:33,755 [INFO] DbMcusAds:119 - Set database path to: C:\Users\kangm\.stmcufinder\plugins\mcufinder//mcu/
2021-11-19 13:23:33,755 [WARN] DbFile:35 - Overriding database path with different value: C:\Users\kangm\.stmcufinder\plugins\mcufinder/ => C:\Users\kangm\.stmcufinder\plugins\mcufinder
2021-11-19 13:23:33,755 [INFO] DbMcusDocs:110 - Set database path to: C:\Users\kangm\.stmcufinder\plugins\mcufinder//mcu/
2021-11-19 13:23:33,755 [WARN] DbFile:35 - Overriding database path with different value: C:\Users\kangm\.stmcufinder\plugins\mcufinder/ => C:\Users\kangm\.stmcufinder\plugins\mcufinder
2021-11-19 13:23:33,755 [INFO] DbMcusJson:64 - Set database path to: C:\Users\kangm\.stmcufinder\plugins\mcufinder//mcu/
2021-11-19 13:23:33,755 [WARN] DbFile:35 - Overriding database path with different value: C:\Users\kangm\.stmcufinder\plugins\mcufinder/ => C:\Users\kangm\.stmcufinder\plugins\mcufinder
2021-11-19 13:23:33,755 [INFO] DbBoardsDocs:110 - Set database path to: C:\Users\kangm\.stmcufinder\plugins\mcufinder//mcu/
2021-11-19 13:23:33,755 [WARN] DbFile:35 - Overriding database path with different value: C:\Users\kangm\.stmcufinder\plugins\mcufinder/ => C:\Users\kangm\.stmcufinder\plugins\mcufinder
2021-11-19 13:23:33,755 [INFO] DbBoardsJson:57 - Set database path to: C:\Users\kangm\.stmcufinder\plugins\mcufinder//mcu/
2021-11-19 13:23:33,755 [WARN] DbFile:35 - Overriding database path with different value: C:\Users\kangm\.stmcufinder\plugins\mcufinder/ => C:\Users\kangm\.stmcufinder\plugins\mcufinder
2021-11-19 13:23:33,755 [WARN] DbFile:35 - Overriding database path with different value: C:\Users\kangm\.stmcufinder\plugins\mcufinder/ => C:\Users\kangm\.stmcufinder\plugins\mcufinder
2021-11-19 13:23:33,755 [INFO] CrossReferenceDbSqlite:196 - Set database path to: C:\Users\kangm\.stmcufinder\plugins\mcufinder//mcu/cs/
2021-11-19 13:23:33,755 [WARN] DbFile:35 - Overriding database path with different value: C:\Users\kangm\.stmcufinder\plugins\mcufinder/ => C:\Users\kangm\.stmcufinder\plugins\mcufinder
2021-11-19 13:23:33,755 [INFO] DbExamplesSqlite:767 - Set database path to: C:\Users\kangm\.stmcufinder\plugins\mcufinder//mcu/
2021-11-19 13:23:33,896 [INFO] MainPanel:214 - HeapMemory: 419430400
2021-11-19 13:23:34,052 [INFO] DbMcusXml:74 - Set database path to: C:\ST\STM32CubeIDE_1.7.0\STM32CubeIDE\plugins\com.st.stm32cube.common.mx_6.3.0.202107141111\\db\/mcu/
2021-11-19 13:23:34,068 [INFO] DbBoardsPdsc:56 - Set plugin database path to: C:\ST\STM32CubeIDE_1.7.0\STM32CubeIDE\plugins\com.st.stm32cube.common.mx_6.3.0.202107141111\\db\/plugins/boardmanager/
2021-11-19 13:23:34,068 [INFO] DbMcus:258 - Set plugin images path to: C:\ST\STM32CubeIDE_1.7.0\STM32CubeIDE\plugins\com.st.stm32cube.common.mx_6.3.0.202107141111\\db\/plugins/mcufinder/images/
2021-11-19 13:23:34,068 [INFO] DbBoards:264 - Set plugin images path to: C:\ST\STM32CubeIDE_1.7.0\STM32CubeIDE\plugins\com.st.stm32cube.common.mx_6.3.0.202107141111\\db\/plugins/mcufinder/images/
2021-11-19 13:23:34,068 [INFO] DbExamples:333 - Set plugin images path to: C:\ST\STM32CubeIDE_1.7.0\STM32CubeIDE\plugins\com.st.stm32cube.common.mx_6.3.0.202107141111\\db\/plugins/mcufinder/images/
2021-11-19 13:23:34,068 [WARN] DbFile:35 - Overriding database path with different value: C:\Users\kangm\.stmcufinder\plugins\mcufinder/ => C:\Users\kangm\.stmcufinder\plugins\mcufinder
2021-11-19 13:23:34,068 [INFO] DbMcusAds:119 - Set database path to: C:\Users\kangm\.stmcufinder\plugins\mcufinder//mcu/
2021-11-19 13:23:34,068 [WARN] DbFile:35 - Overriding database path with different value: C:\Users\kangm\.stmcufinder\plugins\mcufinder/ => C:\Users\kangm\.stmcufinder\plugins\mcufinder
2021-11-19 13:23:34,068 [INFO] DbMcusDocs:110 - Set database path to: C:\Users\kangm\.stmcufinder\plugins\mcufinder//mcu/
2021-11-19 13:23:34,068 [WARN] DbFile:35 - Overriding database path with different value: C:\Users\kangm\.stmcufinder\plugins\mcufinder/ => C:\Users\kangm\.stmcufinder\plugins\mcufinder
2021-11-19 13:23:34,068 [INFO] DbMcusJson:64 - Set database path to: C:\Users\kangm\.stmcufinder\plugins\mcufinder//mcu/
2021-11-19 13:23:34,068 [WARN] DbFile:35 - Overriding database path with different value: C:\Users\kangm\.stmcufinder\plugins\mcufinder/ => C:\Users\kangm\.stmcufinder\plugins\mcufinder
2021-11-19 13:23:34,068 [INFO] DbBoardsDocs:110 - Set database path to: C:\Users\kangm\.stmcufinder\plugins\mcufinder//mcu/
2021-11-19 13:23:34,068 [WARN] DbFile:35 - Overriding database path with different value: C:\Users\kangm\.stmcufinder\plugins\mcufinder/ => C:\Users\kangm\.stmcufinder\plugins\mcufinder
2021-11-19 13:23:34,068 [INFO] DbBoardsJson:57 - Set database path to: C:\Users\kangm\.stmcufinder\plugins\mcufinder//mcu/
2021-11-19 13:23:34,068 [WARN] DbFile:35 - Overriding database path with different value: C:\Users\kangm\.stmcufinder\plugins\mcufinder/ => C:\Users\kangm\.stmcufinder\plugins\mcufinder
2021-11-19 13:23:34,068 [WARN] DbFile:35 - Overriding database path with different value: C:\Users\kangm\.stmcufinder\plugins\mcufinder/ => C:\Users\kangm\.stmcufinder\plugins\mcufinder
2021-11-19 13:23:34,068 [INFO] CrossReferenceDbSqlite:196 - Set database path to: C:\Users\kangm\.stmcufinder\plugins\mcufinder//mcu/cs/
2021-11-19 13:23:34,068 [WARN] DbFile:35 - Overriding database path with different value: C:\Users\kangm\.stmcufinder\plugins\mcufinder/ => C:\Users\kangm\.stmcufinder\plugins\mcufinder
2021-11-19 13:23:34,068 [INFO] DbExamplesSqlite:767 - Set database path to: C:\Users\kangm\.stmcufinder\plugins\mcufinder//mcu/
2021-11-19 13:23:34,099 [INFO] ApplicationProperties:181 - Using Application install path: C:\ST\STM32CubeIDE_1.7.0\STM32CubeIDE\plugins\com.st.stm32cube.common.mx_6.3.0.202107141111
2021-11-19 13:23:34,099 [INFO] PluginManage:188 - Search for loadable plugins [exclusion list=, ]
2021-11-19 13:23:34,099 [INFO] PluginManage:302 - Check plugin analytics
2021-11-19 13:23:34,427 [INFO] AnalyticsPlugin:257 - Accepted Software Licenses: STM32CubeMX.6.3.0
2021-11-19 13:23:34,427 [INFO] AnalyticsPlugin:259 - Accepted CMSIS Pack Licenses: 
2021-11-19 13:23:34,427 [INFO] AnalyticsPlugin:261 - Accepted Firmware Licenses: 
2021-11-19 13:23:34,427 [INFO] PluginManage:352 - Loaded plugin analytics (category:tool,tabindex:-1)
2021-11-19 13:23:34,427 [INFO] PluginManage:302 - Check plugin clock
2021-11-19 13:23:34,458 [INFO] PluginManage:352 - Loaded plugin clock (category:base,tabindex:2)
2021-11-19 13:23:34,458 [INFO] PluginManage:302 - Check plugin ddr
2021-11-19 13:23:34,458 [INFO] PluginManage:352 - Loaded plugin ddr (category:tool,tabindex:6)
2021-11-19 13:23:34,458 [INFO] PluginManage:302 - Check plugin filemanager
2021-11-19 13:23:34,708 [INFO] PluginManage:352 - Loaded plugin filemanager (category:base,tabindex:10)
2021-11-19 13:23:34,708 [INFO] PluginManage:302 - Check plugin ipmanager
2021-11-19 13:23:34,724 [INFO] PluginManage:352 - Loaded plugin ipmanager (category:base,tabindex:5)
2021-11-19 13:23:34,724 [INFO] PluginManage:302 - Check plugin pinoutandconfiguration
2021-11-19 13:23:34,739 [INFO] PluginManage:352 - Loaded plugin pinoutandconfiguration (category:base,tabindex:1)
2021-11-19 13:23:34,739 [INFO] PluginManage:302 - Check plugin pinoutconfig
2021-11-19 13:23:34,802 [INFO] PluginManage:352 - Loaded plugin pinoutconfig (category:base,tabindex:0)
2021-11-19 13:23:34,802 [INFO] PluginManage:302 - Check plugin power
2021-11-19 13:23:34,817 [INFO] PluginManage:352 - Loaded plugin power (category:power,tabindex:4)
2021-11-19 13:23:34,833 [INFO] PluginManage:302 - Check plugin projectmanager
2021-11-19 13:23:34,864 [INFO] PluginManage:352 - Loaded plugin projectmanager (category:projectmanager,tabindex:3)
2021-11-19 13:23:34,864 [INFO] PluginManage:302 - Check plugin thirdparty
2021-11-19 13:23:35,130 [WARN] IntegrityCheckThread:78 - waiting for thirdparty lock release [integrity check]
2021-11-19 13:23:35,130 [INFO] IntegrityCheckThread:80 - entering critical section [integrity check]
2021-11-19 13:23:35,130 [INFO] PluginManage:352 - Loaded plugin thirdparty (category:base,tabindex:-1)
2021-11-19 13:23:35,130 [INFO] ThirdPartyUpdaterWithRetryManager:66 - Updater plugin not ready yet. [1/15]
2021-11-19 13:23:35,130 [INFO] PluginManage:302 - Check plugin tools
2021-11-19 13:23:35,146 [INFO] PluginManage:352 - Loaded plugin tools (category:base,tabindex:7)
2021-11-19 13:23:35,146 [INFO] PluginManage:302 - Check plugin tutovideos
2021-11-19 13:23:35,614 [INFO] PluginManage:352 - Loaded plugin tutovideos (category:base,tabindex:-1)
2021-11-19 13:23:35,614 [INFO] PluginManage:302 - Check plugin updater
2021-11-19 13:23:35,630 [INFO] PluginManage:352 - Loaded plugin updater (category:base,tabindex:12)
2021-11-19 13:23:35,646 [INFO] PluginManage:275 - PluginManage : Loaded plugins [13]
2021-11-19 13:23:36,021 [INFO] PinOutPanel:1463 - setPackage(No Configuration,No Configuration)
2021-11-19 13:23:36,208 [INFO] IPUIPlugin:74 - create IPUIPlugin
2021-11-19 13:23:36,208 [INFO] PluginManager:213 - loadIPPluginJar : add adc
2021-11-19 13:23:36,224 [INFO] IPUIPlugin:74 - create IPUIPlugin
2021-11-19 13:23:36,224 [INFO] PluginManager:213 - loadIPPluginJar : add aes
2021-11-19 13:23:36,224 [INFO] IPUIPlugin:74 - create IPUIPlugin
2021-11-19 13:23:36,224 [INFO] PluginManager:213 - loadIPPluginJar : add can
2021-11-19 13:23:36,224 [INFO] IPUIPlugin:74 - create IPUIPlugin
2021-11-19 13:23:36,224 [INFO] PluginManager:213 - loadIPPluginJar : add comp
2021-11-19 13:23:36,239 [INFO] IPUIPlugin:74 - create IPUIPlugin
2021-11-19 13:23:36,239 [INFO] PluginManager:213 - loadIPPluginJar : add cryp
2021-11-19 13:23:36,239 [INFO] IPUIPlugin:74 - create IPUIPlugin
2021-11-19 13:23:36,239 [INFO] PluginManager:213 - loadIPPluginJar : add dfsdm
2021-11-19 13:23:36,286 [INFO] IPUIPlugin:74 - create IPUIPlugin
2021-11-19 13:23:36,302 [INFO] PluginManager:213 - loadIPPluginJar : add dma
2021-11-19 13:23:36,302 [INFO] IPUIPlugin:74 - create IPUIPlugin
2021-11-19 13:23:36,302 [INFO] PluginManager:213 - loadIPPluginJar : add dma3
2021-11-19 13:23:36,302 [INFO] IPUIPlugin:74 - create IPUIPlugin
2021-11-19 13:23:36,302 [INFO] PluginManager:213 - loadIPPluginJar : add fatfs
2021-11-19 13:23:36,317 [INFO] IPUIPlugin:74 - create IPUIPlugin
2021-11-19 13:23:36,317 [INFO] PluginManager:213 - loadIPPluginJar : add fmc
2021-11-19 13:23:36,333 [INFO] IPUIPlugin:74 - create IPUIPlugin
2021-11-19 13:23:36,333 [INFO] PluginManager:213 - loadIPPluginJar : add freertos
2021-11-19 13:23:36,333 [INFO] IPUIPlugin:74 - create IPUIPlugin
2021-11-19 13:23:36,333 [INFO] PluginManager:213 - loadIPPluginJar : add genericplugin
2021-11-19 13:23:36,333 [INFO] IPUIPlugin:74 - create IPUIPlugin
2021-11-19 13:23:36,333 [INFO] PluginManager:213 - loadIPPluginJar : add gfxmmu
2021-11-19 13:23:36,349 [INFO] IPUIPlugin:74 - create IPUIPlugin
2021-11-19 13:23:36,349 [INFO] PluginManager:213 - loadIPPluginJar : add gic
2021-11-19 13:23:36,364 [INFO] IPUIPlugin:74 - create IPUIPlugin
2021-11-19 13:23:36,364 [INFO] PluginManager:213 - loadIPPluginJar : add gpio
2021-11-19 13:23:36,364 [INFO] IPUIPlugin:74 - create IPUIPlugin
2021-11-19 13:23:36,364 [INFO] PluginManager:213 - loadIPPluginJar : add gtzc
2021-11-19 13:23:36,380 [INFO] IPUIPlugin:74 - create IPUIPlugin
2021-11-19 13:23:36,380 [INFO] PluginManager:213 - loadIPPluginJar : add hash
2021-11-19 13:23:36,380 [INFO] IPUIPlugin:74 - create IPUIPlugin
2021-11-19 13:23:36,380 [INFO] PluginManager:213 - loadIPPluginJar : add i2c
2021-11-19 13:23:36,380 [INFO] IPUIPlugin:74 - create IPUIPlugin
2021-11-19 13:23:36,380 [INFO] PluginManager:213 - loadIPPluginJar : add i2s
2021-11-19 13:23:36,395 [INFO] IPUIPlugin:74 - create IPUIPlugin
2021-11-19 13:23:36,395 [INFO] PluginManager:213 - loadIPPluginJar : add ipddr
2021-11-19 13:23:36,411 [INFO] IPUIPlugin:74 - create IPUIPlugin
2021-11-19 13:23:36,411 [INFO] PluginManager:213 - loadIPPluginJar : add linkedlist
2021-11-19 13:23:36,427 [INFO] IPUIPlugin:74 - create IPUIPlugin
2021-11-19 13:23:36,427 [INFO] PluginManager:213 - loadIPPluginJar : add lorawan
2021-11-19 13:23:36,427 [INFO] IPUIPlugin:74 - create IPUIPlugin
2021-11-19 13:23:36,427 [INFO] PluginManager:213 - loadIPPluginJar : add ltdc
2021-11-19 13:23:36,442 [INFO] IPUIPlugin:74 - create IPUIPlugin
2021-11-19 13:23:36,442 [INFO] PluginManager:213 - loadIPPluginJar : add mdma
2021-11-19 13:23:36,442 [INFO] IPUIPlugin:74 - create IPUIPlugin
2021-11-19 13:23:36,442 [INFO] PluginManager:213 - loadIPPluginJar : add nvic
2021-11-19 13:23:36,458 [INFO] IPUIPlugin:74 - create IPUIPlugin
2021-11-19 13:23:36,458 [INFO] PluginManager:213 - loadIPPluginJar : add opamp
2021-11-19 13:23:36,458 [INFO] IPUIPlugin:74 - create IPUIPlugin
2021-11-19 13:23:36,458 [INFO] PluginManager:213 - loadIPPluginJar : add openamp
2021-11-19 13:23:36,474 [INFO] IPUIPlugin:74 - create IPUIPlugin
2021-11-19 13:23:36,474 [INFO] PluginManager:213 - loadIPPluginJar : add pdm2pcm
2021-11-19 13:23:36,489 [INFO] IPUIPlugin:74 - create IPUIPlugin
2021-11-19 13:23:36,489 [INFO] PluginManager:213 - loadIPPluginJar : add plateformsettings
2021-11-19 13:23:36,489 [INFO] IPUIPlugin:74 - create IPUIPlugin
2021-11-19 13:23:36,505 [INFO] PluginManager:213 - loadIPPluginJar : add quadspi
2021-11-19 13:23:36,505 [INFO] IPUIPlugin:74 - create IPUIPlugin
2021-11-19 13:23:36,505 [INFO] PluginManager:213 - loadIPPluginJar : add resmgrutility
2021-11-19 13:23:36,505 [INFO] IPUIPlugin:74 - create IPUIPlugin
2021-11-19 13:23:36,520 [INFO] PluginManager:213 - loadIPPluginJar : add sai
2021-11-19 13:23:36,520 [INFO] IPUIPlugin:74 - create IPUIPlugin
2021-11-19 13:23:36,520 [INFO] PluginManager:213 - loadIPPluginJar : add spi
2021-11-19 13:23:36,536 [INFO] IPUIPlugin:74 - create IPUIPlugin
2021-11-19 13:23:36,536 [INFO] PluginManager:213 - loadIPPluginJar : add stm32_wpan
2021-11-19 13:23:36,536 [INFO] IPUIPlugin:74 - create IPUIPlugin
2021-11-19 13:23:36,536 [INFO] PluginManager:213 - loadIPPluginJar : add tim
2021-11-19 13:23:36,536 [INFO] IPUIPlugin:74 - create IPUIPlugin
2021-11-19 13:23:36,536 [INFO] PluginManager:213 - loadIPPluginJar : add touchsensing
2021-11-19 13:23:36,552 [INFO] IPUIPlugin:74 - create IPUIPlugin
2021-11-19 13:23:36,552 [INFO] PluginManager:213 - loadIPPluginJar : add tracer_emb
2021-11-19 13:23:36,552 [INFO] IPUIPlugin:74 - create IPUIPlugin
2021-11-19 13:23:36,552 [INFO] PluginManager:213 - loadIPPluginJar : add ts
2021-11-19 13:23:36,552 [INFO] IPUIPlugin:74 - create IPUIPlugin
2021-11-19 13:23:36,552 [INFO] PluginManager:213 - loadIPPluginJar : add tsc
2021-11-19 13:23:36,552 [INFO] IPUIPlugin:74 - create IPUIPlugin
2021-11-19 13:23:36,552 [INFO] PluginManager:213 - loadIPPluginJar : add ucpd
2021-11-19 13:23:36,567 [INFO] IPUIPlugin:74 - create IPUIPlugin
2021-11-19 13:23:36,567 [INFO] PluginManager:213 - loadIPPluginJar : add usart
2021-11-19 13:23:36,567 [INFO] IPUIPlugin:74 - create IPUIPlugin
2021-11-19 13:23:36,567 [INFO] PluginManager:213 - loadIPPluginJar : add usbx
2021-11-19 13:23:37,262 [FATAL] Updater:294 - Updater called before beeing initialized
2021-11-19 13:23:37,465 [FATAL] Updater:294 - Updater called before beeing initialized
2021-11-19 13:23:37,481 [INFO] DbMcusAds:47 - JSON generation date=Thu Sep 30 15:55:09 KST 2021 (1632984909434)
2021-11-19 13:23:37,481 [FATAL] Updater:294 - Updater called before beeing initialized
2021-11-19 13:23:37,559 [WARN] DetailPanel:314 - Failed to get advertising image, set to default
2021-11-19 13:23:37,794 [FATAL] Updater:294 - Updater called before beeing initialized
2021-11-19 13:23:37,794 [FATAL] Updater:294 - Updater called before beeing initialized
2021-11-19 13:23:37,794 [FATAL] Updater:294 - Updater called before beeing initialized
2021-11-19 13:23:37,794 [WARN] DetailPanel:314 - Failed to get advertising image, set to default
2021-11-19 13:23:37,794 [FATAL] Updater:294 - Updater called before beeing initialized
2021-11-19 13:23:37,934 [ERROR] Updater:1075 - MainUpdater not yet initialized. External WinMGr cannot be set.
2021-11-19 13:23:37,950 [INFO] Updater:1012 - Updater Version found : 6.3.0
2021-11-19 13:23:37,981 [INFO] ApplicationProperties:181 - Using Application install path: C:\ST\STM32CubeIDE_1.7.0\STM32CubeIDE\plugins\com.st.stm32cube.common.mx_6.3.0.202107141111
2021-11-19 13:23:38,137 [INFO] ThirdPartyUpdaterWithRetryManager:66 - Updater plugin not ready yet. [2/15]
2021-11-19 13:23:38,231 [INFO] MainUpdater:2671 - connection check result : 10
2021-11-19 13:23:38,231 [INFO] MainUpdater:265 - Updater Check For Update Now.
2021-11-19 13:23:38,231 [INFO] MicroXplorer:478 - Change Database Version : DB.6.0.30
2021-11-19 13:23:38,434 [INFO] CheckServerUpdateThread:112 - End of CheckServer Thread
2021-11-19 13:23:38,465 [INFO] MainUpdater:2671 - connection check result : 10
2021-11-19 13:23:38,465 [INFO] MainUpdater:2671 - connection check result : 10
2021-11-19 13:23:38,669 [INFO] MicroXplorer:448 - Change Database Path : 
2021-11-19 13:23:38,669 [INFO] MicroXplorer:478 - Change Database Version : DB.6.0.30
2021-11-19 13:23:38,669 [WARN] ThirdParty:813 - waiting for thirdparty lock release [close project]
2021-11-19 13:23:41,370 [WARN] PackLoader:238 - Cannot read IP mode file for STMicroelectronics.X-CUBE-AZRTOS-H7.1.1.0
2021-11-19 13:23:41,401 [WARN] PackLoader:238 - Cannot read IP mode file for STMicroelectronics.X-CUBE-BLE1.6.2.1
2021-11-19 13:23:41,401 [WARN] PackLoader:238 - Cannot read IP mode file for STMicroelectronics.X-CUBE-BLE1.6.2.2
2021-11-19 13:23:41,417 [WARN] PackLoader:238 - Cannot read IP mode file for STMicroelectronics.X-CUBE-BLE2.3.2.1
2021-11-19 13:23:41,417 [WARN] PackLoader:238 - Cannot read IP mode file for STMicroelectronics.X-CUBE-BLE2.3.2.2
2021-11-19 13:23:41,433 [WARN] PackLoader:238 - Cannot read IP mode file for STMicroelectronics.X-CUBE-NFC4.2.0.3
2021-11-19 13:23:41,448 [WARN] PackLoader:238 - Cannot read IP mode file for wolfSSL.I-CUBE-wolfSSL.4.8.0
2021-11-19 13:23:41,464 [WARN] PackLoader:238 - Cannot read IP mode file for STMicroelectronics.X-CUBE-SFXS2LP1.3.1.0
2021-11-19 13:23:41,511 [WARN] PackLoader:238 - Cannot read IP mode file for STMicroelectronics.X-CUBE-AZRTOS-F4.1.0.0
2021-11-19 13:23:41,558 [WARN] PackLoader:238 - Cannot read IP mode file for STMicroelectronics.X-CUBE-TOF1.2.0.0
2021-11-19 13:23:41,573 [WARN] PackLoader:238 - Cannot read IP mode file for STMicroelectronics.X-CUBE-SUBG2.4.2.0
2021-11-19 13:23:41,636 [WARN] PackLoader:238 - Cannot read IP mode file for STMicroelectronics.X-CUBE-ALGOBUILD.1.2.1
2021-11-19 13:23:41,651 [WARN] PackLoader:238 - Cannot read IP mode file for STMicroelectronics.X-CUBE-DISPLAY.1.0.0
2021-11-19 13:23:41,651 [WARN] PackLoader:238 - Cannot read IP mode file for STMicroelectronics.X-CUBE-TOUCHGFX.4.18.0
2021-11-19 13:23:41,667 [WARN] PackLoader:238 - Cannot read IP mode file for RoweBots.I-CUBE-UNISONRTOS.5.5.0-4
2021-11-19 13:23:41,761 [WARN] PackLoader:238 - Cannot read IP mode file for STMicroelectronics.X-CUBE-MEMS1.9.0.0
2021-11-19 13:23:42,120 [WARN] PackLoader:238 - Cannot read IP mode file for SEGGER.I-CUBE-embOS.1.2.0
2021-11-19 13:23:42,230 [WARN] PackLoader:238 - Cannot read IP mode file for STMicroelectronics.X-CUBE-TOUCHGFX.4.17.0
2021-11-19 13:23:42,276 [WARN] PackLoader:238 - Cannot read IP mode file for STMicroelectronics.X-CUBE-AZRTOS-H7.2.0.0
2021-11-19 13:23:42,339 [WARN] PackLoader:238 - Cannot read IP mode file for STMicroelectronics.X-CUBE-AZRTOS-L4.1.0.0
2021-11-19 13:23:42,480 [WARN] PackLoader:238 - Cannot read IP mode file for STMicroelectronics.X-CUBE-MEMS1.9.1.0
2021-11-19 13:23:42,854 [WARN] PackLoader:238 - Cannot read IP mode file for STMicroelectronics.X-CUBE-ALS.1.0.1
2021-11-19 13:23:42,854 [WARN] PackLoader:238 - Cannot read IP mode file for STMicroelectronics.X-CUBE-AI.7.0.0
2021-11-19 13:23:42,870 [WARN] PackLoader:238 - Cannot read IP mode file for STMicroelectronics.X-CUBE-EEPRMA1.3.1.0
2021-11-19 13:23:42,886 [WARN] PackLoader:238 - Cannot read IP mode file for STMicroelectronics.X-CUBE-GNSS1.5.2.0
2021-11-19 13:23:42,886 [WARN] PackLoader:238 - Cannot read IP mode file for STMicroelectronics.X-CUBE-DISPLAY.2.0.0
2021-11-19 13:23:42,886 [INFO] ThirdParty:915 - Integrity check success = true
2021-11-19 13:23:42,886 [INFO] IntegrityCheckThread:94 - exiting critical section [integrity check]
2021-11-19 13:23:42,886 [INFO] IntegrityCheckThread:97 - End integrity checks thread
2021-11-19 13:23:42,886 [INFO] ThirdParty:815 - entering critical section [close project]
2021-11-19 13:23:42,886 [INFO] ThirdParty:825 - exiting critical section [close project]
2021-11-19 13:23:42,901 [INFO] PinOutPanel:1463 - setPackage(No Configuration,No Configuration)
2021-11-19 13:23:42,901 [INFO] UtilMem:74 - Begin LoadConfig() Used Memory: 246785120 Bytes (419430400)
2021-11-19 13:23:42,901 [INFO] MicroXplorer:448 - Change Database Path : 
2021-11-19 13:23:42,901 [INFO] MicroXplorer:478 - Change Database Version : DB.6.0.30
2021-11-19 13:23:42,901 [INFO] OpenFileManager:313 - Change cursor
2021-11-19 13:23:45,924 [INFO] Context:592 - Trying to add GPIOservice into a context  which must be forbidden
2021-11-19 13:23:46,934 [WARN] ApiManager:304 - Cannot register API 'Board Extension:S2868A1' from pack STMicroelectronics.X-CUBE-SFXS2LP1.3.1.0: no header file found
2021-11-19 13:23:46,934 [WARN] ApiManager:304 - Cannot register API 'Board Extension:S2868A2' from pack STMicroelectronics.X-CUBE-SFXS2LP1.3.1.0: no header file found
2021-11-19 13:23:46,934 [WARN] ApiManager:304 - Cannot register API 'Board Extension:S2915A1' from pack STMicroelectronics.X-CUBE-SFXS2LP1.3.1.0: no header file found
2021-11-19 13:23:46,965 [WARN] ModelIntegratedComponent:60 - No mode defined for component null
2021-11-19 13:23:46,965 [WARN] ModelIntegratedComponent:60 - No mode defined for component null
2021-11-19 13:23:46,965 [WARN] ModelIntegratedComponent:60 - No mode defined for component null
2021-11-19 13:23:46,965 [WARN] ModelIntegratedComponent:60 - No mode defined for component null
2021-11-19 13:23:46,981 [WARN] ModelIntegratedComponent:60 - No mode defined for component null
2021-11-19 13:23:46,981 [WARN] ModelIntegratedComponent:60 - No mode defined for component null
2021-11-19 13:23:46,981 [WARN] ModelIntegratedComponent:60 - No mode defined for component null
2021-11-19 13:23:46,981 [WARN] ModelIntegratedComponent:60 - No mode defined for component null
2021-11-19 13:23:46,981 [WARN] ModelIntegratedComponent:60 - No mode defined for component null
2021-11-19 13:23:46,981 [WARN] ModelIntegratedComponent:60 - No mode defined for component null
2021-11-19 13:23:46,981 [WARN] ModelIntegratedComponent:60 - No mode defined for component null
2021-11-19 13:23:46,981 [WARN] ModelIntegratedComponent:60 - No mode defined for component null
2021-11-19 13:23:46,981 [WARN] ModelIntegratedComponent:60 - No mode defined for component null
2021-11-19 13:23:46,981 [WARN] ModelIntegratedComponent:60 - No mode defined for component null
2021-11-19 13:23:46,981 [WARN] ModelIntegratedComponent:60 - No mode defined for component null
2021-11-19 13:23:46,981 [WARN] ModelIntegratedComponent:60 - No mode defined for component null
2021-11-19 13:23:46,981 [WARN] ModelIntegratedComponent:60 - No mode defined for component null
2021-11-19 13:23:46,981 [WARN] ModelIntegratedComponent:60 - No mode defined for component null
2021-11-19 13:23:46,981 [WARN] ModelIntegratedComponent:60 - No mode defined for component null
2021-11-19 13:23:46,981 [WARN] ModelIntegratedComponent:60 - No mode defined for component null
2021-11-19 13:23:46,981 [WARN] ModelIntegratedComponent:60 - No mode defined for component null
2021-11-19 13:23:46,981 [WARN] ModelIntegratedComponent:60 - No mode defined for component null
2021-11-19 13:23:46,981 [WARN] ModelIntegratedComponent:60 - No mode defined for component null
2021-11-19 13:23:46,981 [WARN] ModelIntegratedComponent:60 - No mode defined for component null
2021-11-19 13:23:46,981 [WARN] ModelIntegratedComponent:60 - No mode defined for component null
2021-11-19 13:23:46,981 [WARN] ModelIntegratedComponent:60 - No mode defined for component null
2021-11-19 13:23:46,981 [WARN] ModelIntegratedComponent:60 - No mode defined for component null
2021-11-19 13:23:46,981 [WARN] ModelIntegratedComponent:60 - No mode defined for component null
2021-11-19 13:23:46,981 [WARN] ModelIntegratedComponent:60 - No mode defined for component null
2021-11-19 13:23:46,981 [WARN] ModelIntegratedComponent:60 - No mode defined for component null
2021-11-19 13:23:46,981 [WARN] ModelIntegratedComponent:60 - No mode defined for component null
2021-11-19 13:23:47,309 [WARN] ApiManager:304 - Cannot register API 'Board Extension:IKS01A3' from pack STMicroelectronics.X-CUBE-MEMS1.9.0.0: no header file found
2021-11-19 13:23:47,309 [WARN] ApiManager:304 - Cannot register API 'Board Extension:IKS01A2' from pack STMicroelectronics.X-CUBE-MEMS1.9.0.0: no header file found
2021-11-19 13:23:47,309 [WARN] ApiManager:304 - Cannot register API 'Board Extension:IKS02A1' from pack STMicroelectronics.X-CUBE-MEMS1.9.0.0: no header file found
2021-11-19 13:23:47,325 [WARN] ApiManager:304 - Cannot register API 'Board Extension:S2868A1' from pack STMicroelectronics.X-CUBE-SUBG2.4.2.0: no header file found
2021-11-19 13:23:47,325 [WARN] ApiManager:304 - Cannot register API 'Board Extension:S2868A2' from pack STMicroelectronics.X-CUBE-SUBG2.4.2.0: no header file found
2021-11-19 13:23:47,325 [WARN] ApiManager:304 - Cannot register API 'Board Extension:S2915A1' from pack STMicroelectronics.X-CUBE-SUBG2.4.2.0: no header file found
2021-11-19 13:23:47,748 [WARN] ApiManager:304 - Cannot register API 'Board Extension:IKS01A3' from pack STMicroelectronics.X-CUBE-MEMS1.9.1.0: no header file found
2021-11-19 13:23:47,748 [WARN] ApiManager:304 - Cannot register API 'Board Extension:IKS01A2' from pack STMicroelectronics.X-CUBE-MEMS1.9.1.0: no header file found
2021-11-19 13:23:47,748 [WARN] ApiManager:304 - Cannot register API 'Board Extension:IKS02A1' from pack STMicroelectronics.X-CUBE-MEMS1.9.1.0: no header file found
2021-11-19 13:23:47,763 [INFO] RtosManager:484 - Registered RTOS mode: class=CMSIS, group=RTOS, mode=CMSIS_V1, owner=FREERTOS
2021-11-19 13:23:47,763 [INFO] RtosManager:484 - Registered RTOS mode: class=CMSIS, group=RTOS2, mode=CMSIS_V2, owner=FREERTOS
2021-11-19 13:23:47,763 [INFO] RtosManager:484 - Registered RTOS mode: class=RTOS, group=Core, mode=CMSIS_V1, owner=FREERTOS
2021-11-19 13:23:47,763 [INFO] RtosManager:484 - Registered RTOS mode: class=RTOS, group=Core, mode=CMSIS_V2, owner=FREERTOS
2021-11-19 13:23:47,763 [WARN] ModelIntegratedComponent:181 - Missing modes for component STMicroelectronics:FreeRTOS:0.0.1:STMicroelectronics:RTOS:FreeRTOS:Core:::10.2.0:
2021-11-19 13:23:47,779 [WARN] ApiManager:304 - Cannot register API 'Board Extension:EEPRMA1' from pack STMicroelectronics.X-CUBE-EEPRMA1.3.1.0: no header file found
2021-11-19 13:23:47,779 [WARN] ApiManager:304 - Cannot register API 'Board Extension:EEPRMA2' from pack STMicroelectronics.X-CUBE-EEPRMA1.3.1.0: no header file found
2021-11-19 13:23:47,795 [WARN] ApiManager:304 - Cannot register API 'Board Extension:GNSS1A1' from pack STMicroelectronics.X-CUBE-GNSS1.5.2.0: no header file found
2021-11-19 13:23:47,795 [WARN] ApiManager:304 - Cannot register API 'Board Support:Custom' from pack STMicroelectronics.X-CUBE-GNSS1.5.2.0: no header file found
2021-11-19 13:23:47,795 [WARN] ApiManager:304 - Cannot register API 'Data Exchange:lib_gnss' from pack STMicroelectronics.X-CUBE-GNSS1.5.2.0: no header file found
2021-11-19 13:23:47,795 [WARN] ApiManager:304 - Cannot register API 'Wireless:BlueNRG-MS' from pack STMicroelectronics.X-CUBE-BLE1.6.2.1: no header file found
2021-11-19 13:23:47,795 [WARN] ApiManager:304 - Cannot register API 'Wireless:BlueNRG-MS' from pack STMicroelectronics.X-CUBE-BLE1.6.2.2: no header file found
2021-11-19 13:23:47,795 [WARN] ApiManager:304 - Cannot register API 'Wireless:BlueNRG-2' from pack STMicroelectronics.X-CUBE-BLE2.3.2.1: no header file found
2021-11-19 13:23:47,795 [WARN] ApiManager:304 - Cannot register API 'Wireless:BlueNRG-2' from pack STMicroelectronics.X-CUBE-BLE2.3.2.2: no header file found
2021-11-19 13:23:47,795 [WARN] ApiManager:304 - Cannot register API 'Board Extension:NFC04A1' from pack STMicroelectronics.X-CUBE-NFC4.2.0.3: no header file found
2021-11-19 13:23:52,841 [INFO] UtilMem:74 - End LoadConfig() Used Memory: 277173632 Bytes (419430400)
2021-11-19 13:23:52,856 [INFO] DbMcusXml:100 - Load MCU database from C:\ST\STM32CubeIDE_1.7.0\STM32CubeIDE\plugins\com.st.stm32cube.common.mx_6.3.0.202107141111\\db\/mcu/families.xml
2021-11-19 13:23:54,591 [INFO] DbMcusJson:93 - JSON generation date=Fri Oct 29 16:56:29 KST 2021 (1635494189)
2021-11-19 13:23:56,325 [INFO] DbMcus:175 - Found 1951 MCUs (1903 are supported by CubeMX, 1905 are visible in CubeMX)
2021-11-19 13:23:56,325 [INFO] ApiDb:251 - Load user favorites file C:\Users\kangm/.stm32cubeide/favorites.mcus.txt: 1 item(s)
2021-11-19 13:23:56,325 [INFO] ApiDb:255 - User favorites MCUs=[STM32F401RETx]
2021-11-19 13:23:56,325 [INFO] DbMcus:187 - Set 1 / 1 favorites MCUs
2021-11-19 13:23:56,340 [WARN] ThirdParty:779 - waiting for thirdparty lock release [change project]
2021-11-19 13:23:56,340 [INFO] ThirdParty:781 - entering critical section [change project]
2021-11-19 13:23:56,340 [INFO] ThirdParty:967 - CMSIS Pack Vendor :STMicroelectronics X-CUBE-SFXS2LP1 3.1.0
2021-11-19 13:23:56,340 [INFO] ThirdParty:967 - CMSIS Pack Vendor :RoweBots I-CUBE-UNISONRTOS 5.5.0-4
2021-11-19 13:23:56,340 [INFO] ThirdParty:967 - CMSIS Pack Vendor :STMicroelectronics X-CUBE-AZRTOS-F4 1.0.0
2021-11-19 13:23:56,340 [INFO] ThirdParty:967 - CMSIS Pack Vendor :STMicroelectronics USB_HOST 2.0.0
2021-11-19 13:23:56,340 [INFO] ThirdParty:967 - CMSIS Pack Vendor :STMicroelectronics X-CUBE-AZRTOS-H7 2.0.0
2021-11-19 13:23:56,340 [INFO] ThirdParty:967 - CMSIS Pack Vendor :STMicroelectronics X-CUBE-AZRTOS-L4 1.0.0
2021-11-19 13:23:56,340 [INFO] ThirdParty:967 - CMSIS Pack Vendor :STMicroelectronics USB_DEVICE 3.0.0
2021-11-19 13:23:56,340 [INFO] ThirdParty:967 - CMSIS Pack Vendor :STMicroelectronics X-CUBE-TOF1 2.0.0
2021-11-19 13:23:56,340 [INFO] ThirdParty:967 - CMSIS Pack Vendor :STMicroelectronics HAL Drivers 0.0.0
2021-11-19 13:23:56,340 [INFO] ThirdParty:967 - CMSIS Pack Vendor :STMicroelectronics MBEDTLS 2.16.2
2021-11-19 13:23:56,340 [INFO] ThirdParty:967 - CMSIS Pack Vendor :STMicroelectronics MBEDTLS 2.14.1
2021-11-19 13:23:56,340 [INFO] ThirdParty:967 - CMSIS Pack Vendor :STMicroelectronics X-CUBE-MEMS1 9.0.0
2021-11-19 13:23:56,340 [INFO] ThirdParty:967 - CMSIS Pack Vendor :STMicroelectronics X-CUBE-AZRTOS-H7 1.1.0
2021-11-19 13:23:56,340 [INFO] ThirdParty:967 - CMSIS Pack Vendor :STMicroelectronics X-CUBE-SUBG2 4.2.0
2021-11-19 13:23:56,340 [INFO] ThirdParty:967 - CMSIS Pack Vendor :STMicroelectronics X-CUBE-MEMS1 9.1.0
2021-11-19 13:23:56,340 [INFO] ThirdParty:967 - CMSIS Pack Vendor :STMicroelectronics X-CUBE-ALS 1.0.1
2021-11-19 13:23:56,340 [INFO] ThirdParty:967 - CMSIS Pack Vendor :STMicroelectronics USB_DEVICE 2.0.0
2021-11-19 13:23:56,340 [INFO] ThirdParty:967 - CMSIS Pack Vendor :STMicroelectronics X-CUBE-AI 7.0.0
2021-11-19 13:23:56,340 [INFO] ThirdParty:967 - CMSIS Pack Vendor :STMicroelectronics X-CUBE-ALGOBUILD 1.2.1
2021-11-19 13:23:56,340 [INFO] ThirdParty:967 - CMSIS Pack Vendor :STMicroelectronics X-CUBE-DISPLAY 1.0.0
2021-11-19 13:23:56,340 [INFO] ThirdParty:967 - CMSIS Pack Vendor :STMicroelectronics FreeRTOS 0.0.1
2021-11-19 13:23:56,340 [INFO] ThirdParty:967 - CMSIS Pack Vendor :STMicroelectronics USB_DEVICE 1.0.0
2021-11-19 13:23:56,340 [INFO] ThirdParty:967 - CMSIS Pack Vendor :SEGGER I-CUBE-embOS 1.2.0
2021-11-19 13:23:56,340 [INFO] ThirdParty:967 - CMSIS Pack Vendor :STMicroelectronics X-CUBE-EEPRMA1 3.1.0
2021-11-19 13:23:56,340 [INFO] ThirdParty:967 - CMSIS Pack Vendor :STMicroelectronics X-CUBE-GNSS1 5.2.0
2021-11-19 13:23:56,340 [INFO] ThirdParty:967 - CMSIS Pack Vendor :STMicroelectronics ThreadX 0.0.2
2021-11-19 13:23:56,340 [INFO] ThirdParty:967 - CMSIS Pack Vendor :STMicroelectronics lwIP 2.0.3
2021-11-19 13:23:56,340 [INFO] ThirdParty:967 - CMSIS Pack Vendor :STMicroelectronics lwIP 2.1.2
2021-11-19 13:23:56,340 [INFO] ThirdParty:967 - CMSIS Pack Vendor :STMicroelectronics X-CUBE-BLE1 6.2.1
2021-11-19 13:23:56,340 [INFO] ThirdParty:967 - CMSIS Pack Vendor :STMicroelectronics X-CUBE-BLE1 6.2.2
2021-11-19 13:23:56,340 [INFO] ThirdParty:967 - CMSIS Pack Vendor :STMicroelectronics X-CUBE-BLE2 3.2.1
2021-11-19 13:23:56,340 [INFO] ThirdParty:967 - CMSIS Pack Vendor :STMicroelectronics X-CUBE-BLE2 3.2.2
2021-11-19 13:23:56,340 [INFO] ThirdParty:967 - CMSIS Pack Vendor :STMicroelectronics X-CUBE-DISPLAY 2.0.0
2021-11-19 13:23:56,340 [INFO] ThirdParty:967 - CMSIS Pack Vendor :STMicroelectronics USB_HOST 1.0.0
2021-11-19 13:23:56,340 [INFO] ThirdParty:967 - CMSIS Pack Vendor :STMicroelectronics X-CUBE-NFC4 2.0.3
2021-11-19 13:23:56,340 [INFO] ThirdParty:967 - CMSIS Pack Vendor :wolfSSL I-CUBE-wolfSSL 4.8.0
2021-11-19 13:23:56,340 [INFO] ThirdParty:967 - CMSIS Pack Vendor :STMicroelectronics X-CUBE-TOUCHGFX 4.17.0
2021-11-19 13:23:56,340 [INFO] ThirdParty:967 - CMSIS Pack Vendor :STMicroelectronics PDM2PCM 3.1.0
2021-11-19 13:23:56,340 [INFO] ThirdParty:967 - CMSIS Pack Vendor :STMicroelectronics PDM2PCM 3.2.0
2021-11-19 13:23:56,340 [INFO] ThirdParty:967 - CMSIS Pack Vendor :STMicroelectronics PDM2PCM 3.3.0
2021-11-19 13:23:56,340 [INFO] ThirdParty:967 - CMSIS Pack Vendor :STMicroelectronics X-CUBE-TOUCHGFX 4.18.0
2021-11-19 13:23:56,340 [INFO] ThirdParty:787 - exiting critical section [change project]
2021-11-19 13:23:57,403 [INFO] PinOutPanel:1463 - setPackage(No Configuration,No Configuration)
2021-11-19 13:23:57,403 [INFO] PinOutPanel:1463 - setPackage(STM32F401RETx,LQFP64)
2021-11-19 13:23:58,465 [INFO] UtilMem:74 - Before build in PCC Used Memory: 309132544 Bytes (577765376)
2021-11-19 13:23:59,857 [INFO] UtilMem:74 - After build in PCC Used Memory: 393018624 Bytes (577765376)
2021-11-19 13:23:59,919 [INFO] IPUIPlugin:74 - create IPUIPlugin
2021-11-19 13:23:59,919 [INFO] IPUIPlugin:74 - create IPUIPlugin
2021-11-19 13:23:59,919 [INFO] IPUIPlugin:74 - create IPUIPlugin
2021-11-19 13:23:59,919 [INFO] IPUIPlugin:74 - create IPUIPlugin
2021-11-19 13:23:59,919 [INFO] IPUIPlugin:74 - create IPUIPlugin
2021-11-19 13:23:59,919 [INFO] IPUIPlugin:74 - create IPUIPlugin
2021-11-19 13:23:59,919 [INFO] IPUIPlugin:74 - create IPUIPlugin
2021-11-19 13:23:59,919 [INFO] IPUIPlugin:74 - create IPUIPlugin
2021-11-19 13:23:59,919 [INFO] IPUIPlugin:74 - create IPUIPlugin
2021-11-19 13:23:59,919 [INFO] IPUIPlugin:74 - create IPUIPlugin
2021-11-19 13:23:59,919 [INFO] IPUIPlugin:74 - create IPUIPlugin
2021-11-19 13:23:59,919 [INFO] IPUIPlugin:74 - create IPUIPlugin
2021-11-19 13:23:59,919 [INFO] IPUIPlugin:74 - create IPUIPlugin
2021-11-19 13:23:59,919 [INFO] IPUIPlugin:74 - create IPUIPlugin
2021-11-19 13:23:59,919 [INFO] IPUIPlugin:74 - create IPUIPlugin
2021-11-19 13:23:59,919 [INFO] IPUIPlugin:74 - create IPUIPlugin
2021-11-19 13:23:59,919 [INFO] IPUIPlugin:74 - create IPUIPlugin
2021-11-19 13:23:59,919 [INFO] IPUIPlugin:74 - create IPUIPlugin
2021-11-19 13:23:59,919 [INFO] IPUIPlugin:74 - create IPUIPlugin
2021-11-19 13:23:59,919 [INFO] IPUIPlugin:74 - create IPUIPlugin
2021-11-19 13:23:59,919 [INFO] IPUIPlugin:74 - create IPUIPlugin
2021-11-19 13:23:59,919 [INFO] IPUIPlugin:74 - create IPUIPlugin
2021-11-19 13:23:59,935 [INFO] IPUIPlugin:74 - create IPUIPlugin
2021-11-19 13:23:59,935 [INFO] IPUIPlugin:74 - create IPUIPlugin
2021-11-19 13:23:59,935 [INFO] IPUIPlugin:74 - create IPUIPlugin
2021-11-19 13:23:59,935 [INFO] IPUIPlugin:74 - create IPUIPlugin
2021-11-19 13:23:59,935 [INFO] IPUIPlugin:74 - create IPUIPlugin
2021-11-19 13:23:59,935 [INFO] IPUIPlugin:74 - create IPUIPlugin
2021-11-19 13:23:59,935 [INFO] IPUIPlugin:74 - create IPUIPlugin
2021-11-19 13:23:59,935 [INFO] IPUIPlugin:74 - create IPUIPlugin
2021-11-19 13:23:59,935 [INFO] IPUIPlugin:74 - create IPUIPlugin
2021-11-19 13:23:59,935 [INFO] IPUIPlugin:74 - create IPUIPlugin
2021-11-19 13:23:59,935 [INFO] IPUIPlugin:74 - create IPUIPlugin
2021-11-19 13:23:59,935 [INFO] IPUIPlugin:74 - create IPUIPlugin
2021-11-19 13:23:59,935 [INFO] IPUIPlugin:74 - create IPUIPlugin
2021-11-19 13:23:59,935 [INFO] IPUIPlugin:74 - create IPUIPlugin
2021-11-19 13:23:59,935 [INFO] IPUIPlugin:74 - create IPUIPlugin
2021-11-19 13:23:59,935 [INFO] IPUIPlugin:74 - create IPUIPlugin
2021-11-19 13:24:00,044 [INFO] ApiDbMcu:468 - Load IP Config File for PDM2PCM
2021-11-19 13:24:00,310 [INFO] OpenFileManager:333 - Restore cursor
2021-11-19 13:24:09,915 [INFO] Gpio:254 - dependency for GPIO [SYS]
2021-11-19 13:24:32,429 [INFO] UtilMem:74 - End SaveConfig() Used Memory: 243019776 Bytes (577765376)
2021-11-19 13:24:34,366 [INFO] UtilMem:74 - End SaveConfig() Used Memory: 293351424 Bytes (577765376)
2021-11-19 13:24:35,413 [INFO] BlockDiagram:2740 - set Specific Code input for plugin: NVIC
2021-11-19 13:24:35,413 [INFO] BlockDiagram:2740 - set Specific Code input for plugin: TIM1_8
2021-11-19 13:24:35,413 [INFO] BlockDiagram:2740 - set Specific Code input for plugin: SYS
2021-11-19 13:24:35,413 [INFO] BlockDiagram:2740 - set Specific Code input for plugin: GPIO
2021-11-19 13:24:35,413 [INFO] BlockDiagram:2740 - set Specific Code input for plugin: RCC
2021-11-19 13:24:35,413 [INFO] CodeGenerator:663 - code generatio: config db path: C:\ST\STM32CubeIDE_1.7.0\STM32CubeIDE\plugins\com.st.stm32cube.common.mx_6.3.0.202107141111\\db\
2021-11-19 13:24:36,178 [INFO] CodeEngine:239 - oldGeneratedFile, C:\02_My Project\01_MCU\Project\STM32F4_TEST\STM32F401\F401_TIM_Toggle\F401_TIM_Toggle_test\MXTmpFiles\license.tmp_save
2021-11-19 13:24:37,147 [INFO] CodeEngine:257 - Generated code: C:\02_My Project\01_MCU\Project\STM32F4_TEST\STM32F401\F401_TIM_Toggle\F401_TIM_Toggle_test\MXTmpFiles\license.tmp
2021-11-19 13:24:37,241 [INFO] CodeEngine:239 - oldGeneratedFile, C:\02_My Project\01_MCU\Project\STM32F4_TEST\STM32F401\F401_TIM_Toggle\F401_TIM_Toggle_test\MXTmpFiles\gpio.tmp_save
2021-11-19 13:24:37,475 [INFO] CodeEngine:257 - Generated code: C:\02_My Project\01_MCU\Project\STM32F4_TEST\STM32F401\F401_TIM_Toggle\F401_TIM_Toggle_test\MXTmpFiles\gpio.tmp
2021-11-19 13:24:37,788 [INFO] CodeEngine:239 - oldGeneratedFile, C:\02_My Project\01_MCU\Project\STM32F4_TEST\STM32F401\F401_TIM_Toggle\F401_TIM_Toggle_test\Core\Src\stm32f4xx_it.c_save
2021-11-19 13:24:38,069 [INFO] CodeEngine:257 - Generated code: C:\02_My Project\01_MCU\Project\STM32F4_TEST\STM32F401\F401_TIM_Toggle\F401_TIM_Toggle_test\Core\Src\stm32f4xx_it.c
2021-11-19 13:24:38,084 [INFO] CodeEngine:239 - oldGeneratedFile, C:\02_My Project\01_MCU\Project\STM32F4_TEST\STM32F401\F401_TIM_Toggle\F401_TIM_Toggle_test\Core\Inc\stm32f4xx_it.h_save
2021-11-19 13:24:38,225 [INFO] CodeEngine:257 - Generated code: C:\02_My Project\01_MCU\Project\STM32F4_TEST\STM32F401\F401_TIM_Toggle\F401_TIM_Toggle_test\Core\Inc\stm32f4xx_it.h
2021-11-19 13:24:38,272 [INFO] CodeEngine:239 - oldGeneratedFile, C:\02_My Project\01_MCU\Project\STM32F4_TEST\STM32F401\F401_TIM_Toggle\F401_TIM_Toggle_test\Core\Src\stm32f4xx_hal_msp.c_save
2021-11-19 13:24:38,616 [INFO] CodeEngine:257 - Generated code: C:\02_My Project\01_MCU\Project\STM32F4_TEST\STM32F401\F401_TIM_Toggle\F401_TIM_Toggle_test\Core\Src\stm32f4xx_hal_msp.c
2021-11-19 13:24:38,631 [INFO] CodeEngine:239 - oldGeneratedFile, C:\02_My Project\01_MCU\Project\STM32F4_TEST\STM32F401\F401_TIM_Toggle\F401_TIM_Toggle_test\MXTmpFiles\system.tmp_save
2021-11-19 13:24:38,787 [INFO] CodeEngine:257 - Generated code: C:\02_My Project\01_MCU\Project\STM32F4_TEST\STM32F401\F401_TIM_Toggle\F401_TIM_Toggle_test\MXTmpFiles\system.tmp
2021-11-19 13:24:38,819 [INFO] CodeEngine:239 - oldGeneratedFile, C:\02_My Project\01_MCU\Project\STM32F4_TEST\STM32F401\F401_TIM_Toggle\F401_TIM_Toggle_test\Core\Inc\stm32f4xx_hal_conf.h_save
2021-11-19 13:24:39,100 [INFO] CodeEngine:257 - Generated code: C:\02_My Project\01_MCU\Project\STM32F4_TEST\STM32F401\F401_TIM_Toggle\F401_TIM_Toggle_test\Core\Inc\stm32f4xx_hal_conf.h
2021-11-19 13:24:39,194 [WARN] IPConfigManager:3148 - IP not found : TIM
2021-11-19 13:24:39,194 [WARN] CodeGenerator:3268 - IP not found : null
2021-11-19 13:24:39,225 [INFO] CodeEngine:239 - oldGeneratedFile, C:\02_My Project\01_MCU\Project\STM32F4_TEST\STM32F401\F401_TIM_Toggle\F401_TIM_Toggle_test\Core\Inc\main.h_save
2021-11-19 13:24:39,444 [INFO] CodeEngine:257 - Generated code: C:\02_My Project\01_MCU\Project\STM32F4_TEST\STM32F401\F401_TIM_Toggle\F401_TIM_Toggle_test\Core\Inc\main.h
2021-11-19 13:24:39,459 [INFO] CodeEngine:239 - oldGeneratedFile, C:\02_My Project\01_MCU\Project\STM32F4_TEST\STM32F401\F401_TIM_Toggle\F401_TIM_Toggle_test\Core\Src\main.c_save
2021-11-19 13:24:39,803 [INFO] CodeEngine:257 - Generated code: C:\02_My Project\01_MCU\Project\STM32F4_TEST\STM32F401\F401_TIM_Toggle\F401_TIM_Toggle_test\Core\Src\main.c
2021-11-19 13:24:42,280 [INFO] ProjectBuilder:2578 - Time for Copy HAL[1] : 422mS.
2021-11-19 13:24:42,295 [INFO] ProjectBuilder:3622 - Project Generator version: 3.14.1
2021-11-19 13:24:43,561 [INFO] ConfigFileManager:1271 - The Die is : DIE433
2021-11-19 13:24:43,592 [INFO] ApiDbMcu:468 - Load IP Config File for FATFS
2021-11-19 13:24:43,655 [INFO] ApiDbMcu:468 - Load IP Config File for FREERTOS
2021-11-19 13:24:43,670 [INFO] ApiDbMcu:468 - Load IP Config File for LIBJPEG
2021-11-19 13:24:43,748 [INFO] ApiDbMcu:468 - Load IP Config File for MBEDTLS
2021-11-19 13:24:43,842 [INFO] ApiDbMcu:468 - Load IP Config File for USB_DEVICE
2021-11-19 13:24:43,858 [INFO] ApiDbMcu:468 - Load IP Config File for USB_HOST
2021-11-19 13:24:48,651 [INFO] ProjectBuilder:3789 - Time for Generating toolchain IDE Files: 6356mS.
2021-11-19 13:24:48,651 [INFO] ProjectBuilder:2457 - Time for Copy CMSIS : 0mS.
2021-11-19 13:24:48,666 [INFO] ProjectBuilder:2457 - Time for Copy CMSIS : 0mS.
