2021-09-07 16:48:57,636 [INFO] Activator:177 - 


2021-09-07 16:48:57,640 [INFO] Activator:178 - !SESSION log4j initialized
2021-09-07 16:54:46,092 [INFO] McuFinderGlobals:39 - Set McuFinder mode to 2 (CubeIDE integrated)
2021-09-07 16:54:47,828 [INFO] ApplicationProperties:181 - Using Application install path: C:\ST\STM32CubeIDE_1.7.0\STM32CubeIDE\plugins\com.st.stm32cube.common.mx_6.3.0.202107141111
2021-09-07 16:54:47,853 [INFO] DbMcusXml:74 - Set database path to: C:\ST\STM32CubeIDE_1.7.0\STM32CubeIDE\plugins\com.st.stm32cube.common.mx_6.3.0.202107141111\\db\/mcu/
2021-09-07 16:54:47,859 [INFO] DbBoardsPdsc:56 - Set plugin database path to: C:\ST\STM32CubeIDE_1.7.0\STM32CubeIDE\plugins\com.st.stm32cube.common.mx_6.3.0.202107141111\\db\/plugins/boardmanager/
2021-09-07 16:54:47,860 [INFO] DbMcus:258 - Set plugin images path to: C:\ST\STM32CubeIDE_1.7.0\STM32CubeIDE\plugins\com.st.stm32cube.common.mx_6.3.0.202107141111\\db\/plugins/mcufinder/images/
2021-09-07 16:54:47,860 [INFO] DbBoards:264 - Set plugin images path to: C:\ST\STM32CubeIDE_1.7.0\STM32CubeIDE\plugins\com.st.stm32cube.common.mx_6.3.0.202107141111\\db\/plugins/mcufinder/images/
2021-09-07 16:54:47,867 [INFO] DbExamples:333 - Set plugin images path to: C:\ST\STM32CubeIDE_1.7.0\STM32CubeIDE\plugins\com.st.stm32cube.common.mx_6.3.0.202107141111\\db\/plugins/mcufinder/images/
2021-09-07 16:54:47,890 [INFO] DbMcusAds:119 - Set database path to: C:\Users\kangm\.stmcufinder\plugins\mcufinder//mcu/
2021-09-07 16:54:47,893 [INFO] DbMcusDocs:110 - Set database path to: C:\Users\kangm\.stmcufinder\plugins\mcufinder//mcu/
2021-09-07 16:54:47,898 [INFO] DbMcusJson:64 - Set database path to: C:\Users\kangm\.stmcufinder\plugins\mcufinder//mcu/
2021-09-07 16:54:47,900 [INFO] DbBoardsDocs:110 - Set database path to: C:\Users\kangm\.stmcufinder\plugins\mcufinder//mcu/
2021-09-07 16:54:47,903 [INFO] DbBoardsJson:57 - Set database path to: C:\Users\kangm\.stmcufinder\plugins\mcufinder//mcu/
2021-09-07 16:54:47,947 [INFO] CrossReferenceDbSqlite:196 - Set database path to: C:\Users\kangm\.stmcufinder\plugins\mcufinder//mcu/cs/
2021-09-07 16:54:47,952 [INFO] DbExamplesSqlite:767 - Set database path to: C:\Users\kangm\.stmcufinder\plugins\mcufinder//mcu/
2021-09-07 16:54:48,214 [INFO] RulesReader:57 - Compatibility file has been processed (242 Rules)
2021-09-07 16:54:48,494 [INFO] DbMcusXml:74 - Set database path to: C:\ST\STM32CubeIDE_1.7.0\STM32CubeIDE\plugins\com.st.stm32cube.common.mx_6.3.0.202107141111\\db\/mcu/
2021-09-07 16:54:48,497 [INFO] DbBoardsPdsc:56 - Set plugin database path to: C:\ST\STM32CubeIDE_1.7.0\STM32CubeIDE\plugins\com.st.stm32cube.common.mx_6.3.0.202107141111\\db\/plugins/boardmanager/
2021-09-07 16:54:48,497 [INFO] DbMcus:258 - Set plugin images path to: C:\ST\STM32CubeIDE_1.7.0\STM32CubeIDE\plugins\com.st.stm32cube.common.mx_6.3.0.202107141111\\db\/plugins/mcufinder/images/
2021-09-07 16:54:48,498 [INFO] DbBoards:264 - Set plugin images path to: C:\ST\STM32CubeIDE_1.7.0\STM32CubeIDE\plugins\com.st.stm32cube.common.mx_6.3.0.202107141111\\db\/plugins/mcufinder/images/
2021-09-07 16:54:48,498 [INFO] DbExamples:333 - Set plugin images path to: C:\ST\STM32CubeIDE_1.7.0\STM32CubeIDE\plugins\com.st.stm32cube.common.mx_6.3.0.202107141111\\db\/plugins/mcufinder/images/
2021-09-07 16:54:48,499 [WARN] DbFile:35 - Overriding database path with different value: C:\Users\kangm\.stmcufinder\plugins\mcufinder/ => C:\Users\kangm\.stmcufinder\plugins\mcufinder
2021-09-07 16:54:48,499 [INFO] DbMcusAds:119 - Set database path to: C:\Users\kangm\.stmcufinder\plugins\mcufinder//mcu/
2021-09-07 16:54:48,500 [WARN] DbFile:35 - Overriding database path with different value: C:\Users\kangm\.stmcufinder\plugins\mcufinder/ => C:\Users\kangm\.stmcufinder\plugins\mcufinder
2021-09-07 16:54:48,500 [INFO] DbMcusDocs:110 - Set database path to: C:\Users\kangm\.stmcufinder\plugins\mcufinder//mcu/
2021-09-07 16:54:48,501 [WARN] DbFile:35 - Overriding database path with different value: C:\Users\kangm\.stmcufinder\plugins\mcufinder/ => C:\Users\kangm\.stmcufinder\plugins\mcufinder
2021-09-07 16:54:48,501 [INFO] DbMcusJson:64 - Set database path to: C:\Users\kangm\.stmcufinder\plugins\mcufinder//mcu/
2021-09-07 16:54:48,502 [WARN] DbFile:35 - Overriding database path with different value: C:\Users\kangm\.stmcufinder\plugins\mcufinder/ => C:\Users\kangm\.stmcufinder\plugins\mcufinder
2021-09-07 16:54:48,502 [INFO] DbBoardsDocs:110 - Set database path to: C:\Users\kangm\.stmcufinder\plugins\mcufinder//mcu/
2021-09-07 16:54:48,502 [WARN] DbFile:35 - Overriding database path with different value: C:\Users\kangm\.stmcufinder\plugins\mcufinder/ => C:\Users\kangm\.stmcufinder\plugins\mcufinder
2021-09-07 16:54:48,503 [INFO] DbBoardsJson:57 - Set database path to: C:\Users\kangm\.stmcufinder\plugins\mcufinder//mcu/
2021-09-07 16:54:48,503 [WARN] DbFile:35 - Overriding database path with different value: C:\Users\kangm\.stmcufinder\plugins\mcufinder/ => C:\Users\kangm\.stmcufinder\plugins\mcufinder
2021-09-07 16:54:48,503 [WARN] DbFile:35 - Overriding database path with different value: C:\Users\kangm\.stmcufinder\plugins\mcufinder/ => C:\Users\kangm\.stmcufinder\plugins\mcufinder
2021-09-07 16:54:48,504 [INFO] CrossReferenceDbSqlite:196 - Set database path to: C:\Users\kangm\.stmcufinder\plugins\mcufinder//mcu/cs/
2021-09-07 16:54:48,504 [WARN] DbFile:35 - Overriding database path with different value: C:\Users\kangm\.stmcufinder\plugins\mcufinder/ => C:\Users\kangm\.stmcufinder\plugins\mcufinder
2021-09-07 16:54:48,504 [INFO] DbExamplesSqlite:767 - Set database path to: C:\Users\kangm\.stmcufinder\plugins\mcufinder//mcu/
2021-09-07 16:54:48,673 [INFO] MainPanel:214 - HeapMemory: 392167424
2021-09-07 16:54:48,898 [INFO] DbMcusXml:74 - Set database path to: C:\ST\STM32CubeIDE_1.7.0\STM32CubeIDE\plugins\com.st.stm32cube.common.mx_6.3.0.202107141111\\db\/mcu/
2021-09-07 16:54:48,898 [INFO] DbBoardsPdsc:56 - Set plugin database path to: C:\ST\STM32CubeIDE_1.7.0\STM32CubeIDE\plugins\com.st.stm32cube.common.mx_6.3.0.202107141111\\db\/plugins/boardmanager/
2021-09-07 16:54:48,899 [INFO] DbMcus:258 - Set plugin images path to: C:\ST\STM32CubeIDE_1.7.0\STM32CubeIDE\plugins\com.st.stm32cube.common.mx_6.3.0.202107141111\\db\/plugins/mcufinder/images/
2021-09-07 16:54:48,899 [INFO] DbBoards:264 - Set plugin images path to: C:\ST\STM32CubeIDE_1.7.0\STM32CubeIDE\plugins\com.st.stm32cube.common.mx_6.3.0.202107141111\\db\/plugins/mcufinder/images/
2021-09-07 16:54:48,900 [INFO] DbExamples:333 - Set plugin images path to: C:\ST\STM32CubeIDE_1.7.0\STM32CubeIDE\plugins\com.st.stm32cube.common.mx_6.3.0.202107141111\\db\/plugins/mcufinder/images/
2021-09-07 16:54:48,901 [WARN] DbFile:35 - Overriding database path with different value: C:\Users\kangm\.stmcufinder\plugins\mcufinder/ => C:\Users\kangm\.stmcufinder\plugins\mcufinder
2021-09-07 16:54:48,901 [INFO] DbMcusAds:119 - Set database path to: C:\Users\kangm\.stmcufinder\plugins\mcufinder//mcu/
2021-09-07 16:54:48,902 [WARN] DbFile:35 - Overriding database path with different value: C:\Users\kangm\.stmcufinder\plugins\mcufinder/ => C:\Users\kangm\.stmcufinder\plugins\mcufinder
2021-09-07 16:54:48,902 [INFO] DbMcusDocs:110 - Set database path to: C:\Users\kangm\.stmcufinder\plugins\mcufinder//mcu/
2021-09-07 16:54:48,902 [WARN] DbFile:35 - Overriding database path with different value: C:\Users\kangm\.stmcufinder\plugins\mcufinder/ => C:\Users\kangm\.stmcufinder\plugins\mcufinder
2021-09-07 16:54:48,903 [INFO] DbMcusJson:64 - Set database path to: C:\Users\kangm\.stmcufinder\plugins\mcufinder//mcu/
2021-09-07 16:54:48,903 [WARN] DbFile:35 - Overriding database path with different value: C:\Users\kangm\.stmcufinder\plugins\mcufinder/ => C:\Users\kangm\.stmcufinder\plugins\mcufinder
2021-09-07 16:54:48,903 [INFO] DbBoardsDocs:110 - Set database path to: C:\Users\kangm\.stmcufinder\plugins\mcufinder//mcu/
2021-09-07 16:54:48,904 [WARN] DbFile:35 - Overriding database path with different value: C:\Users\kangm\.stmcufinder\plugins\mcufinder/ => C:\Users\kangm\.stmcufinder\plugins\mcufinder
2021-09-07 16:54:48,904 [INFO] DbBoardsJson:57 - Set database path to: C:\Users\kangm\.stmcufinder\plugins\mcufinder//mcu/
2021-09-07 16:54:48,904 [WARN] DbFile:35 - Overriding database path with different value: C:\Users\kangm\.stmcufinder\plugins\mcufinder/ => C:\Users\kangm\.stmcufinder\plugins\mcufinder
2021-09-07 16:54:48,905 [WARN] DbFile:35 - Overriding database path with different value: C:\Users\kangm\.stmcufinder\plugins\mcufinder/ => C:\Users\kangm\.stmcufinder\plugins\mcufinder
2021-09-07 16:54:48,905 [INFO] CrossReferenceDbSqlite:196 - Set database path to: C:\Users\kangm\.stmcufinder\plugins\mcufinder//mcu/cs/
2021-09-07 16:54:48,905 [WARN] DbFile:35 - Overriding database path with different value: C:\Users\kangm\.stmcufinder\plugins\mcufinder/ => C:\Users\kangm\.stmcufinder\plugins\mcufinder
2021-09-07 16:54:48,905 [INFO] DbExamplesSqlite:767 - Set database path to: C:\Users\kangm\.stmcufinder\plugins\mcufinder//mcu/
2021-09-07 16:54:48,950 [INFO] ApplicationProperties:181 - Using Application install path: C:\ST\STM32CubeIDE_1.7.0\STM32CubeIDE\plugins\com.st.stm32cube.common.mx_6.3.0.202107141111
2021-09-07 16:54:48,953 [INFO] PluginManage:188 - Search for loadable plugins [exclusion list=, ]
2021-09-07 16:54:48,957 [INFO] PluginManage:302 - Check plugin analytics
2021-09-07 16:54:49,398 [INFO] AnalyticsPlugin:257 - Accepted Software Licenses: STM32CubeMX.6.3.0
2021-09-07 16:54:49,399 [INFO] AnalyticsPlugin:259 - Accepted CMSIS Pack Licenses: 
2021-09-07 16:54:49,400 [INFO] AnalyticsPlugin:261 - Accepted Firmware Licenses: 
2021-09-07 16:54:49,401 [INFO] PluginManage:352 - Loaded plugin analytics (category:tool,tabindex:-1)
2021-09-07 16:54:49,401 [INFO] PluginManage:302 - Check plugin clock
2021-09-07 16:54:49,448 [INFO] PluginManage:352 - Loaded plugin clock (category:base,tabindex:2)
2021-09-07 16:54:49,449 [INFO] PluginManage:302 - Check plugin ddr
2021-09-07 16:54:49,456 [INFO] PluginManage:352 - Loaded plugin ddr (category:tool,tabindex:6)
2021-09-07 16:54:49,456 [INFO] PluginManage:302 - Check plugin filemanager
2021-09-07 16:54:49,741 [INFO] PluginManage:352 - Loaded plugin filemanager (category:base,tabindex:10)
2021-09-07 16:54:49,741 [INFO] PluginManage:302 - Check plugin ipmanager
2021-09-07 16:54:49,758 [INFO] PluginManage:352 - Loaded plugin ipmanager (category:base,tabindex:5)
2021-09-07 16:54:49,759 [INFO] PluginManage:302 - Check plugin pinoutandconfiguration
2021-09-07 16:54:49,804 [INFO] PluginManage:352 - Loaded plugin pinoutandconfiguration (category:base,tabindex:1)
2021-09-07 16:54:49,804 [INFO] PluginManage:302 - Check plugin pinoutconfig
2021-09-07 16:54:49,982 [INFO] PluginManage:352 - Loaded plugin pinoutconfig (category:base,tabindex:0)
2021-09-07 16:54:49,982 [INFO] PluginManage:302 - Check plugin power
2021-09-07 16:54:50,022 [INFO] PluginManage:352 - Loaded plugin power (category:power,tabindex:4)
2021-09-07 16:54:50,023 [INFO] PluginManage:302 - Check plugin projectmanager
2021-09-07 16:54:50,074 [INFO] PluginManage:352 - Loaded plugin projectmanager (category:projectmanager,tabindex:3)
2021-09-07 16:54:50,074 [INFO] PluginManage:302 - Check plugin thirdparty
2021-09-07 16:54:50,610 [INFO] PluginManage:352 - Loaded plugin thirdparty (category:base,tabindex:-1)
2021-09-07 16:54:50,610 [INFO] PluginManage:302 - Check plugin tools
2021-09-07 16:54:50,617 [WARN] IntegrityCheckThread:78 - waiting for thirdparty lock release [integrity check]
2021-09-07 16:54:50,618 [INFO] IntegrityCheckThread:80 - entering critical section [integrity check]
2021-09-07 16:54:50,619 [INFO] ThirdPartyUpdaterWithRetryManager:66 - Updater plugin not ready yet. [1/15]
2021-09-07 16:54:50,734 [INFO] PluginManage:352 - Loaded plugin tools (category:base,tabindex:7)
2021-09-07 16:54:50,734 [INFO] PluginManage:302 - Check plugin tutovideos
2021-09-07 16:54:51,346 [INFO] PluginManage:352 - Loaded plugin tutovideos (category:base,tabindex:-1)
2021-09-07 16:54:51,346 [INFO] PluginManage:302 - Check plugin updater
2021-09-07 16:54:51,373 [INFO] PluginManage:352 - Loaded plugin updater (category:base,tabindex:12)
2021-09-07 16:54:51,374 [INFO] PluginManage:275 - PluginManage : Loaded plugins [13]
2021-09-07 16:54:51,887 [INFO] PinOutPanel:1463 - setPackage(No Configuration,No Configuration)
2021-09-07 16:54:52,176 [INFO] IPUIPlugin:74 - create IPUIPlugin
2021-09-07 16:54:52,177 [INFO] PluginManager:213 - loadIPPluginJar : add adc
2021-09-07 16:54:52,269 [INFO] IPUIPlugin:74 - create IPUIPlugin
2021-09-07 16:54:52,270 [INFO] PluginManager:213 - loadIPPluginJar : add aes
2021-09-07 16:54:52,388 [INFO] IPUIPlugin:74 - create IPUIPlugin
2021-09-07 16:54:52,389 [INFO] PluginManager:213 - loadIPPluginJar : add can
2021-09-07 16:54:52,470 [INFO] IPUIPlugin:74 - create IPUIPlugin
2021-09-07 16:54:52,471 [INFO] PluginManager:213 - loadIPPluginJar : add comp
2021-09-07 16:54:52,554 [INFO] IPUIPlugin:74 - create IPUIPlugin
2021-09-07 16:54:52,554 [INFO] PluginManager:213 - loadIPPluginJar : add cryp
2021-09-07 16:54:52,728 [INFO] IPUIPlugin:74 - create IPUIPlugin
2021-09-07 16:54:52,729 [INFO] PluginManager:213 - loadIPPluginJar : add dfsdm
2021-09-07 16:54:52,779 [INFO] IPUIPlugin:74 - create IPUIPlugin
2021-09-07 16:54:52,782 [INFO] PluginManager:213 - loadIPPluginJar : add dma
2021-09-07 16:54:52,892 [INFO] IPUIPlugin:74 - create IPUIPlugin
2021-09-07 16:54:52,894 [INFO] PluginManager:213 - loadIPPluginJar : add dma3
2021-09-07 16:54:52,990 [INFO] IPUIPlugin:74 - create IPUIPlugin
2021-09-07 16:54:52,990 [INFO] PluginManager:213 - loadIPPluginJar : add fatfs
2021-09-07 16:54:53,143 [INFO] IPUIPlugin:74 - create IPUIPlugin
2021-09-07 16:54:53,147 [INFO] PluginManager:213 - loadIPPluginJar : add fmc
2021-09-07 16:54:53,184 [INFO] IPUIPlugin:74 - create IPUIPlugin
2021-09-07 16:54:53,185 [INFO] PluginManager:213 - loadIPPluginJar : add freertos
2021-09-07 16:54:53,273 [INFO] IPUIPlugin:74 - create IPUIPlugin
2021-09-07 16:54:53,274 [INFO] PluginManager:213 - loadIPPluginJar : add genericplugin
2021-09-07 16:54:53,516 [INFO] IPUIPlugin:74 - create IPUIPlugin
2021-09-07 16:54:53,516 [INFO] PluginManager:213 - loadIPPluginJar : add gfxmmu
2021-09-07 16:54:53,638 [INFO] ThirdPartyUpdaterWithRetryManager:66 - Updater plugin not ready yet. [2/15]
2021-09-07 16:54:53,989 [INFO] IPUIPlugin:74 - create IPUIPlugin
2021-09-07 16:54:53,989 [INFO] PluginManager:213 - loadIPPluginJar : add gic
2021-09-07 16:54:54,038 [INFO] IPUIPlugin:74 - create IPUIPlugin
2021-09-07 16:54:54,039 [INFO] PluginManager:213 - loadIPPluginJar : add gpio
2021-09-07 16:54:54,245 [INFO] IPUIPlugin:74 - create IPUIPlugin
2021-09-07 16:54:54,246 [INFO] PluginManager:213 - loadIPPluginJar : add gtzc
2021-09-07 16:54:54,462 [INFO] IPUIPlugin:74 - create IPUIPlugin
2021-09-07 16:54:54,464 [INFO] PluginManager:213 - loadIPPluginJar : add hash
2021-09-07 16:54:54,781 [INFO] IPUIPlugin:74 - create IPUIPlugin
2021-09-07 16:54:54,783 [INFO] PluginManager:213 - loadIPPluginJar : add i2c
2021-09-07 16:54:54,945 [INFO] IPUIPlugin:74 - create IPUIPlugin
2021-09-07 16:54:54,946 [INFO] PluginManager:213 - loadIPPluginJar : add i2s
2021-09-07 16:54:54,977 [INFO] IPUIPlugin:74 - create IPUIPlugin
2021-09-07 16:54:54,977 [INFO] PluginManager:213 - loadIPPluginJar : add ipddr
2021-09-07 16:54:55,218 [INFO] IPUIPlugin:74 - create IPUIPlugin
2021-09-07 16:54:55,219 [INFO] PluginManager:213 - loadIPPluginJar : add linkedlist
2021-09-07 16:54:55,352 [INFO] IPUIPlugin:74 - create IPUIPlugin
2021-09-07 16:54:55,363 [INFO] PluginManager:213 - loadIPPluginJar : add lorawan
2021-09-07 16:54:55,474 [INFO] IPUIPlugin:74 - create IPUIPlugin
2021-09-07 16:54:55,476 [INFO] PluginManager:213 - loadIPPluginJar : add ltdc
2021-09-07 16:54:55,504 [INFO] IPUIPlugin:74 - create IPUIPlugin
2021-09-07 16:54:55,505 [INFO] PluginManager:213 - loadIPPluginJar : add mdma
2021-09-07 16:54:55,532 [INFO] IPUIPlugin:74 - create IPUIPlugin
2021-09-07 16:54:55,533 [INFO] PluginManager:213 - loadIPPluginJar : add nvic
2021-09-07 16:54:55,630 [INFO] IPUIPlugin:74 - create IPUIPlugin
2021-09-07 16:54:55,630 [INFO] PluginManager:213 - loadIPPluginJar : add opamp
2021-09-07 16:54:55,911 [INFO] IPUIPlugin:74 - create IPUIPlugin
2021-09-07 16:54:55,912 [INFO] PluginManager:213 - loadIPPluginJar : add openamp
2021-09-07 16:54:56,050 [INFO] IPUIPlugin:74 - create IPUIPlugin
2021-09-07 16:54:56,051 [INFO] PluginManager:213 - loadIPPluginJar : add pdm2pcm
2021-09-07 16:54:56,094 [INFO] IPUIPlugin:74 - create IPUIPlugin
2021-09-07 16:54:56,116 [INFO] PluginManager:213 - loadIPPluginJar : add plateformsettings
2021-09-07 16:54:56,225 [INFO] IPUIPlugin:74 - create IPUIPlugin
2021-09-07 16:54:56,225 [INFO] PluginManager:213 - loadIPPluginJar : add quadspi
2021-09-07 16:54:56,258 [INFO] IPUIPlugin:74 - create IPUIPlugin
2021-09-07 16:54:56,259 [INFO] PluginManager:213 - loadIPPluginJar : add resmgrutility
2021-09-07 16:54:56,438 [INFO] IPUIPlugin:74 - create IPUIPlugin
2021-09-07 16:54:56,438 [INFO] PluginManager:213 - loadIPPluginJar : add sai
2021-09-07 16:54:56,626 [INFO] IPUIPlugin:74 - create IPUIPlugin
2021-09-07 16:54:56,627 [INFO] PluginManager:213 - loadIPPluginJar : add spi
2021-09-07 16:54:56,665 [INFO] ThirdPartyUpdaterWithRetryManager:66 - Updater plugin not ready yet. [3/15]
2021-09-07 16:54:56,788 [INFO] IPUIPlugin:74 - create IPUIPlugin
2021-09-07 16:54:56,789 [INFO] PluginManager:213 - loadIPPluginJar : add stm32_wpan
2021-09-07 16:54:56,866 [INFO] IPUIPlugin:74 - create IPUIPlugin
2021-09-07 16:54:56,866 [INFO] PluginManager:213 - loadIPPluginJar : add tim
2021-09-07 16:54:57,032 [INFO] IPUIPlugin:74 - create IPUIPlugin
2021-09-07 16:54:57,033 [INFO] PluginManager:213 - loadIPPluginJar : add touchsensing
2021-09-07 16:54:57,120 [INFO] IPUIPlugin:74 - create IPUIPlugin
2021-09-07 16:54:57,121 [INFO] PluginManager:213 - loadIPPluginJar : add tracer_emb
2021-09-07 16:54:57,189 [INFO] IPUIPlugin:74 - create IPUIPlugin
2021-09-07 16:54:57,190 [INFO] PluginManager:213 - loadIPPluginJar : add ts
2021-09-07 16:54:57,271 [INFO] IPUIPlugin:74 - create IPUIPlugin
2021-09-07 16:54:57,274 [INFO] PluginManager:213 - loadIPPluginJar : add tsc
2021-09-07 16:54:57,333 [INFO] IPUIPlugin:74 - create IPUIPlugin
2021-09-07 16:54:57,334 [INFO] PluginManager:213 - loadIPPluginJar : add ucpd
2021-09-07 16:54:57,444 [INFO] IPUIPlugin:74 - create IPUIPlugin
2021-09-07 16:54:57,444 [INFO] PluginManager:213 - loadIPPluginJar : add usart
2021-09-07 16:54:57,526 [INFO] IPUIPlugin:74 - create IPUIPlugin
2021-09-07 16:54:57,527 [INFO] PluginManager:213 - loadIPPluginJar : add usbx
2021-09-07 16:54:58,101 [FATAL] Updater:294 - Updater called before beeing initialized
2021-09-07 16:54:58,361 [FATAL] Updater:294 - Updater called before beeing initialized
2021-09-07 16:54:58,374 [INFO] DbMcusAds:47 - JSON generation date=Wed Aug 18 23:13:16 KST 2021 (1629295996946)
2021-09-07 16:54:58,376 [FATAL] Updater:294 - Updater called before beeing initialized
2021-09-07 16:54:58,568 [WARN] DetailPanel:314 - Failed to get advertising image, set to default
2021-09-07 16:54:58,932 [FATAL] Updater:294 - Updater called before beeing initialized
2021-09-07 16:54:58,936 [FATAL] Updater:294 - Updater called before beeing initialized
2021-09-07 16:54:58,937 [FATAL] Updater:294 - Updater called before beeing initialized
2021-09-07 16:54:58,937 [WARN] DetailPanel:314 - Failed to get advertising image, set to default
2021-09-07 16:54:58,940 [FATAL] Updater:294 - Updater called before beeing initialized
2021-09-07 16:54:59,097 [ERROR] Updater:1075 - MainUpdater not yet initialized. External WinMGr cannot be set.
2021-09-07 16:54:59,119 [INFO] Updater:1012 - Updater Version found : 6.3.0
2021-09-07 16:54:59,163 [INFO] ApplicationProperties:181 - Using Application install path: C:\ST\STM32CubeIDE_1.7.0\STM32CubeIDE\plugins\com.st.stm32cube.common.mx_6.3.0.202107141111
2021-09-07 16:54:59,487 [INFO] MainUpdater:2671 - connection check result : 10
2021-09-07 16:54:59,488 [INFO] MainUpdater:3359 - Updater definition file requires update
2021-09-07 16:54:59,490 [INFO] MainUpdater:265 - Updater Check For Update Now.
2021-09-07 16:54:59,491 [INFO] MicroXplorer:478 - Change Database Version : DB.6.0.30
2021-09-07 16:54:59,554 [INFO] ServerAccessManage:362 - Download File updaters.zip
2021-09-07 16:54:59,694 [WARN] MainUpdater:1122 - Updater busy. Cannot search thirdparties
2021-09-07 16:54:59,695 [INFO] ThirdPartyUpdaterWithRetryManager:92 - Updater plugin is busy. [1/15]
2021-09-07 16:54:59,711 [INFO] FileExtend:235 - Unzip File : updaters.zip
2021-09-07 16:54:59,711 [INFO] FileExtend:250 - Standard Zip Deflate
2021-09-07 16:55:01,040 [INFO] ServerAccessManage:362 - Download File PacksControlFlags.xml
2021-09-07 16:55:01,183 [INFO] ServerAccessManage:362 - Download File cubemx.pidx
2021-09-07 16:55:02,736 [WARN] MainUpdater:1122 - Updater busy. Cannot search thirdparties
2021-09-07 16:55:02,737 [INFO] ThirdPartyUpdaterWithRetryManager:92 - Updater plugin is busy. [2/15]
2021-09-07 16:55:03,501 [INFO] ServerAccessManage:362 - Download File STMicroelectronics.X-CUBE-AZRTOS-H7.pdsc
2021-09-07 16:55:03,753 [INFO] ServerAccessManage:362 - Download File STMicroelectronics.X-CUBE-AZRTOS-F4.pdsc
2021-09-07 16:55:05,114 [INFO] CheckServerUpdateThread:112 - End of CheckServer Thread
2021-09-07 16:55:05,169 [WARN] PackLoader:238 - Cannot read IP mode file for STMicroelectronics.X-CUBE-AZRTOS-H7.2.0.0
2021-09-07 16:55:05,205 [INFO] MainUpdater:2671 - connection check result : 10
2021-09-07 16:55:05,375 [INFO] McuFinderGlobals:52 - Set McuFinderConnectedMode to true
2021-09-07 16:55:05,406 [WARN] PackLoader:238 - Cannot read IP mode file for STMicroelectronics.X-CUBE-AZRTOS-F4.1.0.0
2021-09-07 16:55:05,434 [INFO] PopulateThirdPartyThread:60 - Ending populate Thread
2021-09-07 16:55:05,438 [INFO] ThirdParty:967 - CMSIS Pack Vendor :STMicroelectronics X-CUBE-AZRTOS-F4 1.0.0
2021-09-07 16:55:05,439 [INFO] ThirdParty:967 - CMSIS Pack Vendor :STMicroelectronics X-CUBE-AZRTOS-H7 2.0.0
2021-09-07 16:55:05,440 [INFO] LoadServerUpdatesThread:339 - End of LoadServerUpdate Thread
2021-09-07 16:55:05,643 [INFO] ServerAccessManage:362 - Download File mcusAds.json._tmp_
2021-09-07 16:55:05,751 [WARN] MainUpdater:1122 - Updater busy. Cannot search thirdparties
2021-09-07 16:55:05,752 [INFO] ThirdPartyUpdaterWithRetryManager:92 - Updater plugin is busy. [3/15]
2021-09-07 16:55:05,781 [INFO] LoadUrlFilesThread:145 - End of LoadUrlFiles Thread
2021-09-07 16:55:06,452 [INFO] ServerAccessManage:362 - Download File mcusDocs.json._tmp_
2021-09-07 16:55:07,298 [INFO] LoadUrlFilesThread:145 - End of LoadUrlFiles Thread
2021-09-07 16:55:07,582 [INFO] ServerAccessManage:362 - Download File mcusFeaturesAndDescription.json._tmp_
2021-09-07 16:55:08,753 [WARN] MainUpdater:1122 - Updater busy. Cannot search thirdparties
2021-09-07 16:55:08,753 [INFO] ThirdPartyUpdaterWithRetryManager:92 - Updater plugin is busy. [4/15]
2021-09-07 16:55:09,693 [INFO] LoadUrlFilesThread:145 - End of LoadUrlFiles Thread
2021-09-07 16:55:09,933 [INFO] ServerAccessManage:362 - Download File boardsDocs.json._tmp_
2021-09-07 16:55:10,189 [INFO] LoadUrlFilesThread:145 - End of LoadUrlFiles Thread
2021-09-07 16:55:10,423 [INFO] ServerAccessManage:362 - Download File boards.json._tmp_
2021-09-07 16:55:10,675 [INFO] LoadUrlFilesThread:145 - End of LoadUrlFiles Thread
2021-09-07 16:55:10,783 [INFO] ServerAccessManage:362 - Download File cube-finder-db.zip
2021-09-07 16:55:11,760 [WARN] MainUpdater:1122 - Updater busy. Cannot search thirdparties
2021-09-07 16:55:11,761 [INFO] ThirdPartyUpdaterWithRetryManager:92 - Updater plugin is busy. [5/15]
2021-09-07 16:55:14,775 [WARN] MainUpdater:1122 - Updater busy. Cannot search thirdparties
2021-09-07 16:55:14,775 [INFO] ThirdPartyUpdaterWithRetryManager:92 - Updater plugin is busy. [6/15]
2021-09-07 16:55:15,173 [INFO] FileExtend:235 - Unzip File : cube-finder-db.zip
2021-09-07 16:55:15,174 [INFO] FileExtend:250 - Standard Zip Deflate
2021-09-07 16:55:16,753 [INFO] LoadUrlFilesThread:145 - End of LoadUrlFiles Thread
2021-09-07 16:55:17,783 [WARN] MainUpdater:1122 - Updater busy. Cannot search thirdparties
2021-09-07 16:55:17,783 [INFO] ThirdPartyUpdaterWithRetryManager:92 - Updater plugin is busy. [7/15]
2021-09-07 16:55:18,069 [INFO] ServerAccessManage:362 - Download File crdb.zip
2021-09-07 16:55:19,509 [INFO] FileExtend:235 - Unzip File : crdb.zip
2021-09-07 16:55:19,510 [INFO] FileExtend:250 - Standard Zip Deflate
2021-09-07 16:55:19,677 [INFO] LoadUrlFilesThread:145 - End of LoadUrlFiles Thread
2021-09-07 16:55:19,795 [INFO] ServerAccessManage:362 - Download File tutoVideoDB.zip
2021-09-07 16:55:19,834 [INFO] FileExtend:235 - Unzip File : tutoVideoDB.zip
2021-09-07 16:55:19,835 [INFO] FileExtend:250 - Standard Zip Deflate
2021-09-07 16:55:19,973 [INFO] LoadUrlFilesThread:145 - End of LoadUrlFiles Thread
2021-09-07 16:55:19,974 [INFO] DbMcusAds:47 - JSON generation date=Wed Aug 18 23:24:26 KST 2021 (1629296666117)
2021-09-07 16:55:20,028 [INFO] DbMcusDocs:143 - JSON generation date=Mon Jun 07 17:53:21 KST 2021 (1623056001)
2021-09-07 16:55:20,029 [INFO] DbMcusXml:100 - Load MCU database from C:\ST\STM32CubeIDE_1.7.0\STM32CubeIDE\plugins\com.st.stm32cube.common.mx_6.3.0.202107141111\\db\/mcu/families.xml
2021-09-07 16:55:21,238 [WARN] PackLoader:238 - Cannot read IP mode file for RoweBots.I-CUBE-UNISONRTOS.5.5.0-4
2021-09-07 16:55:21,685 [WARN] PackLoader:238 - Cannot read IP mode file for STMicroelectronics.X-CUBE-MEMS1.9.0.0
2021-09-07 16:55:23,463 [WARN] PackLoader:238 - Cannot read IP mode file for STMicroelectronics.X-CUBE-AZRTOS-H7.1.1.0
2021-09-07 16:55:23,772 [WARN] PackLoader:238 - Cannot read IP mode file for SEGGER.I-CUBE-embOS.1.2.0
2021-09-07 16:55:23,983 [WARN] PackLoader:238 - Cannot read IP mode file for STMicroelectronics.X-CUBE-BLE1.6.2.1
2021-09-07 16:55:24,013 [WARN] PackLoader:238 - Cannot read IP mode file for STMicroelectronics.X-CUBE-BLE2.3.2.1
2021-09-07 16:55:24,051 [WARN] PackLoader:238 - Cannot read IP mode file for STMicroelectronics.X-CUBE-NFC4.2.0.3
2021-09-07 16:55:24,100 [WARN] PackLoader:238 - Cannot read IP mode file for wolfSSL.I-CUBE-wolfSSL.4.8.0
2021-09-07 16:55:24,113 [WARN] PackLoader:238 - Cannot read IP mode file for STMicroelectronics.X-CUBE-TOUCHGFX.4.17.0
2021-09-07 16:55:24,167 [WARN] PackLoader:238 - Cannot read IP mode file for STMicroelectronics.X-CUBE-SFXS2LP1.3.1.0
2021-09-07 16:55:24,252 [WARN] PackLoader:238 - Cannot read IP mode file for STMicroelectronics.X-CUBE-AZRTOS-F4.1.0.0
2021-09-07 16:55:24,342 [WARN] PackLoader:238 - Cannot read IP mode file for STMicroelectronics.X-CUBE-AZRTOS-H7.2.0.0
2021-09-07 16:55:24,530 [WARN] PackLoader:238 - Cannot read IP mode file for STMicroelectronics.X-CUBE-TOF1.2.0.0
2021-09-07 16:55:24,587 [WARN] PackLoader:238 - Cannot read IP mode file for STMicroelectronics.X-CUBE-SUBG2.4.2.0
2021-09-07 16:55:24,633 [WARN] PackLoader:238 - Cannot read IP mode file for STMicroelectronics.X-CUBE-ALS.1.0.1
2021-09-07 16:55:24,639 [INFO] DbMcusJson:93 - JSON generation date=Mon Jun 07 17:53:21 KST 2021 (1623056001)
2021-09-07 16:55:24,644 [WARN] PackLoader:238 - Cannot read IP mode file for STMicroelectronics.X-CUBE-AI.7.0.0
2021-09-07 16:55:24,670 [WARN] PackLoader:238 - Cannot read IP mode file for STMicroelectronics.X-CUBE-ALGOBUILD.1.2.1
2021-09-07 16:55:24,694 [WARN] PackLoader:238 - Cannot read IP mode file for STMicroelectronics.X-CUBE-DISPLAY.1.0.0
2021-09-07 16:55:24,720 [WARN] PackLoader:238 - Cannot read IP mode file for STMicroelectronics.X-CUBE-EEPRMA1.3.1.0
2021-09-07 16:55:24,746 [WARN] PackLoader:238 - Cannot read IP mode file for STMicroelectronics.X-CUBE-GNSS1.5.2.0
2021-09-07 16:55:24,748 [INFO] ThirdParty:915 - Integrity check success = true
2021-09-07 16:55:24,749 [INFO] IntegrityCheckThread:94 - exiting critical section [integrity check]
2021-09-07 16:55:24,749 [INFO] IntegrityCheckThread:97 - End integrity checks thread
2021-09-07 16:55:27,041 [INFO] DbMcus:175 - Found 1951 MCUs (1903 are supported by CubeMX, 1903 are visible in CubeMX)
2021-09-07 16:55:27,053 [INFO] ApiDb:251 - Load user favorites file C:\Users\kangm/.stm32cubeide/favorites.mcus.txt: 1 item(s)
2021-09-07 16:55:27,054 [INFO] ApiDb:255 - User favorites MCUs=[STM32F401RETx]
2021-09-07 16:55:27,055 [INFO] DbMcus:187 - Set 1 / 1 favorites MCUs
2021-09-07 16:55:28,225 [INFO] DbMcusDocs:79 - Found 669 MCUs documents
2021-09-07 16:55:28,229 [INFO] ApiDb:276 - Save user favorites file C:\Users\kangm/.stm32cubeide/favorites.mcus.txt: 1 item(s)
2021-09-07 16:55:28,230 [INFO] ApiDb:280 - User favorites MCUs=[STM32F401RETx]
2021-09-07 16:55:28,231 [INFO] DbMcusXml:100 - Load MCU database from C:\ST\STM32CubeIDE_1.7.0\STM32CubeIDE\plugins\com.st.stm32cube.common.mx_6.3.0.202107141111\\db\/mcu/families.xml
2021-09-07 16:55:29,738 [INFO] DbMcusJson:93 - JSON generation date=Mon Jun 07 17:53:21 KST 2021 (1623056001)
2021-09-07 16:55:31,259 [INFO] DbMcus:175 - Found 1951 MCUs (1903 are supported by CubeMX, 1903 are visible in CubeMX)
2021-09-07 16:55:31,260 [INFO] ApiDb:251 - Load user favorites file C:\Users\kangm/.stm32cubeide/favorites.mcus.txt: 1 item(s)
2021-09-07 16:55:31,260 [INFO] ApiDb:255 - User favorites MCUs=[STM32F401RETx]
2021-09-07 16:55:31,261 [INFO] DbMcus:187 - Set 1 / 1 favorites MCUs
2021-09-07 16:55:31,329 [INFO] DbBoardsDocs:143 - JSON generation date=Tue Jun 01 14:52:40 KST 2021 (1622526760)
2021-09-07 16:55:31,375 [INFO] DbBoardsPdsc:90 - Found 25 items
2021-09-07 16:55:31,398 [INFO] DbBoardsPdsc:90 - Found 9 items
2021-09-07 16:55:31,424 [INFO] DbBoardsPdsc:90 - Found 33 items
2021-09-07 16:55:31,441 [INFO] DbBoardsPdsc:90 - Found 1 items
2021-09-07 16:55:31,481 [INFO] DbBoardsPdsc:90 - Found 48 items
2021-09-07 16:55:31,527 [INFO] DbBoardsPdsc:90 - Found 43 items
2021-09-07 16:55:31,544 [INFO] DbBoardsPdsc:90 - Found 2 items
2021-09-07 16:55:31,564 [INFO] DbBoardsPdsc:90 - Found 5 items
2021-09-07 16:55:31,578 [WARN] DbBoardsPdsc:254 - Board STM32H7B3I-DK: unknown feature type=Audio, name=, username=Audio stereo codec with Headphone Amp (CS42L51-CNZ), n=1
2021-09-07 16:55:31,581 [WARN] DbBoardsPdsc:254 - Board STM32H735G-DK: unknown feature type=Audio, name=, username=Audio stereo codec with Headphone Amp (WM8994ECS/R), n=1
2021-09-07 16:55:31,589 [WARN] DbBoardsPdsc:254 - Board STM32H7B3I-EVAL: unknown feature type=Audio, name=, username=Multi-Channel Audio Codec (CS42L51-CNZ), n=1
2021-09-07 16:55:31,590 [WARN] DbBoardsPdsc:254 - Board STM32H7B3I-EVAL: unknown feature type=Meter, name=, username=Power-metering and Temperature-monitoring with sigma-delta modulators, n=1
2021-09-07 16:55:31,590 [WARN] DbBoardsPdsc:254 - Board STM32H7B3I-EVAL: unknown feature type=Motor, name=, username=Motor Control, n=1
2021-09-07 16:55:31,592 [WARN] DbBoardsPdsc:254 - Board STM32U575I-EV: unknown feature type=joystick, name=, username=4-direction joystick with selection button, n=1
2021-09-07 16:55:31,658 [INFO] DbBoardsJson:86 - JSON generation date=Tue Jun 01 14:52:40 KST 2021 (1622526760)
2021-09-07 16:55:31,678 [INFO] DbBoards:117 - Found 166 boards (163 are supported by CubeMX)
2021-09-07 16:55:31,715 [INFO] DbBoardsDocs:143 - JSON generation date=Tue Jun 01 14:52:40 KST 2021 (1622526760)
2021-09-07 16:55:31,786 [INFO] DbBoardsDocs:79 - Found 193 boards documents
2021-09-07 16:55:31,792 [WARN] DbBoards:127 - board B-L462E-CELL1 has no document id list !
2021-09-07 16:55:31,792 [WARN] DbBoards:127 - board B-L475E-IOT01A2 has no document id list !
2021-09-07 16:55:31,793 [WARN] DbBoards:127 - board B-U585I-IOT02A has no document id list !
2021-09-07 16:55:31,796 [WARN] DbBoards:127 - board NUCLEO-G0B1RE has no document id list !
2021-09-07 16:55:31,797 [WARN] DbBoards:127 - board NUCLEO-H743ZI has no document id list !
2021-09-07 16:55:31,800 [WARN] DbBoards:127 - board NUCLEO-L4A6ZG has no document id list !
2021-09-07 16:55:31,801 [WARN] DbBoards:127 - board NUCLEO-U575ZI-Q has no document id list !
2021-09-07 16:55:31,801 [WARN] DbBoards:127 - board NUCLEO-WB15CC has no document id list !
2021-09-07 16:55:31,801 [WARN] DbBoards:127 - board NUCLEO-WB55RG has no document id list !
2021-09-07 16:55:31,802 [WARN] DbBoards:127 - board NUCLEO-WL55JC2 has no document id list !
2021-09-07 16:55:31,802 [WARN] DbBoards:127 - board P-NUCLEO-WB55-Nucleo has no document id list !
2021-09-07 16:55:31,802 [WARN] DbBoards:127 - board P-NUCLEO-WB55-USBDongle has no document id list !
2021-09-07 16:55:31,803 [WARN] DbBoards:127 - board STEVAL-BFA001V1B has no document id list !
2021-09-07 16:55:31,803 [WARN] DbBoards:127 - board STEVAL-BFA001V2B has no document id list !
2021-09-07 16:55:31,803 [WARN] DbBoards:127 - board STEVAL-IDP005V1 has no document id list !
2021-09-07 16:55:31,803 [WARN] DbBoards:127 - board STEVAL-IDP005V2 has no document id list !
2021-09-07 16:55:31,804 [WARN] DbBoards:127 - board STEVAL-MKSBOX1V1 has no document id list !
2021-09-07 16:55:31,804 [WARN] DbBoards:127 - board STEVAL-STWINKT1 has no document id list !
2021-09-07 16:55:31,804 [WARN] DbBoards:127 - board STEVAL-STWINKT1B has no document id list !
2021-09-07 16:55:31,806 [WARN] DbBoards:127 - board STM32F401C-DISCO has no document id list !
2021-09-07 16:55:31,807 [WARN] DbBoards:127 - board STM32F769I-DISC1 has no document id list !
2021-09-07 16:55:31,808 [WARN] DbBoards:127 - board STM32G0C1E-EV has no document id list !
2021-09-07 16:55:31,809 [WARN] DbBoards:127 - board STM32G474E-EVAL1 has no document id list !
2021-09-07 16:55:31,810 [WARN] DbBoards:127 - board STM32H743I-EVAL2 has no document id list !
2021-09-07 16:55:31,810 [WARN] DbBoards:127 - board STM32H747I-DISC1 has no document id list !
2021-09-07 16:55:31,811 [WARN] DbBoards:127 - board STM32H753I-EVAL2 has no document id list !
2021-09-07 16:55:31,812 [WARN] DbBoards:127 - board STM32L-DISCOVERY has no document id list !
2021-09-07 16:55:31,813 [WARN] DbBoards:127 - board STM32MP157A-DK1 has no document id list !
2021-09-07 16:55:31,814 [WARN] DbBoards:127 - board STM32MP157D-DK1 has no document id list !
2021-09-07 16:55:31,814 [WARN] DbBoards:127 - board STM32MP157D-EV1 has no document id list !
2021-09-07 16:55:31,814 [WARN] DbBoards:127 - board STM32MP157F-DK2 has no document id list !
2021-09-07 16:55:31,815 [WARN] DbBoards:127 - board STM32MP157F-EV1 has no document id list !
2021-09-07 16:55:31,815 [WARN] DbBoards:127 - board STM32U575I-EV has no document id list !
2021-09-07 16:55:31,815 [WARN] DbBoards:127 - board STM32WB5MM-DK has no document id list !
2021-09-07 16:55:35,599 [INFO] ApiDb:251 - Load user favorites file C:\Users\kangm/.stm32cubeide/favorites.boards.txt: 0 item(s)
2021-09-07 16:55:35,600 [INFO] ApiDb:255 - User favorites Boards=[]
2021-09-07 16:55:35,600 [INFO] DbBoards:206 - Set 0 / 0 favorites Boards
2021-09-07 16:55:35,645 [INFO] DbBoardsDocs:79 - Found 386 boards documents
2021-09-07 16:55:35,647 [INFO] ApiDb:276 - Save user favorites file C:\Users\kangm/.stm32cubeide/favorites.boards.txt: 0 item(s)
2021-09-07 16:55:35,647 [INFO] ApiDb:280 - User favorites Boards=[]
2021-09-07 16:55:35,656 [INFO] DbBoardsPdsc:90 - Found 25 items
2021-09-07 16:55:35,660 [INFO] DbBoardsPdsc:90 - Found 9 items
2021-09-07 16:55:35,666 [INFO] DbBoardsPdsc:90 - Found 33 items
2021-09-07 16:55:35,668 [INFO] DbBoardsPdsc:90 - Found 1 items
2021-09-07 16:55:35,687 [INFO] DbBoardsPdsc:90 - Found 48 items
2021-09-07 16:55:35,706 [INFO] DbBoardsPdsc:90 - Found 43 items
2021-09-07 16:55:35,709 [INFO] DbBoardsPdsc:90 - Found 2 items
2021-09-07 16:55:35,713 [INFO] DbBoardsPdsc:90 - Found 5 items
2021-09-07 16:55:35,721 [WARN] DbBoardsPdsc:254 - Board STM32H7B3I-DK: unknown feature type=Audio, name=, username=Audio stereo codec with Headphone Amp (CS42L51-CNZ), n=1
2021-09-07 16:55:35,722 [WARN] DbBoardsPdsc:254 - Board STM32H735G-DK: unknown feature type=Audio, name=, username=Audio stereo codec with Headphone Amp (WM8994ECS/R), n=1
2021-09-07 16:55:35,726 [WARN] DbBoardsPdsc:254 - Board STM32H7B3I-EVAL: unknown feature type=Audio, name=, username=Multi-Channel Audio Codec (CS42L51-CNZ), n=1
2021-09-07 16:55:35,727 [WARN] DbBoardsPdsc:254 - Board STM32H7B3I-EVAL: unknown feature type=Meter, name=, username=Power-metering and Temperature-monitoring with sigma-delta modulators, n=1
2021-09-07 16:55:35,727 [WARN] DbBoardsPdsc:254 - Board STM32H7B3I-EVAL: unknown feature type=Motor, name=, username=Motor Control, n=1
2021-09-07 16:55:35,729 [WARN] DbBoardsPdsc:254 - Board STM32U575I-EV: unknown feature type=joystick, name=, username=4-direction joystick with selection button, n=1
2021-09-07 16:55:35,764 [INFO] DbBoardsJson:86 - JSON generation date=Tue Jun 01 14:52:40 KST 2021 (1622526760)
2021-09-07 16:55:35,778 [INFO] DbBoards:117 - Found 166 boards (163 are supported by CubeMX)
2021-09-07 16:55:35,778 [WARN] DbBoards:127 - board B-L462E-CELL1 has no document id list !
2021-09-07 16:55:35,779 [WARN] DbBoards:127 - board B-L475E-IOT01A2 has no document id list !
2021-09-07 16:55:35,779 [WARN] DbBoards:127 - board B-U585I-IOT02A has no document id list !
2021-09-07 16:55:35,780 [WARN] DbBoards:127 - board NUCLEO-G0B1RE has no document id list !
2021-09-07 16:55:35,780 [WARN] DbBoards:127 - board NUCLEO-H743ZI has no document id list !
2021-09-07 16:55:35,781 [WARN] DbBoards:127 - board NUCLEO-L4A6ZG has no document id list !
2021-09-07 16:55:35,781 [WARN] DbBoards:127 - board NUCLEO-U575ZI-Q has no document id list !
2021-09-07 16:55:35,781 [WARN] DbBoards:127 - board NUCLEO-WB15CC has no document id list !
2021-09-07 16:55:35,782 [WARN] DbBoards:127 - board NUCLEO-WB55RG has no document id list !
2021-09-07 16:55:35,782 [WARN] DbBoards:127 - board NUCLEO-WL55JC2 has no document id list !
2021-09-07 16:55:35,782 [WARN] DbBoards:127 - board P-NUCLEO-WB55-Nucleo has no document id list !
2021-09-07 16:55:35,782 [WARN] DbBoards:127 - board P-NUCLEO-WB55-USBDongle has no document id list !
2021-09-07 16:55:35,782 [WARN] DbBoards:127 - board STEVAL-BFA001V1B has no document id list !
2021-09-07 16:55:35,783 [WARN] DbBoards:127 - board STEVAL-BFA001V2B has no document id list !
2021-09-07 16:55:35,783 [WARN] DbBoards:127 - board STEVAL-IDP005V1 has no document id list !
2021-09-07 16:55:35,783 [WARN] DbBoards:127 - board STEVAL-IDP005V2 has no document id list !
2021-09-07 16:55:35,783 [WARN] DbBoards:127 - board STEVAL-MKSBOX1V1 has no document id list !
2021-09-07 16:55:35,783 [WARN] DbBoards:127 - board STEVAL-STWINKT1 has no document id list !
2021-09-07 16:55:35,783 [WARN] DbBoards:127 - board STEVAL-STWINKT1B has no document id list !
2021-09-07 16:55:35,784 [WARN] DbBoards:127 - board STM32F401C-DISCO has no document id list !
2021-09-07 16:55:35,784 [WARN] DbBoards:127 - board STM32F769I-DISC1 has no document id list !
2021-09-07 16:55:35,784 [WARN] DbBoards:127 - board STM32G0C1E-EV has no document id list !
2021-09-07 16:55:35,784 [WARN] DbBoards:127 - board STM32G474E-EVAL1 has no document id list !
2021-09-07 16:55:35,784 [WARN] DbBoards:127 - board STM32H743I-EVAL2 has no document id list !
2021-09-07 16:55:35,785 [WARN] DbBoards:127 - board STM32H747I-DISC1 has no document id list !
2021-09-07 16:55:35,785 [WARN] DbBoards:127 - board STM32H753I-EVAL2 has no document id list !
2021-09-07 16:55:35,785 [WARN] DbBoards:127 - board STM32L-DISCOVERY has no document id list !
2021-09-07 16:55:35,785 [WARN] DbBoards:127 - board STM32MP157A-DK1 has no document id list !
2021-09-07 16:55:35,785 [WARN] DbBoards:127 - board STM32MP157D-DK1 has no document id list !
2021-09-07 16:55:35,785 [WARN] DbBoards:127 - board STM32MP157D-EV1 has no document id list !
2021-09-07 16:55:35,785 [WARN] DbBoards:127 - board STM32MP157F-DK2 has no document id list !
2021-09-07 16:55:35,786 [WARN] DbBoards:127 - board STM32MP157F-EV1 has no document id list !
2021-09-07 16:55:35,786 [WARN] DbBoards:127 - board STM32U575I-EV has no document id list !
2021-09-07 16:55:35,786 [WARN] DbBoards:127 - board STM32WB5MM-DK has no document id list !
2021-09-07 16:55:38,608 [INFO] ApiDb:251 - Load user favorites file C:\Users\kangm/.stm32cubeide/favorites.boards.txt: 0 item(s)
2021-09-07 16:55:38,608 [INFO] ApiDb:255 - User favorites Boards=[]
2021-09-07 16:55:38,608 [INFO] DbBoards:206 - Set 0 / 0 favorites Boards
2021-09-07 16:55:38,628 [INFO] LoadUrlFilesThread:172 - End of LoadServerUrlFiles without Thread
2021-09-07 16:55:38,629 [INFO] TargetSelectorAdapter:224 - Refresh data is successful
2021-09-07 16:55:38,787 [INFO] ApiDb:479 - Connected to CubeFinder SQLite database (C:\Users\kangm\.stmcufinder\plugins\mcufinder\mcu\cube-finder-db.db)
2021-09-07 16:55:40,191 [INFO] DbExamplesSqlite:411 - Ignored 49 examples not supported by CubeIDE
2021-09-07 16:55:40,191 [INFO] DbExamplesSqlite:412 - Found 5419 examples active
2021-09-07 16:55:40,191 [INFO] DbExamplesSqlite:413 - Found 0 examples obsolete
2021-09-07 16:55:40,191 [INFO] DbExamplesSqlite:414 - Found 0 examples under development
2021-09-07 16:55:40,192 [INFO] DbExamplesSqlite:415 - Found 110 examples not building
2021-09-07 16:55:40,227 [INFO] DbExamplesSqlite:108 - CubeFinder database Data Model version=2.1
2021-09-07 16:55:40,228 [INFO] DbExamplesSqlite:109 - CubeFinder database Configuration version=3.0.11
2021-09-07 16:55:40,228 [INFO] DbExamplesSqlite:110 - CubeFinder database generation date=2021-08-20 (1629453029)
2021-09-07 16:55:40,228 [INFO] DbExamplesSqlite:111 - CubeFinder database FW Pack versions=[STM32Cube_FW_F4_V1.26.2, STM32Cube_FW_F7_V1.16.1, STM32Cube_FW_G0_V1.5.0, STM32Cube_FW_G4_V1.4.0, STM32Cube_FW_H7_V1.9.0, STM32Cube_FW_L5_V1.4.0, STM32Cube_FW_U5_V1.0.0, STM32Cube_FW_WB_V1.12.1, STM32Cube_FW_WL_V1.1.0, X-CUBE-ALS_V1.0.1, X-CUBE-AZRTOS-H7_V1.1.0, X-CUBE-BLE1_V6.2.0, X-CUBE-BLE2_V3.2.1, X-CUBE-EEPRMA1_V3.1.0, X-CUBE-GNSS1_V5.2.0, X-CUBE-NFC4_V2.0.3, X-CUBE-SFXS2LP1_V3.1.0]
2021-09-07 16:55:40,229 [INFO] DbExamples:130 - Found 5480 examples
2021-09-07 16:55:42,702 [ERROR] DbExamples:206 - Found 338 examples with invalid data (board or MCU)
2021-09-07 16:55:42,702 [INFO] DbExamples:222 - Found 70 boards with related examples
2021-09-07 16:55:42,740 [INFO] DbExamples:235 - Found 59 MCUs with related examples
2021-09-07 16:55:42,784 [INFO] ApiDb:242 - User favorites file not found: C:\Users\kangm/.stm32cubeide/favorites.examples.txt
2021-09-07 16:55:42,785 [INFO] DbExamples:256 - Set 0 / 0 favorites Examples
2021-09-07 16:55:43,400 [INFO] McuFinderGlobals:52 - Set McuFinderConnectedMode to false
2021-09-07 16:55:43,594 [INFO] CrossSelectorPresenter:1330 - Cross Selector saved comparison directory: C:\Users\kangm\.stmcufinder\plugins\mcufinder\mcu\cs_comparisons_mx
2021-09-07 16:55:43,605 [INFO] MultiScanPanel:197 - Auto-refresh data requested => check proxy status ongoing
2021-09-07 16:55:43,606 [INFO] MultiScanPanel:201 - Proxy status is invalid
2021-09-07 16:55:43,612 [INFO] FinderPluginLoader:87 - Searching for filters in installed packs
2021-09-07 16:55:44,555 [INFO] DetailPanel:309 - Set advertising image to C:/Users/kangm/STM32Cube/Repository/\en.prom_STM32U5_PSA-SESIP_LV3_0821.png
2021-09-07 16:56:23,324 [INFO] MainUpdater:2671 - connection check result : 10
2021-09-07 16:56:23,326 [INFO] MainUpdater:2671 - connection check result : 10
2021-09-07 16:56:23,440 [INFO] MicroXplorer:448 - Change Database Path : 
2021-09-07 16:56:23,441 [INFO] MicroXplorer:478 - Change Database Version : DB.6.0.30
2021-09-07 16:56:23,441 [WARN] ThirdParty:813 - waiting for thirdparty lock release [close project]
2021-09-07 16:56:23,442 [INFO] ThirdParty:815 - entering critical section [close project]
2021-09-07 16:56:23,446 [INFO] ThirdParty:825 - exiting critical section [close project]
2021-09-07 16:56:23,456 [INFO] PinOutPanel:1463 - setPackage(No Configuration,No Configuration)
2021-09-07 16:56:23,458 [INFO] UtilMem:74 - Begin LoadConfig() Used Memory: 401361472 Bytes (779091968)
2021-09-07 16:56:23,462 [INFO] MicroXplorer:448 - Change Database Path : 
2021-09-07 16:56:23,463 [INFO] MicroXplorer:478 - Change Database Version : DB.6.0.30
2021-09-07 16:56:23,464 [INFO] OpenFileManager:313 - Change cursor
2021-09-07 16:56:26,922 [INFO] Context:592 - Trying to add GPIOservice into a context  which must be forbidden
2021-09-07 16:56:27,721 [INFO] ImportTextPane:167 - (OptionalMessage_ERROR) Unable to find key (Mcu.ThirdPartyNb) in loaded IOC file
2021-09-07 16:56:27,722 [INFO] ImportTextPane:167 - (OptionalMessage_ERROR) Unable to find key (Mcu.PinsNb) in loaded IOC file
2021-09-07 16:56:27,722 [INFO] ImportTextPane:167 - (OptionalMessage_ERROR) Unable to find key (Mcu.IPNb) in loaded IOC file
2021-09-07 16:56:27,845 [WARN] ApiManager:304 - Cannot register API 'Board Extension:S2868A1' from pack STMicroelectronics.X-CUBE-SFXS2LP1.3.1.0: no header file found
2021-09-07 16:56:27,846 [WARN] ApiManager:304 - Cannot register API 'Board Extension:S2868A2' from pack STMicroelectronics.X-CUBE-SFXS2LP1.3.1.0: no header file found
2021-09-07 16:56:27,846 [WARN] ApiManager:304 - Cannot register API 'Board Extension:S2915A1' from pack STMicroelectronics.X-CUBE-SFXS2LP1.3.1.0: no header file found
2021-09-07 16:56:27,882 [WARN] ModelIntegratedComponent:60 - No mode defined for component null
2021-09-07 16:56:27,883 [WARN] ModelIntegratedComponent:60 - No mode defined for component null
2021-09-07 16:56:27,883 [WARN] ModelIntegratedComponent:60 - No mode defined for component null
2021-09-07 16:56:27,883 [WARN] ModelIntegratedComponent:60 - No mode defined for component null
2021-09-07 16:56:27,884 [WARN] ModelIntegratedComponent:60 - No mode defined for component null
2021-09-07 16:56:27,884 [WARN] ModelIntegratedComponent:60 - No mode defined for component null
2021-09-07 16:56:27,884 [WARN] ModelIntegratedComponent:60 - No mode defined for component null
2021-09-07 16:56:27,884 [WARN] ModelIntegratedComponent:60 - No mode defined for component null
2021-09-07 16:56:27,885 [WARN] ModelIntegratedComponent:60 - No mode defined for component null
2021-09-07 16:56:27,885 [WARN] ModelIntegratedComponent:60 - No mode defined for component null
2021-09-07 16:56:27,885 [WARN] ModelIntegratedComponent:60 - No mode defined for component null
2021-09-07 16:56:27,885 [WARN] ModelIntegratedComponent:60 - No mode defined for component null
2021-09-07 16:56:27,886 [WARN] ModelIntegratedComponent:60 - No mode defined for component null
2021-09-07 16:56:27,886 [WARN] ModelIntegratedComponent:60 - No mode defined for component null
2021-09-07 16:56:27,886 [WARN] ModelIntegratedComponent:60 - No mode defined for component null
2021-09-07 16:56:27,886 [WARN] ModelIntegratedComponent:60 - No mode defined for component null
2021-09-07 16:56:27,887 [WARN] ModelIntegratedComponent:60 - No mode defined for component null
2021-09-07 16:56:27,887 [WARN] ModelIntegratedComponent:60 - No mode defined for component null
2021-09-07 16:56:27,887 [WARN] ModelIntegratedComponent:60 - No mode defined for component null
2021-09-07 16:56:27,887 [WARN] ModelIntegratedComponent:60 - No mode defined for component null
2021-09-07 16:56:27,887 [WARN] ModelIntegratedComponent:60 - No mode defined for component null
2021-09-07 16:56:27,887 [WARN] ModelIntegratedComponent:60 - No mode defined for component null
2021-09-07 16:56:27,887 [WARN] ModelIntegratedComponent:60 - No mode defined for component null
2021-09-07 16:56:27,888 [WARN] ModelIntegratedComponent:60 - No mode defined for component null
2021-09-07 16:56:27,888 [WARN] ModelIntegratedComponent:60 - No mode defined for component null
2021-09-07 16:56:27,888 [WARN] ModelIntegratedComponent:60 - No mode defined for component null
2021-09-07 16:56:27,888 [WARN] ModelIntegratedComponent:60 - No mode defined for component null
2021-09-07 16:56:27,888 [WARN] ModelIntegratedComponent:60 - No mode defined for component null
2021-09-07 16:56:27,888 [WARN] ModelIntegratedComponent:60 - No mode defined for component null
2021-09-07 16:56:27,888 [WARN] ModelIntegratedComponent:60 - No mode defined for component null
2021-09-07 16:56:27,889 [WARN] ModelIntegratedComponent:60 - No mode defined for component null
2021-09-07 16:56:28,234 [WARN] ApiManager:304 - Cannot register API 'Board Extension:IKS01A3' from pack STMicroelectronics.X-CUBE-MEMS1.9.0.0: no header file found
2021-09-07 16:56:28,234 [WARN] ApiManager:304 - Cannot register API 'Board Extension:IKS01A2' from pack STMicroelectronics.X-CUBE-MEMS1.9.0.0: no header file found
2021-09-07 16:56:28,235 [WARN] ApiManager:304 - Cannot register API 'Board Extension:IKS02A1' from pack STMicroelectronics.X-CUBE-MEMS1.9.0.0: no header file found
2021-09-07 16:56:28,265 [WARN] ApiManager:304 - Cannot register API 'Board Extension:S2868A1' from pack STMicroelectronics.X-CUBE-SUBG2.4.2.0: no header file found
2021-09-07 16:56:28,266 [WARN] ApiManager:304 - Cannot register API 'Board Extension:S2868A2' from pack STMicroelectronics.X-CUBE-SUBG2.4.2.0: no header file found
2021-09-07 16:56:28,266 [WARN] ApiManager:304 - Cannot register API 'Board Extension:S2915A1' from pack STMicroelectronics.X-CUBE-SUBG2.4.2.0: no header file found
2021-09-07 16:56:28,274 [INFO] RtosManager:484 - Registered RTOS mode: class=CMSIS, group=RTOS, mode=CMSIS_V1, owner=FREERTOS
2021-09-07 16:56:28,274 [INFO] RtosManager:484 - Registered RTOS mode: class=CMSIS, group=RTOS2, mode=CMSIS_V2, owner=FREERTOS
2021-09-07 16:56:28,275 [INFO] RtosManager:484 - Registered RTOS mode: class=RTOS, group=Core, mode=CMSIS_V1, owner=FREERTOS
2021-09-07 16:56:28,275 [INFO] RtosManager:484 - Registered RTOS mode: class=RTOS, group=Core, mode=CMSIS_V2, owner=FREERTOS
2021-09-07 16:56:28,275 [WARN] ModelIntegratedComponent:181 - Missing modes for component STMicroelectronics:FreeRTOS:0.0.1:STMicroelectronics:RTOS:FreeRTOS:Core:::10.2.0:
2021-09-07 16:56:28,288 [WARN] ApiManager:304 - Cannot register API 'Board Extension:EEPRMA1' from pack STMicroelectronics.X-CUBE-EEPRMA1.3.1.0: no header file found
2021-09-07 16:56:28,289 [WARN] ApiManager:304 - Cannot register API 'Board Extension:EEPRMA2' from pack STMicroelectronics.X-CUBE-EEPRMA1.3.1.0: no header file found
2021-09-07 16:56:28,291 [WARN] ApiManager:304 - Cannot register API 'Board Extension:GNSS1A1' from pack STMicroelectronics.X-CUBE-GNSS1.5.2.0: no header file found
2021-09-07 16:56:28,291 [WARN] ApiManager:304 - Cannot register API 'Board Support:Custom' from pack STMicroelectronics.X-CUBE-GNSS1.5.2.0: no header file found
2021-09-07 16:56:28,292 [WARN] ApiManager:304 - Cannot register API 'Data Exchange:lib_gnss' from pack STMicroelectronics.X-CUBE-GNSS1.5.2.0: no header file found
2021-09-07 16:56:28,294 [WARN] ApiManager:304 - Cannot register API 'Wireless:BlueNRG-MS' from pack STMicroelectronics.X-CUBE-BLE1.6.2.1: no header file found
2021-09-07 16:56:28,295 [WARN] ApiManager:304 - Cannot register API 'Wireless:BlueNRG-2' from pack STMicroelectronics.X-CUBE-BLE2.3.2.1: no header file found
2021-09-07 16:56:28,298 [WARN] ApiManager:304 - Cannot register API 'Board Extension:NFC04A1' from pack STMicroelectronics.X-CUBE-NFC4.2.0.3: no header file found
2021-09-07 16:56:30,289 [INFO] UtilMem:74 - End LoadConfig() Used Memory: 318605128 Bytes (779091968)
2021-09-07 16:56:30,303 [WARN] ThirdParty:779 - waiting for thirdparty lock release [change project]
2021-09-07 16:56:30,303 [INFO] ThirdParty:781 - entering critical section [change project]
2021-09-07 16:56:30,303 [INFO] ThirdParty:967 - CMSIS Pack Vendor :STMicroelectronics X-CUBE-SFXS2LP1 3.1.0
2021-09-07 16:56:30,303 [INFO] ThirdParty:967 - CMSIS Pack Vendor :RoweBots I-CUBE-UNISONRTOS 5.5.0-4
2021-09-07 16:56:30,304 [INFO] ThirdParty:967 - CMSIS Pack Vendor :STMicroelectronics X-CUBE-AZRTOS-F4 1.0.0
2021-09-07 16:56:30,304 [INFO] ThirdParty:967 - CMSIS Pack Vendor :STMicroelectronics USB_HOST 2.0.0
2021-09-07 16:56:30,304 [INFO] ThirdParty:967 - CMSIS Pack Vendor :STMicroelectronics X-CUBE-AZRTOS-H7 2.0.0
2021-09-07 16:56:30,304 [INFO] ThirdParty:967 - CMSIS Pack Vendor :STMicroelectronics USB_DEVICE 3.0.0
2021-09-07 16:56:30,304 [INFO] ThirdParty:967 - CMSIS Pack Vendor :STMicroelectronics X-CUBE-TOF1 2.0.0
2021-09-07 16:56:30,304 [INFO] ThirdParty:967 - CMSIS Pack Vendor :STMicroelectronics HAL Drivers 0.0.0
2021-09-07 16:56:30,304 [INFO] ThirdParty:967 - CMSIS Pack Vendor :STMicroelectronics MBEDTLS 2.16.2
2021-09-07 16:56:30,304 [INFO] ThirdParty:967 - CMSIS Pack Vendor :STMicroelectronics MBEDTLS 2.14.1
2021-09-07 16:56:30,304 [INFO] ThirdParty:967 - CMSIS Pack Vendor :STMicroelectronics X-CUBE-MEMS1 9.0.0
2021-09-07 16:56:30,304 [INFO] ThirdParty:967 - CMSIS Pack Vendor :STMicroelectronics X-CUBE-AZRTOS-H7 1.1.0
2021-09-07 16:56:30,305 [INFO] ThirdParty:967 - CMSIS Pack Vendor :STMicroelectronics X-CUBE-SUBG2 4.2.0
2021-09-07 16:56:30,305 [INFO] ThirdParty:967 - CMSIS Pack Vendor :STMicroelectronics X-CUBE-ALS 1.0.1
2021-09-07 16:56:30,305 [INFO] ThirdParty:967 - CMSIS Pack Vendor :STMicroelectronics USB_DEVICE 2.0.0
2021-09-07 16:56:30,305 [INFO] ThirdParty:967 - CMSIS Pack Vendor :STMicroelectronics X-CUBE-AI 7.0.0
2021-09-07 16:56:30,305 [INFO] ThirdParty:967 - CMSIS Pack Vendor :STMicroelectronics X-CUBE-ALGOBUILD 1.2.1
2021-09-07 16:56:30,305 [INFO] ThirdParty:967 - CMSIS Pack Vendor :STMicroelectronics X-CUBE-DISPLAY 1.0.0
2021-09-07 16:56:30,305 [INFO] ThirdParty:967 - CMSIS Pack Vendor :STMicroelectronics FreeRTOS 0.0.1
2021-09-07 16:56:30,305 [INFO] ThirdParty:967 - CMSIS Pack Vendor :STMicroelectronics USB_DEVICE 1.0.0
2021-09-07 16:56:30,305 [INFO] ThirdParty:967 - CMSIS Pack Vendor :SEGGER I-CUBE-embOS 1.2.0
2021-09-07 16:56:30,305 [INFO] ThirdParty:967 - CMSIS Pack Vendor :STMicroelectronics X-CUBE-EEPRMA1 3.1.0
2021-09-07 16:56:30,306 [INFO] ThirdParty:967 - CMSIS Pack Vendor :STMicroelectronics X-CUBE-GNSS1 5.2.0
2021-09-07 16:56:30,306 [INFO] ThirdParty:967 - CMSIS Pack Vendor :STMicroelectronics ThreadX 0.0.2
2021-09-07 16:56:30,306 [INFO] ThirdParty:967 - CMSIS Pack Vendor :STMicroelectronics lwIP 2.0.3
2021-09-07 16:56:30,306 [INFO] ThirdParty:967 - CMSIS Pack Vendor :STMicroelectronics lwIP 2.1.2
2021-09-07 16:56:30,306 [INFO] ThirdParty:967 - CMSIS Pack Vendor :STMicroelectronics X-CUBE-BLE1 6.2.1
2021-09-07 16:56:30,306 [INFO] ThirdParty:967 - CMSIS Pack Vendor :STMicroelectronics X-CUBE-BLE2 3.2.1
2021-09-07 16:56:30,306 [INFO] ThirdParty:967 - CMSIS Pack Vendor :STMicroelectronics USB_HOST 1.0.0
2021-09-07 16:56:30,306 [INFO] ThirdParty:967 - CMSIS Pack Vendor :STMicroelectronics X-CUBE-NFC4 2.0.3
2021-09-07 16:56:30,306 [INFO] ThirdParty:967 - CMSIS Pack Vendor :wolfSSL I-CUBE-wolfSSL 4.8.0
2021-09-07 16:56:30,306 [INFO] ThirdParty:967 - CMSIS Pack Vendor :STMicroelectronics X-CUBE-TOUCHGFX 4.17.0
2021-09-07 16:56:30,306 [INFO] ThirdParty:967 - CMSIS Pack Vendor :STMicroelectronics PDM2PCM 3.1.0
2021-09-07 16:56:30,307 [INFO] ThirdParty:967 - CMSIS Pack Vendor :STMicroelectronics PDM2PCM 3.2.0
2021-09-07 16:56:30,307 [INFO] ThirdParty:967 - CMSIS Pack Vendor :STMicroelectronics PDM2PCM 3.3.0
2021-09-07 16:56:30,307 [INFO] ThirdParty:787 - exiting critical section [change project]
2021-09-07 16:56:31,049 [INFO] PinOutPanel:1463 - setPackage(No Configuration,No Configuration)
2021-09-07 16:56:31,052 [INFO] PinOutPanel:1463 - setPackage(STM32F401RETx,LQFP64)
2021-09-07 16:56:32,179 [INFO] UtilMem:74 - Before build in PCC Used Memory: 320959448 Bytes (779091968)
2021-09-07 16:56:33,558 [INFO] UtilMem:74 - After build in PCC Used Memory: 404323288 Bytes (779091968)
2021-09-07 16:56:33,614 [INFO] IPUIPlugin:74 - create IPUIPlugin
2021-09-07 16:56:33,615 [INFO] IPUIPlugin:74 - create IPUIPlugin
2021-09-07 16:56:33,615 [INFO] IPUIPlugin:74 - create IPUIPlugin
2021-09-07 16:56:33,615 [INFO] IPUIPlugin:74 - create IPUIPlugin
2021-09-07 16:56:33,616 [INFO] IPUIPlugin:74 - create IPUIPlugin
2021-09-07 16:56:33,616 [INFO] IPUIPlugin:74 - create IPUIPlugin
2021-09-07 16:56:33,616 [INFO] IPUIPlugin:74 - create IPUIPlugin
2021-09-07 16:56:33,616 [INFO] IPUIPlugin:74 - create IPUIPlugin
2021-09-07 16:56:33,617 [INFO] IPUIPlugin:74 - create IPUIPlugin
2021-09-07 16:56:33,617 [INFO] IPUIPlugin:74 - create IPUIPlugin
2021-09-07 16:56:33,617 [INFO] IPUIPlugin:74 - create IPUIPlugin
2021-09-07 16:56:33,618 [INFO] IPUIPlugin:74 - create IPUIPlugin
2021-09-07 16:56:33,618 [INFO] IPUIPlugin:74 - create IPUIPlugin
2021-09-07 16:56:33,619 [INFO] IPUIPlugin:74 - create IPUIPlugin
2021-09-07 16:56:33,619 [INFO] IPUIPlugin:74 - create IPUIPlugin
2021-09-07 16:56:33,619 [INFO] IPUIPlugin:74 - create IPUIPlugin
2021-09-07 16:56:33,620 [INFO] IPUIPlugin:74 - create IPUIPlugin
2021-09-07 16:56:33,620 [INFO] IPUIPlugin:74 - create IPUIPlugin
2021-09-07 16:56:33,621 [INFO] IPUIPlugin:74 - create IPUIPlugin
2021-09-07 16:56:33,622 [INFO] IPUIPlugin:74 - create IPUIPlugin
2021-09-07 16:56:33,622 [INFO] IPUIPlugin:74 - create IPUIPlugin
2021-09-07 16:56:33,623 [INFO] IPUIPlugin:74 - create IPUIPlugin
2021-09-07 16:56:33,624 [INFO] IPUIPlugin:74 - create IPUIPlugin
2021-09-07 16:56:33,625 [INFO] IPUIPlugin:74 - create IPUIPlugin
2021-09-07 16:56:33,626 [INFO] IPUIPlugin:74 - create IPUIPlugin
2021-09-07 16:56:33,626 [INFO] IPUIPlugin:74 - create IPUIPlugin
2021-09-07 16:56:33,627 [INFO] IPUIPlugin:74 - create IPUIPlugin
2021-09-07 16:56:33,628 [INFO] IPUIPlugin:74 - create IPUIPlugin
2021-09-07 16:56:33,630 [INFO] IPUIPlugin:74 - create IPUIPlugin
2021-09-07 16:56:33,631 [INFO] IPUIPlugin:74 - create IPUIPlugin
2021-09-07 16:56:33,633 [INFO] IPUIPlugin:74 - create IPUIPlugin
2021-09-07 16:56:33,634 [INFO] IPUIPlugin:74 - create IPUIPlugin
2021-09-07 16:56:33,635 [INFO] IPUIPlugin:74 - create IPUIPlugin
2021-09-07 16:56:33,637 [INFO] IPUIPlugin:74 - create IPUIPlugin
2021-09-07 16:56:33,638 [INFO] IPUIPlugin:74 - create IPUIPlugin
2021-09-07 16:56:33,639 [INFO] IPUIPlugin:74 - create IPUIPlugin
2021-09-07 16:56:33,641 [INFO] IPUIPlugin:74 - create IPUIPlugin
2021-09-07 16:56:33,641 [INFO] IPUIPlugin:74 - create IPUIPlugin
2021-09-07 16:56:33,765 [INFO] ApiDbMcu:468 - Load IP Config File for PDM2PCM
2021-09-07 16:56:34,001 [INFO] OpenFileManager:333 - Restore cursor
2021-09-07 16:56:34,660 [INFO] UtilMem:74 - End SaveConfig() Used Memory: 498695128 Bytes (779091968)
2021-09-07 16:56:34,786 [INFO] UtilMem:74 - End SaveConfig() Used Memory: 519666648 Bytes (779091968)
2021-09-07 16:56:35,742 [INFO] BlockDiagram:2740 - set Specific Code input for plugin: NVIC
2021-09-07 16:56:35,743 [INFO] BlockDiagram:2740 - set Specific Code input for plugin: SYS
2021-09-07 16:56:35,743 [INFO] BlockDiagram:2740 - set Specific Code input for plugin: RCC
2021-09-07 16:56:35,746 [INFO] CodeGenerator:663 - code generatio: config db path: C:\ST\STM32CubeIDE_1.7.0\STM32CubeIDE\plugins\com.st.stm32cube.common.mx_6.3.0.202107141111\\db\
2021-09-07 16:56:36,578 [INFO] CodeEngine:239 - oldGeneratedFile, C:\02_My Project\01_MCU\Project\STM32F4_TEST\STM32F401\F401_Chattering\F401_Charrering_1\MXTmpFiles\license.tmp_save
2021-09-07 16:56:37,258 [INFO] CodeEngine:257 - Generated code: C:\02_My Project\01_MCU\Project\STM32F4_TEST\STM32F401\F401_Chattering\F401_Charrering_1\MXTmpFiles\license.tmp
2021-09-07 16:56:37,431 [INFO] CodeEngine:239 - oldGeneratedFile, C:\02_My Project\01_MCU\Project\STM32F4_TEST\STM32F401\F401_Chattering\F401_Charrering_1\Core\Src\stm32f4xx_it.c_save
2021-09-07 16:56:37,732 [INFO] CodeEngine:257 - Generated code: C:\02_My Project\01_MCU\Project\STM32F4_TEST\STM32F401\F401_Chattering\F401_Charrering_1\Core\Src\stm32f4xx_it.c
2021-09-07 16:56:37,748 [INFO] CodeEngine:239 - oldGeneratedFile, C:\02_My Project\01_MCU\Project\STM32F4_TEST\STM32F401\F401_Chattering\F401_Charrering_1\Core\Inc\stm32f4xx_it.h_save
2021-09-07 16:56:37,907 [INFO] CodeEngine:257 - Generated code: C:\02_My Project\01_MCU\Project\STM32F4_TEST\STM32F401\F401_Chattering\F401_Charrering_1\Core\Inc\stm32f4xx_it.h
2021-09-07 16:56:37,937 [INFO] CodeEngine:239 - oldGeneratedFile, C:\02_My Project\01_MCU\Project\STM32F4_TEST\STM32F401\F401_Chattering\F401_Charrering_1\Core\Src\stm32f4xx_hal_msp.c_save
2021-09-07 16:56:38,176 [INFO] CodeEngine:257 - Generated code: C:\02_My Project\01_MCU\Project\STM32F4_TEST\STM32F401\F401_Chattering\F401_Charrering_1\Core\Src\stm32f4xx_hal_msp.c
2021-09-07 16:56:38,190 [INFO] CodeEngine:239 - oldGeneratedFile, C:\02_My Project\01_MCU\Project\STM32F4_TEST\STM32F401\F401_Chattering\F401_Charrering_1\MXTmpFiles\system.tmp_save
2021-09-07 16:56:38,335 [INFO] CodeEngine:257 - Generated code: C:\02_My Project\01_MCU\Project\STM32F4_TEST\STM32F401\F401_Chattering\F401_Charrering_1\MXTmpFiles\system.tmp
2021-09-07 16:56:38,366 [INFO] CodeEngine:239 - oldGeneratedFile, C:\02_My Project\01_MCU\Project\STM32F4_TEST\STM32F401\F401_Chattering\F401_Charrering_1\Core\Inc\stm32f4xx_hal_conf.h_save
2021-09-07 16:56:38,564 [INFO] CodeEngine:257 - Generated code: C:\02_My Project\01_MCU\Project\STM32F4_TEST\STM32F401\F401_Chattering\F401_Charrering_1\Core\Inc\stm32f4xx_hal_conf.h
2021-09-07 16:56:38,700 [INFO] CodeEngine:239 - oldGeneratedFile, C:\02_My Project\01_MCU\Project\STM32F4_TEST\STM32F401\F401_Chattering\F401_Charrering_1\Core\Inc\main.h_save
2021-09-07 16:56:38,892 [INFO] CodeEngine:257 - Generated code: C:\02_My Project\01_MCU\Project\STM32F4_TEST\STM32F401\F401_Chattering\F401_Charrering_1\Core\Inc\main.h
2021-09-07 16:56:38,909 [INFO] CodeEngine:239 - oldGeneratedFile, C:\02_My Project\01_MCU\Project\STM32F4_TEST\STM32F401\F401_Chattering\F401_Charrering_1\Core\Src\main.c_save
2021-09-07 16:56:39,435 [INFO] CodeEngine:257 - Generated code: C:\02_My Project\01_MCU\Project\STM32F4_TEST\STM32F401\F401_Chattering\F401_Charrering_1\Core\Src\main.c
2021-09-07 16:56:41,860 [INFO] ProjectBuilder:2578 - Time for Copy HAL[1] : 765mS.
2021-09-07 16:56:41,871 [INFO] ProjectBuilder:3622 - Project Generator version: 3.14.1
2021-09-07 16:56:43,353 [INFO] ConfigFileManager:1271 - The Die is : DIE433
2021-09-07 16:56:43,405 [INFO] ApiDbMcu:468 - Load IP Config File for FATFS
2021-09-07 16:56:43,503 [INFO] ApiDbMcu:468 - Load IP Config File for FREERTOS
2021-09-07 16:56:43,529 [INFO] ApiDbMcu:468 - Load IP Config File for LIBJPEG
2021-09-07 16:56:43,642 [INFO] ApiDbMcu:468 - Load IP Config File for MBEDTLS
2021-09-07 16:56:43,742 [INFO] ApiDbMcu:468 - Load IP Config File for USB_DEVICE
2021-09-07 16:56:43,778 [INFO] ApiDbMcu:468 - Load IP Config File for USB_HOST
2021-09-07 16:56:57,317 [INFO] ProjectBuilder:3789 - Time for Generating toolchain IDE Files: 15446mS.
2021-09-07 16:56:57,318 [INFO] ProjectBuilder:2457 - Time for Copy CMSIS : 1mS.
2021-09-07 16:56:57,324 [INFO] ProjectBuilder:2457 - Time for Copy CMSIS : 0mS.
2021-09-07 16:56:58,562 [INFO] McuFinderGlobals:52 - Set McuFinderConnectedMode to true
2021-09-07 16:56:58,565 [INFO] ApiDb:276 - Save user favorites file C:\Users\kangm/.stm32cubeide/favorites.mcus.txt: 1 item(s)
2021-09-07 16:56:58,565 [INFO] ApiDb:280 - User favorites MCUs=[STM32F401RETx]
2021-09-07 16:58:00,846 [INFO] Gpio:254 - dependency for GPIO []
2021-09-07 16:58:02,018 [INFO] Gpio:254 - dependency for GPIO []
2021-09-07 16:59:14,425 [INFO] Gpio:254 - dependency for GPIO [SYS]
2021-09-07 17:00:14,966 [INFO] UtilMem:74 - End SaveConfig() Used Memory: 374743952 Bytes (801112064)
2021-09-07 17:00:19,464 [INFO] UtilMem:74 - End SaveConfig() Used Memory: 588922264 Bytes (801112064)
2021-09-07 17:00:20,489 [INFO] BlockDiagram:2740 - set Specific Code input for plugin: NVIC
2021-09-07 17:00:20,489 [INFO] BlockDiagram:2740 - set Specific Code input for plugin: SYS
2021-09-07 17:00:20,490 [INFO] BlockDiagram:2740 - set Specific Code input for plugin: GPIO
2021-09-07 17:00:20,490 [INFO] BlockDiagram:2740 - set Specific Code input for plugin: RCC
2021-09-07 17:00:20,491 [INFO] CodeGenerator:663 - code generatio: config db path: C:\ST\STM32CubeIDE_1.7.0\STM32CubeIDE\plugins\com.st.stm32cube.common.mx_6.3.0.202107141111\\db\
2021-09-07 17:00:21,045 [INFO] CodeEngine:239 - oldGeneratedFile, C:\02_My Project\01_MCU\Project\STM32F4_TEST\STM32F401\F401_Chattering\F401_Charrering_1\MXTmpFiles\license.tmp_save
2021-09-07 17:00:21,193 [INFO] CodeEngine:257 - Generated code: C:\02_My Project\01_MCU\Project\STM32F4_TEST\STM32F401\F401_Chattering\F401_Charrering_1\MXTmpFiles\license.tmp
2021-09-07 17:00:21,289 [INFO] CodeEngine:239 - oldGeneratedFile, C:\02_My Project\01_MCU\Project\STM32F4_TEST\STM32F401\F401_Chattering\F401_Charrering_1\MXTmpFiles\gpio.tmp_save
2021-09-07 17:00:21,456 [INFO] CodeEngine:257 - Generated code: C:\02_My Project\01_MCU\Project\STM32F4_TEST\STM32F401\F401_Chattering\F401_Charrering_1\MXTmpFiles\gpio.tmp
2021-09-07 17:00:21,513 [INFO] CodeEngine:239 - oldGeneratedFile, C:\02_My Project\01_MCU\Project\STM32F4_TEST\STM32F401\F401_Chattering\F401_Charrering_1\Core\Src\stm32f4xx_it.c_save
2021-09-07 17:00:21,727 [INFO] CodeEngine:257 - Generated code: C:\02_My Project\01_MCU\Project\STM32F4_TEST\STM32F401\F401_Chattering\F401_Charrering_1\Core\Src\stm32f4xx_it.c
2021-09-07 17:00:21,741 [INFO] CodeEngine:239 - oldGeneratedFile, C:\02_My Project\01_MCU\Project\STM32F4_TEST\STM32F401\F401_Chattering\F401_Charrering_1\Core\Inc\stm32f4xx_it.h_save
2021-09-07 17:00:21,908 [INFO] CodeEngine:257 - Generated code: C:\02_My Project\01_MCU\Project\STM32F4_TEST\STM32F401\F401_Chattering\F401_Charrering_1\Core\Inc\stm32f4xx_it.h
2021-09-07 17:00:21,942 [INFO] CodeEngine:239 - oldGeneratedFile, C:\02_My Project\01_MCU\Project\STM32F4_TEST\STM32F401\F401_Chattering\F401_Charrering_1\Core\Src\stm32f4xx_hal_msp.c_save
2021-09-07 17:00:22,164 [INFO] CodeEngine:257 - Generated code: C:\02_My Project\01_MCU\Project\STM32F4_TEST\STM32F401\F401_Chattering\F401_Charrering_1\Core\Src\stm32f4xx_hal_msp.c
2021-09-07 17:00:22,170 [INFO] CodeEngine:239 - oldGeneratedFile, C:\02_My Project\01_MCU\Project\STM32F4_TEST\STM32F401\F401_Chattering\F401_Charrering_1\MXTmpFiles\system.tmp_save
2021-09-07 17:00:22,312 [INFO] CodeEngine:257 - Generated code: C:\02_My Project\01_MCU\Project\STM32F4_TEST\STM32F401\F401_Chattering\F401_Charrering_1\MXTmpFiles\system.tmp
2021-09-07 17:00:22,343 [INFO] CodeEngine:239 - oldGeneratedFile, C:\02_My Project\01_MCU\Project\STM32F4_TEST\STM32F401\F401_Chattering\F401_Charrering_1\Core\Inc\stm32f4xx_hal_conf.h_save
2021-09-07 17:00:22,644 [INFO] CodeEngine:257 - Generated code: C:\02_My Project\01_MCU\Project\STM32F4_TEST\STM32F401\F401_Chattering\F401_Charrering_1\Core\Inc\stm32f4xx_hal_conf.h
2021-09-07 17:00:22,762 [INFO] CodeEngine:239 - oldGeneratedFile, C:\02_My Project\01_MCU\Project\STM32F4_TEST\STM32F401\F401_Chattering\F401_Charrering_1\Core\Inc\main.h_save
2021-09-07 17:00:22,957 [INFO] CodeEngine:257 - Generated code: C:\02_My Project\01_MCU\Project\STM32F4_TEST\STM32F401\F401_Chattering\F401_Charrering_1\Core\Inc\main.h
2021-09-07 17:00:22,977 [INFO] CodeEngine:239 - oldGeneratedFile, C:\02_My Project\01_MCU\Project\STM32F4_TEST\STM32F401\F401_Chattering\F401_Charrering_1\Core\Src\main.c_save
2021-09-07 17:00:23,248 [INFO] CodeEngine:257 - Generated code: C:\02_My Project\01_MCU\Project\STM32F4_TEST\STM32F401\F401_Chattering\F401_Charrering_1\Core\Src\main.c
2021-09-07 17:00:25,585 [INFO] ProjectBuilder:2578 - Time for Copy HAL[1] : 211mS.
2021-09-07 17:00:25,594 [INFO] ProjectBuilder:3622 - Project Generator version: 3.14.1
2021-09-07 17:00:26,706 [INFO] ConfigFileManager:1271 - The Die is : DIE433
2021-09-07 17:00:31,562 [INFO] ProjectBuilder:3789 - Time for Generating toolchain IDE Files: 5968mS.
2021-09-07 17:00:31,563 [INFO] ProjectBuilder:2457 - Time for Copy CMSIS : 1mS.
2021-09-07 17:00:31,569 [INFO] ProjectBuilder:2457 - Time for Copy CMSIS : 0mS.
2021-09-07 17:15:41,552 [INFO] MainUpdater:2671 - connection check result : 10
2021-09-07 17:15:41,553 [INFO] MainUpdater:2671 - connection check result : 10
2021-09-07 17:15:42,301 [INFO] Gpio:254 - dependency for GPIO [SYS]
2021-09-07 17:15:42,635 [INFO] Gpio:254 - dependency for GPIO [SYS]
2021-09-07 17:15:42,730 [INFO] MicroXplorer:448 - Change Database Path : 
2021-09-07 17:15:42,731 [INFO] MicroXplorer:478 - Change Database Version : DB.6.0.30
2021-09-07 17:15:42,732 [WARN] ThirdParty:813 - waiting for thirdparty lock release [close project]
2021-09-07 17:15:42,732 [INFO] ThirdParty:815 - entering critical section [close project]
2021-09-07 17:15:42,733 [INFO] ThirdParty:825 - exiting critical section [close project]
2021-09-07 17:15:42,736 [INFO] PinOutPanel:1463 - setPackage(No Configuration,No Configuration)
2021-09-07 17:15:42,770 [WARN] IpParametersView:144 - Warning: This peripheral hasn't parameters
2021-09-07 17:15:42,784 [WARN] MainPanel:246 - <html><b><center>Warning: This peripheral has no parameters to be configured<br></b></html>
2021-09-07 17:15:42,825 [INFO] UtilMem:74 - Begin LoadConfig() Used Memory: 576702328 Bytes (849346560)
2021-09-07 17:15:42,826 [INFO] MicroXplorer:448 - Change Database Path : 
2021-09-07 17:15:42,826 [INFO] MicroXplorer:478 - Change Database Version : DB.6.0.30
2021-09-07 17:15:42,827 [INFO] OpenFileManager:313 - Change cursor
2021-09-07 17:15:42,934 [INFO] RulesReader:57 - Compatibility file has been processed (242 Rules)
2021-09-07 17:15:45,850 [INFO] Context:592 - Trying to add GPIOservice into a context  which must be forbidden
2021-09-07 17:15:46,694 [WARN] ApiManager:304 - Cannot register API 'Board Extension:S2868A1' from pack STMicroelectronics.X-CUBE-SFXS2LP1.3.1.0: no header file found
2021-09-07 17:15:46,694 [WARN] ApiManager:304 - Cannot register API 'Board Extension:S2868A2' from pack STMicroelectronics.X-CUBE-SFXS2LP1.3.1.0: no header file found
2021-09-07 17:15:46,695 [WARN] ApiManager:304 - Cannot register API 'Board Extension:S2915A1' from pack STMicroelectronics.X-CUBE-SFXS2LP1.3.1.0: no header file found
2021-09-07 17:15:46,720 [WARN] ModelIntegratedComponent:60 - No mode defined for component null
2021-09-07 17:15:46,720 [WARN] ModelIntegratedComponent:60 - No mode defined for component null
2021-09-07 17:15:46,721 [WARN] ModelIntegratedComponent:60 - No mode defined for component null
2021-09-07 17:15:46,721 [WARN] ModelIntegratedComponent:60 - No mode defined for component null
2021-09-07 17:15:46,722 [WARN] ModelIntegratedComponent:60 - No mode defined for component null
2021-09-07 17:15:46,722 [WARN] ModelIntegratedComponent:60 - No mode defined for component null
2021-09-07 17:15:46,722 [WARN] ModelIntegratedComponent:60 - No mode defined for component null
2021-09-07 17:15:46,723 [WARN] ModelIntegratedComponent:60 - No mode defined for component null
2021-09-07 17:15:46,723 [WARN] ModelIntegratedComponent:60 - No mode defined for component null
2021-09-07 17:15:46,724 [WARN] ModelIntegratedComponent:60 - No mode defined for component null
2021-09-07 17:15:46,724 [WARN] ModelIntegratedComponent:60 - No mode defined for component null
2021-09-07 17:15:46,724 [WARN] ModelIntegratedComponent:60 - No mode defined for component null
2021-09-07 17:15:46,725 [WARN] ModelIntegratedComponent:60 - No mode defined for component null
2021-09-07 17:15:46,725 [WARN] ModelIntegratedComponent:60 - No mode defined for component null
2021-09-07 17:15:46,726 [WARN] ModelIntegratedComponent:60 - No mode defined for component null
2021-09-07 17:15:46,726 [WARN] ModelIntegratedComponent:60 - No mode defined for component null
2021-09-07 17:15:46,726 [WARN] ModelIntegratedComponent:60 - No mode defined for component null
2021-09-07 17:15:46,727 [WARN] ModelIntegratedComponent:60 - No mode defined for component null
2021-09-07 17:15:46,727 [WARN] ModelIntegratedComponent:60 - No mode defined for component null
2021-09-07 17:15:46,728 [WARN] ModelIntegratedComponent:60 - No mode defined for component null
2021-09-07 17:15:46,728 [WARN] ModelIntegratedComponent:60 - No mode defined for component null
2021-09-07 17:15:46,728 [WARN] ModelIntegratedComponent:60 - No mode defined for component null
2021-09-07 17:15:46,729 [WARN] ModelIntegratedComponent:60 - No mode defined for component null
2021-09-07 17:15:46,729 [WARN] ModelIntegratedComponent:60 - No mode defined for component null
2021-09-07 17:15:46,730 [WARN] ModelIntegratedComponent:60 - No mode defined for component null
2021-09-07 17:15:46,730 [WARN] ModelIntegratedComponent:60 - No mode defined for component null
2021-09-07 17:15:46,731 [WARN] ModelIntegratedComponent:60 - No mode defined for component null
2021-09-07 17:15:46,731 [WARN] ModelIntegratedComponent:60 - No mode defined for component null
2021-09-07 17:15:46,732 [WARN] ModelIntegratedComponent:60 - No mode defined for component null
2021-09-07 17:15:46,732 [WARN] ModelIntegratedComponent:60 - No mode defined for component null
2021-09-07 17:15:46,732 [WARN] ModelIntegratedComponent:60 - No mode defined for component null
2021-09-07 17:15:47,058 [WARN] ApiManager:304 - Cannot register API 'Board Extension:IKS01A3' from pack STMicroelectronics.X-CUBE-MEMS1.9.0.0: no header file found
2021-09-07 17:15:47,058 [WARN] ApiManager:304 - Cannot register API 'Board Extension:IKS01A2' from pack STMicroelectronics.X-CUBE-MEMS1.9.0.0: no header file found
2021-09-07 17:15:47,058 [WARN] ApiManager:304 - Cannot register API 'Board Extension:IKS02A1' from pack STMicroelectronics.X-CUBE-MEMS1.9.0.0: no header file found
2021-09-07 17:15:47,092 [WARN] ApiManager:304 - Cannot register API 'Board Extension:S2868A1' from pack STMicroelectronics.X-CUBE-SUBG2.4.2.0: no header file found
2021-09-07 17:15:47,092 [WARN] ApiManager:304 - Cannot register API 'Board Extension:S2868A2' from pack STMicroelectronics.X-CUBE-SUBG2.4.2.0: no header file found
2021-09-07 17:15:47,092 [WARN] ApiManager:304 - Cannot register API 'Board Extension:S2915A1' from pack STMicroelectronics.X-CUBE-SUBG2.4.2.0: no header file found
2021-09-07 17:15:47,101 [INFO] RtosManager:484 - Registered RTOS mode: class=CMSIS, group=RTOS, mode=CMSIS_V1, owner=FREERTOS
2021-09-07 17:15:47,101 [INFO] RtosManager:484 - Registered RTOS mode: class=CMSIS, group=RTOS2, mode=CMSIS_V2, owner=FREERTOS
2021-09-07 17:15:47,101 [INFO] RtosManager:484 - Registered RTOS mode: class=RTOS, group=Core, mode=CMSIS_V1, owner=FREERTOS
2021-09-07 17:15:47,101 [INFO] RtosManager:484 - Registered RTOS mode: class=RTOS, group=Core, mode=CMSIS_V2, owner=FREERTOS
2021-09-07 17:15:47,101 [WARN] ModelIntegratedComponent:181 - Missing modes for component STMicroelectronics:FreeRTOS:0.0.1:STMicroelectronics:RTOS:FreeRTOS:Core:::10.2.0:
2021-09-07 17:15:47,122 [WARN] ApiManager:304 - Cannot register API 'Board Extension:EEPRMA1' from pack STMicroelectronics.X-CUBE-EEPRMA1.3.1.0: no header file found
2021-09-07 17:15:47,122 [WARN] ApiManager:304 - Cannot register API 'Board Extension:EEPRMA2' from pack STMicroelectronics.X-CUBE-EEPRMA1.3.1.0: no header file found
2021-09-07 17:15:47,124 [WARN] ApiManager:304 - Cannot register API 'Board Extension:GNSS1A1' from pack STMicroelectronics.X-CUBE-GNSS1.5.2.0: no header file found
2021-09-07 17:15:47,124 [WARN] ApiManager:304 - Cannot register API 'Board Support:Custom' from pack STMicroelectronics.X-CUBE-GNSS1.5.2.0: no header file found
2021-09-07 17:15:47,124 [WARN] ApiManager:304 - Cannot register API 'Data Exchange:lib_gnss' from pack STMicroelectronics.X-CUBE-GNSS1.5.2.0: no header file found
2021-09-07 17:15:47,126 [WARN] ApiManager:304 - Cannot register API 'Wireless:BlueNRG-MS' from pack STMicroelectronics.X-CUBE-BLE1.6.2.1: no header file found
2021-09-07 17:15:47,128 [WARN] ApiManager:304 - Cannot register API 'Wireless:BlueNRG-2' from pack STMicroelectronics.X-CUBE-BLE2.3.2.1: no header file found
2021-09-07 17:15:47,131 [WARN] ApiManager:304 - Cannot register API 'Board Extension:NFC04A1' from pack STMicroelectronics.X-CUBE-NFC4.2.0.3: no header file found
2021-09-07 17:15:49,333 [INFO] UtilMem:74 - End LoadConfig() Used Memory: 354470512 Bytes (849346560)
2021-09-07 17:15:49,335 [WARN] ThirdParty:779 - waiting for thirdparty lock release [change project]
2021-09-07 17:15:49,336 [INFO] ThirdParty:781 - entering critical section [change project]
2021-09-07 17:15:49,336 [INFO] ThirdParty:967 - CMSIS Pack Vendor :STMicroelectronics X-CUBE-SFXS2LP1 3.1.0
2021-09-07 17:15:49,336 [INFO] ThirdParty:967 - CMSIS Pack Vendor :RoweBots I-CUBE-UNISONRTOS 5.5.0-4
2021-09-07 17:15:49,337 [INFO] ThirdParty:967 - CMSIS Pack Vendor :STMicroelectronics X-CUBE-AZRTOS-F4 1.0.0
2021-09-07 17:15:49,337 [INFO] ThirdParty:967 - CMSIS Pack Vendor :STMicroelectronics USB_HOST 2.0.0
2021-09-07 17:15:49,337 [INFO] ThirdParty:967 - CMSIS Pack Vendor :STMicroelectronics X-CUBE-AZRTOS-H7 2.0.0
2021-09-07 17:15:49,337 [INFO] ThirdParty:967 - CMSIS Pack Vendor :STMicroelectronics USB_DEVICE 3.0.0
2021-09-07 17:15:49,337 [INFO] ThirdParty:967 - CMSIS Pack Vendor :STMicroelectronics X-CUBE-TOF1 2.0.0
2021-09-07 17:15:49,337 [INFO] ThirdParty:967 - CMSIS Pack Vendor :STMicroelectronics HAL Drivers 0.0.0
2021-09-07 17:15:49,337 [INFO] ThirdParty:967 - CMSIS Pack Vendor :STMicroelectronics MBEDTLS 2.16.2
2021-09-07 17:15:49,338 [INFO] ThirdParty:967 - CMSIS Pack Vendor :STMicroelectronics MBEDTLS 2.14.1
2021-09-07 17:15:49,338 [INFO] ThirdParty:967 - CMSIS Pack Vendor :STMicroelectronics X-CUBE-MEMS1 9.0.0
2021-09-07 17:15:49,338 [INFO] ThirdParty:967 - CMSIS Pack Vendor :STMicroelectronics X-CUBE-AZRTOS-H7 1.1.0
2021-09-07 17:15:49,338 [INFO] ThirdParty:967 - CMSIS Pack Vendor :STMicroelectronics X-CUBE-SUBG2 4.2.0
2021-09-07 17:15:49,338 [INFO] ThirdParty:967 - CMSIS Pack Vendor :STMicroelectronics X-CUBE-ALS 1.0.1
2021-09-07 17:15:49,338 [INFO] ThirdParty:967 - CMSIS Pack Vendor :STMicroelectronics USB_DEVICE 2.0.0
2021-09-07 17:15:49,338 [INFO] ThirdParty:967 - CMSIS Pack Vendor :STMicroelectronics X-CUBE-AI 7.0.0
2021-09-07 17:15:49,339 [INFO] ThirdParty:967 - CMSIS Pack Vendor :STMicroelectronics X-CUBE-ALGOBUILD 1.2.1
2021-09-07 17:15:49,339 [INFO] ThirdParty:967 - CMSIS Pack Vendor :STMicroelectronics X-CUBE-DISPLAY 1.0.0
2021-09-07 17:15:49,339 [INFO] ThirdParty:967 - CMSIS Pack Vendor :STMicroelectronics FreeRTOS 0.0.1
2021-09-07 17:15:49,339 [INFO] ThirdParty:967 - CMSIS Pack Vendor :STMicroelectronics USB_DEVICE 1.0.0
2021-09-07 17:15:49,340 [INFO] ThirdParty:967 - CMSIS Pack Vendor :SEGGER I-CUBE-embOS 1.2.0
2021-09-07 17:15:49,340 [INFO] ThirdParty:967 - CMSIS Pack Vendor :STMicroelectronics X-CUBE-EEPRMA1 3.1.0
2021-09-07 17:15:49,340 [INFO] ThirdParty:967 - CMSIS Pack Vendor :STMicroelectronics X-CUBE-GNSS1 5.2.0
2021-09-07 17:15:49,340 [INFO] ThirdParty:967 - CMSIS Pack Vendor :STMicroelectronics ThreadX 0.0.2
2021-09-07 17:15:49,340 [INFO] ThirdParty:967 - CMSIS Pack Vendor :STMicroelectronics lwIP 2.0.3
2021-09-07 17:15:49,340 [INFO] ThirdParty:967 - CMSIS Pack Vendor :STMicroelectronics lwIP 2.1.2
2021-09-07 17:15:49,341 [INFO] ThirdParty:967 - CMSIS Pack Vendor :STMicroelectronics X-CUBE-BLE1 6.2.1
2021-09-07 17:15:49,341 [INFO] ThirdParty:967 - CMSIS Pack Vendor :STMicroelectronics X-CUBE-BLE2 3.2.1
2021-09-07 17:15:49,341 [INFO] ThirdParty:967 - CMSIS Pack Vendor :STMicroelectronics USB_HOST 1.0.0
2021-09-07 17:15:49,341 [INFO] ThirdParty:967 - CMSIS Pack Vendor :STMicroelectronics X-CUBE-NFC4 2.0.3
2021-09-07 17:15:49,341 [INFO] ThirdParty:967 - CMSIS Pack Vendor :wolfSSL I-CUBE-wolfSSL 4.8.0
2021-09-07 17:15:49,341 [INFO] ThirdParty:967 - CMSIS Pack Vendor :STMicroelectronics X-CUBE-TOUCHGFX 4.17.0
2021-09-07 17:15:49,341 [INFO] ThirdParty:967 - CMSIS Pack Vendor :STMicroelectronics PDM2PCM 3.1.0
2021-09-07 17:15:49,342 [INFO] ThirdParty:967 - CMSIS Pack Vendor :STMicroelectronics PDM2PCM 3.2.0
2021-09-07 17:15:49,342 [INFO] ThirdParty:967 - CMSIS Pack Vendor :STMicroelectronics PDM2PCM 3.3.0
2021-09-07 17:15:49,342 [INFO] ThirdParty:787 - exiting critical section [change project]
2021-09-07 17:15:49,966 [INFO] PinOutPanel:1463 - setPackage(No Configuration,No Configuration)
2021-09-07 17:15:49,968 [INFO] PinOutPanel:1463 - setPackage(STM32F401RETx,LQFP64)
2021-09-07 17:15:50,760 [INFO] UtilMem:74 - Before build in PCC Used Memory: 470285776 Bytes (849346560)
2021-09-07 17:15:51,485 [INFO] UtilMem:74 - After build in PCC Used Memory: 543163856 Bytes (849346560)
2021-09-07 17:15:51,535 [INFO] IPUIPlugin:74 - create IPUIPlugin
2021-09-07 17:15:51,535 [INFO] IPUIPlugin:74 - create IPUIPlugin
2021-09-07 17:15:51,536 [INFO] IPUIPlugin:74 - create IPUIPlugin
2021-09-07 17:15:51,537 [INFO] IPUIPlugin:74 - create IPUIPlugin
2021-09-07 17:15:51,537 [INFO] IPUIPlugin:74 - create IPUIPlugin
2021-09-07 17:15:51,538 [INFO] IPUIPlugin:74 - create IPUIPlugin
2021-09-07 17:15:51,538 [INFO] IPUIPlugin:74 - create IPUIPlugin
2021-09-07 17:15:51,539 [INFO] IPUIPlugin:74 - create IPUIPlugin
2021-09-07 17:15:51,540 [INFO] IPUIPlugin:74 - create IPUIPlugin
2021-09-07 17:15:51,540 [INFO] IPUIPlugin:74 - create IPUIPlugin
2021-09-07 17:15:51,541 [INFO] IPUIPlugin:74 - create IPUIPlugin
2021-09-07 17:15:51,542 [INFO] IPUIPlugin:74 - create IPUIPlugin
2021-09-07 17:15:51,544 [INFO] IPUIPlugin:74 - create IPUIPlugin
2021-09-07 17:15:51,544 [INFO] IPUIPlugin:74 - create IPUIPlugin
2021-09-07 17:15:51,545 [INFO] IPUIPlugin:74 - create IPUIPlugin
2021-09-07 17:15:51,545 [INFO] IPUIPlugin:74 - create IPUIPlugin
2021-09-07 17:15:51,546 [INFO] IPUIPlugin:74 - create IPUIPlugin
2021-09-07 17:15:51,547 [INFO] IPUIPlugin:74 - create IPUIPlugin
2021-09-07 17:15:51,549 [INFO] IPUIPlugin:74 - create IPUIPlugin
2021-09-07 17:15:51,550 [INFO] IPUIPlugin:74 - create IPUIPlugin
2021-09-07 17:15:51,551 [INFO] IPUIPlugin:74 - create IPUIPlugin
2021-09-07 17:15:51,552 [INFO] IPUIPlugin:74 - create IPUIPlugin
2021-09-07 17:15:51,553 [INFO] IPUIPlugin:74 - create IPUIPlugin
2021-09-07 17:15:51,554 [INFO] IPUIPlugin:74 - create IPUIPlugin
2021-09-07 17:15:51,555 [INFO] IPUIPlugin:74 - create IPUIPlugin
2021-09-07 17:15:51,556 [INFO] IPUIPlugin:74 - create IPUIPlugin
2021-09-07 17:15:51,557 [INFO] IPUIPlugin:74 - create IPUIPlugin
2021-09-07 17:15:51,558 [INFO] IPUIPlugin:74 - create IPUIPlugin
2021-09-07 17:15:51,559 [INFO] IPUIPlugin:74 - create IPUIPlugin
2021-09-07 17:15:51,561 [INFO] IPUIPlugin:74 - create IPUIPlugin
2021-09-07 17:15:51,562 [INFO] IPUIPlugin:74 - create IPUIPlugin
2021-09-07 17:15:51,564 [INFO] IPUIPlugin:74 - create IPUIPlugin
2021-09-07 17:15:51,566 [INFO] IPUIPlugin:74 - create IPUIPlugin
2021-09-07 17:15:51,567 [INFO] IPUIPlugin:74 - create IPUIPlugin
2021-09-07 17:15:51,568 [INFO] IPUIPlugin:74 - create IPUIPlugin
2021-09-07 17:15:51,570 [INFO] IPUIPlugin:74 - create IPUIPlugin
2021-09-07 17:15:51,572 [INFO] IPUIPlugin:74 - create IPUIPlugin
2021-09-07 17:15:51,573 [INFO] IPUIPlugin:74 - create IPUIPlugin
2021-09-07 17:15:51,579 [INFO] ApiDbMcu:468 - Load IP Config File for PDM2PCM
2021-09-07 17:15:51,611 [INFO] OpenFileManager:333 - Restore cursor
2021-09-08 16:00:38,173 [INFO] Activator:177 - 


2021-09-08 16:00:38,173 [INFO] Activator:178 - !SESSION log4j initialized
2021-09-09 13:27:37,237 [INFO] Activator:177 - 


2021-09-09 13:27:37,241 [INFO] Activator:178 - !SESSION log4j initialized
2021-09-10 17:26:39,620 [INFO] Activator:177 - 


2021-09-10 17:26:39,625 [INFO] Activator:178 - !SESSION log4j initialized
2021-11-23 17:55:56,532 [INFO] Activator:177 - 


2021-11-23 17:55:56,532 [INFO] Activator:178 - !SESSION log4j initialized
